[13:41:20] === Baue Rust-Modul (maturin build --release) ===
🔗 Found pyo3 bindings
🐍 Found CPython 3.12 at /usr/bin/python3
    Finished `release` profile [optimized] target(s) in 0.03s
📦 Built wheel for CPython 3.12 to /home/sefo/devel/spinoza/target/wheels/spinoza-0.1.0-cp312-cp312-manylinux_2_34_x86_64.whl
Defaulting to user installation because normal site-packages is not writeable
Processing ./target/wheels/spinoza-0.1.0-cp312-cp312-manylinux_2_34_x86_64.whl
Installing collected packages: spinoza
  Attempting uninstall: spinoza
    Found existing installation: spinoza 0.1.0
    Uninstalling spinoza-0.1.0:
      Successfully uninstalled spinoza-0.1.0
Successfully installed spinoza-0.1.0
spinoza OK
[13:41:22] 
[13:41:22] === Stage 1: Kein Spin | 10M Steps | lr=3e-4→1e-5 (decay) | ent=0.01 ===
=== spinoza RL Training ===
  n_envs=64, difficulty=1
  total_timesteps=10000000
  policy=MLP [512, 512]

  lr=0.0003 → 1e-05 (linear decay)
  model params: 622,607

  step=  100032 | eps/s=  4338 | success=  0.0% | miss= 99.9% | elapsed= 23.1s
  step=  200064 | eps/s=  4340 | success=  0.0% | miss= 99.5% | elapsed= 46.1s
  step=  300096 | eps/s=  4335 | success=  0.0% | miss= 97.9% | elapsed= 69.2s
  step=  400128 | eps/s=  4328 | success=  0.0% | miss= 96.7% | elapsed= 92.4s
  step=  500160 | eps/s=  4323 | success=  0.0% | miss= 96.4% | elapsed=115.7s
  step=  600192 | eps/s=  4320 | success=  0.0% | miss= 96.1% | elapsed=138.9s
  step=  700224 | eps/s=  4338 | success=  0.0% | miss= 95.9% | elapsed=161.4s
  step=  800256 | eps/s=  4351 | success=  0.1% | miss= 95.7% | elapsed=183.9s
  step=  900288 | eps/s=  4357 | success=  0.1% | miss= 95.6% | elapsed=206.6s
  step= 1000320 | eps/s=  4318 | success=  0.1% | miss= 95.6% | elapsed=231.7s
  step= 1100352 | eps/s=  4323 | success=  0.1% | miss= 95.2% | elapsed=254.5s
  step= 1200384 | eps/s=  4330 | success=  0.1% | miss= 95.1% | elapsed=277.2s
  step= 1300416 | eps/s=  4338 | success=  0.1% | miss= 94.9% | elapsed=299.8s
  step= 1400448 | eps/s=  4346 | success=  0.1% | miss= 94.6% | elapsed=322.2s
  step= 1500480 | eps/s=  4349 | success=  0.2% | miss= 94.4% | elapsed=345.0s
  step= 1600512 | eps/s=  4353 | success=  0.2% | miss= 94.2% | elapsed=367.7s
  step= 1700544 | eps/s=  4355 | success=  0.2% | miss= 94.0% | elapsed=390.5s
  step= 1800576 | eps/s=  4357 | success=  0.2% | miss= 93.8% | elapsed=413.3s
  step= 1900608 | eps/s=  4329 | success=  0.3% | miss= 93.6% | elapsed=439.0s
  step= 2000640 | eps/s=  4333 | success=  0.3% | miss= 93.3% | elapsed=461.7s
  step= 2100672 | eps/s=  4332 | success=  0.3% | miss= 93.2% | elapsed=484.9s
  step= 2200704 | eps/s=  4334 | success=  0.3% | miss= 92.8% | elapsed=507.8s
  step= 2300736 | eps/s=  4332 | success=  0.3% | miss= 92.5% | elapsed=531.0s
  step= 2400768 | eps/s=  4336 | success=  0.3% | miss= 92.4% | elapsed=553.7s
  step= 2500800 | eps/s=  4337 | success=  0.3% | miss= 92.2% | elapsed=576.7s
  step= 2600832 | eps/s=  4337 | success=  0.3% | miss= 92.1% | elapsed=599.7s
  step= 2700864 | eps/s=  4335 | success=  0.3% | miss= 91.8% | elapsed=623.1s
  step= 2800896 | eps/s=  4335 | success=  0.3% | miss= 91.6% | elapsed=646.1s
  step= 2900928 | eps/s=  4319 | success=  0.3% | miss= 91.4% | elapsed=671.7s
  step= 3000960 | eps/s=  4316 | success=  0.3% | miss= 91.1% | elapsed=695.3s
  step= 3100992 | eps/s=  4307 | success=  0.3% | miss= 90.9% | elapsed=720.0s
  step= 3201024 | eps/s=  4295 | success=  0.3% | miss= 90.6% | elapsed=745.3s
  step= 3301056 | eps/s=  4282 | success=  0.3% | miss= 90.5% | elapsed=770.9s
  step= 3401088 | eps/s=  4281 | success=  0.3% | miss= 90.3% | elapsed=794.5s
  step= 3501120 | eps/s=  4283 | success=  0.3% | miss= 90.1% | elapsed=817.5s
  step= 3601152 | eps/s=  4284 | success=  0.4% | miss= 89.6% | elapsed=840.5s
  step= 3701184 | eps/s=  4281 | success=  0.4% | miss= 89.5% | elapsed=864.5s
  step= 3801216 | eps/s=  4270 | success=  0.4% | miss= 89.3% | elapsed=890.1s
  step= 3901248 | eps/s=  4270 | success=  0.5% | miss= 89.4% | elapsed=913.7s
  step= 4001280 | eps/s=  4264 | success=  0.5% | miss= 89.1% | elapsed=938.4s
  step= 4101312 | eps/s=  4250 | success=  0.5% | miss= 88.7% | elapsed=964.9s
  step= 4201344 | eps/s=  4243 | success=  0.6% | miss= 88.3% | elapsed=990.2s
  step= 4301376 | eps/s=  4236 | success=  0.5% | miss= 88.1% | elapsed=1015.5s
  step= 4401408 | eps/s=  4226 | success=  0.5% | miss= 88.1% | elapsed=1041.4s
  step= 4501440 | eps/s=  4221 | success=  0.6% | miss= 87.8% | elapsed=1066.3s
  step= 4601472 | eps/s=  4222 | success=  0.7% | miss= 87.8% | elapsed=1089.8s
  step= 4701504 | eps/s=  4223 | success=  0.8% | miss= 87.4% | elapsed=1113.3s
  step= 4801536 | eps/s=  4214 | success=  0.8% | miss= 87.0% | elapsed=1139.5s
  step= 4901568 | eps/s=  4212 | success=  0.7% | miss= 87.0% | elapsed=1163.7s
  step= 5001600 | eps/s=  4213 | success=  0.7% | miss= 86.8% | elapsed=1187.3s
  step= 5101632 | eps/s=  4212 | success=  0.8% | miss= 86.6% | elapsed=1211.1s
  step= 5201664 | eps/s=  4215 | success=  0.7% | miss= 86.4% | elapsed=1234.1s
  step= 5301696 | eps/s=  4218 | success=  0.7% | miss= 86.1% | elapsed=1257.1s
  step= 5401728 | eps/s=  4220 | success=  0.8% | miss= 86.1% | elapsed=1279.9s
  step= 5501760 | eps/s=  4224 | success=  0.8% | miss= 85.8% | elapsed=1302.6s
  step= 5601792 | eps/s=  4225 | success=  0.7% | miss= 85.7% | elapsed=1326.0s
  step= 5701824 | eps/s=  4219 | success=  0.7% | miss= 85.7% | elapsed=1351.4s
  step= 5801856 | eps/s=  4220 | success=  0.7% | miss= 85.6% | elapsed=1374.7s
  step= 5901888 | eps/s=  4222 | success=  0.8% | miss= 85.3% | elapsed=1397.8s
  step= 6001920 | eps/s=  4223 | success=  0.9% | miss= 85.2% | elapsed=1421.3s
  step= 6101952 | eps/s=  4225 | success=  0.8% | miss= 84.8% | elapsed=1444.3s
  step= 6201984 | eps/s=  4226 | success=  0.8% | miss= 84.5% | elapsed=1467.6s
  step= 6302016 | eps/s=  4227 | success=  0.9% | miss= 84.1% | elapsed=1490.8s
  step= 6402048 | eps/s=  4228 | success=  0.9% | miss= 83.8% | elapsed=1514.2s
  step= 6502080 | eps/s=  4229 | success=  0.9% | miss= 83.8% | elapsed=1537.6s
  step= 6602112 | eps/s=  4230 | success=  1.0% | miss= 83.6% | elapsed=1560.8s
  step= 6702144 | eps/s=  4223 | success=  1.2% | miss= 83.4% | elapsed=1587.1s
  step= 6802176 | eps/s=  4224 | success=  1.3% | miss= 83.0% | elapsed=1610.2s
  step= 6902208 | eps/s=  4226 | success=  1.3% | miss= 82.9% | elapsed=1633.5s
  step= 7002240 | eps/s=  4227 | success=  1.4% | miss= 82.8% | elapsed=1656.7s
  step= 7102272 | eps/s=  4228 | success=  1.4% | miss= 82.4% | elapsed=1679.9s
  step= 7202304 | eps/s=  4228 | success=  1.3% | miss= 82.4% | elapsed=1703.5s
  step= 7302336 | eps/s=  4229 | success=  1.4% | miss= 82.0% | elapsed=1726.7s
  step= 7402368 | eps/s=  4230 | success=  1.4% | miss= 81.9% | elapsed=1749.8s
  step= 7502400 | eps/s=  4232 | success=  1.5% | miss= 81.6% | elapsed=1773.0s
  step= 7602432 | eps/s=  4227 | success=  1.6% | miss= 81.6% | elapsed=1798.6s
  step= 7702464 | eps/s=  4226 | success=  1.6% | miss= 81.2% | elapsed=1822.6s
  step= 7802496 | eps/s=  4226 | success=  1.5% | miss= 81.2% | elapsed=1846.4s
  step= 7902528 | eps/s=  4226 | success=  1.5% | miss= 80.6% | elapsed=1870.0s
  step= 8002560 | eps/s=  4226 | success=  1.6% | miss= 80.7% | elapsed=1893.7s
  step= 8102592 | eps/s=  4225 | success=  1.6% | miss= 80.8% | elapsed=1918.0s
  step= 8202624 | eps/s=  4224 | success=  1.7% | miss= 80.7% | elapsed=1941.7s
  step= 8302656 | eps/s=  4224 | success=  1.6% | miss= 80.5% | elapsed=1965.6s
  step= 8402688 | eps/s=  4224 | success=  1.8% | miss= 80.1% | elapsed=1989.3s
  step= 8502720 | eps/s=  4224 | success=  1.8% | miss= 79.9% | elapsed=2012.9s
  step= 8602752 | eps/s=  4218 | success=  1.8% | miss= 80.0% | elapsed=2039.3s
  step= 8702784 | eps/s=  4217 | success=  1.9% | miss= 79.8% | elapsed=2063.5s
  step= 8802816 | eps/s=  4218 | success=  1.9% | miss= 79.6% | elapsed=2087.0s
  step= 8902848 | eps/s=  4218 | success=  1.9% | miss= 79.5% | elapsed=2110.8s
  step= 9002880 | eps/s=  4218 | success=  1.9% | miss= 79.4% | elapsed=2134.4s
  step= 9102912 | eps/s=  4219 | success=  1.9% | miss= 79.6% | elapsed=2157.6s
  step= 9202944 | eps/s=  4219 | success=  2.0% | miss= 79.4% | elapsed=2181.4s
  step= 9302976 | eps/s=  4219 | success=  2.0% | miss= 79.0% | elapsed=2205.1s
  step= 9403008 | eps/s=  4219 | success=  2.0% | miss= 79.0% | elapsed=2228.8s
  step= 9503040 | eps/s=  4214 | success=  1.9% | miss= 78.9% | elapsed=2255.1s
  step= 9603072 | eps/s=  4214 | success=  2.0% | miss= 78.8% | elapsed=2278.7s
  step= 9703104 | eps/s=  4214 | success=  2.1% | miss= 78.6% | elapsed=2302.8s
  step= 9803136 | eps/s=  4214 | success=  1.9% | miss= 78.6% | elapsed=2326.2s
  step= 9903168 | eps/s=  4215 | success=  2.1% | miss= 78.3% | elapsed=2349.8s
  step=10003200 | eps/s=  4214 | success=  2.3% | miss= 78.5% | elapsed=2374.0s

  Training complete in 2377.2s
  Avg throughput: 4207 timesteps/sec
  Model saved to models/ppo_stage1

=== Evaluation (100 episodes) ===
  return_missed_table: 85%
  paddle_miss: 11%
  success: 4%
  avg reward: 0.794
[14:21:08] === Replay-Export Stage 1 (50 Replays, Difficulty 1) ===
Exported 23 replays to ../web/replays_stage1.json (745 KB)
  Outcomes: {'return_missed_table': 124, 'paddle_miss': 23, 'success': 3}
[14:21:12] Stage 1 abgeschlossen.
[14:21:12] 
[14:21:12] === Stage 2: Leichter Spin | 20M Steps | lr=1e-5 | ent=0.02 (Fine-Tune von Stage 1) ===
=== spinoza RL Training ===
  n_envs=64, difficulty=2
  total_timesteps=20000000
  policy=MLP [512, 512]

  lr=1e-05
  Loading pretrained model: models/ppo_stage1
  model params: 622,607

  step=  100032 | eps/s=  8172 | success=  1.8% | miss= 83.6% | elapsed= 12.2s
  step=  200064 | eps/s=  8128 | success=  2.4% | miss= 83.6% | elapsed= 24.6s
  step=  300096 | eps/s=  8124 | success=  2.3% | miss= 83.4% | elapsed= 36.9s
  step=  400128 | eps/s=  8086 | success=  2.1% | miss= 83.3% | elapsed= 49.5s
  step=  500160 | eps/s=  8096 | success=  1.7% | miss= 83.1% | elapsed= 61.8s
  step=  600192 | eps/s=  8071 | success=  1.7% | miss= 83.2% | elapsed= 74.4s
  step=  700224 | eps/s=  8049 | success=  1.7% | miss= 83.5% | elapsed= 87.0s
  step=  800256 | eps/s=  8044 | success=  1.7% | miss= 83.0% | elapsed= 99.5s
  step=  900288 | eps/s=  8009 | success=  1.5% | miss= 82.6% | elapsed=112.4s
  step= 1000320 | eps/s=  7982 | success=  1.3% | miss= 82.7% | elapsed=125.3s
  step= 1100352 | eps/s=  7947 | success=  1.7% | miss= 82.3% | elapsed=138.5s
  step= 1200384 | eps/s=  7934 | success=  1.6% | miss= 82.8% | elapsed=151.3s
  step= 1300416 | eps/s=  7938 | success=  1.6% | miss= 82.7% | elapsed=163.8s
  step= 1400448 | eps/s=  7943 | success=  1.7% | miss= 82.6% | elapsed=176.3s
  step= 1500480 | eps/s=  7936 | success=  1.7% | miss= 82.7% | elapsed=189.1s
  step= 1600512 | eps/s=  7946 | success=  1.7% | miss= 82.9% | elapsed=201.4s
  step= 1700544 | eps/s=  7952 | success=  1.7% | miss= 83.0% | elapsed=213.9s
  step= 1800576 | eps/s=  7959 | success=  1.7% | miss= 82.6% | elapsed=226.2s
  step= 1900608 | eps/s=  7948 | success=  1.7% | miss= 82.2% | elapsed=239.1s
  step= 2000640 | eps/s=  7929 | success=  1.5% | miss= 82.0% | elapsed=252.3s
  step= 2100672 | eps/s=  7933 | success=  1.3% | miss= 82.5% | elapsed=264.8s
  step= 2200704 | eps/s=  7938 | success=  1.3% | miss= 82.5% | elapsed=277.2s
  step= 2300736 | eps/s=  7942 | success=  1.6% | miss= 82.3% | elapsed=289.7s
  step= 2400768 | eps/s=  7942 | success=  1.9% | miss= 82.1% | elapsed=302.3s
  step= 2500800 | eps/s=  7942 | success=  2.1% | miss= 82.1% | elapsed=314.9s
  step= 2600832 | eps/s=  7942 | success=  2.2% | miss= 81.8% | elapsed=327.5s
  step= 2700864 | eps/s=  7944 | success=  1.9% | miss= 82.1% | elapsed=340.0s
  step= 2800896 | eps/s=  7948 | success=  1.6% | miss= 82.8% | elapsed=352.4s
  step= 2900928 | eps/s=  7946 | success=  1.5% | miss= 82.4% | elapsed=365.1s
  step= 3000960 | eps/s=  7946 | success=  1.6% | miss= 82.5% | elapsed=377.7s
  step= 3100992 | eps/s=  7940 | success=  1.9% | miss= 82.0% | elapsed=390.5s
  step= 3201024 | eps/s=  7943 | success=  2.0% | miss= 82.2% | elapsed=403.0s
  step= 3301056 | eps/s=  7946 | success=  1.9% | miss= 82.2% | elapsed=415.4s
  step= 3401088 | eps/s=  7951 | success=  1.8% | miss= 82.0% | elapsed=427.8s
  step= 3501120 | eps/s=  7947 | success=  1.8% | miss= 82.0% | elapsed=440.6s
  step= 3601152 | eps/s=  7943 | success=  1.6% | miss= 82.2% | elapsed=453.4s
  step= 3701184 | eps/s=  7944 | success=  1.5% | miss= 82.0% | elapsed=465.9s
  step= 3801216 | eps/s=  7936 | success=  1.6% | miss= 82.5% | elapsed=479.0s
  step= 3901248 | eps/s=  7932 | success=  1.8% | miss= 81.8% | elapsed=491.8s
  step= 4001280 | eps/s=  7931 | success=  1.8% | miss= 81.7% | elapsed=504.5s
  step= 4101312 | eps/s=  7930 | success=  1.7% | miss= 81.7% | elapsed=517.2s
  step= 4201344 | eps/s=  7925 | success=  1.6% | miss= 81.6% | elapsed=530.1s
  step= 4301376 | eps/s=  7915 | success=  1.6% | miss= 81.7% | elapsed=543.5s
  step= 4401408 | eps/s=  7908 | success=  1.6% | miss= 81.4% | elapsed=556.6s
  step= 4501440 | eps/s=  7907 | success=  1.6% | miss= 81.6% | elapsed=569.3s
  step= 4601472 | eps/s=  7906 | success=  1.6% | miss= 81.5% | elapsed=582.0s
  step= 4701504 | eps/s=  7906 | success=  1.7% | miss= 81.6% | elapsed=594.7s
  step= 4801536 | eps/s=  7901 | success=  1.9% | miss= 81.8% | elapsed=607.7s
  step= 4901568 | eps/s=  7899 | success=  1.7% | miss= 82.0% | elapsed=620.5s
  step= 5001600 | eps/s=  7901 | success=  1.7% | miss= 81.9% | elapsed=633.0s
  step= 5101632 | eps/s=  7904 | success=  1.7% | miss= 81.6% | elapsed=645.5s
  step= 5201664 | eps/s=  7907 | success=  1.6% | miss= 81.8% | elapsed=657.9s
  step= 5301696 | eps/s=  7909 | success=  1.9% | miss= 81.8% | elapsed=670.3s
  step= 5401728 | eps/s=  7911 | success=  2.1% | miss= 82.2% | elapsed=682.8s
  step= 5501760 | eps/s=  7913 | success=  1.9% | miss= 81.9% | elapsed=695.3s
  step= 5601792 | eps/s=  7907 | success=  1.9% | miss= 81.3% | elapsed=708.5s
  step= 5701824 | eps/s=  7900 | success=  1.9% | miss= 81.4% | elapsed=721.7s
  step= 5801856 | eps/s=  7901 | success=  1.9% | miss= 81.7% | elapsed=734.3s
  step= 5901888 | eps/s=  7900 | success=  1.8% | miss= 81.7% | elapsed=747.1s
  step= 6001920 | eps/s=  7899 | success=  1.8% | miss= 82.2% | elapsed=759.9s
  step= 6101952 | eps/s=  7893 | success=  1.8% | miss= 81.3% | elapsed=773.1s
  step= 6201984 | eps/s=  7894 | success=  1.9% | miss= 81.9% | elapsed=785.7s
  step= 6302016 | eps/s=  7891 | success=  1.9% | miss= 82.4% | elapsed=798.6s
  step= 6402048 | eps/s=  7891 | success=  2.0% | miss= 82.3% | elapsed=811.3s
  step= 6502080 | eps/s=  7886 | success=  2.2% | miss= 81.3% | elapsed=824.5s
  step= 6602112 | eps/s=  7878 | success=  2.1% | miss= 81.1% | elapsed=838.0s
  step= 6702144 | eps/s=  7872 | success=  2.2% | miss= 81.0% | elapsed=851.4s
  step= 6802176 | eps/s=  7872 | success=  2.3% | miss= 80.7% | elapsed=864.1s
  step= 6902208 | eps/s=  7868 | success=  2.3% | miss= 81.0% | elapsed=877.2s
  step= 7002240 | eps/s=  7866 | success=  2.1% | miss= 81.1% | elapsed=890.2s
  step= 7102272 | eps/s=  7863 | success=  1.8% | miss= 81.2% | elapsed=903.2s
  step= 7202304 | eps/s=  7864 | success=  1.9% | miss= 81.2% | elapsed=915.9s
  step= 7302336 | eps/s=  7867 | success=  2.0% | miss= 81.4% | elapsed=928.2s
  step= 7402368 | eps/s=  7870 | success=  2.0% | miss= 81.1% | elapsed=940.6s
  step= 7502400 | eps/s=  7871 | success=  1.8% | miss= 81.2% | elapsed=953.2s
  step= 7602432 | eps/s=  7862 | success=  1.5% | miss= 80.9% | elapsed=967.0s
  step= 7702464 | eps/s=  7860 | success=  1.8% | miss= 80.5% | elapsed=980.0s
  step= 7802496 | eps/s=  7855 | success=  2.3% | miss= 81.1% | elapsed=993.3s
  step= 7902528 | eps/s=  7855 | success=  2.2% | miss= 81.1% | elapsed=1006.1s
  step= 8002560 | eps/s=  7848 | success=  2.0% | miss= 80.9% | elapsed=1019.7s
  step= 8102592 | eps/s=  7840 | success=  2.2% | miss= 80.9% | elapsed=1033.5s
  step= 8202624 | eps/s=  7828 | success=  2.1% | miss= 80.5% | elapsed=1047.8s
  step= 8302656 | eps/s=  7810 | success=  1.9% | miss= 81.0% | elapsed=1063.1s
  step= 8402688 | eps/s=  7786 | success=  1.8% | miss= 80.7% | elapsed=1079.2s
  step= 8502720 | eps/s=  7761 | success=  1.9% | miss= 80.7% | elapsed=1095.6s
  step= 8602752 | eps/s=  7743 | success=  1.8% | miss= 80.6% | elapsed=1111.0s
  step= 8702784 | eps/s=  7727 | success=  1.5% | miss= 80.6% | elapsed=1126.3s
  step= 8802816 | eps/s=  7718 | success=  2.0% | miss= 80.4% | elapsed=1140.5s
  step= 8902848 | eps/s=  7709 | success=  2.0% | miss= 80.5% | elapsed=1154.9s
  step= 9002880 | eps/s=  7706 | success=  2.2% | miss= 80.6% | elapsed=1168.3s
  step= 9102912 | eps/s=  7698 | success=  2.3% | miss= 80.5% | elapsed=1182.5s
  step= 9202944 | eps/s=  7694 | success=  2.0% | miss= 80.2% | elapsed=1196.1s
  step= 9302976 | eps/s=  7690 | success=  1.9% | miss= 80.5% | elapsed=1209.7s
  step= 9403008 | eps/s=  7690 | success=  2.0% | miss= 80.5% | elapsed=1222.7s
  step= 9503040 | eps/s=  7688 | success=  1.9% | miss= 80.5% | elapsed=1236.1s
  step= 9603072 | eps/s=  7684 | success=  1.8% | miss= 80.4% | elapsed=1249.7s
  step= 9703104 | eps/s=  7684 | success=  1.9% | miss= 80.2% | elapsed=1262.7s
  step= 9803136 | eps/s=  7682 | success=  2.0% | miss= 80.5% | elapsed=1276.1s
  step= 9903168 | eps/s=  7680 | success=  2.0% | miss= 80.4% | elapsed=1289.4s
  step=10003200 | eps/s=  7678 | success=  2.0% | miss= 80.3% | elapsed=1302.8s
  step=10103232 | eps/s=  7669 | success=  2.1% | miss= 80.2% | elapsed=1317.5s
  step=10203264 | eps/s=  7662 | success=  2.5% | miss= 79.8% | elapsed=1331.6s
  step=10303296 | eps/s=  7654 | success=  2.7% | miss= 80.2% | elapsed=1346.1s
  step=10403328 | eps/s=  7653 | success=  2.4% | miss= 80.4% | elapsed=1359.4s
  step=10503360 | eps/s=  7648 | success=  2.5% | miss= 80.1% | elapsed=1373.3s
  step=10603392 | eps/s=  7646 | success=  1.9% | miss= 80.1% | elapsed=1386.8s
  step=10703424 | eps/s=  7641 | success=  1.8% | miss= 80.0% | elapsed=1400.7s
  step=10803456 | eps/s=  7635 | success=  2.1% | miss= 80.1% | elapsed=1415.1s
  step=10903488 | eps/s=  7626 | success=  2.0% | miss= 80.0% | elapsed=1429.8s
  step=11003520 | eps/s=  7617 | success=  2.3% | miss= 79.7% | elapsed=1444.6s
  step=11103552 | eps/s=  7614 | success=  2.3% | miss= 79.9% | elapsed=1458.3s
  step=11203584 | eps/s=  7608 | success=  2.2% | miss= 79.7% | elapsed=1472.6s
  step=11303616 | eps/s=  7601 | success=  2.3% | miss= 80.1% | elapsed=1487.2s
  step=11403648 | eps/s=  7589 | success=  2.3% | miss= 80.0% | elapsed=1502.7s
  step=11503680 | eps/s=  7587 | success=  2.2% | miss= 79.7% | elapsed=1516.3s
  step=11603712 | eps/s=  7586 | success=  2.5% | miss= 79.7% | elapsed=1529.6s
  step=11703744 | eps/s=  7573 | success=  2.7% | miss= 79.6% | elapsed=1545.6s
  step=11803776 | eps/s=  7570 | success=  2.5% | miss= 79.7% | elapsed=1559.3s
  step=11903808 | eps/s=  7567 | success=  2.3% | miss= 80.0% | elapsed=1573.1s
  step=12003840 | eps/s=  7565 | success=  2.5% | miss= 79.7% | elapsed=1586.8s
  step=12103872 | eps/s=  7566 | success=  2.7% | miss= 79.4% | elapsed=1599.7s
  step=12203904 | eps/s=  7563 | success=  2.6% | miss= 79.2% | elapsed=1613.6s
  step=12303936 | eps/s=  7559 | success=  2.5% | miss= 79.4% | elapsed=1627.8s
  step=12403968 | eps/s=  7551 | success=  2.4% | miss= 79.5% | elapsed=1642.6s
  step=12504000 | eps/s=  7538 | success=  2.4% | miss= 79.1% | elapsed=1658.8s
  step=12604032 | eps/s=  7536 | success=  2.1% | miss= 79.4% | elapsed=1672.4s
  step=12704064 | eps/s=  7537 | success=  2.3% | miss= 79.4% | elapsed=1685.5s
  step=12804096 | eps/s=  7540 | success=  2.7% | miss= 79.1% | elapsed=1698.2s
  step=12904128 | eps/s=  7536 | success=  2.6% | miss= 79.2% | elapsed=1712.3s
  step=13004160 | eps/s=  7528 | success=  2.4% | miss= 79.2% | elapsed=1727.4s
  step=13104192 | eps/s=  7520 | success=  2.4% | miss= 79.2% | elapsed=1742.6s
  step=13204224 | eps/s=  7520 | success=  2.2% | miss= 79.2% | elapsed=1755.9s
  step=13304256 | eps/s=  7502 | success=  2.3% | miss= 78.9% | elapsed=1773.4s
  step=13404288 | eps/s=  7490 | success=  2.5% | miss= 78.9% | elapsed=1789.7s
  step=13504320 | eps/s=  7479 | success=  2.6% | miss= 79.0% | elapsed=1805.7s
  step=13604352 | eps/s=  7475 | success=  2.1% | miss= 78.6% | elapsed=1819.9s
  step=13704384 | eps/s=  7473 | success=  2.2% | miss= 78.7% | elapsed=1833.8s
  step=13804416 | eps/s=  7464 | success=  2.5% | miss= 78.7% | elapsed=1849.6s
  step=13904448 | eps/s=  7450 | success=  2.6% | miss= 78.9% | elapsed=1866.4s
  step=14004480 | eps/s=  7434 | success=  2.7% | miss= 78.7% | elapsed=1884.0s
  step=14104512 | eps/s=  7426 | success=  2.6% | miss= 78.4% | elapsed=1899.5s
  step=14204544 | eps/s=  7418 | success=  2.6% | miss= 78.3% | elapsed=1914.8s
  step=14304576 | eps/s=  7414 | success=  2.3% | miss= 78.4% | elapsed=1929.4s
  step=14404608 | eps/s=  7409 | success=  2.3% | miss= 78.5% | elapsed=1944.1s
  step=14504640 | eps/s=  7409 | success=  2.5% | miss= 78.6% | elapsed=1957.8s
  step=14604672 | eps/s=  7400 | success=  2.7% | miss= 78.1% | elapsed=1973.7s
  step=14704704 | eps/s=  7400 | success=  2.7% | miss= 78.5% | elapsed=1987.2s
  step=14804736 | eps/s=  7395 | success=  2.8% | miss= 78.4% | elapsed=2002.0s
  step=14904768 | eps/s=  7393 | success=  2.3% | miss= 78.3% | elapsed=2016.2s
  step=15004800 | eps/s=  7385 | success=  2.5% | miss= 78.1% | elapsed=2031.9s
  step=15104832 | eps/s=  7379 | success=  2.6% | miss= 78.2% | elapsed=2047.0s
  step=15204864 | eps/s=  7370 | success=  2.5% | miss= 78.1% | elapsed=2063.0s
  step=15304896 | eps/s=  7358 | success=  2.4% | miss= 78.3% | elapsed=2080.2s
  step=15404928 | eps/s=  7346 | success=  2.3% | miss= 78.1% | elapsed=2097.0s
  step=15504960 | eps/s=  7341 | success=  2.3% | miss= 78.0% | elapsed=2112.2s
  step=15604992 | eps/s=  7330 | success=  2.4% | miss= 77.8% | elapsed=2128.8s
  step=15705024 | eps/s=  7316 | success=  2.7% | miss= 77.8% | elapsed=2146.6s
  step=15805056 | eps/s=  7305 | success=  2.8% | miss= 77.5% | elapsed=2163.5s
  step=15905088 | eps/s=  7297 | success=  2.8% | miss= 77.8% | elapsed=2179.7s
  step=16005120 | eps/s=  7284 | success=  2.9% | miss= 77.2% | elapsed=2197.3s
  step=16105152 | eps/s=  7277 | success=  2.7% | miss= 77.3% | elapsed=2213.3s
  step=16205184 | eps/s=  7256 | success=  2.4% | miss= 77.5% | elapsed=2233.2s
  step=16305216 | eps/s=  7248 | success=  2.6% | miss= 77.5% | elapsed=2249.7s
  step=16405248 | eps/s=  7240 | success=  2.7% | miss= 77.5% | elapsed=2266.1s
  step=16505280 | eps/s=  7232 | success=  2.7% | miss= 77.1% | elapsed=2282.4s
  step=16605312 | eps/s=  7229 | success=  2.7% | miss= 77.2% | elapsed=2297.1s
  step=16705344 | eps/s=  7212 | success=  2.7% | miss= 76.8% | elapsed=2316.3s
  step=16805376 | eps/s=  7200 | success=  2.7% | miss= 76.9% | elapsed=2334.0s
  step=16905408 | eps/s=  7192 | success=  2.8% | miss= 76.9% | elapsed=2350.6s
  step=17005440 | eps/s=  7179 | success=  3.0% | miss= 76.8% | elapsed=2368.8s
  step=17105472 | eps/s=  7165 | success=  3.1% | miss= 76.8% | elapsed=2387.3s
  step=17205504 | eps/s=  7156 | success=  2.9% | miss= 76.8% | elapsed=2404.3s
  step=17305536 | eps/s=  7151 | success=  2.9% | miss= 76.8% | elapsed=2419.9s
  step=17405568 | eps/s=  7142 | success=  3.0% | miss= 76.4% | elapsed=2437.1s
  step=17505600 | eps/s=  7130 | success=  3.0% | miss= 76.5% | elapsed=2455.3s
  step=17605632 | eps/s=  7116 | success=  3.2% | miss= 76.5% | elapsed=2474.1s
  step=17705664 | eps/s=  7104 | success=  3.4% | miss= 76.3% | elapsed=2492.3s
  step=17805696 | eps/s=  7088 | success=  3.4% | miss= 76.6% | elapsed=2512.2s
  step=17905728 | eps/s=  7075 | success=  3.4% | miss= 76.2% | elapsed=2530.9s
  step=18005760 | eps/s=  7063 | success=  3.2% | miss= 76.2% | elapsed=2549.3s
  step=18105792 | eps/s=  7042 | success=  3.2% | miss= 76.1% | elapsed=2571.1s
  step=18205824 | eps/s=  7027 | success=  3.0% | miss= 76.2% | elapsed=2590.7s
  step=18305856 | eps/s=  7015 | success=  2.9% | miss= 76.1% | elapsed=2609.5s
  step=18405888 | eps/s=  7002 | success=  2.9% | miss= 76.0% | elapsed=2628.6s
  step=18505920 | eps/s=  6987 | success=  3.2% | miss= 75.9% | elapsed=2648.4s
  step=18605952 | eps/s=  6976 | success=  3.0% | miss= 75.9% | elapsed=2667.2s
  step=18705984 | eps/s=  6963 | success=  3.0% | miss= 76.0% | elapsed=2686.5s
  step=18806016 | eps/s=  6950 | success=  3.2% | miss= 76.0% | elapsed=2706.0s
  step=18906048 | eps/s=  6936 | success=  3.3% | miss= 75.8% | elapsed=2725.9s
  step=19006080 | eps/s=  6919 | success=  3.1% | miss= 76.0% | elapsed=2747.0s
  step=19106112 | eps/s=  6906 | success=  3.3% | miss= 75.4% | elapsed=2766.6s
  step=19206144 | eps/s=  6893 | success=  3.4% | miss= 75.5% | elapsed=2786.4s
  step=19306176 | eps/s=  6882 | success=  3.4% | miss= 75.5% | elapsed=2805.3s
  step=19406208 | eps/s=  6865 | success=  3.2% | miss= 75.8% | elapsed=2826.7s
  step=19506240 | eps/s=  6848 | success=  3.2% | miss= 75.7% | elapsed=2848.4s
  step=19606272 | eps/s=  6832 | success=  3.0% | miss= 75.6% | elapsed=2869.7s
  step=19706304 | eps/s=  6819 | success=  3.3% | miss= 75.4% | elapsed=2890.0s
  step=19806336 | eps/s=  6806 | success=  3.5% | miss= 75.4% | elapsed=2910.0s
  step=19906368 | eps/s=  6794 | success=  3.6% | miss= 75.5% | elapsed=2929.8s

  Training complete in 2951.0s
  Avg throughput: 6777 timesteps/sec
  Model saved to models/ppo_stage2

=== Evaluation (100 episodes) ===
  return_missed_table: 80%
  paddle_miss: 16%
  success: 4%
  avg reward: 0.744
[15:10:32] === Replay-Export Stage 2 (50 Replays, Difficulty 2) ===
Exported 29 replays to ../web/replays_stage2.json (1051 KB)
  Outcomes: {'return_missed_table': 111, 'paddle_miss': 30, 'success': 9}
[15:10:37] Stage 2 abgeschlossen.
[15:10:37] 
[15:10:37] === Stage 3: Voller Spin | 30M Steps | lr=5e-6 | ent=0.02 (Fine-Tune von Stage 2) ===
=== spinoza RL Training ===
  n_envs=64, difficulty=3
  total_timesteps=30000000
  policy=MLP [512, 512]

  lr=5e-06
  Loading pretrained model: models/ppo_stage2
  model params: 622,607

  step=  100032 | eps/s=  4515 | success=  3.1% | miss= 80.9% | elapsed= 22.2s
  step=  200064 | eps/s=  4506 | success=  3.2% | miss= 80.1% | elapsed= 44.4s
  step=  300096 | eps/s=  4507 | success=  3.1% | miss= 79.4% | elapsed= 66.6s
  step=  400128 | eps/s=  4514 | success=  3.3% | miss= 79.2% | elapsed= 88.6s
  step=  500160 | eps/s=  4536 | success=  3.2% | miss= 79.3% | elapsed=110.3s
  step=  600192 | eps/s=  4520 | success=  3.3% | miss= 79.2% | elapsed=132.8s
  step=  700224 | eps/s=  4517 | success=  3.2% | miss= 79.0% | elapsed=155.0s
  step=  800256 | eps/s=  4521 | success=  3.3% | miss= 78.7% | elapsed=177.0s
  step=  900288 | eps/s=  4512 | success=  3.3% | miss= 78.6% | elapsed=199.5s
  step= 1000320 | eps/s=  4481 | success=  3.4% | miss= 78.7% | elapsed=223.2s
  step= 1100352 | eps/s=  4472 | success=  3.3% | miss= 78.9% | elapsed=246.1s
  step= 1200384 | eps/s=  4470 | success=  3.4% | miss= 78.4% | elapsed=268.6s
  step= 1300416 | eps/s=  4460 | success=  3.7% | miss= 78.5% | elapsed=291.6s
  step= 1400448 | eps/s=  4465 | success=  3.9% | miss= 78.4% | elapsed=313.6s
  step= 1500480 | eps/s=  4465 | success=  3.5% | miss= 78.6% | elapsed=336.1s
  step= 1600512 | eps/s=  4468 | success=  3.5% | miss= 78.5% | elapsed=358.2s
  step= 1700544 | eps/s=  4473 | success=  3.0% | miss= 78.4% | elapsed=380.2s
  step= 1800576 | eps/s=  4481 | success=  3.3% | miss= 78.2% | elapsed=401.8s
  step= 1900608 | eps/s=  4471 | success=  3.3% | miss= 78.1% | elapsed=425.1s
  step= 2000640 | eps/s=  4474 | success=  3.6% | miss= 78.3% | elapsed=447.1s
  step= 2100672 | eps/s=  4477 | success=  3.1% | miss= 78.2% | elapsed=469.2s
  step= 2200704 | eps/s=  4473 | success=  3.3% | miss= 78.0% | elapsed=492.0s
  step= 2300736 | eps/s=  4473 | success=  3.5% | miss= 77.8% | elapsed=514.3s
  step= 2400768 | eps/s=  4479 | success=  3.5% | miss= 78.4% | elapsed=536.0s
  step= 2500800 | eps/s=  4483 | success=  3.7% | miss= 78.0% | elapsed=557.9s
  step= 2600832 | eps/s=  4489 | success=  3.4% | miss= 78.2% | elapsed=579.4s
  step= 2700864 | eps/s=  4495 | success=  3.4% | miss= 77.7% | elapsed=600.9s
  step= 2800896 | eps/s=  4499 | success=  3.2% | miss= 77.9% | elapsed=622.5s
  step= 2900928 | eps/s=  4495 | success=  3.5% | miss= 77.8% | elapsed=645.3s
  step= 3000960 | eps/s=  4499 | success=  3.6% | miss= 77.9% | elapsed=667.1s
  step= 3100992 | eps/s=  4503 | success=  3.4% | miss= 77.9% | elapsed=688.7s
  step= 3201024 | eps/s=  4506 | success=  3.2% | miss= 78.2% | elapsed=710.4s
  step= 3301056 | eps/s=  4510 | success=  3.2% | miss= 77.8% | elapsed=732.0s
  step= 3401088 | eps/s=  4512 | success=  3.4% | miss= 77.7% | elapsed=753.7s
  step= 3501120 | eps/s=  4515 | success=  3.4% | miss= 77.7% | elapsed=775.4s
  step= 3601152 | eps/s=  4517 | success=  3.6% | miss= 77.6% | elapsed=797.3s
  step= 3701184 | eps/s=  4518 | success=  3.5% | miss= 77.7% | elapsed=819.2s
  step= 3801216 | eps/s=  4511 | success=  3.6% | miss= 77.6% | elapsed=842.6s
  step= 3901248 | eps/s=  4512 | success=  3.4% | miss= 77.5% | elapsed=864.7s
  step= 4001280 | eps/s=  4513 | success=  3.8% | miss= 77.6% | elapsed=886.7s
  step= 4101312 | eps/s=  4514 | success=  3.5% | miss= 77.6% | elapsed=908.6s
  step= 4201344 | eps/s=  4515 | success=  3.4% | miss= 77.6% | elapsed=930.5s
  step= 4301376 | eps/s=  4516 | success=  3.4% | miss= 77.5% | elapsed=952.4s
  step= 4401408 | eps/s=  4517 | success=  3.3% | miss= 77.4% | elapsed=974.4s
  step= 4501440 | eps/s=  4519 | success=  3.4% | miss= 77.5% | elapsed=996.1s
  step= 4601472 | eps/s=  4520 | success=  3.5% | miss= 77.3% | elapsed=1018.0s
  step= 4701504 | eps/s=  4519 | success=  3.6% | miss= 77.3% | elapsed=1040.3s
  step= 4801536 | eps/s=  4515 | success=  3.5% | miss= 77.3% | elapsed=1063.3s
  step= 4901568 | eps/s=  4516 | success=  3.7% | miss= 77.4% | elapsed=1085.3s
  step= 5001600 | eps/s=  4518 | success=  3.6% | miss= 77.3% | elapsed=1107.1s
  step= 5101632 | eps/s=  4519 | success=  3.3% | miss= 77.5% | elapsed=1128.9s
  step= 5201664 | eps/s=  4519 | success=  3.8% | miss= 77.3% | elapsed=1151.0s
  step= 5301696 | eps/s=  4520 | success=  3.8% | miss= 77.3% | elapsed=1172.9s
  step= 5401728 | eps/s=  4521 | success=  3.9% | miss= 77.3% | elapsed=1194.9s
  step= 5501760 | eps/s=  4521 | success=  3.8% | miss= 77.1% | elapsed=1216.8s
  step= 5601792 | eps/s=  4522 | success=  3.8% | miss= 77.3% | elapsed=1238.8s
  step= 5701824 | eps/s=  4518 | success=  3.9% | miss= 77.4% | elapsed=1262.0s
  step= 5801856 | eps/s=  4520 | success=  3.7% | miss= 77.3% | elapsed=1283.7s
  step= 5901888 | eps/s=  4520 | success=  3.6% | miss= 77.2% | elapsed=1305.7s
  step= 6001920 | eps/s=  4521 | success=  3.5% | miss= 77.3% | elapsed=1327.6s
  step= 6101952 | eps/s=  4521 | success=  3.5% | miss= 76.9% | elapsed=1349.7s
  step= 6201984 | eps/s=  4521 | success=  3.9% | miss= 76.9% | elapsed=1371.7s
  step= 6302016 | eps/s=  4522 | success=  4.0% | miss= 76.8% | elapsed=1393.6s
  step= 6402048 | eps/s=  4523 | success=  4.0% | miss= 77.1% | elapsed=1415.4s
  step= 6502080 | eps/s=  4524 | success=  3.9% | miss= 77.0% | elapsed=1437.3s
  step= 6602112 | eps/s=  4525 | success=  3.9% | miss= 77.1% | elapsed=1459.0s
  step= 6702144 | eps/s=  4523 | success=  4.3% | miss= 76.6% | elapsed=1481.9s
  step= 6802176 | eps/s=  4523 | success=  4.4% | miss= 77.0% | elapsed=1503.8s
  step= 6902208 | eps/s=  4524 | success=  3.9% | miss= 76.9% | elapsed=1525.7s
  step= 7002240 | eps/s=  4525 | success=  3.9% | miss= 76.8% | elapsed=1547.4s
  step= 7102272 | eps/s=  4526 | success=  3.9% | miss= 76.8% | elapsed=1569.3s
  step= 7202304 | eps/s=  4527 | success=  4.1% | miss= 76.7% | elapsed=1590.9s
  step= 7302336 | eps/s=  4529 | success=  3.9% | miss= 76.9% | elapsed=1612.3s
  step= 7402368 | eps/s=  4530 | success=  3.7% | miss= 76.7% | elapsed=1634.0s
  step= 7502400 | eps/s=  4531 | success=  3.6% | miss= 76.7% | elapsed=1655.7s
  step= 7602432 | eps/s=  4529 | success=  3.7% | miss= 76.8% | elapsed=1678.6s
  step= 7702464 | eps/s=  4530 | success=  4.0% | miss= 76.8% | elapsed=1700.2s
  step= 7802496 | eps/s=  4531 | success=  3.8% | miss= 76.8% | elapsed=1722.1s
  step= 7902528 | eps/s=  4532 | success=  4.2% | miss= 76.6% | elapsed=1743.9s
  step= 8002560 | eps/s=  4533 | success=  3.5% | miss= 76.5% | elapsed=1765.5s
  step= 8102592 | eps/s=  4534 | success=  3.5% | miss= 76.5% | elapsed=1787.1s
  step= 8202624 | eps/s=  4534 | success=  3.7% | miss= 76.6% | elapsed=1809.0s
  step= 8302656 | eps/s=  4534 | success=  3.8% | miss= 76.6% | elapsed=1831.1s
  step= 8402688 | eps/s=  4534 | success=  3.6% | miss= 76.5% | elapsed=1853.1s
  step= 8502720 | eps/s=  4535 | success=  3.8% | miss= 76.3% | elapsed=1874.9s
  step= 8602752 | eps/s=  4532 | success=  4.4% | miss= 76.5% | elapsed=1898.1s
  step= 8702784 | eps/s=  4533 | success=  3.9% | miss= 76.7% | elapsed=1919.7s
  step= 8802816 | eps/s=  4534 | success=  4.0% | miss= 76.5% | elapsed=1941.7s
  step= 8902848 | eps/s=  4534 | success=  3.7% | miss= 76.3% | elapsed=1963.6s
  step= 9002880 | eps/s=  4535 | success=  3.9% | miss= 76.5% | elapsed=1985.4s
  step= 9102912 | eps/s=  4535 | success=  4.2% | miss= 76.1% | elapsed=2007.3s
  step= 9202944 | eps/s=  4536 | success=  3.8% | miss= 76.5% | elapsed=2029.0s
  step= 9302976 | eps/s=  4536 | success=  3.8% | miss= 76.2% | elapsed=2051.0s
  step= 9403008 | eps/s=  4536 | success=  3.7% | miss= 76.5% | elapsed=2073.0s
  step= 9503040 | eps/s=  4533 | success=  4.0% | miss= 76.3% | elapsed=2096.3s
  step= 9603072 | eps/s=  4534 | success=  3.9% | miss= 76.1% | elapsed=2118.2s
  step= 9703104 | eps/s=  4533 | success=  3.9% | miss= 76.1% | elapsed=2140.3s
  step= 9803136 | eps/s=  4533 | success=  3.9% | miss= 76.4% | elapsed=2162.4s
  step= 9903168 | eps/s=  4533 | success=  4.2% | miss= 76.2% | elapsed=2184.5s
  step=10003200 | eps/s=  4534 | success=  3.8% | miss= 76.2% | elapsed=2206.4s
  step=10103232 | eps/s=  4534 | success=  4.0% | miss= 76.2% | elapsed=2228.4s
  step=10203264 | eps/s=  4534 | success=  4.4% | miss= 76.3% | elapsed=2250.4s
  step=10303296 | eps/s=  4534 | success=  3.8% | miss= 76.2% | elapsed=2272.3s
  step=10403328 | eps/s=  4534 | success=  4.0% | miss= 76.1% | elapsed=2294.3s
  step=10503360 | eps/s=  4532 | success=  4.0% | miss= 76.2% | elapsed=2317.6s
  step=10603392 | eps/s=  4532 | success=  3.8% | miss= 76.0% | elapsed=2339.6s
  step=10703424 | eps/s=  4532 | success=  3.7% | miss= 76.2% | elapsed=2361.7s
  step=10803456 | eps/s=  4532 | success=  3.9% | miss= 76.0% | elapsed=2383.6s
  step=10903488 | eps/s=  4533 | success=  4.1% | miss= 76.2% | elapsed=2405.6s
  step=11003520 | eps/s=  4533 | success=  4.3% | miss= 75.8% | elapsed=2427.4s
  step=11103552 | eps/s=  4533 | success=  4.1% | miss= 76.0% | elapsed=2449.3s
  step=11203584 | eps/s=  4532 | success=  4.4% | miss= 75.9% | elapsed=2471.9s
  step=11303616 | eps/s=  4531 | success=  4.0% | miss= 76.0% | elapsed=2494.9s
  step=11403648 | eps/s=  4525 | success=  4.2% | miss= 75.9% | elapsed=2520.0s
  step=11503680 | eps/s=  4523 | success=  4.5% | miss= 75.8% | elapsed=2543.6s
  step=11603712 | eps/s=  4523 | success=  4.2% | miss= 76.0% | elapsed=2565.7s
  step=11703744 | eps/s=  4523 | success=  4.0% | miss= 75.9% | elapsed=2587.6s
  step=11803776 | eps/s=  4523 | success=  4.3% | miss= 75.8% | elapsed=2609.5s
  step=11903808 | eps/s=  4524 | success=  4.2% | miss= 75.8% | elapsed=2631.2s
  step=12003840 | eps/s=  4524 | success=  4.2% | miss= 75.7% | elapsed=2653.3s
  step=12103872 | eps/s=  4521 | success=  4.0% | miss= 75.9% | elapsed=2677.5s
  step=12203904 | eps/s=  4520 | success=  3.8% | miss= 75.9% | elapsed=2700.2s
  step=12303936 | eps/s=  4519 | success=  4.1% | miss= 75.9% | elapsed=2722.4s
  step=12403968 | eps/s=  4514 | success=  4.1% | miss= 75.9% | elapsed=2747.9s
  step=12504000 | eps/s=  4513 | success=  3.9% | miss= 75.9% | elapsed=2770.5s
  step=12604032 | eps/s=  4512 | success=  4.1% | miss= 75.6% | elapsed=2793.1s
  step=12704064 | eps/s=  4512 | success=  4.3% | miss= 75.7% | elapsed=2815.7s
  step=12804096 | eps/s=  4511 | success=  4.2% | miss= 75.6% | elapsed=2838.3s
  step=12904128 | eps/s=  4510 | success=  4.4% | miss= 75.7% | elapsed=2861.2s
  step=13004160 | eps/s=  4509 | success=  4.2% | miss= 75.6% | elapsed=2884.0s
  step=13104192 | eps/s=  4509 | success=  4.7% | miss= 75.5% | elapsed=2906.5s
  step=13204224 | eps/s=  4508 | success=  4.1% | miss= 75.7% | elapsed=2928.9s
  step=13304256 | eps/s=  4506 | success=  4.1% | miss= 75.5% | elapsed=2952.6s
  step=13404288 | eps/s=  4505 | success=  4.1% | miss= 75.4% | elapsed=2975.1s
  step=13504320 | eps/s=  4505 | success=  4.3% | miss= 75.4% | elapsed=2997.8s
  step=13604352 | eps/s=  4505 | success=  4.0% | miss= 75.5% | elapsed=3020.1s
  step=13704384 | eps/s=  4504 | success=  3.9% | miss= 75.3% | elapsed=3042.7s
  step=13804416 | eps/s=  4503 | success=  4.1% | miss= 75.1% | elapsed=3065.3s
  step=13904448 | eps/s=  4502 | success=  4.1% | miss= 75.4% | elapsed=3088.2s
  step=14004480 | eps/s=  4502 | success=  3.6% | miss= 75.4% | elapsed=3110.6s
  step=14104512 | eps/s=  4502 | success=  4.0% | miss= 75.5% | elapsed=3132.7s
  step=14204544 | eps/s=  4503 | success=  4.3% | miss= 75.5% | elapsed=3154.8s
  step=14304576 | eps/s=  4501 | success=  4.2% | miss= 75.6% | elapsed=3178.2s
  step=14404608 | eps/s=  4500 | success=  4.0% | miss= 75.3% | elapsed=3200.7s
  step=14504640 | eps/s=  4501 | success=  3.6% | miss= 75.3% | elapsed=3222.7s
  step=14604672 | eps/s=  4501 | success=  4.3% | miss= 75.3% | elapsed=3245.0s
  step=14704704 | eps/s=  4491 | success=  4.4% | miss= 75.2% | elapsed=3274.4s
  step=14804736 | eps/s=  4488 | success=  4.4% | miss= 75.3% | elapsed=3299.0s
  step=14904768 | eps/s=  4485 | success=  4.3% | miss= 75.1% | elapsed=3323.2s
  step=15004800 | eps/s=  4483 | success=  3.8% | miss= 75.2% | elapsed=3346.8s
  step=15104832 | eps/s=  4480 | success=  4.0% | miss= 75.3% | elapsed=3371.7s
  step=15204864 | eps/s=  4475 | success=  3.7% | miss= 75.2% | elapsed=3397.8s
  step=15304896 | eps/s=  4472 | success=  3.7% | miss= 74.9% | elapsed=3422.0s
  step=15404928 | eps/s=  4471 | success=  4.1% | miss= 74.9% | elapsed=3445.9s
  step=15504960 | eps/s=  4469 | success=  4.2% | miss= 75.0% | elapsed=3469.2s
  step=15604992 | eps/s=  4466 | success=  4.7% | miss= 75.1% | elapsed=3494.1s
  step=15705024 | eps/s=  4465 | success=  4.8% | miss= 75.2% | elapsed=3517.6s
  step=15805056 | eps/s=  4463 | success=  4.8% | miss= 75.0% | elapsed=3541.1s
  step=15905088 | eps/s=  4462 | success=  4.4% | miss= 75.1% | elapsed=3565.0s
  step=16005120 | eps/s=  4460 | success=  4.7% | miss= 75.1% | elapsed=3588.7s
  step=16105152 | eps/s=  4458 | success=  4.7% | miss= 75.1% | elapsed=3612.8s
  step=16205184 | eps/s=  4454 | success=  4.2% | miss= 75.1% | elapsed=3638.1s
  step=16305216 | eps/s=  4453 | success=  4.4% | miss= 75.1% | elapsed=3661.8s
  step=16405248 | eps/s=  4451 | success=  4.3% | miss= 75.3% | elapsed=3685.7s
  step=16505280 | eps/s=  4450 | success=  4.1% | miss= 74.7% | elapsed=3709.4s
  step=16605312 | eps/s=  4449 | success=  3.5% | miss= 75.0% | elapsed=3732.2s
  step=16705344 | eps/s=  4448 | success=  3.8% | miss= 75.0% | elapsed=3755.3s
  step=16805376 | eps/s=  4448 | success=  4.0% | miss= 74.7% | elapsed=3778.5s
  step=16905408 | eps/s=  4447 | success=  4.1% | miss= 75.1% | elapsed=3801.6s
  step=17005440 | eps/s=  4447 | success=  4.2% | miss= 74.9% | elapsed=3824.4s
  step=17105472 | eps/s=  4445 | success=  4.3% | miss= 75.0% | elapsed=3848.1s
  step=17205504 | eps/s=  4446 | success=  4.5% | miss= 74.7% | elapsed=3870.3s
  step=17305536 | eps/s=  4446 | success=  4.5% | miss= 74.7% | elapsed=3892.4s
  step=17405568 | eps/s=  4446 | success=  4.4% | miss= 74.9% | elapsed=3914.4s
  step=17505600 | eps/s=  4447 | success=  4.5% | miss= 74.8% | elapsed=3936.3s
  step=17605632 | eps/s=  4448 | success=  4.4% | miss= 74.7% | elapsed=3958.1s
  step=17705664 | eps/s=  4448 | success=  4.4% | miss= 74.5% | elapsed=3980.3s
  step=17805696 | eps/s=  4448 | success=  4.3% | miss= 74.6% | elapsed=4002.7s
  step=17905728 | eps/s=  4449 | success=  4.6% | miss= 74.7% | elapsed=4024.7s
  step=18005760 | eps/s=  4449 | success=  4.9% | miss= 74.7% | elapsed=4047.0s
  step=18105792 | eps/s=  4447 | success=  4.5% | miss= 74.8% | elapsed=4071.3s
  step=18205824 | eps/s=  4447 | success=  4.7% | miss= 74.4% | elapsed=4093.7s
  step=18305856 | eps/s=  4447 | success=  4.6% | miss= 74.6% | elapsed=4116.2s
  step=18405888 | eps/s=  4447 | success=  4.2% | miss= 74.7% | elapsed=4139.0s
  step=18505920 | eps/s=  4447 | success=  4.5% | miss= 74.5% | elapsed=4161.1s
  step=18605952 | eps/s=  4448 | success=  4.2% | miss= 74.4% | elapsed=4183.1s
  step=18705984 | eps/s=  4448 | success=  4.3% | miss= 74.6% | elapsed=4205.3s
  step=18806016 | eps/s=  4448 | success=  4.6% | miss= 74.3% | elapsed=4227.5s
  step=18906048 | eps/s=  4448 | success=  4.6% | miss= 74.5% | elapsed=4250.7s
  step=19006080 | eps/s=  4445 | success=  4.9% | miss= 74.2% | elapsed=4275.7s
  step=19106112 | eps/s=  4444 | success=  4.5% | miss= 74.5% | elapsed=4299.4s
  step=19206144 | eps/s=  4443 | success=  4.5% | miss= 74.3% | elapsed=4322.5s
  step=19306176 | eps/s=  4443 | success=  4.2% | miss= 74.5% | elapsed=4345.2s
  step=19406208 | eps/s=  4443 | success=  4.3% | miss= 74.3% | elapsed=4368.0s
  step=19506240 | eps/s=  4442 | success=  4.4% | miss= 74.4% | elapsed=4390.8s
  step=19606272 | eps/s=  4442 | success=  4.2% | miss= 74.5% | elapsed=4413.8s
  step=19706304 | eps/s=  4441 | success=  4.3% | miss= 74.3% | elapsed=4437.0s
  step=19806336 | eps/s=  4441 | success=  4.5% | miss= 74.4% | elapsed=4460.0s
  step=19906368 | eps/s=  4440 | success=  4.7% | miss= 74.3% | elapsed=4482.9s
  step=20006400 | eps/s=  4439 | success=  4.5% | miss= 74.3% | elapsed=4507.4s
  step=20106432 | eps/s=  4438 | success=  4.5% | miss= 74.2% | elapsed=4530.5s
  step=20206464 | eps/s=  4438 | success=  4.4% | miss= 74.5% | elapsed=4553.4s
  step=20306496 | eps/s=  4437 | success=  4.4% | miss= 74.1% | elapsed=4576.3s
  step=20406528 | eps/s=  4437 | success=  5.1% | miss= 74.2% | elapsed=4598.9s
  step=20506560 | eps/s=  4437 | success=  4.7% | miss= 74.1% | elapsed=4621.6s
  step=20606592 | eps/s=  4437 | success=  4.4% | miss= 74.1% | elapsed=4644.2s
  step=20706624 | eps/s=  4437 | success=  4.7% | miss= 74.1% | elapsed=4666.9s
  step=20806656 | eps/s=  4436 | success=  4.7% | miss= 74.3% | elapsed=4690.1s
  step=20906688 | eps/s=  4434 | success=  4.3% | miss= 74.1% | elapsed=4714.9s
  step=21006720 | eps/s=  4434 | success=  4.6% | miss= 73.9% | elapsed=4737.5s
