[16:19:55] === Baue Rust-Modul (maturin build --release) ===
🔗 Found pyo3 bindings
🐍 Found CPython 3.12 at /usr/bin/python3
    Finished `release` profile [optimized] target(s) in 0.03s
📦 Built wheel for CPython 3.12 to /home/sefo/devel/spinoza/target/wheels/spinoza-0.1.0-cp312-cp312-manylinux_2_34_x86_64.whl
Defaulting to user installation because normal site-packages is not writeable
Processing ./target/wheels/spinoza-0.1.0-cp312-cp312-manylinux_2_34_x86_64.whl
Installing collected packages: spinoza
  Attempting uninstall: spinoza
    Found existing installation: spinoza 0.1.0
    Uninstalling spinoza-0.1.0:
      Successfully uninstalled spinoza-0.1.0
Successfully installed spinoza-0.1.0
spinoza OK
[16:19:57] 
[16:19:57] === Stage 1: Kein Spin | 10M Steps | lr=3e-4 | ent=0.01 ===
=== spinoza RL Training ===
  n_envs=64, difficulty=1
  total_timesteps=10000000
  policy=MLP [256, 256]

  model params: 149,519

  step=  100032 | eps/s= 10035 | success=  0.0% | miss= 99.9% | elapsed= 10.0s
  step=  200064 | eps/s=  9982 | success=  0.0% | miss= 99.6% | elapsed= 20.0s
  step=  300096 | eps/s= 10015 | success=  0.0% | miss= 98.3% | elapsed= 30.0s
  step=  400128 | eps/s= 10068 | success=  0.1% | miss= 97.1% | elapsed= 39.7s
  step=  500160 | eps/s= 10081 | success=  0.0% | miss= 96.7% | elapsed= 49.6s
  step=  600192 | eps/s= 10092 | success=  0.0% | miss= 96.3% | elapsed= 59.5s
  step=  700224 | eps/s= 10082 | success=  0.1% | miss= 96.3% | elapsed= 69.4s
  step=  800256 | eps/s= 10097 | success=  0.1% | miss= 96.0% | elapsed= 79.3s
  step=  900288 | eps/s= 10117 | success=  0.1% | miss= 95.8% | elapsed= 89.0s
  step= 1000320 | eps/s= 10058 | success=  0.1% | miss= 95.6% | elapsed= 99.5s
  step= 1100352 | eps/s= 10106 | success=  0.1% | miss= 95.3% | elapsed=108.9s
  step= 1200384 | eps/s= 10140 | success=  0.1% | miss= 95.2% | elapsed=118.4s
  step= 1300416 | eps/s= 10141 | success=  0.1% | miss= 95.0% | elapsed=128.2s
  step= 1400448 | eps/s= 10175 | success=  0.1% | miss= 94.8% | elapsed=137.6s
  step= 1500480 | eps/s= 10176 | success=  0.2% | miss= 94.5% | elapsed=147.4s
  step= 1600512 | eps/s= 10199 | success=  0.1% | miss= 94.2% | elapsed=156.9s
  step= 1700544 | eps/s= 10204 | success=  0.2% | miss= 93.9% | elapsed=166.7s
  step= 1800576 | eps/s= 10220 | success=  0.1% | miss= 93.8% | elapsed=176.2s
  step= 1900608 | eps/s= 10189 | success=  0.2% | miss= 93.5% | elapsed=186.5s
  step= 2000640 | eps/s= 10195 | success=  0.1% | miss= 93.1% | elapsed=196.2s
  step= 2100672 | eps/s= 10194 | success=  0.1% | miss= 92.8% | elapsed=206.1s
  step= 2200704 | eps/s= 10187 | success=  0.1% | miss= 92.7% | elapsed=216.0s
  step= 2300736 | eps/s= 10190 | success=  0.1% | miss= 92.3% | elapsed=225.8s
  step= 2400768 | eps/s= 10194 | success=  0.1% | miss= 92.0% | elapsed=235.5s
  step= 2500800 | eps/s= 10200 | success=  0.2% | miss= 91.5% | elapsed=245.2s
  step= 2600832 | eps/s= 10206 | success=  0.2% | miss= 91.4% | elapsed=254.8s
  step= 2700864 | eps/s= 10203 | success=  0.2% | miss= 91.3% | elapsed=264.7s
  step= 2800896 | eps/s= 10194 | success=  0.2% | miss= 90.7% | elapsed=274.8s
  step= 2900928 | eps/s= 10150 | success=  0.3% | miss= 90.1% | elapsed=285.8s
  step= 3000960 | eps/s= 10119 | success=  0.3% | miss= 90.1% | elapsed=296.6s
  step= 3100992 | eps/s= 10104 | success=  0.3% | miss= 89.4% | elapsed=306.9s
  step= 3201024 | eps/s= 10106 | success=  0.3% | miss= 89.4% | elapsed=316.7s
  step= 3301056 | eps/s= 10110 | success=  0.3% | miss= 89.1% | elapsed=326.5s
  step= 3401088 | eps/s= 10110 | success=  0.3% | miss= 88.4% | elapsed=336.4s
  step= 3501120 | eps/s= 10116 | success=  0.4% | miss= 88.4% | elapsed=346.1s
  step= 3601152 | eps/s= 10124 | success=  0.5% | miss= 87.9% | elapsed=355.7s
  step= 3701184 | eps/s= 10130 | success=  0.5% | miss= 87.7% | elapsed=365.4s
  step= 3801216 | eps/s= 10114 | success=  0.6% | miss= 87.1% | elapsed=375.8s
  step= 3901248 | eps/s= 10115 | success=  0.6% | miss= 86.8% | elapsed=385.7s
  step= 4001280 | eps/s= 10116 | success=  0.6% | miss= 86.1% | elapsed=395.5s
  step= 4101312 | eps/s= 10114 | success=  0.6% | miss= 85.7% | elapsed=405.5s
  step= 4201344 | eps/s= 10121 | success=  0.7% | miss= 85.5% | elapsed=415.1s
  step= 4301376 | eps/s= 10130 | success=  0.7% | miss= 85.2% | elapsed=424.6s
  step= 4401408 | eps/s= 10135 | success=  0.8% | miss= 84.7% | elapsed=434.3s
  step= 4501440 | eps/s= 10140 | success=  0.8% | miss= 84.2% | elapsed=443.9s
  step= 4601472 | eps/s= 10141 | success=  0.9% | miss= 84.0% | elapsed=453.8s
  step= 4701504 | eps/s= 10147 | success=  0.9% | miss= 83.5% | elapsed=463.3s
  step= 4801536 | eps/s= 10138 | success=  1.0% | miss= 83.3% | elapsed=473.6s
  step= 4901568 | eps/s= 10141 | success=  1.1% | miss= 83.0% | elapsed=483.3s
  step= 5001600 | eps/s= 10143 | success=  1.1% | miss= 82.6% | elapsed=493.1s
  step= 5101632 | eps/s= 10137 | success=  1.1% | miss= 82.7% | elapsed=503.3s
  step= 5201664 | eps/s= 10135 | success=  1.2% | miss= 82.7% | elapsed=513.2s
  step= 5301696 | eps/s= 10137 | success=  1.0% | miss= 82.7% | elapsed=523.0s
  step= 5401728 | eps/s= 10141 | success=  1.0% | miss= 82.6% | elapsed=532.7s
  step= 5501760 | eps/s= 10139 | success=  1.0% | miss= 82.6% | elapsed=542.6s
  step= 5601792 | eps/s= 10142 | success=  1.0% | miss= 82.1% | elapsed=552.3s
  step= 5701824 | eps/s= 10134 | success=  1.2% | miss= 81.2% | elapsed=562.6s
  step= 5801856 | eps/s= 10137 | success=  1.4% | miss= 80.2% | elapsed=572.3s
  step= 5901888 | eps/s= 10138 | success=  1.6% | miss= 79.9% | elapsed=582.2s
  step= 6001920 | eps/s= 10141 | success=  1.6% | miss= 79.4% | elapsed=591.9s
  step= 6101952 | eps/s= 10145 | success=  1.5% | miss= 79.5% | elapsed=601.5s
  step= 6201984 | eps/s= 10146 | success=  1.7% | miss= 79.6% | elapsed=611.3s
  step= 6302016 | eps/s= 10152 | success=  1.7% | miss= 80.2% | elapsed=620.8s
  step= 6402048 | eps/s= 10154 | success=  1.7% | miss= 80.0% | elapsed=630.5s
  step= 6502080 | eps/s= 10153 | success=  1.8% | miss= 80.4% | elapsed=640.4s
  step= 6602112 | eps/s= 10151 | success=  1.9% | miss= 80.6% | elapsed=650.4s
  step= 6702144 | eps/s= 10141 | success=  2.0% | miss= 80.5% | elapsed=660.9s
  step= 6802176 | eps/s= 10145 | success=  2.0% | miss= 80.6% | elapsed=670.5s
  step= 6902208 | eps/s= 10150 | success=  2.2% | miss= 80.8% | elapsed=680.0s
  step= 7002240 | eps/s= 10152 | success=  2.1% | miss= 81.0% | elapsed=689.8s
  step= 7102272 | eps/s= 10153 | success=  2.1% | miss= 81.3% | elapsed=699.5s
  step= 7202304 | eps/s= 10151 | success=  2.4% | miss= 80.8% | elapsed=709.5s
  step= 7302336 | eps/s= 10155 | success=  2.3% | miss= 80.9% | elapsed=719.1s
  step= 7402368 | eps/s= 10155 | success=  2.8% | miss= 79.3% | elapsed=729.0s
  step= 7502400 | eps/s= 10155 | success=  3.5% | miss= 77.9% | elapsed=738.8s
  step= 7602432 | eps/s= 10141 | success=  3.7% | miss= 76.5% | elapsed=749.7s
  step= 7702464 | eps/s= 10141 | success=  4.4% | miss= 75.0% | elapsed=759.5s
  step= 7802496 | eps/s= 10142 | success=  5.1% | miss= 74.3% | elapsed=769.3s
  step= 7902528 | eps/s= 10144 | success=  4.9% | miss= 73.6% | elapsed=779.0s
  step= 8002560 | eps/s= 10146 | success=  4.8% | miss= 73.6% | elapsed=788.7s
  step= 8102592 | eps/s= 10148 | success=  5.0% | miss= 73.1% | elapsed=798.5s
  step= 8202624 | eps/s= 10148 | success=  4.6% | miss= 73.0% | elapsed=808.3s
  step= 8302656 | eps/s= 10149 | success=  5.3% | miss= 71.3% | elapsed=818.1s
  step= 8402688 | eps/s= 10141 | success=  6.2% | miss= 70.4% | elapsed=828.6s
  step= 8502720 | eps/s= 10135 | success=  7.2% | miss= 69.1% | elapsed=839.0s
  step= 8602752 | eps/s= 10125 | success=  8.1% | miss= 67.1% | elapsed=849.6s
  step= 8702784 | eps/s= 10125 | success=  9.9% | miss= 65.7% | elapsed=859.5s
  step= 8802816 | eps/s= 10124 | success= 11.0% | miss= 65.7% | elapsed=869.5s
  step= 8902848 | eps/s= 10122 | success= 10.7% | miss= 65.2% | elapsed=879.5s
  step= 9002880 | eps/s= 10119 | success= 11.6% | miss= 63.6% | elapsed=889.7s
  step= 9102912 | eps/s= 10117 | success= 13.3% | miss= 62.0% | elapsed=899.7s
  step= 9202944 | eps/s= 10117 | success= 14.7% | miss= 61.2% | elapsed=909.7s
  step= 9302976 | eps/s= 10119 | success= 14.9% | miss= 61.6% | elapsed=919.4s
  step= 9403008 | eps/s= 10119 | success= 15.9% | miss= 60.1% | elapsed=929.2s
  step= 9503040 | eps/s= 10111 | success= 17.4% | miss= 59.3% | elapsed=939.8s
  step= 9603072 | eps/s= 10112 | success= 18.2% | miss= 58.5% | elapsed=949.7s
  step= 9703104 | eps/s= 10110 | success= 18.3% | miss= 58.3% | elapsed=959.7s
  step= 9803136 | eps/s= 10111 | success= 19.3% | miss= 57.9% | elapsed=969.5s
  step= 9903168 | eps/s= 10110 | success= 20.2% | miss= 57.8% | elapsed=979.6s
  step=10003200 | eps/s= 10106 | success= 20.8% | miss= 57.5% | elapsed=989.8s

  Training complete in 990.9s
  Avg throughput: 10092 timesteps/sec
  Model saved to models/ppo_stage1

=== Evaluation (100 episodes) ===
  success: 63%
  paddle_miss: 23%
  return_missed_table: 14%
  avg reward: 0.789
[16:36:36] Stage 1 abgeschlossen.
[16:36:36] 
[16:36:36] === Stage 2: Leichter Spin | 20M Steps | lr=1e-4 | ent=0.02 (Fine-Tune von Stage 1) ===
=== spinoza RL Training ===
  n_envs=64, difficulty=2
  total_timesteps=20000000
  policy=MLP [256, 256]

  Loading pretrained model: models/ppo_stage1
  model params: 149,519

  step=  100032 | eps/s=  8665 | success= 10.9% | miss= 73.0% | elapsed= 11.5s
  step=  200064 | eps/s=  8606 | success= 11.5% | miss= 70.0% | elapsed= 23.2s
  step=  300096 | eps/s=  8622 | success= 12.0% | miss= 68.2% | elapsed= 34.8s
  step=  400128 | eps/s=  8654 | success= 11.6% | miss= 67.3% | elapsed= 46.2s
  step=  500160 | eps/s=  8667 | success= 11.4% | miss= 66.3% | elapsed= 57.7s
  step=  600192 | eps/s=  8667 | success= 12.4% | miss= 65.9% | elapsed= 69.3s
  step=  700224 | eps/s=  8666 | success= 12.1% | miss= 65.6% | elapsed= 80.8s
  step=  800256 | eps/s=  8645 | success= 13.1% | miss= 64.4% | elapsed= 92.6s
  step=  900288 | eps/s=  8650 | success= 12.8% | miss= 64.0% | elapsed=104.1s
  step= 1000320 | eps/s=  8597 | success= 13.6% | miss= 62.6% | elapsed=116.4s
  step= 1100352 | eps/s=  8582 | success= 14.0% | miss= 63.5% | elapsed=128.2s
  step= 1200384 | eps/s=  8584 | success= 15.1% | miss= 62.6% | elapsed=139.8s
  step= 1300416 | eps/s=  8588 | success= 15.1% | miss= 62.0% | elapsed=151.4s
  step= 1400448 | eps/s=  8600 | success= 16.4% | miss= 61.0% | elapsed=162.8s
  step= 1500480 | eps/s=  8605 | success= 16.4% | miss= 60.5% | elapsed=174.4s
  step= 1600512 | eps/s=  8610 | success= 17.5% | miss= 60.2% | elapsed=185.9s
  step= 1700544 | eps/s=  8602 | success= 18.4% | miss= 59.8% | elapsed=197.7s
  step= 1800576 | eps/s=  8598 | success= 18.0% | miss= 61.3% | elapsed=209.4s
  step= 1900608 | eps/s=  8559 | success= 20.0% | miss= 58.7% | elapsed=222.1s
  step= 2000640 | eps/s=  8569 | success= 18.8% | miss= 60.3% | elapsed=233.5s
  step= 2100672 | eps/s=  8564 | success= 22.1% | miss= 57.5% | elapsed=245.3s
  step= 2200704 | eps/s=  8557 | success= 23.0% | miss= 57.2% | elapsed=257.2s
  step= 2300736 | eps/s=  8550 | success= 24.2% | miss= 56.2% | elapsed=269.1s
  step= 2400768 | eps/s=  8557 | success= 24.7% | miss= 56.2% | elapsed=280.6s
  step= 2500800 | eps/s=  8565 | success= 25.0% | miss= 56.4% | elapsed=292.0s
  step= 2600832 | eps/s=  8559 | success= 25.3% | miss= 54.1% | elapsed=303.9s
  step= 2700864 | eps/s=  8553 | success= 25.7% | miss= 54.6% | elapsed=315.8s
  step= 2800896 | eps/s=  8548 | success= 26.2% | miss= 54.7% | elapsed=327.7s
  step= 2900928 | eps/s=  8527 | success= 27.3% | miss= 54.4% | elapsed=340.2s
  step= 3000960 | eps/s=  8515 | success= 28.5% | miss= 53.3% | elapsed=352.4s
  step= 3100992 | eps/s=  8504 | success= 28.8% | miss= 52.4% | elapsed=364.6s
  step= 3201024 | eps/s=  8506 | success= 29.1% | miss= 51.8% | elapsed=376.3s
  step= 3301056 | eps/s=  8506 | success= 32.5% | miss= 47.8% | elapsed=388.1s
  step= 3401088 | eps/s=  8504 | success= 36.1% | miss= 44.3% | elapsed=399.9s
  step= 3501120 | eps/s=  8507 | success= 33.7% | miss= 45.3% | elapsed=411.5s
  step= 3601152 | eps/s=  8508 | success= 38.5% | miss= 42.0% | elapsed=423.2s
  step= 3701184 | eps/s=  8507 | success= 40.9% | miss= 39.1% | elapsed=435.1s
  step= 3801216 | eps/s=  8489 | success= 40.5% | miss= 38.6% | elapsed=447.8s
  step= 3901248 | eps/s=  8483 | success= 38.2% | miss= 38.7% | elapsed=459.9s
  step= 4001280 | eps/s=  8483 | success= 42.5% | miss= 34.9% | elapsed=471.7s
  step= 4101312 | eps/s=  8482 | success= 42.6% | miss= 36.0% | elapsed=483.5s
  step= 4201344 | eps/s=  8479 | success= 34.8% | miss= 37.7% | elapsed=495.5s
  step= 4301376 | eps/s=  8479 | success= 39.0% | miss= 33.6% | elapsed=507.3s
  step= 4401408 | eps/s=  8476 | success= 40.3% | miss= 32.4% | elapsed=519.3s
  step= 4501440 | eps/s=  8478 | success= 42.3% | miss= 36.0% | elapsed=530.9s
  step= 4601472 | eps/s=  8477 | success= 45.6% | miss= 36.2% | elapsed=542.8s
  step= 4701504 | eps/s=  8473 | success= 47.9% | miss= 34.4% | elapsed=554.9s
  step= 4801536 | eps/s=  8462 | success= 44.0% | miss= 40.3% | elapsed=567.5s
  step= 4901568 | eps/s=  8458 | success= 50.2% | miss= 34.8% | elapsed=579.5s
  step= 5001600 | eps/s=  8450 | success= 52.7% | miss= 32.0% | elapsed=591.9s
  step= 5101632 | eps/s=  8448 | success= 55.6% | miss= 29.6% | elapsed=603.9s
  step= 5201664 | eps/s=  8442 | success= 55.1% | miss= 29.6% | elapsed=616.2s
  step= 5301696 | eps/s=  8435 | success= 51.5% | miss= 30.6% | elapsed=628.5s
  step= 5401728 | eps/s=  8426 | success= 47.8% | miss= 33.5% | elapsed=641.1s
  step= 5501760 | eps/s=  8421 | success= 48.2% | miss= 37.5% | elapsed=653.4s
  step= 5601792 | eps/s=  8416 | success= 53.2% | miss= 31.9% | elapsed=665.6s
  step= 5701824 | eps/s=  8388 | success= 57.5% | miss= 26.8% | elapsed=679.8s
  step= 5801856 | eps/s=  8360 | success= 54.0% | miss= 30.7% | elapsed=694.0s
  step= 5901888 | eps/s=  8334 | success= 55.6% | miss= 27.5% | elapsed=708.2s
  step= 6001920 | eps/s=  8316 | success= 60.4% | miss= 25.7% | elapsed=721.7s
  step= 6101952 | eps/s=  8309 | success= 54.9% | miss= 27.7% | elapsed=734.4s
  step= 6201984 | eps/s=  8309 | success= 60.7% | miss= 24.6% | elapsed=746.4s
  step= 6302016 | eps/s=  8309 | success= 57.6% | miss= 28.4% | elapsed=758.4s
  step= 6402048 | eps/s=  8310 | success= 49.8% | miss= 36.8% | elapsed=770.4s
  step= 6502080 | eps/s=  8309 | success= 54.6% | miss= 28.1% | elapsed=782.5s
  step= 6602112 | eps/s=  8308 | success= 59.3% | miss= 24.6% | elapsed=794.7s
  step= 6702144 | eps/s=  8301 | success= 56.2% | miss= 26.7% | elapsed=807.4s
  step= 6802176 | eps/s=  8302 | success= 61.0% | miss= 24.3% | elapsed=819.3s
  step= 6902208 | eps/s=  8304 | success= 61.5% | miss= 22.5% | elapsed=831.2s
  step= 7002240 | eps/s=  8306 | success= 55.0% | miss= 22.6% | elapsed=843.0s
  step= 7102272 | eps/s=  8307 | success= 52.8% | miss= 28.2% | elapsed=855.0s
  step= 7202304 | eps/s=  8309 | success= 57.9% | miss= 28.8% | elapsed=866.8s
  step= 7302336 | eps/s=  8310 | success= 57.9% | miss= 30.3% | elapsed=878.8s
  step= 7402368 | eps/s=  8313 | success= 63.4% | miss= 25.6% | elapsed=890.5s
  step= 7502400 | eps/s=  8314 | success= 66.5% | miss= 22.4% | elapsed=902.4s
  step= 7602432 | eps/s=  8304 | success= 62.2% | miss= 25.4% | elapsed=915.5s
  step= 7702464 | eps/s=  8302 | success= 56.8% | miss= 30.8% | elapsed=927.8s
  step= 7802496 | eps/s=  8302 | success= 46.9% | miss= 40.2% | elapsed=939.9s
  step= 7902528 | eps/s=  8304 | success= 44.8% | miss= 39.1% | elapsed=951.7s
  step= 8002560 | eps/s=  8307 | success= 35.3% | miss= 48.4% | elapsed=963.4s
  step= 8102592 | eps/s=  8312 | success=  9.2% | miss= 86.2% | elapsed=974.8s
  step= 8202624 | eps/s=  8319 | success=  0.1% | miss= 99.9% | elapsed=986.0s
  step= 8302656 | eps/s=  8324 | success=  1.7% | miss= 97.4% | elapsed=997.5s
  step= 8402688 | eps/s=  8328 | success=  6.5% | miss= 90.4% | elapsed=1009.0s
  step= 8502720 | eps/s=  8331 | success= 15.5% | miss= 74.2% | elapsed=1020.6s
  step= 8602752 | eps/s=  8327 | success= 25.3% | miss= 57.8% | elapsed=1033.1s
  step= 8702784 | eps/s=  8328 | success= 26.3% | miss= 58.4% | elapsed=1044.9s
  step= 8802816 | eps/s=  8329 | success= 28.2% | miss= 53.7% | elapsed=1056.9s
  step= 8902848 | eps/s=  8329 | success= 29.8% | miss= 52.2% | elapsed=1068.9s
  step= 9002880 | eps/s=  8330 | success= 35.2% | miss= 46.4% | elapsed=1080.8s
  step= 9102912 | eps/s=  8331 | success= 34.5% | miss= 48.0% | elapsed=1092.7s
  step= 9202944 | eps/s=  8330 | success= 37.7% | miss= 45.9% | elapsed=1104.7s
  step= 9302976 | eps/s=  8329 | success= 42.6% | miss= 42.3% | elapsed=1116.9s
  step= 9403008 | eps/s=  8328 | success= 43.9% | miss= 43.6% | elapsed=1129.0s
  step= 9503040 | eps/s=  8322 | success= 47.3% | miss= 40.1% | elapsed=1142.0s
  step= 9603072 | eps/s=  8322 | success= 47.6% | miss= 37.6% | elapsed=1153.9s
  step= 9703104 | eps/s=  8321 | success= 46.1% | miss= 37.1% | elapsed=1166.1s
  step= 9803136 | eps/s=  8320 | success= 43.5% | miss= 36.6% | elapsed=1178.3s
  step= 9903168 | eps/s=  8320 | success= 46.9% | miss= 38.6% | elapsed=1190.3s
  step=10003200 | eps/s=  8319 | success= 50.8% | miss= 36.3% | elapsed=1202.5s
  step=10103232 | eps/s=  8317 | success= 53.1% | miss= 35.9% | elapsed=1214.8s
  step=10203264 | eps/s=  8315 | success= 51.7% | miss= 40.3% | elapsed=1227.1s
  step=10303296 | eps/s=  8313 | success= 53.6% | miss= 37.5% | elapsed=1239.4s
  step=10403328 | eps/s=  8312 | success= 55.6% | miss= 36.1% | elapsed=1251.5s
  step=10503360 | eps/s=  8307 | success= 53.8% | miss= 35.0% | elapsed=1264.4s
  step=10603392 | eps/s=  8306 | success= 54.9% | miss= 33.8% | elapsed=1276.5s
  step=10703424 | eps/s=  8305 | success= 58.5% | miss= 33.6% | elapsed=1288.7s
  step=10803456 | eps/s=  8304 | success= 55.6% | miss= 38.7% | elapsed=1301.0s
  step=10903488 | eps/s=  8303 | success= 58.2% | miss= 35.5% | elapsed=1313.1s
  step=11003520 | eps/s=  8301 | success= 60.7% | miss= 30.5% | elapsed=1325.5s
  step=11103552 | eps/s=  8300 | success= 61.8% | miss= 29.6% | elapsed=1337.8s
  step=11203584 | eps/s=  8299 | success= 57.9% | miss= 33.1% | elapsed=1350.0s
  step=11303616 | eps/s=  8298 | success= 61.9% | miss= 31.5% | elapsed=1362.2s
  step=11403648 | eps/s=  8292 | success= 64.5% | miss= 27.7% | elapsed=1375.2s
  step=11503680 | eps/s=  8290 | success= 58.9% | miss= 34.9% | elapsed=1387.7s
  step=11603712 | eps/s=  8288 | success= 49.2% | miss= 46.4% | elapsed=1400.1s
  step=11703744 | eps/s=  8287 | success= 59.6% | miss= 33.7% | elapsed=1412.2s
  step=11803776 | eps/s=  8288 | success= 60.5% | miss= 32.3% | elapsed=1424.2s
  step=11903808 | eps/s=  8289 | success= 54.1% | miss= 40.8% | elapsed=1436.1s
  step=12003840 | eps/s=  8288 | success= 50.0% | miss= 45.6% | elapsed=1448.3s
  step=12103872 | eps/s=  8288 | success= 64.7% | miss= 29.2% | elapsed=1460.4s
  step=12203904 | eps/s=  8287 | success= 63.3% | miss= 26.7% | elapsed=1472.7s
  step=12303936 | eps/s=  8282 | success= 63.3% | miss= 26.5% | elapsed=1485.6s
  step=12403968 | eps/s=  8263 | success= 48.8% | miss= 37.5% | elapsed=1501.2s
  step=12504000 | eps/s=  8245 | success= 39.8% | miss= 45.5% | elapsed=1516.5s
  step=12604032 | eps/s=  8226 | success= 36.1% | miss= 48.4% | elapsed=1532.2s
  step=12704064 | eps/s=  8211 | success= 56.8% | miss= 30.7% | elapsed=1547.2s
  step=12804096 | eps/s=  8198 | success= 63.6% | miss= 22.6% | elapsed=1561.8s
  step=12904128 | eps/s=  8196 | success= 47.5% | miss= 36.2% | elapsed=1574.4s
  step=13004160 | eps/s=  8197 | success= 42.8% | miss= 38.5% | elapsed=1586.4s
  step=13104192 | eps/s=  8197 | success= 45.9% | miss= 28.7% | elapsed=1598.6s
  step=13204224 | eps/s=  8197 | success= 54.4% | miss= 24.6% | elapsed=1610.9s
  step=13304256 | eps/s=  8191 | success= 59.3% | miss= 25.5% | elapsed=1624.3s
  step=13404288 | eps/s=  8188 | success= 62.1% | miss= 19.8% | elapsed=1637.2s
  step=13504320 | eps/s=  8185 | success= 38.2% | miss= 53.3% | elapsed=1649.9s
  step=13604352 | eps/s=  8179 | success=  0.1% | miss= 99.6% | elapsed=1663.3s
  step=13704384 | eps/s=  8170 | success=  1.0% | miss= 97.0% | elapsed=1677.4s
  step=13804416 | eps/s=  8167 | success=  2.5% | miss= 94.2% | elapsed=1690.2s
  step=13904448 | eps/s=  8165 | success=  4.3% | miss= 89.0% | elapsed=1703.0s
  step=14004480 | eps/s=  8163 | success=  6.4% | miss= 83.6% | elapsed=1715.6s
  step=14104512 | eps/s=  8161 | success= 12.2% | miss= 63.2% | elapsed=1728.2s
  step=14204544 | eps/s=  8160 | success= 15.8% | miss= 44.5% | elapsed=1740.7s
  step=14304576 | eps/s=  8155 | success= 17.7% | miss= 41.8% | elapsed=1754.1s
  step=14404608 | eps/s=  8154 | success= 27.8% | miss= 36.5% | elapsed=1766.6s
  step=14504640 | eps/s=  8152 | success= 37.2% | miss= 35.0% | elapsed=1779.3s
  step=14604672 | eps/s=  8153 | success=  6.2% | miss= 89.2% | elapsed=1791.4s
  step=14704704 | eps/s=  8153 | success=  0.0% | miss= 99.5% | elapsed=1803.5s
  step=14804736 | eps/s=  8153 | success=  0.0% | miss= 99.5% | elapsed=1815.9s
  step=14904768 | eps/s=  8155 | success=  0.0% | miss= 99.5% | elapsed=1827.7s
  step=15004800 | eps/s=  8155 | success=  0.0% | miss= 99.5% | elapsed=1839.9s
  step=15104832 | eps/s=  8154 | success=  0.0% | miss= 99.4% | elapsed=1852.4s
  step=15204864 | eps/s=  8145 | success=  0.0% | miss= 86.1% | elapsed=1866.8s
  step=15304896 | eps/s=  8135 | success=  0.0% | miss= 45.3% | elapsed=1881.2s
  step=15404928 | eps/s=  8131 | success=  0.0% | miss= 33.4% | elapsed=1894.7s
  step=15504960 | eps/s=  8129 | success=  0.0% | miss= 29.7% | elapsed=1907.5s
  step=15604992 | eps/s=  8126 | success=  0.0% | miss= 28.2% | elapsed=1920.5s
  step=15705024 | eps/s=  8122 | success=  0.0% | miss= 24.3% | elapsed=1933.6s
