[11:47:13] === Baue Rust-Modul (maturin build --release) ===
🔗 Found pyo3 bindings
🐍 Found CPython 3.12 at /usr/bin/python3
    Finished `release` profile [optimized] target(s) in 0.03s
📦 Built wheel for CPython 3.12 to /home/sefo/devel/spinoza/target/wheels/spinoza-0.1.0-cp312-cp312-manylinux_2_34_x86_64.whl
Defaulting to user installation because normal site-packages is not writeable
Processing ./target/wheels/spinoza-0.1.0-cp312-cp312-linux_x86_64.whl
Installing collected packages: spinoza
  Attempting uninstall: spinoza
    Found existing installation: spinoza 0.1.0
    Uninstalling spinoza-0.1.0:
      Successfully uninstalled spinoza-0.1.0
Successfully installed spinoza-0.1.0
spinoza OK
[11:47:15] 
[11:47:15] === Stage 1: Kein Spin | 20M Steps | lr=3e-4→1e-5 (decay) | ent=0.01 ===
=== spinoza RL Training ===
  n_envs=64, difficulty=1
  total_timesteps=20000000
  policy=MLP [512, 512]

  lr=0.0003 → 1e-05 (linear decay)
  model params: 622,607

  step=  100032 | eps/s=  3110 | success=  0.0% | miss= 99.9% | elapsed= 32.2s
  step=  200064 | eps/s=  1687 | success=  0.0% | miss= 99.2% | elapsed=118.6s
  step=  300096 | eps/s=  1551 | success=  0.0% | miss= 96.5% | elapsed=193.5s
  step=  400128 | eps/s=  1769 | success=  0.0% | miss= 95.3% | elapsed=226.1s
  step=  500160 | eps/s=  1920 | success=  0.1% | miss= 94.9% | elapsed=260.5s
