[20:50:14] === Baue Rust-Modul (maturin build --release) ===
🔗 Found pyo3 bindings
🐍 Found CPython 3.12 at /usr/bin/python3
    Finished `release` profile [optimized] target(s) in 0.03s
📦 Built wheel for CPython 3.12 to /home/sefo/devel/spinoza/target/wheels/spinoza-0.1.0-cp312-cp312-manylinux_2_34_x86_64.whl
Defaulting to user installation because normal site-packages is not writeable
Processing ./target/wheels/spinoza-0.1.0-cp312-cp312-linux_x86_64.whl
Installing collected packages: spinoza
  Attempting uninstall: spinoza
    Found existing installation: spinoza 0.1.0
    Uninstalling spinoza-0.1.0:
      Successfully uninstalled spinoza-0.1.0
Successfully installed spinoza-0.1.0
spinoza OK
[20:50:16] 
[20:50:16] === Stage 1: Kein Spin | 20M Steps | lr=3e-4→1e-5 (decay) | ent=0.01 ===
=== spinoza RL Training ===
  n_envs=64, difficulty=1
  total_timesteps=20000000
  policy=MLP [512, 512]

  lr=0.0003 → 1e-05 (linear decay)
  model params: 622,607

  step=  100032 | eps/s=  4402 | success=  0.0% | miss= 99.9% | elapsed= 22.7s
  step=  200064 | eps/s=  4384 | success=  0.0% | miss= 99.5% | elapsed= 45.6s
  step=  300096 | eps/s=  4316 | success=  0.1% | miss= 97.7% | elapsed= 69.5s
  step=  400128 | eps/s=  4300 | success=  0.1% | miss= 96.5% | elapsed= 93.0s
  step=  500160 | eps/s=  4293 | success=  0.1% | miss= 96.3% | elapsed=116.5s
  step=  600192 | eps/s=  4279 | success=  0.1% | miss= 96.2% | elapsed=140.3s
  step=  700224 | eps/s=  4272 | success=  0.1% | miss= 96.0% | elapsed=163.9s
  step=  800256 | eps/s=  4271 | success=  0.1% | miss= 95.9% | elapsed=187.4s
  step=  900288 | eps/s=  4264 | success=  0.1% | miss= 95.6% | elapsed=211.1s
  step= 1000320 | eps/s=  4227 | success=  0.1% | miss= 95.6% | elapsed=236.7s
  step= 1100352 | eps/s=  4227 | success=  0.1% | miss= 95.4% | elapsed=260.3s
  step= 1200384 | eps/s=  4227 | success=  0.1% | miss= 95.2% | elapsed=284.0s
  step= 1300416 | eps/s=  4231 | success=  0.1% | miss= 94.8% | elapsed=307.3s
  step= 1400448 | eps/s=  4230 | success=  0.1% | miss= 94.4% | elapsed=331.1s
  step= 1500480 | eps/s=  4231 | success=  0.1% | miss= 94.5% | elapsed=354.6s
  step= 1600512 | eps/s=  4232 | success=  0.2% | miss= 94.2% | elapsed=378.2s
  step= 1700544 | eps/s=  4230 | success=  0.2% | miss= 93.7% | elapsed=402.0s
  step= 1800576 | eps/s=  4230 | success=  0.2% | miss= 93.6% | elapsed=425.7s
  step= 1900608 | eps/s=  4211 | success=  0.2% | miss= 93.2% | elapsed=451.4s
  step= 2000640 | eps/s=  4222 | success=  0.2% | miss= 93.2% | elapsed=473.8s
  step= 2100672 | eps/s=  4228 | success=  0.3% | miss= 92.9% | elapsed=496.8s
  step= 2200704 | eps/s=  4233 | success=  0.3% | miss= 92.7% | elapsed=519.9s
  step= 2300736 | eps/s=  4236 | success=  0.3% | miss= 92.6% | elapsed=543.1s
  step= 2400768 | eps/s=  4238 | success=  0.3% | miss= 92.4% | elapsed=566.5s
  step= 2500800 | eps/s=  4234 | success=  0.3% | miss= 92.5% | elapsed=590.6s
  step= 2600832 | eps/s=  4231 | success=  0.3% | miss= 91.9% | elapsed=614.7s
  step= 2700864 | eps/s=  4229 | success=  0.3% | miss= 91.7% | elapsed=638.7s
  step= 2800896 | eps/s=  4229 | success=  0.3% | miss= 91.5% | elapsed=662.3s
  step= 2900928 | eps/s=  4216 | success=  0.3% | miss= 91.3% | elapsed=688.1s
  step= 3000960 | eps/s=  4214 | success=  0.3% | miss= 91.0% | elapsed=712.1s
  step= 3100992 | eps/s=  4214 | success=  0.3% | miss= 91.1% | elapsed=735.9s
  step= 3201024 | eps/s=  4214 | success=  0.3% | miss= 90.9% | elapsed=759.5s
  step= 3301056 | eps/s=  4214 | success=  0.4% | miss= 90.5% | elapsed=783.3s
  step= 3401088 | eps/s=  4214 | success=  0.3% | miss= 90.1% | elapsed=807.1s
  step= 3501120 | eps/s=  4217 | success=  0.3% | miss= 89.9% | elapsed=830.3s
  step= 3601152 | eps/s=  4220 | success=  0.4% | miss= 89.5% | elapsed=853.3s
  step= 3701184 | eps/s=  4225 | success=  0.4% | miss= 89.2% | elapsed=876.0s
  step= 3801216 | eps/s=  4214 | success=  0.4% | miss= 89.0% | elapsed=902.0s
  step= 3901248 | eps/s=  4217 | success=  0.5% | miss= 88.6% | elapsed=925.2s
  step= 4001280 | eps/s=  4219 | success=  0.4% | miss= 88.1% | elapsed=948.4s
  step= 4101312 | eps/s=  4220 | success=  0.5% | miss= 87.9% | elapsed=971.9s
  step= 4201344 | eps/s=  4219 | success=  0.5% | miss= 87.4% | elapsed=995.7s
  step= 4301376 | eps/s=  4217 | success=  0.6% | miss= 87.2% | elapsed=1019.9s
  step= 4401408 | eps/s=  4217 | success=  0.5% | miss= 87.0% | elapsed=1043.7s
  step= 4501440 | eps/s=  4217 | success=  0.6% | miss= 86.8% | elapsed=1067.5s
  step= 4601472 | eps/s=  4219 | success=  0.5% | miss= 86.5% | elapsed=1090.6s
  step= 4701504 | eps/s=  4220 | success=  0.6% | miss= 86.5% | elapsed=1114.0s
  step= 4801536 | eps/s=  4215 | success=  0.7% | miss= 87.0% | elapsed=1139.2s
  step= 4901568 | eps/s=  4216 | success=  0.8% | miss= 86.0% | elapsed=1162.6s
  step= 5001600 | eps/s=  4217 | success=  0.8% | miss= 85.4% | elapsed=1186.1s
  step= 5101632 | eps/s=  4220 | success=  0.8% | miss= 85.0% | elapsed=1209.0s
  step= 5201664 | eps/s=  4221 | success=  0.7% | miss= 85.3% | elapsed=1232.2s
  step= 5301696 | eps/s=  4223 | success=  0.7% | miss= 85.6% | elapsed=1255.4s
  step= 5401728 | eps/s=  4223 | success=  0.7% | miss= 85.4% | elapsed=1279.0s
  step= 5501760 | eps/s=  4224 | success=  0.7% | miss= 85.4% | elapsed=1302.4s
  step= 5601792 | eps/s=  4225 | success=  0.7% | miss= 85.4% | elapsed=1325.9s
  step= 5701824 | eps/s=  4217 | success=  0.8% | miss= 85.4% | elapsed=1352.2s
  step= 5801856 | eps/s=  4215 | success=  0.7% | miss= 85.8% | elapsed=1376.4s
  step= 5901888 | eps/s=  4214 | success=  0.8% | miss= 86.0% | elapsed=1400.6s
  step= 6001920 | eps/s=  4214 | success=  0.8% | miss= 86.2% | elapsed=1424.2s
  step= 6101952 | eps/s=  4216 | success=  0.8% | miss= 86.2% | elapsed=1447.5s
  step= 6201984 | eps/s=  4216 | success=  1.0% | miss= 84.8% | elapsed=1471.1s
  step= 6302016 | eps/s=  4218 | success=  1.0% | miss= 84.5% | elapsed=1494.0s
  step= 6402048 | eps/s=  4219 | success=  1.2% | miss= 83.6% | elapsed=1517.4s
  step= 6502080 | eps/s=  4220 | success=  1.2% | miss= 83.6% | elapsed=1540.9s
  step= 6602112 | eps/s=  4221 | success=  1.3% | miss= 83.7% | elapsed=1564.0s
  step= 6702144 | eps/s=  4214 | success=  1.3% | miss= 83.6% | elapsed=1590.3s
  step= 6802176 | eps/s=  4213 | success=  1.4% | miss= 83.3% | elapsed=1614.5s
  step= 6902208 | eps/s=  4211 | success=  1.5% | miss= 82.9% | elapsed=1639.0s
  step= 7002240 | eps/s=  4210 | success=  1.5% | miss= 82.5% | elapsed=1663.1s
  step= 7102272 | eps/s=  4210 | success=  1.6% | miss= 83.0% | elapsed=1686.9s
  step= 7202304 | eps/s=  4209 | success=  1.6% | miss= 82.6% | elapsed=1711.3s
  step= 7302336 | eps/s=  4207 | success=  1.7% | miss= 83.2% | elapsed=1735.6s
  step= 7402368 | eps/s=  4206 | success=  1.8% | miss= 82.5% | elapsed=1759.8s
  step= 7502400 | eps/s=  4205 | success=  2.0% | miss= 82.5% | elapsed=1784.2s
  step= 7602432 | eps/s=  4198 | success=  2.1% | miss= 82.3% | elapsed=1811.2s
  step= 7702464 | eps/s=  4196 | success=  2.2% | miss= 81.2% | elapsed=1835.6s
  step= 7802496 | eps/s=  4196 | success=  2.4% | miss= 80.5% | elapsed=1859.7s
  step= 7902528 | eps/s=  4195 | success=  2.6% | miss= 79.6% | elapsed=1883.6s
  step= 8002560 | eps/s=  4195 | success=  2.7% | miss= 79.1% | elapsed=1907.7s
  step= 8102592 | eps/s=  4194 | success=  3.0% | miss= 78.5% | elapsed=1931.9s
  step= 8202624 | eps/s=  4195 | success=  3.2% | miss= 78.5% | elapsed=1955.6s
  step= 8302656 | eps/s=  4195 | success=  3.4% | miss= 77.8% | elapsed=1979.1s
  step= 8402688 | eps/s=  4196 | success=  3.4% | miss= 77.6% | elapsed=2002.5s
  step= 8502720 | eps/s=  4197 | success=  3.5% | miss= 77.0% | elapsed=2026.0s
  step= 8602752 | eps/s=  4192 | success=  3.6% | miss= 76.5% | elapsed=2052.0s
  step= 8702784 | eps/s=  4193 | success=  3.6% | miss= 76.4% | elapsed=2075.6s
  step= 8802816 | eps/s=  4194 | success=  3.8% | miss= 76.0% | elapsed=2099.2s
  step= 8902848 | eps/s=  4194 | success=  4.1% | miss= 75.8% | elapsed=2122.7s
  step= 9002880 | eps/s=  4194 | success=  4.2% | miss= 75.8% | elapsed=2146.8s
  step= 9102912 | eps/s=  4194 | success=  4.8% | miss= 75.1% | elapsed=2170.7s
  step= 9202944 | eps/s=  4194 | success=  5.0% | miss= 74.5% | elapsed=2194.3s
  step= 9302976 | eps/s=  4194 | success=  5.2% | miss= 73.6% | elapsed=2217.9s
  step= 9403008 | eps/s=  4194 | success=  5.4% | miss= 73.6% | elapsed=2242.0s
  step= 9503040 | eps/s=  4190 | success=  5.6% | miss= 73.4% | elapsed=2268.3s
  step= 9603072 | eps/s=  4190 | success=  5.7% | miss= 73.0% | elapsed=2291.8s
  step= 9703104 | eps/s=  4191 | success=  6.1% | miss= 72.0% | elapsed=2315.0s
  step= 9803136 | eps/s=  4191 | success=  6.5% | miss= 71.3% | elapsed=2339.0s
  step= 9903168 | eps/s=  4191 | success=  6.6% | miss= 71.1% | elapsed=2363.0s
  step=10003200 | eps/s=  4193 | success=  6.6% | miss= 70.9% | elapsed=2385.8s
  step=10103232 | eps/s=  4193 | success=  7.1% | miss= 70.1% | elapsed=2409.5s
  step=10203264 | eps/s=  4193 | success=  7.5% | miss= 69.8% | elapsed=2433.2s
  step=10303296 | eps/s=  4194 | success=  7.8% | miss= 68.9% | elapsed=2456.8s
  step=10403328 | eps/s=  4194 | success=  8.3% | miss= 68.0% | elapsed=2480.6s
  step=10503360 | eps/s=  4190 | success=  7.5% | miss= 68.5% | elapsed=2506.8s
  step=10603392 | eps/s=  4190 | success=  7.7% | miss= 67.6% | elapsed=2530.6s
  step=10703424 | eps/s=  4190 | success=  9.1% | miss= 66.7% | elapsed=2554.5s
  step=10803456 | eps/s=  4190 | success=  9.2% | miss= 66.1% | elapsed=2578.2s
  step=10903488 | eps/s=  4190 | success=  9.6% | miss= 65.7% | elapsed=2602.2s
  step=11003520 | eps/s=  4191 | success= 10.2% | miss= 65.4% | elapsed=2625.6s
  step=11103552 | eps/s=  4191 | success= 10.7% | miss= 65.2% | elapsed=2649.1s
  step=11203584 | eps/s=  4192 | success= 10.9% | miss= 64.6% | elapsed=2672.9s
  step=11303616 | eps/s=  4192 | success= 11.2% | miss= 63.5% | elapsed=2696.6s
  step=11403648 | eps/s=  4188 | success= 11.5% | miss= 63.4% | elapsed=2722.7s
  step=11503680 | eps/s=  4189 | success= 11.8% | miss= 63.0% | elapsed=2746.2s
  step=11603712 | eps/s=  4189 | success= 12.1% | miss= 62.2% | elapsed=2769.8s
  step=11703744 | eps/s=  4190 | success= 12.1% | miss= 62.1% | elapsed=2793.5s
  step=11803776 | eps/s=  4190 | success= 12.7% | miss= 62.1% | elapsed=2817.1s
  step=11903808 | eps/s=  4190 | success= 12.7% | miss= 61.8% | elapsed=2841.0s
  step=12003840 | eps/s=  4190 | success= 13.4% | miss= 60.8% | elapsed=2864.8s
  step=12103872 | eps/s=  4191 | success= 13.7% | miss= 59.9% | elapsed=2888.1s
  step=12203904 | eps/s=  4191 | success= 14.1% | miss= 60.0% | elapsed=2911.9s
  step=12303936 | eps/s=  4191 | success= 14.4% | miss= 59.6% | elapsed=2935.7s
  step=12403968 | eps/s=  4188 | success= 14.7% | miss= 59.5% | elapsed=2962.1s
  step=12504000 | eps/s=  4188 | success= 15.2% | miss= 58.7% | elapsed=2985.7s
  step=12604032 | eps/s=  4188 | success= 15.8% | miss= 57.6% | elapsed=3009.8s
  step=12704064 | eps/s=  4188 | success= 16.3% | miss= 57.3% | elapsed=3033.3s
  step=12804096 | eps/s=  4189 | success= 16.8% | miss= 56.8% | elapsed=3056.9s
  step=12904128 | eps/s=  4189 | success= 16.9% | miss= 56.5% | elapsed=3080.6s
  step=13004160 | eps/s=  4189 | success= 17.2% | miss= 55.6% | elapsed=3104.2s
  step=13104192 | eps/s=  4189 | success= 17.7% | miss= 54.9% | elapsed=3128.1s
  step=13204224 | eps/s=  4190 | success= 18.8% | miss= 54.1% | elapsed=3151.7s
  step=13304256 | eps/s=  4186 | success= 19.0% | miss= 53.8% | elapsed=3178.3s
  step=13404288 | eps/s=  4186 | success= 19.9% | miss= 53.1% | elapsed=3202.4s
  step=13504320 | eps/s=  4185 | success= 19.8% | miss= 53.5% | elapsed=3226.5s
  step=13604352 | eps/s=  4186 | success= 20.8% | miss= 52.3% | elapsed=3250.3s
  step=13704384 | eps/s=  4186 | success= 21.1% | miss= 51.2% | elapsed=3274.2s
  step=13804416 | eps/s=  4186 | success= 22.0% | miss= 50.9% | elapsed=3297.9s
  step=13904448 | eps/s=  4186 | success= 22.2% | miss= 50.4% | elapsed=3321.6s
  step=14004480 | eps/s=  4186 | success= 22.5% | miss= 50.4% | elapsed=3345.3s
  step=14104512 | eps/s=  4187 | success= 22.1% | miss= 50.0% | elapsed=3369.0s
  step=14204544 | eps/s=  4187 | success= 22.9% | miss= 49.6% | elapsed=3392.7s
  step=14304576 | eps/s=  4184 | success= 23.9% | miss= 48.3% | elapsed=3418.7s
  step=14404608 | eps/s=  4184 | success= 23.7% | miss= 49.1% | elapsed=3442.7s
  step=14504640 | eps/s=  4185 | success= 24.1% | miss= 47.6% | elapsed=3466.2s
  step=14604672 | eps/s=  4184 | success= 24.2% | miss= 47.9% | elapsed=3490.2s
  step=14704704 | eps/s=  4184 | success= 24.5% | miss= 47.2% | elapsed=3514.1s
  step=14804736 | eps/s=  4184 | success= 25.1% | miss= 46.4% | elapsed=3538.1s
  step=14904768 | eps/s=  4184 | success= 26.5% | miss= 45.7% | elapsed=3562.1s
  step=15004800 | eps/s=  4184 | success= 27.4% | miss= 45.1% | elapsed=3585.9s
  step=15104832 | eps/s=  4184 | success= 27.7% | miss= 44.6% | elapsed=3610.1s
  step=15204864 | eps/s=  4181 | success= 28.6% | miss= 44.1% | elapsed=3637.0s
  step=15304896 | eps/s=  4181 | success= 28.6% | miss= 43.6% | elapsed=3660.9s
  step=15404928 | eps/s=  4181 | success= 28.6% | miss= 43.5% | elapsed=3684.9s
  step=15504960 | eps/s=  4181 | success= 29.3% | miss= 43.4% | elapsed=3708.8s
  step=15604992 | eps/s=  4180 | success= 30.3% | miss= 42.2% | elapsed=3733.1s
  step=15705024 | eps/s=  4180 | success= 30.4% | miss= 41.8% | elapsed=3757.1s
  step=15805056 | eps/s=  4180 | success= 31.1% | miss= 40.9% | elapsed=3781.4s
  step=15905088 | eps/s=  4180 | success= 31.7% | miss= 40.2% | elapsed=3804.7s
  step=16005120 | eps/s=  4181 | success= 31.9% | miss= 40.1% | elapsed=3828.2s
  step=16105152 | eps/s=  4181 | success= 33.0% | miss= 39.8% | elapsed=3852.3s
  step=16205184 | eps/s=  4178 | success= 33.9% | miss= 39.0% | elapsed=3878.9s
  step=16305216 | eps/s=  4177 | success= 33.1% | miss= 39.2% | elapsed=3903.4s
  step=16405248 | eps/s=  4177 | success= 33.6% | miss= 38.7% | elapsed=3927.7s
  step=16505280 | eps/s=  4177 | success= 34.0% | miss= 38.8% | elapsed=3951.8s
  step=16605312 | eps/s=  4176 | success= 33.8% | miss= 38.3% | elapsed=3975.9s
  step=16705344 | eps/s=  4176 | success= 35.0% | miss= 37.3% | elapsed=3999.9s
  step=16805376 | eps/s=  4177 | success= 35.6% | miss= 37.0% | elapsed=4023.8s
  step=16905408 | eps/s=  4177 | success= 36.2% | miss= 36.7% | elapsed=4047.7s
  step=17005440 | eps/s=  4177 | success= 35.6% | miss= 36.8% | elapsed=4071.6s
  step=17105472 | eps/s=  4174 | success= 36.1% | miss= 36.5% | elapsed=4098.2s
  step=17205504 | eps/s=  4174 | success= 37.4% | miss= 35.9% | elapsed=4122.6s
  step=17305536 | eps/s=  4173 | success= 37.3% | miss= 35.7% | elapsed=4146.6s
  step=17405568 | eps/s=  4173 | success= 37.2% | miss= 35.9% | elapsed=4170.7s
  step=17505600 | eps/s=  4173 | success= 37.7% | miss= 35.1% | elapsed=4194.7s
  step=17605632 | eps/s=  4173 | success= 38.2% | miss= 34.8% | elapsed=4218.8s
  step=17705664 | eps/s=  4173 | success= 38.2% | miss= 34.6% | elapsed=4242.8s
  step=17805696 | eps/s=  4173 | success= 38.6% | miss= 34.4% | elapsed=4266.6s
  step=17905728 | eps/s=  4173 | success= 38.9% | miss= 34.0% | elapsed=4290.5s
  step=18005760 | eps/s=  4174 | success= 39.6% | miss= 33.6% | elapsed=4314.2s
  step=18105792 | eps/s=  4171 | success= 39.9% | miss= 33.3% | elapsed=4340.5s
  step=18205824 | eps/s=  4171 | success= 40.5% | miss= 32.8% | elapsed=4364.6s
  step=18305856 | eps/s=  4168 | success= 40.6% | miss= 32.7% | elapsed=4392.3s
  step=18405888 | eps/s=  4163 | success= 40.9% | miss= 32.5% | elapsed=4421.2s
  step=18505920 | eps/s=  4160 | success= 41.2% | miss= 32.1% | elapsed=4448.4s
  step=18605952 | eps/s=  4160 | success= 41.5% | miss= 32.0% | elapsed=4472.1s
  step=18705984 | eps/s=  4160 | success= 41.4% | miss= 32.3% | elapsed=4496.1s
  step=18806016 | eps/s=  4160 | success= 41.6% | miss= 31.7% | elapsed=4520.2s
  step=18906048 | eps/s=  4161 | success= 41.8% | miss= 31.6% | elapsed=4543.8s
  step=19006080 | eps/s=  4159 | success= 42.3% | miss= 31.7% | elapsed=4570.1s
  step=19106112 | eps/s=  4159 | success= 41.8% | miss= 31.6% | elapsed=4593.9s
  step=19206144 | eps/s=  4159 | success= 42.5% | miss= 31.1% | elapsed=4617.9s
  step=19306176 | eps/s=  4159 | success= 42.9% | miss= 30.8% | elapsed=4641.7s
  step=19406208 | eps/s=  4159 | success= 42.9% | miss= 30.7% | elapsed=4665.6s
  step=19506240 | eps/s=  4160 | success= 42.9% | miss= 30.5% | elapsed=4689.2s
  step=19606272 | eps/s=  4160 | success= 43.2% | miss= 30.5% | elapsed=4713.2s
  step=19706304 | eps/s=  4160 | success= 43.3% | miss= 30.4% | elapsed=4737.1s
  step=19806336 | eps/s=  4160 | success= 43.3% | miss= 30.4% | elapsed=4760.7s
  step=19906368 | eps/s=  4160 | success= 44.1% | miss= 29.9% | elapsed=4784.9s

  Training complete in 4811.4s
  Avg throughput: 4157 timesteps/sec
  Model saved to models/ppo_stage1

=== Evaluation (100 episodes) ===
  success: 92%
  paddle_miss: 4%
  return_missed_table: 4%
  avg reward: 1.853
[22:10:36] === Replay-Export Stage 1 (50 Replays, Difficulty 1) ===
Exported 47 replays to ../web/replays_stage1.json (1660 KB)
  Outcomes: {'success': 132, 'return_missed_table': 6, 'paddle_miss': 12}
[22:10:41] Stage 1 abgeschlossen.
[22:10:41] 
[22:10:41] === Stage 2: Leichter Spin | 25M Steps | lr=1e-5 | ent=0.02 (Fine-Tune von Stage 1) ===
=== spinoza RL Training ===
  n_envs=64, difficulty=2
  total_timesteps=25000000
  policy=MLP [512, 512]

  lr=1e-05
  Loading pretrained model: models/ppo_stage1
  model params: 622,607

  step=  100032 | eps/s=  8019 | success= 28.1% | miss= 50.3% | elapsed= 12.5s
  step=  200064 | eps/s=  8011 | success= 30.5% | miss= 47.8% | elapsed= 25.0s
  step=  300096 | eps/s=  7999 | success= 30.9% | miss= 46.9% | elapsed= 37.5s
  step=  400128 | eps/s=  7960 | success= 30.8% | miss= 46.5% | elapsed= 50.3s
  step=  500160 | eps/s=  7902 | success= 29.0% | miss= 49.1% | elapsed= 63.3s
  step=  600192 | eps/s=  7894 | success= 29.2% | miss= 49.9% | elapsed= 76.0s
  step=  700224 | eps/s=  7863 | success= 29.2% | miss= 50.2% | elapsed= 89.1s
  step=  800256 | eps/s=  7870 | success= 31.8% | miss= 46.5% | elapsed=101.7s
  step=  900288 | eps/s=  7879 | success= 28.2% | miss= 50.0% | elapsed=114.3s
  step= 1000320 | eps/s=  7873 | success= 28.5% | miss= 51.8% | elapsed=127.1s
  step= 1100352 | eps/s=  7866 | success= 30.0% | miss= 49.1% | elapsed=139.9s
  step= 1200384 | eps/s=  7856 | success= 30.3% | miss= 49.1% | elapsed=152.8s
  step= 1300416 | eps/s=  7866 | success= 26.9% | miss= 47.0% | elapsed=165.3s
  step= 1400448 | eps/s=  7869 | success= 29.0% | miss= 52.1% | elapsed=178.0s
  step= 1500480 | eps/s=  7876 | success= 30.3% | miss= 47.9% | elapsed=190.5s
  step= 1600512 | eps/s=  7868 | success= 28.2% | miss= 48.5% | elapsed=203.4s
  step= 1700544 | eps/s=  7854 | success= 32.0% | miss= 46.8% | elapsed=216.5s
  step= 1800576 | eps/s=  7847 | success= 31.9% | miss= 47.1% | elapsed=229.5s
  step= 1900608 | eps/s=  7831 | success= 31.1% | miss= 47.4% | elapsed=242.7s
  step= 2000640 | eps/s=  7825 | success= 31.4% | miss= 47.5% | elapsed=255.7s
  step= 2100672 | eps/s=  7822 | success= 31.8% | miss= 46.1% | elapsed=268.6s
  step= 2200704 | eps/s=  7787 | success= 33.7% | miss= 44.7% | elapsed=282.6s
  step= 2300736 | eps/s=  7791 | success= 28.4% | miss= 50.1% | elapsed=295.3s
  step= 2400768 | eps/s=  7783 | success= 33.5% | miss= 45.3% | elapsed=308.4s
  step= 2500800 | eps/s=  7781 | success= 33.1% | miss= 44.9% | elapsed=321.4s
  step= 2600832 | eps/s=  7766 | success= 32.7% | miss= 45.1% | elapsed=334.9s
  step= 2700864 | eps/s=  7768 | success= 28.3% | miss= 45.0% | elapsed=347.7s
  step= 2800896 | eps/s=  7761 | success= 29.3% | miss= 46.2% | elapsed=360.9s
  step= 2900928 | eps/s=  7765 | success= 29.3% | miss= 50.8% | elapsed=373.6s
  step= 3000960 | eps/s=  7765 | success= 31.0% | miss= 47.0% | elapsed=386.5s
  step= 3100992 | eps/s=  7770 | success= 31.0% | miss= 49.8% | elapsed=399.1s
  step= 3201024 | eps/s=  7749 | success= 33.7% | miss= 43.8% | elapsed=413.1s
  step= 3301056 | eps/s=  7747 | success= 31.7% | miss= 45.9% | elapsed=426.1s
  step= 3401088 | eps/s=  7750 | success= 31.4% | miss= 48.5% | elapsed=438.9s
  step= 3501120 | eps/s=  7749 | success= 30.0% | miss= 48.5% | elapsed=451.8s
  step= 3601152 | eps/s=  7753 | success= 32.4% | miss= 47.0% | elapsed=464.5s
  step= 3701184 | eps/s=  7752 | success= 28.5% | miss= 52.1% | elapsed=477.5s
  step= 3801216 | eps/s=  7756 | success= 23.7% | miss= 54.5% | elapsed=490.1s
  step= 3901248 | eps/s=  7757 | success= 29.1% | miss= 48.5% | elapsed=502.9s
  step= 4001280 | eps/s=  7757 | success= 32.1% | miss= 45.9% | elapsed=515.8s
  step= 4101312 | eps/s=  7743 | success= 34.2% | miss= 45.0% | elapsed=529.7s
  step= 4201344 | eps/s=  7738 | success= 32.4% | miss= 43.8% | elapsed=543.0s
  step= 4301376 | eps/s=  7736 | success= 34.3% | miss= 45.2% | elapsed=556.0s
  step= 4401408 | eps/s=  7722 | success= 34.3% | miss= 43.7% | elapsed=570.0s
  step= 4501440 | eps/s=  7706 | success= 34.8% | miss= 42.7% | elapsed=584.1s
  step= 4601472 | eps/s=  7698 | success= 31.7% | miss= 43.3% | elapsed=597.7s
  step= 4701504 | eps/s=  7698 | success= 33.5% | miss= 44.4% | elapsed=610.7s
  step= 4801536 | eps/s=  7696 | success= 29.4% | miss= 53.0% | elapsed=623.9s
  step= 4901568 | eps/s=  7694 | success= 35.5% | miss= 43.5% | elapsed=637.1s
  step= 5001600 | eps/s=  7683 | success= 35.0% | miss= 42.1% | elapsed=651.0s
  step= 5101632 | eps/s=  7679 | success= 34.5% | miss= 43.3% | elapsed=664.4s
  step= 5201664 | eps/s=  7678 | success= 34.0% | miss= 44.8% | elapsed=677.4s
  step= 5301696 | eps/s=  7669 | success= 34.0% | miss= 44.0% | elapsed=691.3s
  step= 5401728 | eps/s=  7668 | success= 33.8% | miss= 45.0% | elapsed=704.5s
  step= 5501760 | eps/s=  7665 | success= 30.1% | miss= 46.4% | elapsed=717.8s
  step= 5601792 | eps/s=  7668 | success= 32.3% | miss= 47.0% | elapsed=730.5s
  step= 5701824 | eps/s=  7659 | success= 34.7% | miss= 44.7% | elapsed=744.5s
  step= 5801856 | eps/s=  7640 | success= 36.3% | miss= 42.5% | elapsed=759.4s
  step= 5901888 | eps/s=  7637 | success= 34.6% | miss= 43.5% | elapsed=772.8s
  step= 6001920 | eps/s=  7637 | success= 33.5% | miss= 45.0% | elapsed=785.9s
  step= 6101952 | eps/s=  7637 | success= 34.9% | miss= 42.3% | elapsed=799.0s
  step= 6201984 | eps/s=  7629 | success= 32.5% | miss= 42.0% | elapsed=813.0s
  step= 6302016 | eps/s=  7633 | success= 35.7% | miss= 41.8% | elapsed=825.6s
  step= 6402048 | eps/s=  7627 | success= 34.8% | miss= 42.3% | elapsed=839.4s
  step= 6502080 | eps/s=  7618 | success= 35.6% | miss= 41.9% | elapsed=853.5s
  step= 6602112 | eps/s=  7611 | success= 35.5% | miss= 43.5% | elapsed=867.4s
  step= 6702144 | eps/s=  7604 | success= 35.4% | miss= 42.6% | elapsed=881.5s
  step= 6802176 | eps/s=  7595 | success= 35.7% | miss= 41.5% | elapsed=895.6s
  step= 6902208 | eps/s=  7594 | success= 33.7% | miss= 45.6% | elapsed=908.9s
  step= 7002240 | eps/s=  7595 | success= 34.0% | miss= 43.1% | elapsed=922.0s
  step= 7102272 | eps/s=  7597 | success= 35.1% | miss= 43.4% | elapsed=934.9s
  step= 7202304 | eps/s=  7590 | success= 37.0% | miss= 41.9% | elapsed=948.9s
  step= 7302336 | eps/s=  7581 | success= 37.0% | miss= 41.2% | elapsed=963.3s
  step= 7402368 | eps/s=  7565 | success= 37.0% | miss= 41.4% | elapsed=978.5s
  step= 7502400 | eps/s=  7554 | success= 37.4% | miss= 41.6% | elapsed=993.2s
  step= 7602432 | eps/s=  7551 | success= 36.6% | miss= 43.0% | elapsed=1006.8s
  step= 7702464 | eps/s=  7543 | success= 33.8% | miss= 43.2% | elapsed=1021.1s
  step= 7802496 | eps/s=  7542 | success= 35.4% | miss= 43.9% | elapsed=1034.5s
  step= 7902528 | eps/s=  7540 | success= 35.8% | miss= 42.4% | elapsed=1048.1s
  step= 8002560 | eps/s=  7537 | success= 36.9% | miss= 41.2% | elapsed=1061.7s
  step= 8102592 | eps/s=  7529 | success= 36.7% | miss= 41.5% | elapsed=1076.2s
  step= 8202624 | eps/s=  7529 | success= 32.6% | miss= 48.3% | elapsed=1089.5s
  step= 8302656 | eps/s=  7532 | success= 27.5% | miss= 48.7% | elapsed=1102.3s
  step= 8402688 | eps/s=  7531 | success= 35.0% | miss= 42.9% | elapsed=1115.8s
  step= 8502720 | eps/s=  7529 | success= 35.8% | miss= 41.6% | elapsed=1129.3s
  step= 8602752 | eps/s=  7524 | success= 37.2% | miss= 41.3% | elapsed=1143.4s
  step= 8702784 | eps/s=  7521 | success= 36.8% | miss= 40.9% | elapsed=1157.2s
  step= 8802816 | eps/s=  7524 | success= 37.0% | miss= 41.4% | elapsed=1170.0s
  step= 8902848 | eps/s=  7504 | success= 38.4% | miss= 40.0% | elapsed=1186.4s
  step= 9002880 | eps/s=  7504 | success= 35.8% | miss= 44.9% | elapsed=1199.7s
  step= 9102912 | eps/s=  7508 | success= 34.1% | miss= 47.6% | elapsed=1212.4s
  step= 9202944 | eps/s=  7511 | success= 32.4% | miss= 48.1% | elapsed=1225.3s
  step= 9302976 | eps/s=  7511 | success= 32.1% | miss= 41.8% | elapsed=1238.6s
  step= 9403008 | eps/s=  7506 | success= 39.1% | miss= 40.3% | elapsed=1252.7s
  step= 9503040 | eps/s=  7509 | success= 34.3% | miss= 40.5% | elapsed=1265.6s
  step= 9603072 | eps/s=  7509 | success= 37.6% | miss= 40.6% | elapsed=1278.8s
  step= 9703104 | eps/s=  7506 | success= 37.0% | miss= 40.7% | elapsed=1292.7s
  step= 9803136 | eps/s=  7506 | success= 36.0% | miss= 40.4% | elapsed=1306.1s
  step= 9903168 | eps/s=  7508 | success= 36.2% | miss= 40.3% | elapsed=1319.1s
  step=10003200 | eps/s=  7509 | success= 36.6% | miss= 40.8% | elapsed=1332.2s
  step=10103232 | eps/s=  7511 | success= 36.9% | miss= 43.5% | elapsed=1345.1s
  step=10203264 | eps/s=  7501 | success= 38.3% | miss= 40.8% | elapsed=1360.3s
  step=10303296 | eps/s=  7495 | success= 37.5% | miss= 41.0% | elapsed=1374.7s
  step=10403328 | eps/s=  7491 | success= 37.4% | miss= 40.7% | elapsed=1388.7s
  step=10503360 | eps/s=  7488 | success= 37.8% | miss= 41.1% | elapsed=1402.8s
  step=10603392 | eps/s=  7485 | success= 37.4% | miss= 42.0% | elapsed=1416.7s
  step=10703424 | eps/s=  7473 | success= 38.0% | miss= 42.2% | elapsed=1432.2s
  step=10803456 | eps/s=  7469 | success= 40.2% | miss= 40.0% | elapsed=1446.4s
  step=10903488 | eps/s=  7459 | success= 40.1% | miss= 39.8% | elapsed=1461.8s
  step=11003520 | eps/s=  7460 | success= 37.9% | miss= 39.7% | elapsed=1475.0s
  step=11103552 | eps/s=  7455 | success= 39.6% | miss= 40.3% | elapsed=1489.4s
  step=11203584 | eps/s=  7448 | success= 39.1% | miss= 40.1% | elapsed=1504.2s
  step=11303616 | eps/s=  7441 | success= 36.6% | miss= 42.3% | elapsed=1519.0s
  step=11403648 | eps/s=  7442 | success= 38.5% | miss= 41.3% | elapsed=1532.4s
  step=11503680 | eps/s=  7442 | success= 37.8% | miss= 41.5% | elapsed=1545.8s
  step=11603712 | eps/s=  7430 | success= 38.4% | miss= 41.0% | elapsed=1561.7s
  step=11703744 | eps/s=  7420 | success= 39.6% | miss= 40.6% | elapsed=1577.3s
  step=11803776 | eps/s=  7414 | success= 40.0% | miss= 39.8% | elapsed=1592.1s
  step=11903808 | eps/s=  7410 | success= 38.5% | miss= 42.1% | elapsed=1606.5s
  step=12003840 | eps/s=  7412 | success= 36.1% | miss= 44.6% | elapsed=1619.6s
  step=12103872 | eps/s=  7413 | success= 37.8% | miss= 41.2% | elapsed=1632.7s
  step=12203904 | eps/s=  7416 | success= 36.4% | miss= 43.9% | elapsed=1645.7s
  step=12303936 | eps/s=  7417 | success= 35.7% | miss= 43.9% | elapsed=1658.8s
  step=12403968 | eps/s=  7418 | success= 37.4% | miss= 41.8% | elapsed=1672.2s
  step=12504000 | eps/s=  7420 | success= 37.2% | miss= 42.6% | elapsed=1685.2s
  step=12604032 | eps/s=  7420 | success= 37.7% | miss= 41.7% | elapsed=1698.6s
  step=12704064 | eps/s=  7414 | success= 37.9% | miss= 40.2% | elapsed=1713.6s
  step=12804096 | eps/s=  7411 | success= 40.5% | miss= 38.5% | elapsed=1727.8s
  step=12904128 | eps/s=  7404 | success= 40.2% | miss= 38.4% | elapsed=1742.9s
  step=13004160 | eps/s=  7398 | success= 38.7% | miss= 40.2% | elapsed=1757.9s
  step=13104192 | eps/s=  7387 | success= 39.5% | miss= 38.5% | elapsed=1774.0s
  step=13204224 | eps/s=  7381 | success= 38.5% | miss= 39.8% | elapsed=1789.0s
  step=13304256 | eps/s=  7368 | success= 39.6% | miss= 39.5% | elapsed=1805.7s
  step=13404288 | eps/s=  7360 | success= 39.3% | miss= 39.3% | elapsed=1821.3s
  step=13504320 | eps/s=  7356 | success= 39.6% | miss= 38.6% | elapsed=1835.7s
  step=13604352 | eps/s=  7356 | success= 39.0% | miss= 39.9% | elapsed=1849.3s
  step=13704384 | eps/s=  7340 | success= 40.1% | miss= 38.8% | elapsed=1867.0s
  step=13804416 | eps/s=  7329 | success= 40.5% | miss= 38.7% | elapsed=1883.5s
  step=13904448 | eps/s=  7327 | success= 38.5% | miss= 41.7% | elapsed=1897.7s
  step=14004480 | eps/s=  7329 | success= 40.6% | miss= 38.8% | elapsed=1910.8s
  step=14104512 | eps/s=  7322 | success= 39.2% | miss= 38.1% | elapsed=1926.3s
  step=14204544 | eps/s=  7319 | success= 39.4% | miss= 40.2% | elapsed=1940.7s
  step=14304576 | eps/s=  7320 | success= 38.5% | miss= 41.2% | elapsed=1954.1s
  step=14404608 | eps/s=  7322 | success= 39.5% | miss= 39.1% | elapsed=1967.4s
  step=14504640 | eps/s=  7311 | success= 40.4% | miss= 37.7% | elapsed=1984.0s
  step=14604672 | eps/s=  7301 | success= 40.8% | miss= 37.9% | elapsed=2000.3s
  step=14704704 | eps/s=  7299 | success= 41.0% | miss= 37.9% | elapsed=2014.6s
  step=14804736 | eps/s=  7292 | success= 40.1% | miss= 37.8% | elapsed=2030.4s
  step=14904768 | eps/s=  7287 | success= 40.4% | miss= 38.6% | elapsed=2045.5s
  step=15004800 | eps/s=  7285 | success= 38.7% | miss= 40.6% | elapsed=2059.7s
  step=15104832 | eps/s=  7277 | success= 41.0% | miss= 37.8% | elapsed=2075.7s
  step=15204864 | eps/s=  7272 | success= 40.0% | miss= 38.9% | elapsed=2090.9s
  step=15304896 | eps/s=  7272 | success= 42.1% | miss= 37.7% | elapsed=2104.5s
  step=15404928 | eps/s=  7274 | success= 41.9% | miss= 37.8% | elapsed=2117.7s
  step=15504960 | eps/s=  7278 | success= 40.1% | miss= 38.7% | elapsed=2130.4s
  step=15604992 | eps/s=  7272 | success= 40.6% | miss= 37.9% | elapsed=2145.8s
  step=15705024 | eps/s=  7268 | success= 41.5% | miss= 37.5% | elapsed=2160.8s
  step=15805056 | eps/s=  7267 | success= 41.4% | miss= 37.6% | elapsed=2175.0s
  step=15905088 | eps/s=  7260 | success= 41.9% | miss= 37.0% | elapsed=2190.8s
  step=16005120 | eps/s=  7252 | success= 41.9% | miss= 36.7% | elapsed=2207.0s
  step=16105152 | eps/s=  7244 | success= 42.8% | miss= 36.9% | elapsed=2223.2s
  step=16205184 | eps/s=  7238 | success= 42.3% | miss= 36.6% | elapsed=2238.9s
  step=16305216 | eps/s=  7229 | success= 42.5% | miss= 36.5% | elapsed=2255.7s
  step=16405248 | eps/s=  7218 | success= 42.9% | miss= 36.6% | elapsed=2272.8s
  step=16505280 | eps/s=  7202 | success= 43.1% | miss= 36.2% | elapsed=2291.8s
  step=16605312 | eps/s=  7195 | success= 43.4% | miss= 36.6% | elapsed=2307.8s
  step=16705344 | eps/s=  7188 | success= 42.9% | miss= 36.4% | elapsed=2324.2s
  step=16805376 | eps/s=  7179 | success= 44.0% | miss= 36.1% | elapsed=2341.0s
  step=16905408 | eps/s=  7171 | success= 43.6% | miss= 35.8% | elapsed=2357.5s
  step=17005440 | eps/s=  7163 | success= 43.5% | miss= 35.9% | elapsed=2373.9s
  step=17105472 | eps/s=  7143 | success= 43.6% | miss= 35.2% | elapsed=2394.7s
  step=17205504 | eps/s=  7130 | success= 44.6% | miss= 35.2% | elapsed=2413.1s
  step=17305536 | eps/s=  7123 | success= 44.0% | miss= 35.9% | elapsed=2429.7s
  step=17405568 | eps/s=  7109 | success= 43.7% | miss= 35.4% | elapsed=2448.2s
  step=17505600 | eps/s=  7098 | success= 44.7% | miss= 34.9% | elapsed=2466.3s
  step=17605632 | eps/s=  7084 | success= 45.2% | miss= 34.8% | elapsed=2485.2s
  step=17705664 | eps/s=  7076 | success= 43.5% | miss= 36.2% | elapsed=2502.4s
  step=17805696 | eps/s=  7065 | success= 44.8% | miss= 34.8% | elapsed=2520.2s
  step=17905728 | eps/s=  7054 | success= 45.2% | miss= 34.6% | elapsed=2538.4s
  step=18005760 | eps/s=  7045 | success= 45.2% | miss= 34.9% | elapsed=2555.8s
  step=18105792 | eps/s=  7032 | success= 44.9% | miss= 34.9% | elapsed=2574.6s
  step=18205824 | eps/s=  7026 | success= 45.1% | miss= 34.9% | elapsed=2591.2s
  step=18305856 | eps/s=  7021 | success= 45.8% | miss= 34.5% | elapsed=2607.2s
  step=18405888 | eps/s=  7017 | success= 46.8% | miss= 34.2% | elapsed=2623.0s
  step=18505920 | eps/s=  7005 | success= 47.1% | miss= 34.3% | elapsed=2641.8s
  step=18605952 | eps/s=  6995 | success= 44.9% | miss= 34.8% | elapsed=2659.9s
  step=18705984 | eps/s=  6991 | success= 44.5% | miss= 34.3% | elapsed=2675.7s
  step=18806016 | eps/s=  6982 | success= 46.2% | miss= 33.8% | elapsed=2693.5s
  step=18906048 | eps/s=  6979 | success= 46.5% | miss= 33.9% | elapsed=2709.2s
  step=19006080 | eps/s=  6966 | success= 46.7% | miss= 34.3% | elapsed=2728.5s
  step=19106112 | eps/s=  6960 | success= 47.5% | miss= 33.4% | elapsed=2745.3s
  step=19206144 | eps/s=  6954 | success= 46.8% | miss= 34.2% | elapsed=2762.1s
  step=19306176 | eps/s=  6943 | success= 47.6% | miss= 33.6% | elapsed=2780.5s
  step=19406208 | eps/s=  6937 | success= 47.4% | miss= 33.8% | elapsed=2797.4s
  step=19506240 | eps/s=  6934 | success= 47.6% | miss= 33.8% | elapsed=2813.1s
  step=19606272 | eps/s=  6926 | success= 47.9% | miss= 33.8% | elapsed=2830.7s
  step=19706304 | eps/s=  6915 | success= 48.4% | miss= 33.1% | elapsed=2849.6s
  step=19806336 | eps/s=  6908 | success= 48.7% | miss= 33.3% | elapsed=2867.0s
  step=19906368 | eps/s=  6897 | success= 49.4% | miss= 32.6% | elapsed=2886.4s
  step=20006400 | eps/s=  6885 | success= 48.9% | miss= 32.9% | elapsed=2905.8s
  step=20106432 | eps/s=  6876 | success= 48.7% | miss= 32.9% | elapsed=2924.1s
  step=20206464 | eps/s=  6868 | success= 49.3% | miss= 32.5% | elapsed=2942.2s
  step=20306496 | eps/s=  6858 | success= 49.0% | miss= 32.4% | elapsed=2961.1s
  step=20406528 | eps/s=  6846 | success= 48.6% | miss= 32.1% | elapsed=2980.7s
  step=20506560 | eps/s=  6838 | success= 49.3% | miss= 32.4% | elapsed=2998.8s
  step=20606592 | eps/s=  6833 | success= 48.0% | miss= 32.5% | elapsed=3015.6s
  step=20706624 | eps/s=  6823 | success= 50.0% | miss= 31.7% | elapsed=3034.8s
  step=20806656 | eps/s=  6819 | success= 49.3% | miss= 32.3% | elapsed=3051.1s
  step=20906688 | eps/s=  6806 | success= 49.8% | miss= 31.9% | elapsed=3071.6s
  step=21006720 | eps/s=  6797 | success= 50.7% | miss= 31.3% | elapsed=3090.7s
  step=21106752 | eps/s=  6790 | success= 50.4% | miss= 31.5% | elapsed=3108.6s
  step=21206784 | eps/s=  6782 | success= 51.0% | miss= 31.0% | elapsed=3127.0s
  step=21306816 | eps/s=  6773 | success= 50.6% | miss= 30.9% | elapsed=3146.0s
  step=21406848 | eps/s=  6763 | success= 50.6% | miss= 31.2% | elapsed=3165.5s
  step=21506880 | eps/s=  6753 | success= 50.5% | miss= 31.5% | elapsed=3184.8s
  step=21606912 | eps/s=  6744 | success= 51.4% | miss= 31.0% | elapsed=3204.0s
  step=21706944 | eps/s=  6734 | success= 51.5% | miss= 31.0% | elapsed=3223.4s
  step=21806976 | eps/s=  6725 | success= 51.0% | miss= 30.9% | elapsed=3242.8s
  step=21907008 | eps/s=  6713 | success= 51.8% | miss= 30.9% | elapsed=3263.2s
  step=22007040 | eps/s=  6704 | success= 52.2% | miss= 30.5% | elapsed=3282.6s
  step=22107072 | eps/s=  6696 | success= 52.3% | miss= 30.6% | elapsed=3301.5s
  step=22207104 | eps/s=  6687 | success= 52.0% | miss= 30.5% | elapsed=3320.9s
  step=22307136 | eps/s=  6679 | success= 52.4% | miss= 30.8% | elapsed=3340.1s
  step=22407168 | eps/s=  6670 | success= 52.5% | miss= 30.4% | elapsed=3359.5s
  step=22507200 | eps/s=  6661 | success= 52.4% | miss= 30.2% | elapsed=3379.1s
  step=22607232 | eps/s=  6654 | success= 52.0% | miss= 30.2% | elapsed=3397.4s
  step=22707264 | eps/s=  6646 | success= 52.7% | miss= 29.9% | elapsed=3416.8s
  step=22807296 | eps/s=  6635 | success= 52.5% | miss= 30.1% | elapsed=3437.6s
  step=22907328 | eps/s=  6629 | success= 52.9% | miss= 29.7% | elapsed=3455.6s
  step=23007360 | eps/s=  6621 | success= 53.0% | miss= 29.7% | elapsed=3475.1s
  step=23107392 | eps/s=  6612 | success= 52.9% | miss= 30.0% | elapsed=3494.6s
  step=23207424 | eps/s=  6605 | success= 53.5% | miss= 29.7% | elapsed=3513.9s
  step=23307456 | eps/s=  6597 | success= 53.5% | miss= 29.7% | elapsed=3533.3s
  step=23407488 | eps/s=  6589 | success= 53.4% | miss= 29.9% | elapsed=3552.3s
  step=23507520 | eps/s=  6582 | success= 54.0% | miss= 29.6% | elapsed=3571.6s
  step=23607552 | eps/s=  6574 | success= 54.1% | miss= 29.6% | elapsed=3591.0s
  step=23707584 | eps/s=  6567 | success= 54.1% | miss= 29.6% | elapsed=3610.2s
  step=23807616 | eps/s=  6557 | success= 53.9% | miss= 29.6% | elapsed=3630.9s
  step=23907648 | eps/s=  6550 | success= 54.0% | miss= 29.2% | elapsed=3650.1s
  step=24007680 | eps/s=  6542 | success= 53.6% | miss= 29.4% | elapsed=3669.5s
  step=24107712 | eps/s=  6535 | success= 54.2% | miss= 29.1% | elapsed=3688.8s
  step=24207744 | eps/s=  6528 | success= 54.3% | miss= 29.0% | elapsed=3708.1s
  step=24307776 | eps/s=  6521 | success= 54.1% | miss= 29.2% | elapsed=3727.7s
  step=24407808 | eps/s=  6514 | success= 53.6% | miss= 29.4% | elapsed=3746.9s
  step=24507840 | eps/s=  6507 | success= 54.3% | miss= 29.0% | elapsed=3766.1s
  step=24607872 | eps/s=  6501 | success= 54.3% | miss= 29.1% | elapsed=3785.4s
  step=24707904 | eps/s=  6492 | success= 54.2% | miss= 29.2% | elapsed=3806.2s
  step=24807936 | eps/s=  6485 | success= 54.4% | miss= 28.9% | elapsed=3825.6s
  step=24907968 | eps/s=  6478 | success= 54.5% | miss= 29.0% | elapsed=3844.9s

  Training complete in 3863.6s
  Avg throughput: 6471 timesteps/sec
  Model saved to models/ppo_stage2

=== Evaluation (100 episodes) ===
  success: 89%
  paddle_miss: 9%
  return_missed_table: 2%
  avg reward: 1.725
[23:15:13] === Replay-Export Stage 2 (50 Replays, Difficulty 2) ===
Exported 49 replays to ../web/replays_stage2.json (1795 KB)
  Outcomes: {'success': 121, 'paddle_miss': 25, 'return_missed_table': 4}
[23:15:18] Stage 2 abgeschlossen.
[23:15:18] 
[23:15:18] === Stage 3: Voller Spin | 40M Steps | lr=5e-6 | ent=0.02 (Fine-Tune von Stage 2) ===
=== spinoza RL Training ===
  n_envs=64, difficulty=3
  total_timesteps=40000000
  policy=MLP [512, 512]

  lr=5e-06
  Loading pretrained model: models/ppo_stage2
  model params: 622,607

  step=  100032 | eps/s=  4815 | success= 34.1% | miss= 52.8% | elapsed= 20.8s
  step=  200064 | eps/s=  4707 | success= 36.4% | miss= 50.2% | elapsed= 42.5s
  step=  300096 | eps/s=  4666 | success= 37.1% | miss= 48.9% | elapsed= 64.3s
  step=  400128 | eps/s=  4661 | success= 37.8% | miss= 47.6% | elapsed= 85.8s
  step=  500160 | eps/s=  4645 | success= 38.8% | miss= 46.9% | elapsed=107.7s
  step=  600192 | eps/s=  4637 | success= 39.3% | miss= 46.5% | elapsed=129.4s
  step=  700224 | eps/s=  4628 | success= 39.3% | miss= 46.4% | elapsed=151.3s
  step=  800256 | eps/s=  4625 | success= 39.6% | miss= 46.3% | elapsed=173.0s
  step=  900288 | eps/s=  4619 | success= 39.8% | miss= 46.2% | elapsed=194.9s
  step= 1000320 | eps/s=  4585 | success= 40.1% | miss= 45.8% | elapsed=218.2s
  step= 1100352 | eps/s=  4584 | success= 40.2% | miss= 45.8% | elapsed=240.0s
  step= 1200384 | eps/s=  4580 | success= 40.5% | miss= 45.3% | elapsed=262.1s
  step= 1300416 | eps/s=  4577 | success= 40.2% | miss= 45.8% | elapsed=284.1s
  step= 1400448 | eps/s=  4576 | success= 40.7% | miss= 45.3% | elapsed=306.0s
  step= 1500480 | eps/s=  4575 | success= 40.9% | miss= 45.4% | elapsed=328.0s
  step= 1600512 | eps/s=  4572 | success= 41.1% | miss= 45.2% | elapsed=350.0s
  step= 1700544 | eps/s=  4571 | success= 40.8% | miss= 45.2% | elapsed=372.0s
  step= 1800576 | eps/s=  4570 | success= 41.1% | miss= 45.1% | elapsed=394.0s
  step= 1900608 | eps/s=  4555 | success= 40.9% | miss= 45.0% | elapsed=417.3s
  step= 2000640 | eps/s=  4556 | success= 41.0% | miss= 45.0% | elapsed=439.2s
  step= 2100672 | eps/s=  4555 | success= 41.4% | miss= 44.8% | elapsed=461.2s
  step= 2200704 | eps/s=  4554 | success= 41.1% | miss= 45.0% | elapsed=483.3s
  step= 2300736 | eps/s=  4555 | success= 41.7% | miss= 44.5% | elapsed=505.1s
  step= 2400768 | eps/s=  4556 | success= 41.5% | miss= 44.6% | elapsed=527.0s
  step= 2500800 | eps/s=  4556 | success= 41.4% | miss= 44.8% | elapsed=548.9s
  step= 2600832 | eps/s=  4555 | success= 41.9% | miss= 44.4% | elapsed=571.0s
  step= 2700864 | eps/s=  4553 | success= 41.9% | miss= 44.6% | elapsed=593.2s
  step= 2800896 | eps/s=  4551 | success= 41.7% | miss= 44.5% | elapsed=615.4s
  step= 2900928 | eps/s=  4541 | success= 41.8% | miss= 44.5% | elapsed=638.8s
  step= 3000960 | eps/s=  4541 | success= 41.8% | miss= 44.6% | elapsed=660.9s
  step= 3100992 | eps/s=  4541 | success= 41.9% | miss= 44.6% | elapsed=682.8s
  step= 3201024 | eps/s=  4542 | success= 42.1% | miss= 44.7% | elapsed=704.7s
  step= 3301056 | eps/s=  4542 | success= 41.9% | miss= 44.2% | elapsed=726.8s
  step= 3401088 | eps/s=  4542 | success= 42.3% | miss= 44.2% | elapsed=748.7s
  step= 3501120 | eps/s=  4542 | success= 41.9% | miss= 44.3% | elapsed=770.9s
  step= 3601152 | eps/s=  4541 | success= 42.1% | miss= 44.4% | elapsed=793.0s
  step= 3701184 | eps/s=  4540 | success= 42.3% | miss= 44.0% | elapsed=815.2s
  step= 3801216 | eps/s=  4533 | success= 42.1% | miss= 44.3% | elapsed=838.6s
  step= 3901248 | eps/s=  4532 | success= 42.1% | miss= 44.2% | elapsed=860.8s
  step= 4001280 | eps/s=  4532 | success= 42.3% | miss= 44.3% | elapsed=882.9s
  step= 4101312 | eps/s=  4532 | success= 42.2% | miss= 44.0% | elapsed=904.9s
  step= 4201344 | eps/s=  4532 | success= 42.8% | miss= 43.6% | elapsed=927.1s
  step= 4301376 | eps/s=  4532 | success= 42.6% | miss= 43.9% | elapsed=949.2s
  step= 4401408 | eps/s=  4531 | success= 42.6% | miss= 44.0% | elapsed=971.4s
  step= 4501440 | eps/s=  4531 | success= 43.1% | miss= 43.6% | elapsed=993.5s
  step= 4601472 | eps/s=  4530 | success= 43.0% | miss= 43.8% | elapsed=1015.7s
  step= 4701504 | eps/s=  4530 | success= 42.6% | miss= 43.9% | elapsed=1037.9s
  step= 4801536 | eps/s=  4524 | success= 42.8% | miss= 44.0% | elapsed=1061.4s
  step= 4901568 | eps/s=  4525 | success= 43.0% | miss= 43.7% | elapsed=1083.3s
  step= 5001600 | eps/s=  4524 | success= 43.1% | miss= 43.8% | elapsed=1105.6s
  step= 5101632 | eps/s=  4524 | success= 42.9% | miss= 43.8% | elapsed=1127.8s
  step= 5201664 | eps/s=  4524 | success= 43.1% | miss= 43.6% | elapsed=1149.9s
  step= 5301696 | eps/s=  4524 | success= 43.4% | miss= 43.5% | elapsed=1172.0s
  step= 5401728 | eps/s=  4524 | success= 43.4% | miss= 43.5% | elapsed=1194.1s
  step= 5501760 | eps/s=  4523 | success= 43.1% | miss= 43.6% | elapsed=1216.3s
  step= 5601792 | eps/s=  4526 | success= 42.9% | miss= 43.8% | elapsed=1237.7s
  step= 5701824 | eps/s=  4521 | success= 43.3% | miss= 43.6% | elapsed=1261.2s
  step= 5801856 | eps/s=  4521 | success= 43.3% | miss= 43.5% | elapsed=1283.3s
  step= 5901888 | eps/s=  4522 | success= 43.5% | miss= 43.4% | elapsed=1305.2s
  step= 6001920 | eps/s=  4521 | success= 43.3% | miss= 43.5% | elapsed=1327.4s
  step= 6101952 | eps/s=  4522 | success= 43.2% | miss= 43.3% | elapsed=1349.5s
  step= 6201984 | eps/s=  4521 | success= 43.8% | miss= 43.1% | elapsed=1371.7s
  step= 6302016 | eps/s=  4523 | success= 43.4% | miss= 43.4% | elapsed=1393.3s
  step= 6402048 | eps/s=  4523 | success= 43.2% | miss= 43.6% | elapsed=1415.3s
  step= 6502080 | eps/s=  4523 | success= 43.3% | miss= 43.5% | elapsed=1437.4s
  step= 6602112 | eps/s=  4523 | success= 43.7% | miss= 43.3% | elapsed=1459.5s
  step= 6702144 | eps/s=  4520 | success= 43.7% | miss= 43.1% | elapsed=1482.8s
  step= 6802176 | eps/s=  4520 | success= 43.6% | miss= 43.2% | elapsed=1504.8s
  step= 6902208 | eps/s=  4520 | success= 43.3% | miss= 43.4% | elapsed=1526.9s
  step= 7002240 | eps/s=  4520 | success= 43.7% | miss= 43.3% | elapsed=1549.1s
  step= 7102272 | eps/s=  4520 | success= 43.8% | miss= 43.1% | elapsed=1571.3s
  step= 7202304 | eps/s=  4520 | success= 43.9% | miss= 43.2% | elapsed=1593.3s
  step= 7302336 | eps/s=  4520 | success= 43.6% | miss= 43.3% | elapsed=1615.5s
  step= 7402368 | eps/s=  4521 | success= 44.2% | miss= 42.9% | elapsed=1637.5s
  step= 7502400 | eps/s=  4521 | success= 43.6% | miss= 43.2% | elapsed=1659.6s
  step= 7602432 | eps/s=  4517 | success= 43.9% | miss= 43.1% | elapsed=1683.0s
  step= 7702464 | eps/s=  4518 | success= 44.1% | miss= 42.9% | elapsed=1704.9s
  step= 7802496 | eps/s=  4518 | success= 43.9% | miss= 42.9% | elapsed=1727.0s
  step= 7902528 | eps/s=  4520 | success= 44.2% | miss= 42.7% | elapsed=1748.2s
  step= 8002560 | eps/s=  4520 | success= 43.9% | miss= 42.9% | elapsed=1770.4s
  step= 8102592 | eps/s=  4520 | success= 44.2% | miss= 42.8% | elapsed=1792.5s
  step= 8202624 | eps/s=  4520 | success= 44.3% | miss= 42.8% | elapsed=1814.7s
  step= 8302656 | eps/s=  4520 | success= 44.5% | miss= 42.7% | elapsed=1836.8s
  step= 8402688 | eps/s=  4521 | success= 44.3% | miss= 42.7% | elapsed=1858.8s
  step= 8502720 | eps/s=  4521 | success= 44.5% | miss= 42.5% | elapsed=1880.8s
  step= 8602752 | eps/s=  4518 | success= 44.2% | miss= 42.6% | elapsed=1904.3s
  step= 8702784 | eps/s=  4517 | success= 44.5% | miss= 42.5% | elapsed=1926.5s
  step= 8802816 | eps/s=  4517 | success= 44.4% | miss= 42.6% | elapsed=1948.8s
  step= 8902848 | eps/s=  4518 | success= 44.3% | miss= 42.5% | elapsed=1970.7s
  step= 9002880 | eps/s=  4518 | success= 44.4% | miss= 42.6% | elapsed=1992.8s
  step= 9102912 | eps/s=  4518 | success= 44.9% | miss= 42.4% | elapsed=2014.8s
  step= 9202944 | eps/s=  4518 | success= 44.3% | miss= 42.6% | elapsed=2036.8s
  step= 9302976 | eps/s=  4518 | success= 44.7% | miss= 42.4% | elapsed=2058.9s
  step= 9403008 | eps/s=  4519 | success= 44.7% | miss= 42.5% | elapsed=2080.9s
  step= 9503040 | eps/s=  4516 | success= 45.0% | miss= 42.3% | elapsed=2104.1s
  step= 9603072 | eps/s=  4517 | success= 44.7% | miss= 42.3% | elapsed=2126.0s
  step= 9703104 | eps/s=  4519 | success= 44.8% | miss= 42.4% | elapsed=2147.3s
  step= 9803136 | eps/s=  4519 | success= 44.6% | miss= 42.5% | elapsed=2169.3s
  step= 9903168 | eps/s=  4519 | success= 44.6% | miss= 42.4% | elapsed=2191.4s
  step=10003200 | eps/s=  4520 | success= 44.7% | miss= 42.4% | elapsed=2213.2s
  step=10103232 | eps/s=  4520 | success= 44.7% | miss= 42.5% | elapsed=2235.3s
  step=10203264 | eps/s=  4520 | success= 44.8% | miss= 42.7% | elapsed=2257.3s
  step=10303296 | eps/s=  4521 | success= 44.9% | miss= 42.3% | elapsed=2279.1s
  step=10403328 | eps/s=  4521 | success= 45.1% | miss= 42.2% | elapsed=2301.1s
  step=10503360 | eps/s=  4519 | success= 45.2% | miss= 42.2% | elapsed=2324.4s
  step=10603392 | eps/s=  4519 | success= 45.1% | miss= 42.3% | elapsed=2346.3s
  step=10703424 | eps/s=  4519 | success= 44.9% | miss= 42.3% | elapsed=2368.5s
  step=10803456 | eps/s=  4519 | success= 44.7% | miss= 42.2% | elapsed=2390.7s
  step=10903488 | eps/s=  4519 | success= 45.0% | miss= 42.2% | elapsed=2412.8s
  step=11003520 | eps/s=  4519 | success= 45.0% | miss= 42.2% | elapsed=2434.8s
  step=11103552 | eps/s=  4520 | success= 45.1% | miss= 42.1% | elapsed=2456.8s
  step=11203584 | eps/s=  4520 | success= 45.3% | miss= 41.9% | elapsed=2478.6s
  step=11303616 | eps/s=  4520 | success= 45.6% | miss= 41.9% | elapsed=2500.7s
  step=11403648 | eps/s=  4518 | success= 45.8% | miss= 41.8% | elapsed=2524.0s
  step=11503680 | eps/s=  4519 | success= 45.3% | miss= 41.8% | elapsed=2545.9s
  step=11603712 | eps/s=  4519 | success= 45.2% | miss= 42.0% | elapsed=2567.7s
  step=11703744 | eps/s=  4519 | success= 45.4% | miss= 41.7% | elapsed=2589.8s
  step=11803776 | eps/s=  4519 | success= 45.5% | miss= 42.1% | elapsed=2611.8s
  step=11903808 | eps/s=  4520 | success= 45.7% | miss= 41.8% | elapsed=2633.8s
  step=12003840 | eps/s=  4520 | success= 45.8% | miss= 42.0% | elapsed=2656.0s
  step=12103872 | eps/s=  4520 | success= 45.6% | miss= 41.8% | elapsed=2677.7s
  step=12203904 | eps/s=  4520 | success= 45.7% | miss= 41.6% | elapsed=2699.9s
  step=12303936 | eps/s=  4520 | success= 45.9% | miss= 41.6% | elapsed=2722.0s
  step=12403968 | eps/s=  4518 | success= 45.6% | miss= 41.9% | elapsed=2745.5s
  step=12504000 | eps/s=  4518 | success= 46.1% | miss= 41.4% | elapsed=2767.6s
  step=12604032 | eps/s=  4518 | success= 45.8% | miss= 41.8% | elapsed=2789.6s
  step=12704064 | eps/s=  4519 | success= 45.9% | miss= 41.7% | elapsed=2811.5s
  step=12804096 | eps/s=  4520 | success= 45.9% | miss= 41.7% | elapsed=2832.8s
  step=12904128 | eps/s=  4520 | success= 45.7% | miss= 41.6% | elapsed=2854.8s
  step=13004160 | eps/s=  4521 | success= 46.2% | miss= 41.3% | elapsed=2876.3s
  step=13104192 | eps/s=  4521 | success= 46.3% | miss= 41.2% | elapsed=2898.3s
  step=13204224 | eps/s=  4521 | success= 46.1% | miss= 41.5% | elapsed=2920.4s
  step=13304256 | eps/s=  4520 | success= 45.7% | miss= 41.6% | elapsed=2943.4s
  step=13404288 | eps/s=  4521 | success= 45.6% | miss= 41.8% | elapsed=2965.2s
  step=13504320 | eps/s=  4521 | success= 46.2% | miss= 41.2% | elapsed=2987.2s
  step=13604352 | eps/s=  4521 | success= 46.1% | miss= 41.3% | elapsed=3009.2s
  step=13704384 | eps/s=  4521 | success= 45.8% | miss= 41.7% | elapsed=3031.2s
  step=13804416 | eps/s=  4522 | success= 46.0% | miss= 41.4% | elapsed=3052.9s
  step=13904448 | eps/s=  4523 | success= 46.4% | miss= 41.4% | elapsed=3074.4s
  step=14004480 | eps/s=  4524 | success= 46.0% | miss= 41.5% | elapsed=3095.6s
  step=14104512 | eps/s=  4524 | success= 46.3% | miss= 41.3% | elapsed=3117.8s
  step=14204544 | eps/s=  4524 | success= 45.9% | miss= 41.8% | elapsed=3139.9s
  step=14304576 | eps/s=  4522 | success= 46.0% | miss= 41.4% | elapsed=3163.3s
  step=14404608 | eps/s=  4522 | success= 46.2% | miss= 41.2% | elapsed=3185.3s
  step=14504640 | eps/s=  4522 | success= 46.3% | miss= 41.3% | elapsed=3207.3s
  step=14604672 | eps/s=  4522 | success= 46.4% | miss= 41.3% | elapsed=3229.4s
  step=14704704 | eps/s=  4523 | success= 46.6% | miss= 41.2% | elapsed=3251.4s
  step=14804736 | eps/s=  4523 | success= 46.4% | miss= 41.1% | elapsed=3273.4s
  step=14904768 | eps/s=  4523 | success= 46.7% | miss= 41.0% | elapsed=3295.2s
  step=15004800 | eps/s=  4523 | success= 46.4% | miss= 41.1% | elapsed=3317.2s
  step=15104832 | eps/s=  4524 | success= 46.2% | miss= 41.1% | elapsed=3339.2s
  step=15204864 | eps/s=  4522 | success= 46.6% | miss= 41.0% | elapsed=3362.5s
  step=15304896 | eps/s=  4522 | success= 46.6% | miss= 41.1% | elapsed=3384.4s
  step=15404928 | eps/s=  4522 | success= 46.6% | miss= 41.1% | elapsed=3406.6s
  step=15504960 | eps/s=  4522 | success= 46.9% | miss= 40.9% | elapsed=3428.8s
  step=15604992 | eps/s=  4522 | success= 46.5% | miss= 41.2% | elapsed=3450.8s
  step=15705024 | eps/s=  4524 | success= 46.4% | miss= 41.3% | elapsed=3471.8s
  step=15805056 | eps/s=  4524 | success= 46.8% | miss= 41.0% | elapsed=3493.4s
  step=15905088 | eps/s=  4524 | success= 46.7% | miss= 40.8% | elapsed=3515.5s
  step=16005120 | eps/s=  4525 | success= 46.8% | miss= 40.9% | elapsed=3537.4s
  step=16105152 | eps/s=  4525 | success= 46.8% | miss= 40.8% | elapsed=3559.5s
  step=16205184 | eps/s=  4523 | success= 46.8% | miss= 40.8% | elapsed=3582.8s
  step=16305216 | eps/s=  4523 | success= 46.7% | miss= 40.8% | elapsed=3604.8s
  step=16405248 | eps/s=  4523 | success= 46.7% | miss= 41.1% | elapsed=3626.9s
  step=16505280 | eps/s=  4523 | success= 46.8% | miss= 40.8% | elapsed=3648.9s
  step=16605312 | eps/s=  4523 | success= 47.0% | miss= 40.9% | elapsed=3671.0s
  step=16705344 | eps/s=  4524 | success= 46.4% | miss= 41.0% | elapsed=3692.8s
  step=16805376 | eps/s=  4524 | success= 46.9% | miss= 40.7% | elapsed=3714.7s
  step=16905408 | eps/s=  4524 | success= 47.0% | miss= 40.8% | elapsed=3736.6s
  step=17005440 | eps/s=  4524 | success= 47.3% | miss= 40.6% | elapsed=3758.6s
  step=17105472 | eps/s=  4523 | success= 47.0% | miss= 40.9% | elapsed=3781.9s
  step=17205504 | eps/s=  4523 | success= 47.5% | miss= 40.7% | elapsed=3803.8s
  step=17305536 | eps/s=  4524 | success= 47.0% | miss= 40.9% | elapsed=3825.5s
  step=17405568 | eps/s=  4524 | success= 46.9% | miss= 40.7% | elapsed=3847.3s
  step=17505600 | eps/s=  4524 | success= 47.2% | miss= 40.4% | elapsed=3869.1s
  step=17605632 | eps/s=  4525 | success= 47.0% | miss= 40.7% | elapsed=3891.1s
  step=17705664 | eps/s=  4525 | success= 47.3% | miss= 40.5% | elapsed=3913.0s
  step=17805696 | eps/s=  4525 | success= 47.5% | miss= 40.4% | elapsed=3935.0s
  step=17905728 | eps/s=  4525 | success= 47.5% | miss= 40.3% | elapsed=3957.0s
  step=18005760 | eps/s=  4525 | success= 47.5% | miss= 40.5% | elapsed=3979.0s
  step=18105792 | eps/s=  4525 | success= 47.4% | miss= 40.4% | elapsed=4001.6s
  step=18205824 | eps/s=  4525 | success= 47.4% | miss= 40.4% | elapsed=4023.6s
  step=18305856 | eps/s=  4525 | success= 47.1% | miss= 40.4% | elapsed=4045.6s
  step=18405888 | eps/s=  4525 | success= 47.4% | miss= 40.7% | elapsed=4067.7s
  step=18505920 | eps/s=  4525 | success= 47.6% | miss= 40.3% | elapsed=4089.7s
  step=18605952 | eps/s=  4525 | success= 47.2% | miss= 40.3% | elapsed=4111.8s
  step=18705984 | eps/s=  4525 | success= 47.4% | miss= 40.4% | elapsed=4133.9s
  step=18806016 | eps/s=  4525 | success= 47.4% | miss= 40.3% | elapsed=4156.1s
  step=18906048 | eps/s=  4525 | success= 47.1% | miss= 40.4% | elapsed=4178.2s
  step=19006080 | eps/s=  4524 | success= 47.9% | miss= 39.9% | elapsed=4201.5s
  step=19106112 | eps/s=  4524 | success= 47.8% | miss= 40.0% | elapsed=4223.4s
  step=19206144 | eps/s=  4524 | success= 48.3% | miss= 39.7% | elapsed=4245.2s
  step=19306176 | eps/s=  4524 | success= 47.7% | miss= 40.3% | elapsed=4267.2s
  step=19406208 | eps/s=  4524 | success= 47.6% | miss= 40.0% | elapsed=4289.3s
  step=19506240 | eps/s=  4525 | success= 48.0% | miss= 40.3% | elapsed=4311.2s
  step=19606272 | eps/s=  4525 | success= 48.0% | miss= 40.0% | elapsed=4333.2s
  step=19706304 | eps/s=  4525 | success= 48.1% | miss= 39.9% | elapsed=4355.2s
  step=19806336 | eps/s=  4525 | success= 48.0% | miss= 40.1% | elapsed=4377.3s
  step=19906368 | eps/s=  4525 | success= 47.6% | miss= 40.1% | elapsed=4399.3s
  step=20006400 | eps/s=  4524 | success= 48.0% | miss= 40.1% | elapsed=4422.5s
  step=20106432 | eps/s=  4524 | success= 47.7% | miss= 40.1% | elapsed=4444.6s
  step=20206464 | eps/s=  4524 | success= 47.7% | miss= 40.2% | elapsed=4466.4s
  step=20306496 | eps/s=  4524 | success= 48.0% | miss= 40.0% | elapsed=4488.6s
  step=20406528 | eps/s=  4524 | success= 47.8% | miss= 40.0% | elapsed=4510.6s
  step=20506560 | eps/s=  4524 | success= 47.8% | miss= 40.3% | elapsed=4532.6s
  step=20606592 | eps/s=  4525 | success= 48.0% | miss= 40.0% | elapsed=4554.3s
  step=20706624 | eps/s=  4525 | success= 48.1% | miss= 40.2% | elapsed=4576.2s
  step=20806656 | eps/s=  4525 | success= 48.0% | miss= 39.9% | elapsed=4597.8s
  step=20906688 | eps/s=  4524 | success= 48.3% | miss= 39.7% | elapsed=4621.1s
  step=21006720 | eps/s=  4525 | success= 48.1% | miss= 39.6% | elapsed=4642.9s
  step=21106752 | eps/s=  4525 | success= 48.3% | miss= 39.9% | elapsed=4664.8s
  step=21206784 | eps/s=  4525 | success= 48.2% | miss= 39.8% | elapsed=4686.7s
  step=21306816 | eps/s=  4526 | success= 48.1% | miss= 40.1% | elapsed=4707.8s
  step=21406848 | eps/s=  4526 | success= 48.4% | miss= 39.9% | elapsed=4729.5s
  step=21506880 | eps/s=  4526 | success= 48.3% | miss= 40.0% | elapsed=4751.5s
  step=21606912 | eps/s=  4526 | success= 48.3% | miss= 39.7% | elapsed=4773.6s
  step=21706944 | eps/s=  4527 | success= 48.7% | miss= 39.6% | elapsed=4795.4s
  step=21806976 | eps/s=  4527 | success= 48.6% | miss= 39.8% | elapsed=4817.3s
  step=21907008 | eps/s=  4526 | success= 48.6% | miss= 39.7% | elapsed=4840.3s
  step=22007040 | eps/s=  4526 | success= 48.6% | miss= 39.7% | elapsed=4862.2s
  step=22107072 | eps/s=  4526 | success= 47.7% | miss= 40.2% | elapsed=4884.4s
  step=22207104 | eps/s=  4526 | success= 48.4% | miss= 39.6% | elapsed=4906.4s
  step=22307136 | eps/s=  4526 | success= 48.6% | miss= 39.8% | elapsed=4928.4s
  step=22407168 | eps/s=  4526 | success= 48.7% | miss= 39.7% | elapsed=4950.3s
  step=22507200 | eps/s=  4526 | success= 49.4% | miss= 39.1% | elapsed=4972.4s
  step=22607232 | eps/s=  4527 | success= 48.8% | miss= 39.7% | elapsed=4994.4s
  step=22707264 | eps/s=  4526 | success= 48.9% | miss= 39.4% | elapsed=5016.6s
  step=22807296 | eps/s=  4525 | success= 48.8% | miss= 39.5% | elapsed=5040.0s
  step=22907328 | eps/s=  4525 | success= 48.6% | miss= 39.5% | elapsed=5062.0s
  step=23007360 | eps/s=  4526 | success= 48.4% | miss= 39.5% | elapsed=5083.8s
  step=23107392 | eps/s=  4526 | success= 48.4% | miss= 39.7% | elapsed=5105.7s
  step=23207424 | eps/s=  4527 | success= 48.6% | miss= 39.7% | elapsed=5127.0s
  step=23307456 | eps/s=  4527 | success= 48.7% | miss= 39.4% | elapsed=5148.9s
  step=23407488 | eps/s=  4527 | success= 48.7% | miss= 39.8% | elapsed=5170.5s
  step=23507520 | eps/s=  4527 | success= 48.7% | miss= 39.6% | elapsed=5192.6s
  step=23607552 | eps/s=  4527 | success= 48.8% | miss= 39.4% | elapsed=5214.5s
  step=23707584 | eps/s=  4527 | success= 48.6% | miss= 39.4% | elapsed=5236.5s
  step=23807616 | eps/s=  4526 | success= 48.9% | miss= 39.3% | elapsed=5259.8s
  step=23907648 | eps/s=  4526 | success= 48.5% | miss= 39.3% | elapsed=5281.9s
  step=24007680 | eps/s=  4526 | success= 48.7% | miss= 39.4% | elapsed=5304.0s
  step=24107712 | eps/s=  4527 | success= 48.7% | miss= 39.4% | elapsed=5325.2s
  step=24207744 | eps/s=  4527 | success= 49.0% | miss= 39.3% | elapsed=5347.1s
  step=24307776 | eps/s=  4527 | success= 48.6% | miss= 39.8% | elapsed=5369.1s
  step=24407808 | eps/s=  4528 | success= 48.9% | miss= 39.4% | elapsed=5390.2s
  step=24507840 | eps/s=  4528 | success= 49.1% | miss= 39.3% | elapsed=5412.2s
  step=24607872 | eps/s=  4528 | success= 48.8% | miss= 39.4% | elapsed=5434.1s
  step=24707904 | eps/s=  4528 | success= 48.9% | miss= 39.4% | elapsed=5457.3s
  step=24807936 | eps/s=  4528 | success= 49.3% | miss= 39.2% | elapsed=5479.2s
  step=24907968 | eps/s=  4528 | success= 49.0% | miss= 39.3% | elapsed=5500.9s
  step=25008000 | eps/s=  4528 | success= 49.1% | miss= 39.1% | elapsed=5523.1s
  step=25108032 | eps/s=  4528 | success= 49.3% | miss= 39.0% | elapsed=5544.9s
  step=25208064 | eps/s=  4528 | success= 49.3% | miss= 39.0% | elapsed=5566.9s
  step=25308096 | eps/s=  4528 | success= 49.0% | miss= 39.3% | elapsed=5588.9s
  step=25408128 | eps/s=  4528 | success= 49.3% | miss= 39.1% | elapsed=5610.8s
  step=25508160 | eps/s=  4528 | success= 49.5% | miss= 39.0% | elapsed=5632.9s
  step=25608192 | eps/s=  4529 | success= 49.1% | miss= 39.2% | elapsed=5654.7s
  step=25708224 | eps/s=  4528 | success= 49.1% | miss= 38.9% | elapsed=5677.0s
  step=25808256 | eps/s=  4529 | success= 49.2% | miss= 39.1% | elapsed=5699.0s
  step=25908288 | eps/s=  4529 | success= 49.2% | miss= 38.9% | elapsed=5720.8s
  step=26008320 | eps/s=  4529 | success= 49.6% | miss= 39.1% | elapsed=5743.0s
  step=26108352 | eps/s=  4529 | success= 49.7% | miss= 39.0% | elapsed=5765.1s
  step=26208384 | eps/s=  4529 | success= 49.5% | miss= 38.9% | elapsed=5786.9s
  step=26308416 | eps/s=  4529 | success= 49.4% | miss= 38.9% | elapsed=5808.8s
  step=26408448 | eps/s=  4529 | success= 49.3% | miss= 39.3% | elapsed=5830.9s
  step=26508480 | eps/s=  4529 | success= 49.7% | miss= 38.9% | elapsed=5852.8s
  step=26608512 | eps/s=  4528 | success= 49.5% | miss= 38.8% | elapsed=5876.1s
  step=26708544 | eps/s=  4530 | success= 49.4% | miss= 39.0% | elapsed=5896.5s
  step=26808576 | eps/s=  4530 | success= 49.6% | miss= 38.8% | elapsed=5918.1s
  step=26908608 | eps/s=  4530 | success= 49.8% | miss= 39.0% | elapsed=5939.8s
  step=27008640 | eps/s=  4530 | success= 49.9% | miss= 38.9% | elapsed=5961.6s
  step=27108672 | eps/s=  4531 | success= 50.2% | miss= 38.5% | elapsed=5983.4s
  step=27208704 | eps/s=  4531 | success= 50.0% | miss= 38.8% | elapsed=6005.3s
  step=27308736 | eps/s=  4531 | success= 49.7% | miss= 38.7% | elapsed=6027.2s
  step=27408768 | eps/s=  4531 | success= 50.2% | miss= 38.4% | elapsed=6049.2s
  step=27508800 | eps/s=  4531 | success= 50.0% | miss= 38.5% | elapsed=6071.4s
  step=27608832 | eps/s=  4531 | success= 50.0% | miss= 38.5% | elapsed=6093.1s
  step=27708864 | eps/s=  4531 | success= 50.1% | miss= 38.6% | elapsed=6114.9s
  step=27808896 | eps/s=  4532 | success= 50.0% | miss= 38.6% | elapsed=6136.4s
  step=27908928 | eps/s=  4532 | success= 49.8% | miss= 38.8% | elapsed=6158.1s
  step=28008960 | eps/s=  4532 | success= 49.6% | miss= 38.7% | elapsed=6180.1s
  step=28108992 | eps/s=  4532 | success= 50.4% | miss= 38.4% | elapsed=6202.2s
  step=28209024 | eps/s=  4532 | success= 50.0% | miss= 38.7% | elapsed=6224.1s
  step=28309056 | eps/s=  4532 | success= 49.9% | miss= 38.7% | elapsed=6246.0s
  step=28409088 | eps/s=  4532 | success= 50.2% | miss= 38.5% | elapsed=6268.0s
  step=28509120 | eps/s=  4531 | success= 50.2% | miss= 38.7% | elapsed=6291.4s
  step=28609152 | eps/s=  4531 | success= 50.3% | miss= 38.5% | elapsed=6313.4s
  step=28709184 | eps/s=  4531 | success= 50.5% | miss= 38.1% | elapsed=6335.5s
  step=28809216 | eps/s=  4531 | success= 50.1% | miss= 38.6% | elapsed=6357.7s
  step=28909248 | eps/s=  4531 | success= 50.2% | miss= 38.6% | elapsed=6379.9s
  step=29009280 | eps/s=  4531 | success= 50.6% | miss= 38.2% | elapsed=6402.0s
  step=29109312 | eps/s=  4531 | success= 50.3% | miss= 38.4% | elapsed=6424.3s
  step=29209344 | eps/s=  4531 | success= 50.1% | miss= 38.3% | elapsed=6446.4s
  step=29309376 | eps/s=  4531 | success= 50.4% | miss= 38.2% | elapsed=6468.4s
  step=29409408 | eps/s=  4530 | success= 50.4% | miss= 38.4% | elapsed=6491.7s
  step=29509440 | eps/s=  4530 | success= 50.4% | miss= 38.4% | elapsed=6513.8s
  step=29609472 | eps/s=  4530 | success= 50.6% | miss= 38.2% | elapsed=6536.1s
  step=29709504 | eps/s=  4530 | success= 50.6% | miss= 38.4% | elapsed=6558.2s
  step=29809536 | eps/s=  4530 | success= 50.3% | miss= 38.4% | elapsed=6580.4s
  step=29909568 | eps/s=  4530 | success= 50.3% | miss= 38.4% | elapsed=6602.7s
  step=30009600 | eps/s=  4531 | success= 50.6% | miss= 38.1% | elapsed=6623.9s
  step=30109632 | eps/s=  4531 | success= 50.6% | miss= 38.4% | elapsed=6645.9s
  step=30209664 | eps/s=  4531 | success= 50.7% | miss= 38.2% | elapsed=6668.0s
  step=30309696 | eps/s=  4530 | success= 50.9% | miss= 38.0% | elapsed=6690.3s
  step=30409728 | eps/s=  4529 | success= 50.8% | miss= 38.1% | elapsed=6713.8s
  step=30509760 | eps/s=  4529 | success= 50.8% | miss= 37.8% | elapsed=6736.0s
  step=30609792 | eps/s=  4529 | success= 50.9% | miss= 38.0% | elapsed=6758.3s
  step=30709824 | eps/s=  4529 | success= 50.4% | miss= 38.3% | elapsed=6780.6s
  step=30809856 | eps/s=  4529 | success= 51.0% | miss= 38.0% | elapsed=6802.6s
  step=30909888 | eps/s=  4529 | success= 50.8% | miss= 38.2% | elapsed=6824.7s
  step=31009920 | eps/s=  4530 | success= 50.7% | miss= 38.3% | elapsed=6845.2s
  step=31109952 | eps/s=  4530 | success= 50.5% | miss= 38.1% | elapsed=6867.2s
  step=31209984 | eps/s=  4530 | success= 51.0% | miss= 37.8% | elapsed=6889.3s
  step=31310016 | eps/s=  4529 | success= 51.1% | miss= 37.9% | elapsed=6912.7s
  step=31410048 | eps/s=  4529 | success= 51.0% | miss= 37.7% | elapsed=6934.9s
  step=31510080 | eps/s=  4529 | success= 50.7% | miss= 37.9% | elapsed=6957.2s
  step=31610112 | eps/s=  4529 | success= 50.7% | miss= 38.0% | elapsed=6979.3s
  step=31710144 | eps/s=  4529 | success= 51.0% | miss= 37.7% | elapsed=7001.4s
  step=31810176 | eps/s=  4529 | success= 50.9% | miss= 38.1% | elapsed=7023.1s
  step=31910208 | eps/s=  4529 | success= 50.9% | miss= 37.9% | elapsed=7045.5s
  step=32010240 | eps/s=  4529 | success= 51.1% | miss= 37.6% | elapsed=7067.7s
  step=32110272 | eps/s=  4529 | success= 51.2% | miss= 38.0% | elapsed=7089.9s
  step=32210304 | eps/s=  4529 | success= 50.8% | miss= 37.9% | elapsed=7111.8s
  step=32310336 | eps/s=  4528 | success= 50.8% | miss= 37.9% | elapsed=7135.3s
  step=32410368 | eps/s=  4528 | success= 51.0% | miss= 38.0% | elapsed=7157.4s
  step=32510400 | eps/s=  4528 | success= 51.3% | miss= 37.8% | elapsed=7179.8s
  step=32610432 | eps/s=  4528 | success= 51.2% | miss= 37.7% | elapsed=7201.9s
  step=32710464 | eps/s=  4528 | success= 50.9% | miss= 38.0% | elapsed=7224.1s
  step=32810496 | eps/s=  4528 | success= 51.0% | miss= 37.8% | elapsed=7246.2s
  step=32910528 | eps/s=  4528 | success= 51.1% | miss= 37.8% | elapsed=7268.0s
  step=33010560 | eps/s=  4529 | success= 51.0% | miss= 37.7% | elapsed=7289.2s
  step=33110592 | eps/s=  4529 | success= 51.0% | miss= 37.9% | elapsed=7311.4s
  step=33210624 | eps/s=  4528 | success= 51.4% | miss= 37.6% | elapsed=7334.7s
  step=33310656 | eps/s=  4528 | success= 51.4% | miss= 37.8% | elapsed=7356.7s
  step=33410688 | eps/s=  4528 | success= 51.4% | miss= 37.7% | elapsed=7378.6s
  step=33510720 | eps/s=  4528 | success= 51.3% | miss= 37.9% | elapsed=7400.8s
  step=33610752 | eps/s=  4528 | success= 51.5% | miss= 37.7% | elapsed=7422.8s
  step=33710784 | eps/s=  4528 | success= 51.8% | miss= 37.4% | elapsed=7444.8s
  step=33810816 | eps/s=  4528 | success= 51.3% | miss= 37.6% | elapsed=7466.8s
  step=33910848 | eps/s=  4528 | success= 51.7% | miss= 37.5% | elapsed=7488.8s
  step=34010880 | eps/s=  4528 | success= 51.2% | miss= 38.0% | elapsed=7511.0s
  step=34110912 | eps/s=  4528 | success= 51.2% | miss= 37.7% | elapsed=7532.7s
  step=34210944 | eps/s=  4528 | success= 51.7% | miss= 37.3% | elapsed=7556.1s
  step=34310976 | eps/s=  4528 | success= 51.4% | miss= 37.7% | elapsed=7578.3s
  step=34411008 | eps/s=  4527 | success= 51.4% | miss= 37.8% | elapsed=7600.5s
  step=34511040 | eps/s=  4527 | success= 51.6% | miss= 37.6% | elapsed=7622.8s
  step=34611072 | eps/s=  4527 | success= 51.2% | miss= 37.7% | elapsed=7644.9s
  step=34711104 | eps/s=  4527 | success= 51.5% | miss= 37.5% | elapsed=7667.2s
  step=34811136 | eps/s=  4527 | success= 51.8% | miss= 37.3% | elapsed=7689.0s
  step=34911168 | eps/s=  4527 | success= 51.6% | miss= 37.4% | elapsed=7711.2s
  step=35011200 | eps/s=  4527 | success= 51.7% | miss= 37.4% | elapsed=7733.0s
  step=35111232 | eps/s=  4527 | success= 51.8% | miss= 37.4% | elapsed=7756.6s
  step=35211264 | eps/s=  4527 | success= 51.9% | miss= 37.4% | elapsed=7778.7s
  step=35311296 | eps/s=  4527 | success= 52.1% | miss= 37.3% | elapsed=7800.8s
  step=35411328 | eps/s=  4527 | success= 51.9% | miss= 37.4% | elapsed=7822.9s
  step=35511360 | eps/s=  4526 | success= 51.9% | miss= 37.3% | elapsed=7845.2s
  step=35611392 | eps/s=  4527 | success= 52.0% | miss= 37.3% | elapsed=7867.2s
  step=35711424 | eps/s=  4527 | success= 51.9% | miss= 37.5% | elapsed=7888.6s
  step=35811456 | eps/s=  4528 | success= 51.8% | miss= 37.4% | elapsed=7909.3s
  step=35911488 | eps/s=  4528 | success= 51.8% | miss= 37.4% | elapsed=7931.5s
  step=36011520 | eps/s=  4528 | success= 51.7% | miss= 37.4% | elapsed=7953.6s
  step=36111552 | eps/s=  4527 | success= 52.2% | miss= 37.2% | elapsed=7976.8s
  step=36211584 | eps/s=  4527 | success= 51.9% | miss= 37.2% | elapsed=7998.5s
  step=36311616 | eps/s=  4527 | success= 52.1% | miss= 37.2% | elapsed=8020.7s
  step=36411648 | eps/s=  4527 | success= 52.3% | miss= 37.1% | elapsed=8043.0s
  step=36511680 | eps/s=  4527 | success= 52.1% | miss= 37.2% | elapsed=8065.1s
  step=36611712 | eps/s=  4527 | success= 52.2% | miss= 37.3% | elapsed=8087.1s
  step=36711744 | eps/s=  4527 | success= 52.5% | miss= 36.9% | elapsed=8109.2s
  step=36811776 | eps/s=  4527 | success= 52.4% | miss= 37.0% | elapsed=8131.4s
  step=36911808 | eps/s=  4527 | success= 52.4% | miss= 37.2% | elapsed=8153.7s
  step=37011840 | eps/s=  4527 | success= 52.1% | miss= 37.2% | elapsed=8176.5s
  step=37111872 | eps/s=  4527 | success= 52.3% | miss= 36.9% | elapsed=8197.9s
  step=37211904 | eps/s=  4527 | success= 52.5% | miss= 36.8% | elapsed=8219.4s
  step=37311936 | eps/s=  4527 | success= 52.2% | miss= 37.1% | elapsed=8241.5s
  step=37411968 | eps/s=  4527 | success= 52.0% | miss= 37.1% | elapsed=8263.7s
  step=37512000 | eps/s=  4527 | success= 52.3% | miss= 37.3% | elapsed=8285.9s
  step=37612032 | eps/s=  4527 | success= 52.3% | miss= 37.2% | elapsed=8308.1s
  step=37712064 | eps/s=  4527 | success= 52.4% | miss= 36.9% | elapsed=8330.3s
  step=37812096 | eps/s=  4527 | success= 52.5% | miss= 36.8% | elapsed=8352.4s
  step=37912128 | eps/s=  4528 | success= 52.2% | miss= 37.0% | elapsed=8372.9s
  step=38012160 | eps/s=  4528 | success= 52.3% | miss= 36.9% | elapsed=8395.6s
  step=38112192 | eps/s=  4528 | success= 51.7% | miss= 37.3% | elapsed=8417.8s
  step=38212224 | eps/s=  4528 | success= 52.2% | miss= 37.0% | elapsed=8440.0s
  step=38312256 | eps/s=  4527 | success= 52.1% | miss= 37.2% | elapsed=8462.2s
  step=38412288 | eps/s=  4527 | success= 52.4% | miss= 37.0% | elapsed=8484.3s
  step=38512320 | eps/s=  4527 | success= 52.5% | miss= 37.0% | elapsed=8506.4s
  step=38612352 | eps/s=  4528 | success= 52.4% | miss= 37.3% | elapsed=8528.3s
  step=38712384 | eps/s=  4528 | success= 52.5% | miss= 36.9% | elapsed=8550.5s
  step=38812416 | eps/s=  4527 | success= 52.3% | miss= 37.1% | elapsed=8572.6s
  step=38912448 | eps/s=  4527 | success= 52.5% | miss= 36.8% | elapsed=8595.9s
  step=39012480 | eps/s=  4527 | success= 52.5% | miss= 36.9% | elapsed=8617.9s
  step=39112512 | eps/s=  4527 | success= 52.5% | miss= 36.9% | elapsed=8639.3s
  step=39212544 | eps/s=  4527 | success= 52.2% | miss= 37.0% | elapsed=8661.5s
  step=39312576 | eps/s=  4527 | success= 52.3% | miss= 37.1% | elapsed=8683.7s
  step=39412608 | eps/s=  4527 | success= 52.9% | miss= 36.6% | elapsed=8705.6s
  step=39512640 | eps/s=  4528 | success= 52.7% | miss= 36.7% | elapsed=8727.0s
  step=39612672 | eps/s=  4528 | success= 52.6% | miss= 37.0% | elapsed=8749.3s
  step=39712704 | eps/s=  4527 | success= 52.9% | miss= 36.6% | elapsed=8771.5s
  step=39812736 | eps/s=  4527 | success= 52.5% | miss= 36.9% | elapsed=8793.8s
  step=39912768 | eps/s=  4527 | success= 52.8% | miss= 36.8% | elapsed=8817.3s

  Training complete in 8838.3s
  Avg throughput: 4526 timesteps/sec
  Model saved to models/ppo_stage3

=== Evaluation (100 episodes) ===
  success: 64%
  paddle_miss: 34%
  return_missed_table: 2%
  avg reward: 1.235
[01:42:44] === Replay-Export Stage 3 (100 Replays, alle Difficulties) ===
Exported 94 replays to ../web/replays.json (3377 KB)
  Outcomes: {'success': 225, 'paddle_miss': 71, 'return_missed_table': 4}
Exported 22 replays to ../web/replays_stage3_d1.json (840 KB)
  Outcomes: {'success': 85, 'return_missed_table': 4, 'paddle_miss': 1}
Exported 28 replays to ../web/replays_stage3_d2.json (1011 KB)
  Outcomes: {'success': 74, 'paddle_miss': 15, 'return_missed_table': 1}
[01:42:58] Stage 3 abgeschlossen.
[01:42:58] 
[01:42:58] === Finale Evaluation Stage 3 (200 Episoden pro Difficulty) ===
Loaded model: models/ppo_stage3
  Policy params: 622,607

============================================================
  Stage 1 (no spin)  —  200 episodes
============================================================

  Outcomes:
    success           192 ( 96.0%)  ████████████████████████████████████████████████
    paddle_miss         8 (  4.0%)  ██

  Success rate: 96.0%

  Reward statistics:
    mean:   1.894
    std:    0.431
    min:    -0.113
    max:    2.153
    median: 1.996

  Action statistics:
    param              mean      std      min      max
    ----------------------------------------------
    paddle_x          0.774    0.063    0.653    0.878
    paddle_z          3.162    0.260    2.592    3.500
    tilt_x            0.780    0.000    0.780    0.780
    tilt_z            0.300    0.000    0.300    0.300
    swing_speed       0.003    0.021   -0.033    0.043
    swing_elev        3.097    0.239    2.497    3.686

============================================================
  Stage 2 (topspin/backspin)  —  200 episodes
============================================================

  Outcomes:
    success           165 ( 82.5%)  █████████████████████████████████████████
    paddle_miss        31 ( 15.5%)  ███████
    return_missed_table     4 (  2.0%)  █

  Success rate: 82.5%

  Reward statistics:
    mean:   1.597
    std:    0.778
    min:    -0.140
    max:    2.223
    median: 1.897

  Action statistics:
    param              mean      std      min      max
    ----------------------------------------------
    paddle_x          0.761    0.179    0.351    1.204
    paddle_z          3.220    0.249    2.586    3.500
    tilt_x            0.780    0.000    0.780    0.780
    tilt_z            0.300    0.000    0.300    0.300
    swing_speed       0.006    0.057   -0.132    0.132
    swing_elev        3.154    0.446    1.911    4.153

============================================================
  Stage 3 (full spin)  —  200 episodes
============================================================

  Outcomes:
    success           146 ( 73.0%)  ████████████████████████████████████
    paddle_miss        53 ( 26.5%)  █████████████
    return_missed_table     1 (  0.5%)  

  Success rate: 73.0%

  Reward statistics:
    mean:   1.383
    std:    0.942
    min:    -0.253
    max:    2.288
    median: 1.847

  Action statistics:
    param              mean      std      min      max
    ----------------------------------------------
    paddle_x          0.767    0.533    0.000    1.525
    paddle_z          3.012    0.415    1.977    3.500
    tilt_x            0.780    0.000    0.780    0.780
    tilt_z            0.300    0.000    0.300    0.300
    swing_speed       0.002    0.204   -0.394    0.466
    swing_elev        3.074    0.620    1.000    4.639

[01:43:03] 
[01:43:03] === Alle Stages abgeschlossen! Modelle in training/models/ ===
[01:43:03]     ppo_stage1.zip, ppo_stage2.zip, ppo_stage3.zip
[01:43:03]     Vollständiges Log: training/logs/training_20260328_205014.log
