[18:27:18] === Baue Rust-Modul (maturin build --release) ===
🔗 Found pyo3 bindings
🐍 Found CPython 3.12 at /usr/bin/python3
    Finished `release` profile [optimized] target(s) in 0.03s
📦 Built wheel for CPython 3.12 to /home/sefo/devel/spinoza/target/wheels/spinoza-0.1.0-cp312-cp312-manylinux_2_34_x86_64.whl
Defaulting to user installation because normal site-packages is not writeable
Processing ./target/wheels/spinoza-0.1.0-cp312-cp312-linux_x86_64.whl
Installing collected packages: spinoza
  Attempting uninstall: spinoza
    Found existing installation: spinoza 0.1.0
    Uninstalling spinoza-0.1.0:
      Successfully uninstalled spinoza-0.1.0
Successfully installed spinoza-0.1.0
spinoza OK
[18:27:20] 
[18:27:20] === Stage 1: Kein Spin | 20M Steps | lr=3e-4→1e-5 (decay) | ent=0.01 ===
=== spinoza RL Training ===
  n_envs=64, difficulty=1
  total_timesteps=20000000
  policy=MLP [512, 512]

  lr=0.0003 → 1e-05 (linear decay)
  model params: 622,607

  step=  100032 | eps/s=  4331 | success=  0.0% | miss= 99.9% | elapsed= 23.1s
  step=  200064 | eps/s=  4295 | success=  0.0% | miss= 99.4% | elapsed= 46.6s
  step=  300096 | eps/s=  4391 | success=  0.1% | miss= 96.4% | elapsed= 68.3s
  step=  400128 | eps/s=  4408 | success=  0.1% | miss= 95.2% | elapsed= 90.8s
  step=  500160 | eps/s=  4412 | success=  0.0% | miss= 95.0% | elapsed=113.4s
  step=  600192 | eps/s=  4401 | success=  0.0% | miss= 94.5% | elapsed=136.4s
  step=  700224 | eps/s=  4402 | success=  0.1% | miss= 94.3% | elapsed=159.1s
  step=  800256 | eps/s=  4409 | success=  0.1% | miss= 94.0% | elapsed=181.5s
  step=  900288 | eps/s=  4415 | success=  0.1% | miss= 94.0% | elapsed=203.9s
  step= 1000320 | eps/s=  4369 | success=  0.1% | miss= 93.7% | elapsed=228.9s
  step= 1100352 | eps/s=  4377 | success=  0.1% | miss= 93.3% | elapsed=251.4s
  step= 1200384 | eps/s=  4381 | success=  0.1% | miss= 93.0% | elapsed=274.0s
  step= 1300416 | eps/s=  4382 | success=  0.1% | miss= 92.8% | elapsed=296.8s
  step= 1400448 | eps/s=  4377 | success=  0.1% | miss= 92.3% | elapsed=320.0s
  step= 1500480 | eps/s=  4384 | success=  0.1% | miss= 92.1% | elapsed=342.3s
  step= 1600512 | eps/s=  4375 | success=  0.1% | miss= 91.4% | elapsed=365.8s
  step= 1700544 | eps/s=  4371 | success=  0.2% | miss= 91.2% | elapsed=389.0s
  step= 1800576 | eps/s=  4373 | success=  0.2% | miss= 90.7% | elapsed=411.8s
  step= 1900608 | eps/s=  4348 | success=  0.2% | miss= 90.7% | elapsed=437.1s
  step= 2000640 | eps/s=  4348 | success=  0.2% | miss= 90.3% | elapsed=460.1s
  step= 2100672 | eps/s=  4346 | success=  0.2% | miss= 89.8% | elapsed=483.4s
  step= 2200704 | eps/s=  4345 | success=  0.2% | miss= 89.5% | elapsed=506.5s
  step= 2300736 | eps/s=  4345 | success=  0.2% | miss= 89.0% | elapsed=529.5s
  step= 2400768 | eps/s=  4346 | success=  0.3% | miss= 88.8% | elapsed=552.5s
  step= 2500800 | eps/s=  4340 | success=  0.3% | miss= 87.9% | elapsed=576.2s
  step= 2600832 | eps/s=  4340 | success=  0.2% | miss= 87.6% | elapsed=599.2s
  step= 2700864 | eps/s=  4338 | success=  0.2% | miss= 86.8% | elapsed=622.5s
  step= 2800896 | eps/s=  4337 | success=  0.3% | miss= 86.6% | elapsed=645.8s
  step= 2900928 | eps/s=  4320 | success=  0.3% | miss= 85.8% | elapsed=671.5s
  step= 3000960 | eps/s=  4322 | success=  0.3% | miss= 85.4% | elapsed=694.4s
  step= 3100992 | eps/s=  4323 | success=  0.3% | miss= 84.7% | elapsed=717.3s
  step= 3201024 | eps/s=  4322 | success=  0.3% | miss= 84.3% | elapsed=740.6s
  step= 3301056 | eps/s=  4321 | success=  0.4% | miss= 83.8% | elapsed=763.9s
  step= 3401088 | eps/s=  4324 | success=  0.4% | miss= 83.3% | elapsed=786.6s
  step= 3501120 | eps/s=  4323 | success=  0.4% | miss= 83.0% | elapsed=810.0s
  step= 3601152 | eps/s=  4323 | success=  0.4% | miss= 82.4% | elapsed=833.1s
  step= 3701184 | eps/s=  4324 | success=  0.5% | miss= 81.9% | elapsed=855.9s
  step= 3801216 | eps/s=  4313 | success=  0.5% | miss= 81.4% | elapsed=881.4s
  step= 3901248 | eps/s=  4312 | success=  0.5% | miss= 80.8% | elapsed=904.7s
  step= 4001280 | eps/s=  4313 | success=  0.6% | miss= 80.2% | elapsed=927.8s
  step= 4101312 | eps/s=  4313 | success=  0.6% | miss= 79.7% | elapsed=950.9s
  step= 4201344 | eps/s=  4314 | success=  0.6% | miss= 79.4% | elapsed=973.9s
  step= 4301376 | eps/s=  4314 | success=  0.7% | miss= 79.0% | elapsed=997.2s
  step= 4401408 | eps/s=  4313 | success=  0.8% | miss= 78.8% | elapsed=1020.4s
  step= 4501440 | eps/s=  4315 | success=  0.8% | miss= 78.0% | elapsed=1043.3s
  step= 4601472 | eps/s=  4314 | success=  0.9% | miss= 77.3% | elapsed=1066.6s
  step= 4701504 | eps/s=  4313 | success=  0.9% | miss= 76.5% | elapsed=1090.0s
  step= 4801536 | eps/s=  4304 | success=  1.0% | miss= 76.1% | elapsed=1115.7s
  step= 4901568 | eps/s=  4304 | success=  0.9% | miss= 77.0% | elapsed=1139.0s
  step= 5001600 | eps/s=  4303 | success=  1.1% | miss= 75.8% | elapsed=1162.3s
  step= 5101632 | eps/s=  4302 | success=  1.3% | miss= 75.0% | elapsed=1185.9s
  step= 5201664 | eps/s=  4301 | success=  1.4% | miss= 74.5% | elapsed=1209.4s
  step= 5301696 | eps/s=  4300 | success=  1.6% | miss= 73.7% | elapsed=1232.9s
  step= 5401728 | eps/s=  4299 | success=  1.9% | miss= 72.8% | elapsed=1256.6s
  step= 5501760 | eps/s=  4297 | success=  1.9% | miss= 73.2% | elapsed=1280.3s
  step= 5601792 | eps/s=  4297 | success=  2.1% | miss= 72.3% | elapsed=1303.7s
  step= 5701824 | eps/s=  4288 | success=  2.1% | miss= 71.9% | elapsed=1329.8s
  step= 5801856 | eps/s=  4288 | success=  2.0% | miss= 71.9% | elapsed=1353.1s
  step= 5901888 | eps/s=  4288 | success=  2.6% | miss= 71.0% | elapsed=1376.3s
  step= 6001920 | eps/s=  4287 | success=  2.7% | miss= 70.5% | elapsed=1399.9s
  step= 6101952 | eps/s=  4287 | success=  2.9% | miss= 69.8% | elapsed=1423.4s
  step= 6201984 | eps/s=  4287 | success=  2.9% | miss= 69.3% | elapsed=1446.7s
  step= 6302016 | eps/s=  4287 | success=  3.2% | miss= 69.3% | elapsed=1470.2s
  step= 6402048 | eps/s=  4286 | success=  3.1% | miss= 68.4% | elapsed=1493.6s
  step= 6502080 | eps/s=  4284 | success=  3.1% | miss= 67.1% | elapsed=1517.7s
  step= 6602112 | eps/s=  4283 | success=  3.6% | miss= 67.3% | elapsed=1541.3s
  step= 6702144 | eps/s=  4277 | success=  4.0% | miss= 68.5% | elapsed=1567.1s
  step= 6802176 | eps/s=  4276 | success=  3.5% | miss= 66.4% | elapsed=1590.7s
  step= 6902208 | eps/s=  4275 | success=  3.5% | miss= 65.3% | elapsed=1614.4s
  step= 7002240 | eps/s=  4275 | success=  4.0% | miss= 65.1% | elapsed=1637.9s
  step= 7102272 | eps/s=  4275 | success=  3.9% | miss= 64.4% | elapsed=1661.5s
  step= 7202304 | eps/s=  4274 | success=  4.5% | miss= 63.9% | elapsed=1685.1s
  step= 7302336 | eps/s=  4274 | success=  4.4% | miss= 63.0% | elapsed=1708.6s
  step= 7402368 | eps/s=  4274 | success=  4.3% | miss= 63.5% | elapsed=1732.0s
  step= 7502400 | eps/s=  4274 | success=  4.6% | miss= 64.2% | elapsed=1755.4s
  step= 7602432 | eps/s=  4267 | success=  4.7% | miss= 64.6% | elapsed=1781.6s
  step= 7702464 | eps/s=  4266 | success=  5.1% | miss= 65.0% | elapsed=1805.4s
  step= 7802496 | eps/s=  4266 | success=  5.2% | miss= 65.0% | elapsed=1829.2s
  step= 7902528 | eps/s=  4265 | success=  5.3% | miss= 65.5% | elapsed=1852.9s
  step= 8002560 | eps/s=  4264 | success=  6.3% | miss= 63.0% | elapsed=1876.6s
  step= 8102592 | eps/s=  4263 | success=  6.7% | miss= 61.0% | elapsed=1900.6s
  step= 8202624 | eps/s=  4263 | success=  6.5% | miss= 59.8% | elapsed=1924.1s
  step= 8302656 | eps/s=  4263 | success=  6.3% | miss= 59.1% | elapsed=1947.7s
  step= 8402688 | eps/s=  4262 | success=  6.1% | miss= 58.7% | elapsed=1971.6s
  step= 8502720 | eps/s=  4261 | success=  7.3% | miss= 57.8% | elapsed=1995.3s
  step= 8602752 | eps/s=  4256 | success=  7.6% | miss= 56.4% | elapsed=2021.3s
  step= 8702784 | eps/s=  4256 | success=  7.8% | miss= 56.1% | elapsed=2044.8s
  step= 8802816 | eps/s=  4255 | success=  8.2% | miss= 56.5% | elapsed=2069.1s
  step= 8902848 | eps/s=  4254 | success=  9.1% | miss= 54.9% | elapsed=2092.6s
  step= 9002880 | eps/s=  4254 | success=  8.8% | miss= 54.4% | elapsed=2116.4s
  step= 9102912 | eps/s=  4253 | success= 10.1% | miss= 53.0% | elapsed=2140.2s
  step= 9202944 | eps/s=  4253 | success= 11.2% | miss= 52.3% | elapsed=2163.8s
  step= 9302976 | eps/s=  4252 | success= 10.8% | miss= 52.5% | elapsed=2187.9s
  step= 9403008 | eps/s=  4251 | success= 10.1% | miss= 51.2% | elapsed=2211.7s
  step= 9503040 | eps/s=  4246 | success= 11.3% | miss= 50.3% | elapsed=2237.9s
  step= 9603072 | eps/s=  4246 | success= 12.4% | miss= 50.4% | elapsed=2261.6s
  step= 9703104 | eps/s=  4246 | success= 13.1% | miss= 50.7% | elapsed=2285.5s
  step= 9803136 | eps/s=  4245 | success= 13.1% | miss= 51.1% | elapsed=2309.2s
  step= 9903168 | eps/s=  4244 | success= 13.8% | miss= 51.1% | elapsed=2333.2s
  step=10003200 | eps/s=  4243 | success= 13.9% | miss= 50.7% | elapsed=2357.4s
  step=10103232 | eps/s=  4242 | success= 13.9% | miss= 49.2% | elapsed=2381.6s
  step=10203264 | eps/s=  4241 | success= 15.2% | miss= 48.0% | elapsed=2405.9s
  step=10303296 | eps/s=  4241 | success= 14.8% | miss= 48.8% | elapsed=2429.7s
  step=10403328 | eps/s=  4240 | success= 15.6% | miss= 46.9% | elapsed=2453.7s
  step=10503360 | eps/s=  4235 | success= 16.7% | miss= 45.4% | elapsed=2480.1s
  step=10603392 | eps/s=  4234 | success= 18.0% | miss= 44.2% | elapsed=2504.2s
  step=10703424 | eps/s=  4234 | success= 19.5% | miss= 43.0% | elapsed=2527.9s
  step=10803456 | eps/s=  4233 | success= 19.4% | miss= 42.4% | elapsed=2552.0s
  step=10903488 | eps/s=  4234 | success= 20.4% | miss= 41.6% | elapsed=2575.3s
  step=11003520 | eps/s=  4233 | success= 20.5% | miss= 41.5% | elapsed=2599.7s
  step=11103552 | eps/s=  4232 | success= 22.1% | miss= 41.9% | elapsed=2623.7s
  step=11203584 | eps/s=  4231 | success= 23.6% | miss= 39.7% | elapsed=2648.1s
  step=11303616 | eps/s=  4230 | success= 23.2% | miss= 40.4% | elapsed=2672.2s
  step=11403648 | eps/s=  4225 | success= 24.7% | miss= 38.4% | elapsed=2699.2s
  step=11503680 | eps/s=  4224 | success= 25.3% | miss= 37.1% | elapsed=2723.3s
  step=11603712 | eps/s=  4224 | success= 25.4% | miss= 36.7% | elapsed=2747.3s
  step=11703744 | eps/s=  4223 | success= 25.8% | miss= 35.7% | elapsed=2771.4s
  step=11803776 | eps/s=  4224 | success= 26.2% | miss= 35.3% | elapsed=2794.7s
  step=11903808 | eps/s=  4222 | success= 27.4% | miss= 34.1% | elapsed=2819.2s
  step=12003840 | eps/s=  4222 | success= 28.5% | miss= 33.9% | elapsed=2843.4s
  step=12103872 | eps/s=  4220 | success= 28.1% | miss= 35.3% | elapsed=2868.0s
  step=12203904 | eps/s=  4220 | success= 28.0% | miss= 33.4% | elapsed=2892.0s
  step=12303936 | eps/s=  4219 | success= 29.9% | miss= 32.2% | elapsed=2916.6s
  step=12403968 | eps/s=  4214 | success= 31.6% | miss= 31.5% | elapsed=2943.5s
  step=12504000 | eps/s=  4213 | success= 31.9% | miss= 30.7% | elapsed=2967.9s
  step=12604032 | eps/s=  4212 | success= 32.3% | miss= 30.7% | elapsed=2992.2s
  step=12704064 | eps/s=  4211 | success= 32.8% | miss= 31.8% | elapsed=3016.8s
  step=12804096 | eps/s=  4210 | success= 34.8% | miss= 28.9% | elapsed=3041.3s
  step=12904128 | eps/s=  4209 | success= 34.5% | miss= 29.7% | elapsed=3065.9s
  step=13004160 | eps/s=  4208 | success= 34.6% | miss= 30.8% | elapsed=3090.5s
  step=13104192 | eps/s=  4207 | success= 36.0% | miss= 28.4% | elapsed=3115.2s
  step=13204224 | eps/s=  4206 | success= 36.4% | miss= 27.8% | elapsed=3139.7s
  step=13304256 | eps/s=  4202 | success= 36.0% | miss= 27.9% | elapsed=3166.4s
  step=13404288 | eps/s=  4201 | success= 37.1% | miss= 26.6% | elapsed=3190.8s
  step=13504320 | eps/s=  4200 | success= 38.1% | miss= 26.6% | elapsed=3215.3s
  step=13604352 | eps/s=  4199 | success= 38.2% | miss= 26.0% | elapsed=3239.8s
  step=13704384 | eps/s=  4199 | success= 37.1% | miss= 27.4% | elapsed=3264.0s
  step=13804416 | eps/s=  4198 | success= 41.2% | miss= 25.5% | elapsed=3288.1s
  step=13904448 | eps/s=  4198 | success= 41.3% | miss= 24.6% | elapsed=3312.3s
  step=14004480 | eps/s=  4197 | success= 41.8% | miss= 23.7% | elapsed=3336.8s
  step=14104512 | eps/s=  4196 | success= 41.5% | miss= 22.9% | elapsed=3361.2s
  step=14204544 | eps/s=  4195 | success= 44.2% | miss= 23.1% | elapsed=3386.0s
  step=14304576 | eps/s=  4191 | success= 44.3% | miss= 21.8% | elapsed=3413.0s
  step=14404608 | eps/s=  4190 | success= 46.0% | miss= 21.2% | elapsed=3437.8s
  step=14504640 | eps/s=  4189 | success= 47.8% | miss= 20.3% | elapsed=3462.4s
  step=14604672 | eps/s=  4189 | success= 48.3% | miss= 20.3% | elapsed=3486.7s
  step=14704704 | eps/s=  4188 | success= 49.2% | miss= 19.6% | elapsed=3511.2s
  step=14804736 | eps/s=  4187 | success= 50.0% | miss= 19.1% | elapsed=3536.2s
  step=14904768 | eps/s=  4185 | success= 50.0% | miss= 19.0% | elapsed=3561.1s
  step=15004800 | eps/s=  4184 | success= 50.7% | miss= 18.4% | elapsed=3585.8s
  step=15104832 | eps/s=  4183 | success= 50.3% | miss= 19.1% | elapsed=3610.8s
  step=15204864 | eps/s=  4179 | success= 52.0% | miss= 18.2% | elapsed=3638.2s
  step=15304896 | eps/s=  4178 | success= 52.3% | miss= 18.9% | elapsed=3662.9s
  step=15404928 | eps/s=  4177 | success= 52.6% | miss= 17.8% | elapsed=3687.8s
  step=15504960 | eps/s=  4176 | success= 53.3% | miss= 17.1% | elapsed=3713.0s
  step=15604992 | eps/s=  4175 | success= 54.1% | miss= 16.7% | elapsed=3737.9s
  step=15705024 | eps/s=  4174 | success= 54.9% | miss= 16.1% | elapsed=3763.0s
  step=15805056 | eps/s=  4173 | success= 55.8% | miss= 15.8% | elapsed=3787.9s
  step=15905088 | eps/s=  4172 | success= 56.1% | miss= 16.0% | elapsed=3812.7s
  step=16005120 | eps/s=  4171 | success= 56.6% | miss= 15.7% | elapsed=3837.7s
  step=16105152 | eps/s=  4170 | success= 56.7% | miss= 14.9% | elapsed=3862.4s
  step=16205184 | eps/s=  4166 | success= 57.5% | miss= 14.5% | elapsed=3889.7s
  step=16305216 | eps/s=  4165 | success= 57.9% | miss= 14.4% | elapsed=3915.0s
  step=16405248 | eps/s=  4164 | success= 58.4% | miss= 14.0% | elapsed=3939.9s
  step=16505280 | eps/s=  4163 | success= 59.1% | miss= 13.7% | elapsed=3964.8s
  step=16605312 | eps/s=  4162 | success= 59.0% | miss= 13.5% | elapsed=3989.9s
  step=16705344 | eps/s=  4161 | success= 60.4% | miss= 13.4% | elapsed=4014.5s
  step=16805376 | eps/s=  4160 | success= 60.9% | miss= 13.5% | elapsed=4039.7s
  step=16905408 | eps/s=  4159 | success= 61.0% | miss= 13.3% | elapsed=4064.7s
  step=17005440 | eps/s=  4158 | success= 61.8% | miss= 12.3% | elapsed=4089.6s
  step=17105472 | eps/s=  4155 | success= 60.8% | miss= 12.5% | elapsed=4117.1s
  step=17205504 | eps/s=  4154 | success= 61.3% | miss= 12.9% | elapsed=4142.2s
  step=17305536 | eps/s=  4153 | success= 62.9% | miss= 12.6% | elapsed=4167.2s
  step=17405568 | eps/s=  4152 | success= 62.7% | miss= 12.1% | elapsed=4191.9s
  step=17505600 | eps/s=  4152 | success= 63.6% | miss= 11.9% | elapsed=4216.6s
  step=17605632 | eps/s=  4151 | success= 63.4% | miss= 11.8% | elapsed=4241.3s
  step=17705664 | eps/s=  4150 | success= 64.2% | miss= 11.3% | elapsed=4266.1s
  step=17805696 | eps/s=  4149 | success= 64.3% | miss= 11.2% | elapsed=4291.2s
  step=17905728 | eps/s=  4148 | success= 65.4% | miss= 11.0% | elapsed=4316.3s
  step=18005760 | eps/s=  4148 | success= 65.7% | miss= 10.7% | elapsed=4341.1s
  step=18105792 | eps/s=  4145 | success= 65.8% | miss= 10.7% | elapsed=4368.5s
  step=18205824 | eps/s=  4144 | success= 65.9% | miss= 10.6% | elapsed=4393.6s
  step=18305856 | eps/s=  4143 | success= 66.5% | miss= 10.7% | elapsed=4418.2s
  step=18405888 | eps/s=  4143 | success= 66.7% | miss= 10.6% | elapsed=4443.1s
  step=18505920 | eps/s=  4142 | success= 67.3% | miss= 10.4% | elapsed=4468.3s
  step=18605952 | eps/s=  4141 | success= 67.3% | miss= 10.0% | elapsed=4492.9s
  step=18705984 | eps/s=  4140 | success= 66.8% | miss= 10.1% | elapsed=4517.9s
  step=18806016 | eps/s=  4140 | success= 67.6% | miss=  9.9% | elapsed=4542.5s
  step=18906048 | eps/s=  4139 | success= 68.5% | miss=  9.5% | elapsed=4567.8s
  step=19006080 | eps/s=  4136 | success= 68.6% | miss=  9.9% | elapsed=4595.2s
  step=19106112 | eps/s=  4135 | success= 68.7% | miss=  9.7% | elapsed=4620.0s
  step=19206144 | eps/s=  4135 | success= 68.5% | miss=  9.6% | elapsed=4644.9s
  step=19306176 | eps/s=  4134 | success= 69.1% | miss=  9.7% | elapsed=4669.8s
  step=19406208 | eps/s=  4134 | success= 69.3% | miss=  9.6% | elapsed=4694.5s
  step=19506240 | eps/s=  4133 | success= 69.2% | miss=  9.4% | elapsed=4719.3s
  step=19606272 | eps/s=  4133 | success= 69.4% | miss=  9.4% | elapsed=4744.2s
  step=19706304 | eps/s=  4132 | success= 69.7% | miss=  9.3% | elapsed=4768.6s
  step=19806336 | eps/s=  4132 | success= 70.1% | miss=  9.3% | elapsed=4793.2s
  step=19906368 | eps/s=  4132 | success= 70.1% | miss=  9.0% | elapsed=4818.0s

  Training complete in 4845.6s
  Avg throughput: 4127 timesteps/sec
  Model saved to models/ppo_stage1

=== Evaluation (100 episodes) ===
  success: 100%
  avg reward: 1.321
[19:48:14] === Replay-Export Stage 1 (50 Replays, Difficulty 1) ===
Exported 31 replays to ../web/replays_stage1.json (1483 KB)
  Outcomes: {'success': 149, 'paddle_miss': 1}
[19:48:19] Stage 1 abgeschlossen.
[19:48:19] 
[19:48:19] === Stage 2: Leichter Spin | 25M Steps | lr=1e-5 | ent=0.02 (Fine-Tune von Stage 1) ===
=== spinoza RL Training ===
  n_envs=64, difficulty=2
  total_timesteps=25000000
  policy=MLP [512, 512]

  lr=1e-05
  Loading pretrained model: models/ppo_stage1
  model params: 622,607

  step=  100032 | eps/s=  7225 | success= 53.4% | miss= 23.5% | elapsed= 13.8s
  step=  200064 | eps/s=  7282 | success= 51.8% | miss= 22.7% | elapsed= 27.5s
  step=  300096 | eps/s=  7304 | success= 54.9% | miss= 22.4% | elapsed= 41.1s
  step=  400128 | eps/s=  7315 | success= 52.2% | miss= 24.9% | elapsed= 54.7s
  step=  500160 | eps/s=  7353 | success= 50.9% | miss= 27.1% | elapsed= 68.0s
  step=  600192 | eps/s=  7376 | success= 51.1% | miss= 26.8% | elapsed= 81.4s
  step=  700224 | eps/s=  7368 | success= 47.7% | miss= 31.9% | elapsed= 95.0s
  step=  800256 | eps/s=  7370 | success= 49.5% | miss= 28.2% | elapsed=108.6s
  step=  900288 | eps/s=  7375 | success= 52.7% | miss= 24.9% | elapsed=122.1s
  step= 1000320 | eps/s=  7365 | success= 53.6% | miss= 24.5% | elapsed=135.8s
  step= 1100352 | eps/s=  7358 | success= 55.5% | miss= 22.9% | elapsed=149.5s
  step= 1200384 | eps/s=  7362 | success= 55.8% | miss= 24.3% | elapsed=163.0s
  step= 1300416 | eps/s=  7341 | success= 55.7% | miss= 22.5% | elapsed=177.1s
  step= 1400448 | eps/s=  7320 | success= 54.0% | miss= 24.4% | elapsed=191.3s
  step= 1500480 | eps/s=  7328 | success= 53.8% | miss= 24.3% | elapsed=204.8s
  step= 1600512 | eps/s=  7336 | success= 55.1% | miss= 24.1% | elapsed=218.2s
  step= 1700544 | eps/s=  7340 | success= 52.9% | miss= 24.9% | elapsed=231.7s
  step= 1800576 | eps/s=  7280 | success= 56.7% | miss= 22.0% | elapsed=247.3s
  step= 1900608 | eps/s=  7240 | success= 57.6% | miss= 20.9% | elapsed=262.5s
  step= 2000640 | eps/s=  7208 | success= 55.7% | miss= 21.9% | elapsed=277.6s
  step= 2100672 | eps/s=  7213 | success= 55.7% | miss= 23.0% | elapsed=291.2s
  step= 2200704 | eps/s=  7211 | success= 56.3% | miss= 22.1% | elapsed=305.2s
  step= 2300736 | eps/s=  7216 | success= 55.3% | miss= 23.0% | elapsed=318.8s
  step= 2400768 | eps/s=  7218 | success= 48.1% | miss= 31.1% | elapsed=332.6s
  step= 2500800 | eps/s=  7224 | success= 52.7% | miss= 25.2% | elapsed=346.2s
  step= 2600832 | eps/s=  7223 | success= 53.0% | miss= 25.3% | elapsed=360.1s
  step= 2700864 | eps/s=  7221 | success= 54.1% | miss= 23.7% | elapsed=374.0s
  step= 2800896 | eps/s=  7218 | success= 53.6% | miss= 24.5% | elapsed=388.0s
  step= 2900928 | eps/s=  7206 | success= 56.5% | miss= 22.3% | elapsed=402.6s
  step= 3000960 | eps/s=  7200 | success= 57.5% | miss= 20.4% | elapsed=416.8s
  step= 3100992 | eps/s=  7204 | success= 53.9% | miss= 24.9% | elapsed=430.4s
  step= 3201024 | eps/s=  7212 | success= 53.6% | miss= 23.4% | elapsed=443.8s
  step= 3301056 | eps/s=  7213 | success= 54.4% | miss= 23.4% | elapsed=457.7s
  step= 3401088 | eps/s=  7213 | success= 55.1% | miss= 22.4% | elapsed=471.5s
  step= 3501120 | eps/s=  7216 | success= 55.8% | miss= 22.8% | elapsed=485.2s
  step= 3601152 | eps/s=  7200 | success= 55.1% | miss= 22.4% | elapsed=500.2s
  step= 3701184 | eps/s=  7204 | success= 54.1% | miss= 23.0% | elapsed=513.8s
  step= 3801216 | eps/s=  7207 | success= 56.4% | miss= 21.6% | elapsed=527.4s
  step= 3901248 | eps/s=  7208 | success= 56.6% | miss= 22.4% | elapsed=541.2s
  step= 4001280 | eps/s=  7204 | success= 56.6% | miss= 20.2% | elapsed=555.4s
  step= 4101312 | eps/s=  7202 | success= 54.7% | miss= 21.7% | elapsed=569.5s
  step= 4201344 | eps/s=  7206 | success= 55.4% | miss= 23.7% | elapsed=583.0s
  step= 4301376 | eps/s=  7210 | success= 53.1% | miss= 24.6% | elapsed=596.6s
  step= 4401408 | eps/s=  7215 | success= 49.7% | miss= 30.4% | elapsed=610.0s
  step= 4501440 | eps/s=  7215 | success= 53.1% | miss= 25.8% | elapsed=623.9s
  step= 4601472 | eps/s=  7212 | success= 56.5% | miss= 22.2% | elapsed=638.0s
  step= 4701504 | eps/s=  7217 | success= 56.8% | miss= 23.4% | elapsed=651.4s
  step= 4801536 | eps/s=  7200 | success= 57.9% | miss= 21.9% | elapsed=666.8s
  step= 4901568 | eps/s=  7184 | success= 58.1% | miss= 21.1% | elapsed=682.3s
  step= 5001600 | eps/s=  7187 | success= 57.7% | miss= 20.4% | elapsed=695.9s
  step= 5101632 | eps/s=  7185 | success= 57.7% | miss= 21.5% | elapsed=710.0s
  step= 5201664 | eps/s=  7186 | success= 56.8% | miss= 21.3% | elapsed=723.9s
  step= 5301696 | eps/s=  7172 | success= 58.4% | miss= 21.0% | elapsed=739.2s
  step= 5401728 | eps/s=  7170 | success= 57.6% | miss= 21.7% | elapsed=753.3s
  step= 5501760 | eps/s=  7174 | success= 54.5% | miss= 24.0% | elapsed=766.9s
  step= 5601792 | eps/s=  7179 | success= 55.3% | miss= 22.7% | elapsed=780.3s
  step= 5701824 | eps/s=  7174 | success= 56.2% | miss= 22.4% | elapsed=794.8s
  step= 5801856 | eps/s=  7162 | success= 57.4% | miss= 20.8% | elapsed=810.0s
  step= 5901888 | eps/s=  7161 | success= 58.5% | miss= 20.8% | elapsed=824.2s
  step= 6001920 | eps/s=  7160 | success= 57.2% | miss= 22.0% | elapsed=838.3s
  step= 6101952 | eps/s=  7162 | success= 54.8% | miss= 22.2% | elapsed=852.0s
  step= 6201984 | eps/s=  7163 | success= 55.0% | miss= 23.4% | elapsed=865.8s
  step= 6302016 | eps/s=  7165 | success= 57.5% | miss= 19.9% | elapsed=879.6s
  step= 6402048 | eps/s=  7164 | success= 57.4% | miss= 20.7% | elapsed=893.6s
  step= 6502080 | eps/s=  7160 | success= 58.2% | miss= 20.2% | elapsed=908.1s
  step= 6602112 | eps/s=  7156 | success= 58.0% | miss= 20.8% | elapsed=922.6s
  step= 6702144 | eps/s=  7154 | success= 57.2% | miss= 22.3% | elapsed=936.8s
  step= 6802176 | eps/s=  7156 | success= 58.5% | miss= 20.3% | elapsed=950.6s
  step= 6902208 | eps/s=  7152 | success= 57.0% | miss= 20.3% | elapsed=965.1s
  step= 7002240 | eps/s=  7143 | success= 59.4% | miss= 19.8% | elapsed=980.3s
  step= 7102272 | eps/s=  7143 | success= 56.7% | miss= 22.4% | elapsed=994.3s
  step= 7202304 | eps/s=  7146 | success= 55.8% | miss= 23.4% | elapsed=1007.9s
  step= 7302336 | eps/s=  7149 | success= 57.6% | miss= 20.9% | elapsed=1021.4s
  step= 7402368 | eps/s=  7146 | success= 58.2% | miss= 21.5% | elapsed=1035.9s
  step= 7502400 | eps/s=  7142 | success= 58.3% | miss= 21.8% | elapsed=1050.5s
  step= 7602432 | eps/s=  7131 | success= 56.7% | miss= 20.6% | elapsed=1066.0s
  step= 7702464 | eps/s=  7127 | success= 57.5% | miss= 20.6% | elapsed=1080.8s
  step= 7802496 | eps/s=  7126 | success= 55.8% | miss= 22.4% | elapsed=1095.0s
  step= 7902528 | eps/s=  7126 | success= 57.3% | miss= 21.2% | elapsed=1108.9s
  step= 8002560 | eps/s=  7124 | success= 56.8% | miss= 22.1% | elapsed=1123.3s
  step= 8102592 | eps/s=  7120 | success= 57.8% | miss= 19.8% | elapsed=1138.1s
  step= 8202624 | eps/s=  7117 | success= 58.8% | miss= 19.8% | elapsed=1152.5s
  step= 8302656 | eps/s=  7111 | success= 58.4% | miss= 19.8% | elapsed=1167.5s
  step= 8402688 | eps/s=  7100 | success= 58.9% | miss= 19.5% | elapsed=1183.5s
  step= 8502720 | eps/s=  7101 | success= 59.5% | miss= 19.5% | elapsed=1197.5s
  step= 8602752 | eps/s=  7095 | success= 58.9% | miss= 19.2% | elapsed=1212.5s
  step= 8702784 | eps/s=  7091 | success= 60.1% | miss= 19.6% | elapsed=1227.3s
  step= 8802816 | eps/s=  7088 | success= 59.8% | miss= 19.6% | elapsed=1241.9s
  step= 8902848 | eps/s=  7091 | success= 57.6% | miss= 21.5% | elapsed=1255.4s
  step= 9002880 | eps/s=  7091 | success= 58.4% | miss= 21.3% | elapsed=1269.5s
  step= 9102912 | eps/s=  7094 | success= 56.6% | miss= 21.5% | elapsed=1283.1s
  step= 9202944 | eps/s=  7092 | success= 59.0% | miss= 19.4% | elapsed=1297.7s
  step= 9302976 | eps/s=  7092 | success= 58.7% | miss= 19.5% | elapsed=1311.7s
  step= 9403008 | eps/s=  7087 | success= 57.9% | miss= 20.0% | elapsed=1326.9s
  step= 9503040 | eps/s=  7081 | success= 58.5% | miss= 20.0% | elapsed=1342.0s
  step= 9603072 | eps/s=  7083 | success= 59.8% | miss= 20.0% | elapsed=1355.9s
  step= 9703104 | eps/s=  7081 | success= 57.2% | miss= 21.4% | elapsed=1370.3s
  step= 9803136 | eps/s=  7083 | success= 58.8% | miss= 20.4% | elapsed=1384.0s
  step= 9903168 | eps/s=  7074 | success= 59.4% | miss= 19.4% | elapsed=1400.0s
  step=10003200 | eps/s=  7074 | success= 60.2% | miss= 19.8% | elapsed=1414.1s
  step=10103232 | eps/s=  7074 | success= 59.4% | miss= 19.7% | elapsed=1428.1s
  step=10203264 | eps/s=  7068 | success= 59.6% | miss= 19.3% | elapsed=1443.7s
  step=10303296 | eps/s=  7064 | success= 60.0% | miss= 20.3% | elapsed=1458.5s
  step=10403328 | eps/s=  7057 | success= 58.3% | miss= 19.9% | elapsed=1474.1s
  step=10503360 | eps/s=  7046 | success= 59.4% | miss= 18.9% | elapsed=1490.7s
  step=10603392 | eps/s=  7036 | success= 60.5% | miss= 19.8% | elapsed=1506.9s
  step=10703424 | eps/s=  7036 | success= 59.8% | miss= 19.5% | elapsed=1521.2s
  step=10803456 | eps/s=  7029 | success= 58.7% | miss= 20.1% | elapsed=1537.1s
  step=10903488 | eps/s=  7026 | success= 59.6% | miss= 19.6% | elapsed=1552.0s
  step=11003520 | eps/s=  7022 | success= 57.9% | miss= 19.3% | elapsed=1566.9s
  step=11103552 | eps/s=  7018 | success= 57.4% | miss= 19.9% | elapsed=1582.1s
  step=11203584 | eps/s=  7016 | success= 58.1% | miss= 19.2% | elapsed=1596.8s
  step=11303616 | eps/s=  7009 | success= 57.0% | miss= 21.0% | elapsed=1612.6s
  step=11403648 | eps/s=  7008 | success= 58.2% | miss= 20.7% | elapsed=1627.1s
  step=11503680 | eps/s=  7004 | success= 60.3% | miss= 19.8% | elapsed=1642.4s
  step=11603712 | eps/s=  7001 | success= 58.8% | miss= 20.5% | elapsed=1657.5s
  step=11703744 | eps/s=  7001 | success= 60.3% | miss= 18.8% | elapsed=1671.7s
  step=11803776 | eps/s=  6991 | success= 60.0% | miss= 19.8% | elapsed=1688.5s
  step=11903808 | eps/s=  6985 | success= 59.2% | miss= 19.4% | elapsed=1704.2s
  step=12003840 | eps/s=  6983 | success= 60.5% | miss= 19.1% | elapsed=1719.1s
  step=12103872 | eps/s=  6977 | success= 59.6% | miss= 20.8% | elapsed=1734.8s
  step=12203904 | eps/s=  6972 | success= 59.8% | miss= 20.0% | elapsed=1750.4s
  step=12303936 | eps/s=  6974 | success= 59.4% | miss= 20.3% | elapsed=1764.3s
  step=12403968 | eps/s=  6972 | success= 59.6% | miss= 18.6% | elapsed=1779.1s
  step=12504000 | eps/s=  6968 | success= 61.0% | miss= 18.7% | elapsed=1794.4s
  step=12604032 | eps/s=  6970 | success= 60.4% | miss= 19.7% | elapsed=1808.4s
  step=12704064 | eps/s=  6963 | success= 60.7% | miss= 19.2% | elapsed=1824.4s
  step=12804096 | eps/s=  6960 | success= 62.0% | miss= 18.2% | elapsed=1839.8s
  step=12904128 | eps/s=  6953 | success= 60.2% | miss= 19.4% | elapsed=1855.9s
  step=13004160 | eps/s=  6950 | success= 60.0% | miss= 20.2% | elapsed=1871.0s
  step=13104192 | eps/s=  6951 | success= 60.5% | miss= 18.6% | elapsed=1885.3s
  step=13204224 | eps/s=  6946 | success= 58.9% | miss= 19.7% | elapsed=1900.9s
  step=13304256 | eps/s=  6946 | success= 60.9% | miss= 19.2% | elapsed=1915.4s
  step=13404288 | eps/s=  6931 | success= 61.6% | miss= 18.2% | elapsed=1933.8s
  step=13504320 | eps/s=  6926 | success= 61.1% | miss= 18.1% | elapsed=1949.9s
  step=13604352 | eps/s=  6926 | success= 61.7% | miss= 19.0% | elapsed=1964.1s
  step=13704384 | eps/s=  6924 | success= 62.8% | miss= 18.3% | elapsed=1979.2s
  step=13804416 | eps/s=  6920 | success= 61.4% | miss= 20.3% | elapsed=1995.0s
  step=13904448 | eps/s=  6918 | success= 61.4% | miss= 19.4% | elapsed=2009.9s
  step=14004480 | eps/s=  6918 | success= 61.7% | miss= 18.7% | elapsed=2024.4s
  step=14104512 | eps/s=  6916 | success= 59.5% | miss= 19.6% | elapsed=2039.3s
  step=14204544 | eps/s=  6909 | success= 61.6% | miss= 18.6% | elapsed=2055.9s
  step=14304576 | eps/s=  6906 | success= 61.4% | miss= 19.3% | elapsed=2071.5s
  step=14404608 | eps/s=  6906 | success= 60.4% | miss= 18.4% | elapsed=2085.9s
  step=14504640 | eps/s=  6904 | success= 59.3% | miss= 19.0% | elapsed=2101.0s
  step=14604672 | eps/s=  6900 | success= 60.7% | miss= 18.3% | elapsed=2116.6s
  step=14704704 | eps/s=  6885 | success= 61.9% | miss= 18.4% | elapsed=2135.6s
  step=14804736 | eps/s=  6880 | success= 62.8% | miss= 17.8% | elapsed=2151.9s
  step=14904768 | eps/s=  6866 | success= 60.4% | miss= 18.7% | elapsed=2170.7s
  step=15004800 | eps/s=  6858 | success= 62.7% | miss= 17.1% | elapsed=2187.9s
  step=15104832 | eps/s=  6855 | success= 62.7% | miss= 18.2% | elapsed=2203.3s
  step=15204864 | eps/s=  6843 | success= 62.8% | miss= 17.9% | elapsed=2221.8s
  step=15304896 | eps/s=  6837 | success= 62.0% | miss= 18.1% | elapsed=2238.6s
  step=15404928 | eps/s=  6828 | success= 62.9% | miss= 18.5% | elapsed=2256.0s
  step=15504960 | eps/s=  6824 | success= 63.0% | miss= 17.7% | elapsed=2272.2s
  step=15604992 | eps/s=  6819 | success= 63.8% | miss= 17.3% | elapsed=2288.4s
  step=15705024 | eps/s=  6818 | success= 63.5% | miss= 17.6% | elapsed=2303.5s
  step=15805056 | eps/s=  6817 | success= 62.6% | miss= 18.1% | elapsed=2318.3s
  step=15905088 | eps/s=  6815 | success= 63.0% | miss= 17.6% | elapsed=2333.8s
  step=16005120 | eps/s=  6810 | success= 62.8% | miss= 18.2% | elapsed=2350.3s
  step=16105152 | eps/s=  6800 | success= 63.3% | miss= 17.8% | elapsed=2368.5s
  step=16205184 | eps/s=  6788 | success= 63.0% | miss= 17.4% | elapsed=2387.2s
  step=16305216 | eps/s=  6779 | success= 63.3% | miss= 17.7% | elapsed=2405.3s
  step=16405248 | eps/s=  6775 | success= 63.9% | miss= 17.3% | elapsed=2421.4s
  step=16505280 | eps/s=  6771 | success= 64.3% | miss= 17.0% | elapsed=2437.6s
  step=16605312 | eps/s=  6759 | success= 64.0% | miss= 17.1% | elapsed=2456.9s
  step=16705344 | eps/s=  6748 | success= 64.4% | miss= 16.9% | elapsed=2475.5s
  step=16805376 | eps/s=  6740 | success= 63.5% | miss= 17.6% | elapsed=2493.4s
  step=16905408 | eps/s=  6725 | success= 63.4% | miss= 17.7% | elapsed=2513.6s
  step=17005440 | eps/s=  6714 | success= 64.7% | miss= 16.7% | elapsed=2532.7s
  step=17105472 | eps/s=  6706 | success= 63.8% | miss= 17.3% | elapsed=2550.9s
  step=17205504 | eps/s=  6706 | success= 64.5% | miss= 17.2% | elapsed=2565.8s
  step=17305536 | eps/s=  6701 | success= 65.4% | miss= 16.8% | elapsed=2582.4s
  step=17405568 | eps/s=  6700 | success= 65.2% | miss= 17.1% | elapsed=2598.0s
  step=17505600 | eps/s=  6702 | success= 64.8% | miss= 17.0% | elapsed=2612.0s
  step=17605632 | eps/s=  6699 | success= 64.7% | miss= 17.5% | elapsed=2628.0s
  step=17705664 | eps/s=  6689 | success= 64.7% | miss= 17.2% | elapsed=2647.0s
  step=17805696 | eps/s=  6682 | success= 64.3% | miss= 16.5% | elapsed=2664.9s
  step=17905728 | eps/s=  6671 | success= 67.0% | miss= 16.4% | elapsed=2684.1s
  step=18005760 | eps/s=  6661 | success= 66.8% | miss= 16.4% | elapsed=2703.0s
  step=18105792 | eps/s=  6646 | success= 66.0% | miss= 16.3% | elapsed=2724.3s
  step=18205824 | eps/s=  6638 | success= 65.1% | miss= 17.5% | elapsed=2742.5s
  step=18305856 | eps/s=  6639 | success= 66.0% | miss= 16.6% | elapsed=2757.4s
  step=18405888 | eps/s=  6627 | success= 66.6% | miss= 16.8% | elapsed=2777.6s
  step=18505920 | eps/s=  6615 | success= 66.6% | miss= 16.3% | elapsed=2797.6s
  step=18605952 | eps/s=  6603 | success= 66.4% | miss= 16.4% | elapsed=2817.8s
  step=18705984 | eps/s=  6594 | success= 66.6% | miss= 16.7% | elapsed=2836.7s
  step=18806016 | eps/s=  6585 | success= 66.3% | miss= 16.6% | elapsed=2856.0s
  step=18906048 | eps/s=  6578 | success= 66.2% | miss= 16.0% | elapsed=2874.0s
  step=19006080 | eps/s=  6567 | success= 67.2% | miss= 16.1% | elapsed=2894.0s
  step=19106112 | eps/s=  6558 | success= 66.4% | miss= 15.6% | elapsed=2913.2s
  step=19206144 | eps/s=  6547 | success= 66.7% | miss= 15.4% | elapsed=2933.4s
  step=19306176 | eps/s=  6542 | success= 66.9% | miss= 15.8% | elapsed=2951.1s
  step=19406208 | eps/s=  6531 | success= 67.7% | miss= 16.0% | elapsed=2971.3s
  step=19506240 | eps/s=  6521 | success= 67.7% | miss= 16.2% | elapsed=2991.5s
  step=19606272 | eps/s=  6510 | success= 67.5% | miss= 15.5% | elapsed=3011.6s
  step=19706304 | eps/s=  6500 | success= 68.3% | miss= 15.6% | elapsed=3032.0s
  step=19806336 | eps/s=  6492 | success= 67.4% | miss= 15.4% | elapsed=3051.1s
  step=19906368 | eps/s=  6485 | success= 68.1% | miss= 16.0% | elapsed=3069.6s
  step=20006400 | eps/s=  6476 | success= 68.3% | miss= 15.2% | elapsed=3089.1s
  step=20106432 | eps/s=  6471 | success= 68.9% | miss= 15.3% | elapsed=3107.1s
  step=20206464 | eps/s=  6463 | success= 67.0% | miss= 17.1% | elapsed=3126.3s
  step=20306496 | eps/s=  6456 | success= 67.5% | miss= 15.6% | elapsed=3145.5s
  step=20406528 | eps/s=  6446 | success= 68.4% | miss= 15.6% | elapsed=3165.8s
  step=20506560 | eps/s=  6436 | success= 69.1% | miss= 15.3% | elapsed=3186.1s
  step=20606592 | eps/s=  6436 | success= 68.3% | miss= 15.3% | elapsed=3201.9s
  step=20706624 | eps/s=  6428 | success= 67.1% | miss= 15.7% | elapsed=3221.4s
  step=20806656 | eps/s=  6420 | success= 68.7% | miss= 15.0% | elapsed=3240.7s
  step=20906688 | eps/s=  6412 | success= 69.2% | miss= 14.9% | elapsed=3260.7s
  step=21006720 | eps/s=  6407 | success= 69.3% | miss= 15.0% | elapsed=3278.7s
  step=21106752 | eps/s=  6399 | success= 69.7% | miss= 15.1% | elapsed=3298.7s
  step=21206784 | eps/s=  6390 | success= 70.0% | miss= 14.8% | elapsed=3318.8s
  step=21306816 | eps/s=  6381 | success= 69.8% | miss= 15.5% | elapsed=3338.9s
  step=21406848 | eps/s=  6373 | success= 69.9% | miss= 14.9% | elapsed=3359.0s
  step=21506880 | eps/s=  6365 | success= 70.0% | miss= 14.7% | elapsed=3379.1s
  step=21606912 | eps/s=  6358 | success= 69.8% | miss= 14.3% | elapsed=3398.6s
  step=21706944 | eps/s=  6353 | success= 70.5% | miss= 15.0% | elapsed=3416.9s
  step=21806976 | eps/s=  6346 | success= 69.5% | miss= 16.1% | elapsed=3436.2s
  step=21907008 | eps/s=  6337 | success= 69.8% | miss= 15.8% | elapsed=3456.8s
  step=22007040 | eps/s=  6329 | success= 70.5% | miss= 15.0% | elapsed=3477.0s
  step=22107072 | eps/s=  6322 | success= 70.1% | miss= 14.8% | elapsed=3497.1s
  step=22207104 | eps/s=  6316 | success= 70.1% | miss= 14.6% | elapsed=3516.1s
  step=22307136 | eps/s=  6308 | success= 70.0% | miss= 14.5% | elapsed=3536.2s
  step=22407168 | eps/s=  6302 | success= 70.3% | miss= 14.2% | elapsed=3555.4s
  step=22507200 | eps/s=  6295 | success= 70.8% | miss= 14.4% | elapsed=3575.7s
  step=22607232 | eps/s=  6287 | success= 71.1% | miss= 14.5% | elapsed=3595.8s
  step=22707264 | eps/s=  6280 | success= 71.5% | miss= 14.4% | elapsed=3616.1s
  step=22807296 | eps/s=  6270 | success= 71.2% | miss= 14.5% | elapsed=3637.5s
  step=22907328 | eps/s=  6263 | success= 70.9% | miss= 14.1% | elapsed=3657.7s
  step=23007360 | eps/s=  6256 | success= 71.1% | miss= 14.6% | elapsed=3677.8s
  step=23107392 | eps/s=  6249 | success= 71.4% | miss= 14.4% | elapsed=3697.9s
  step=23207424 | eps/s=  6242 | success= 71.9% | miss= 14.4% | elapsed=3718.1s
  step=23307456 | eps/s=  6235 | success= 71.7% | miss= 14.0% | elapsed=3738.4s
  step=23407488 | eps/s=  6228 | success= 71.6% | miss= 14.3% | elapsed=3758.4s
  step=23507520 | eps/s=  6221 | success= 71.9% | miss= 14.3% | elapsed=3778.5s
  step=23607552 | eps/s=  6215 | success= 71.1% | miss= 14.4% | elapsed=3798.7s
  step=23707584 | eps/s=  6208 | success= 71.7% | miss= 14.3% | elapsed=3818.9s
  step=23807616 | eps/s=  6200 | success= 71.7% | miss= 14.2% | elapsed=3840.2s
  step=23907648 | eps/s=  6193 | success= 72.0% | miss= 13.8% | elapsed=3860.4s
  step=24007680 | eps/s=  6187 | success= 71.7% | miss= 13.9% | elapsed=3880.6s
  step=24107712 | eps/s=  6180 | success= 72.3% | miss= 13.9% | elapsed=3900.8s
  step=24207744 | eps/s=  6174 | success= 72.4% | miss= 13.9% | elapsed=3921.0s
  step=24307776 | eps/s=  6168 | success= 72.5% | miss= 14.0% | elapsed=3941.2s
  step=24407808 | eps/s=  6161 | success= 72.3% | miss= 14.0% | elapsed=3961.4s
  step=24507840 | eps/s=  6155 | success= 72.6% | miss= 13.9% | elapsed=3981.5s
  step=24607872 | eps/s=  6150 | success= 72.9% | miss= 13.8% | elapsed=4001.5s
  step=24707904 | eps/s=  6142 | success= 72.8% | miss= 13.9% | elapsed=4022.7s
  step=24807936 | eps/s=  6137 | success= 73.1% | miss= 13.6% | elapsed=4042.6s
  step=24907968 | eps/s=  6131 | success= 73.1% | miss= 13.6% | elapsed=4062.6s

  Training complete in 4081.8s
  Avg throughput: 6125 timesteps/sec
  Model saved to models/ppo_stage2

=== Evaluation (100 episodes) ===
  success: 94%
  paddle_miss: 4%
  return_missed_table: 2%
  avg reward: 1.250
[20:56:29] === Replay-Export Stage 2 (50 Replays, Difficulty 2) ===
Exported 45 replays to ../web/replays_stage2.json (1937 KB)
  Outcomes: {'success': 133, 'paddle_miss': 17}
[20:56:34] Stage 2 abgeschlossen.
[20:56:34] 
[20:56:34] === Stage 3: Voller Spin | 40M Steps | lr=5e-6 | ent=0.02 (Fine-Tune von Stage 2) ===
=== spinoza RL Training ===
  n_envs=64, difficulty=3
  total_timesteps=40000000
  policy=MLP [512, 512]

  lr=5e-06
  Loading pretrained model: models/ppo_stage2
  model params: 622,607

  step=  100032 | eps/s=  4728 | success= 51.6% | miss= 35.0% | elapsed= 21.2s
  step=  200064 | eps/s=  4705 | success= 53.9% | miss= 31.9% | elapsed= 42.5s
  step=  300096 | eps/s=  4643 | success= 55.2% | miss= 30.0% | elapsed= 64.6s
  step=  400128 | eps/s=  4609 | success= 56.7% | miss= 28.5% | elapsed= 86.8s
  step=  500160 | eps/s=  4579 | success= 58.1% | miss= 27.6% | elapsed=109.2s
  step=  600192 | eps/s=  4569 | success= 58.6% | miss= 27.2% | elapsed=131.4s
  step=  700224 | eps/s=  4559 | success= 58.8% | miss= 27.1% | elapsed=153.6s
  step=  800256 | eps/s=  4554 | success= 59.3% | miss= 26.6% | elapsed=175.7s
  step=  900288 | eps/s=  4551 | success= 59.2% | miss= 26.8% | elapsed=197.8s
  step= 1000320 | eps/s=  4525 | success= 59.8% | miss= 26.4% | elapsed=221.1s
  step= 1100352 | eps/s=  4522 | success= 59.9% | miss= 26.4% | elapsed=243.3s
  step= 1200384 | eps/s=  4531 | success= 60.0% | miss= 25.9% | elapsed=265.0s
  step= 1300416 | eps/s=  4530 | success= 59.8% | miss= 26.5% | elapsed=287.0s
  step= 1400448 | eps/s=  4528 | success= 60.1% | miss= 26.1% | elapsed=309.3s
  step= 1500480 | eps/s=  4528 | success= 60.5% | miss= 25.9% | elapsed=331.4s
  step= 1600512 | eps/s=  4526 | success= 60.5% | miss= 25.9% | elapsed=353.7s
  step= 1700544 | eps/s=  4522 | success= 61.0% | miss= 25.5% | elapsed=376.1s
  step= 1800576 | eps/s=  4519 | success= 61.1% | miss= 25.6% | elapsed=398.4s
  step= 1900608 | eps/s=  4506 | success= 60.8% | miss= 25.4% | elapsed=421.8s
  step= 2000640 | eps/s=  4505 | success= 60.7% | miss= 25.6% | elapsed=444.1s
  step= 2100672 | eps/s=  4504 | success= 60.8% | miss= 25.5% | elapsed=466.4s
  step= 2200704 | eps/s=  4502 | success= 61.0% | miss= 25.5% | elapsed=488.8s
  step= 2300736 | eps/s=  4504 | success= 61.3% | miss= 25.3% | elapsed=510.9s
  step= 2400768 | eps/s=  4502 | success= 61.5% | miss= 25.0% | elapsed=533.2s
  step= 2500800 | eps/s=  4501 | success= 61.2% | miss= 25.1% | elapsed=555.6s
  step= 2600832 | eps/s=  4500 | success= 61.4% | miss= 25.1% | elapsed=577.9s
  step= 2700864 | eps/s=  4499 | success= 61.1% | miss= 25.1% | elapsed=600.4s
  step= 2800896 | eps/s=  4497 | success= 61.1% | miss= 25.2% | elapsed=622.8s
  step= 2900928 | eps/s=  4487 | success= 61.1% | miss= 25.2% | elapsed=646.5s
  step= 3000960 | eps/s=  4486 | success= 61.5% | miss= 25.1% | elapsed=669.0s
  step= 3100992 | eps/s=  4485 | success= 61.5% | miss= 24.9% | elapsed=691.4s
  step= 3201024 | eps/s=  4483 | success= 61.5% | miss= 25.3% | elapsed=714.0s
  step= 3301056 | eps/s=  4481 | success= 61.4% | miss= 25.0% | elapsed=736.7s
  step= 3401088 | eps/s=  4479 | success= 61.6% | miss= 25.0% | elapsed=759.3s
  step= 3501120 | eps/s=  4477 | success= 61.7% | miss= 24.9% | elapsed=782.1s
  step= 3601152 | eps/s=  4480 | success= 61.3% | miss= 24.9% | elapsed=803.9s
  step= 3701184 | eps/s=  4480 | success= 61.4% | miss= 24.8% | elapsed=826.2s
  step= 3801216 | eps/s=  4471 | success= 61.5% | miss= 24.9% | elapsed=850.2s
  step= 3901248 | eps/s=  4469 | success= 61.5% | miss= 24.7% | elapsed=872.9s
  step= 4001280 | eps/s=  4468 | success= 61.5% | miss= 24.9% | elapsed=895.6s
  step= 4101312 | eps/s=  4468 | success= 61.9% | miss= 24.5% | elapsed=917.9s
  step= 4201344 | eps/s=  4468 | success= 61.8% | miss= 24.5% | elapsed=940.3s
  step= 4301376 | eps/s=  4471 | success= 62.1% | miss= 24.4% | elapsed=962.1s
  step= 4401408 | eps/s=  4470 | success= 62.1% | miss= 24.4% | elapsed=984.6s
  step= 4501440 | eps/s=  4470 | success= 62.1% | miss= 24.4% | elapsed=1007.1s
  step= 4601472 | eps/s=  4469 | success= 62.0% | miss= 24.3% | elapsed=1029.7s
  step= 4701504 | eps/s=  4471 | success= 62.0% | miss= 24.5% | elapsed=1051.5s
  step= 4801536 | eps/s=  4465 | success= 61.8% | miss= 24.5% | elapsed=1075.5s
  step= 4901568 | eps/s=  4465 | success= 62.2% | miss= 24.2% | elapsed=1097.8s
  step= 5001600 | eps/s=  4469 | success= 62.2% | miss= 24.5% | elapsed=1119.1s
  step= 5101632 | eps/s=  4468 | success= 62.2% | miss= 24.3% | elapsed=1141.8s
  step= 5201664 | eps/s=  4467 | success= 61.9% | miss= 24.3% | elapsed=1164.4s
  step= 5301696 | eps/s=  4466 | success= 62.1% | miss= 24.2% | elapsed=1187.0s
  step= 5401728 | eps/s=  4465 | success= 62.2% | miss= 24.2% | elapsed=1209.7s
  step= 5501760 | eps/s=  4464 | success= 62.5% | miss= 24.1% | elapsed=1232.4s
  step= 5601792 | eps/s=  4463 | success= 62.5% | miss= 24.2% | elapsed=1255.1s
  step= 5701824 | eps/s=  4457 | success= 62.4% | miss= 24.1% | elapsed=1279.2s
  step= 5801856 | eps/s=  4457 | success= 62.3% | miss= 24.1% | elapsed=1301.6s
  step= 5901888 | eps/s=  4457 | success= 62.4% | miss= 24.2% | elapsed=1324.2s
  step= 6001920 | eps/s=  4456 | success= 62.1% | miss= 24.3% | elapsed=1346.9s
  step= 6101952 | eps/s=  4455 | success= 62.1% | miss= 24.1% | elapsed=1369.7s
  step= 6201984 | eps/s=  4454 | success= 62.6% | miss= 23.8% | elapsed=1392.4s
  step= 6302016 | eps/s=  4453 | success= 62.6% | miss= 23.8% | elapsed=1415.3s
  step= 6402048 | eps/s=  4452 | success= 62.2% | miss= 24.1% | elapsed=1438.0s
  step= 6502080 | eps/s=  4452 | success= 62.5% | miss= 23.8% | elapsed=1460.6s
  step= 6602112 | eps/s=  4451 | success= 62.9% | miss= 23.7% | elapsed=1483.3s
  step= 6702144 | eps/s=  4446 | success= 62.5% | miss= 23.9% | elapsed=1507.4s
  step= 6802176 | eps/s=  4445 | success= 62.7% | miss= 23.5% | elapsed=1530.1s
  step= 6902208 | eps/s=  4445 | success= 62.6% | miss= 23.7% | elapsed=1552.9s
  step= 7002240 | eps/s=  4444 | success= 62.6% | miss= 23.7% | elapsed=1575.7s
  step= 7102272 | eps/s=  4443 | success= 63.0% | miss= 23.7% | elapsed=1598.4s
  step= 7202304 | eps/s=  4443 | success= 62.8% | miss= 23.6% | elapsed=1621.2s
  step= 7302336 | eps/s=  4442 | success= 63.0% | miss= 23.7% | elapsed=1644.0s
  step= 7402368 | eps/s=  4442 | success= 63.0% | miss= 23.4% | elapsed=1666.6s
  step= 7502400 | eps/s=  4441 | success= 62.7% | miss= 23.5% | elapsed=1689.2s
  step= 7602432 | eps/s=  4438 | success= 62.7% | miss= 23.5% | elapsed=1713.2s
  step= 7702464 | eps/s=  4437 | success= 62.2% | miss= 23.6% | elapsed=1736.1s
  step= 7802496 | eps/s=  4436 | success= 62.9% | miss= 23.4% | elapsed=1758.8s
  step= 7902528 | eps/s=  4436 | success= 63.1% | miss= 23.2% | elapsed=1781.6s
  step= 8002560 | eps/s=  4436 | success= 63.2% | miss= 23.4% | elapsed=1804.2s
  step= 8102592 | eps/s=  4435 | success= 62.9% | miss= 23.2% | elapsed=1827.0s
  step= 8202624 | eps/s=  4435 | success= 63.0% | miss= 23.4% | elapsed=1849.4s
  step= 8302656 | eps/s=  4435 | success= 63.4% | miss= 23.2% | elapsed=1872.2s
  step= 8402688 | eps/s=  4435 | success= 63.3% | miss= 23.1% | elapsed=1894.8s
  step= 8502720 | eps/s=  4434 | success= 63.4% | miss= 22.9% | elapsed=1917.5s
  step= 8602752 | eps/s=  4431 | success= 63.3% | miss= 23.1% | elapsed=1941.5s
  step= 8702784 | eps/s=  4431 | success= 63.5% | miss= 23.1% | elapsed=1964.1s
  step= 8802816 | eps/s=  4431 | success= 63.3% | miss= 23.1% | elapsed=1986.9s
  step= 8902848 | eps/s=  4432 | success= 62.7% | miss= 23.3% | elapsed=2009.0s
  step= 9002880 | eps/s=  4431 | success= 62.7% | miss= 23.3% | elapsed=2031.9s
  step= 9102912 | eps/s=  4431 | success= 63.2% | miss= 22.9% | elapsed=2054.6s
  step= 9202944 | eps/s=  4430 | success= 63.6% | miss= 22.8% | elapsed=2077.3s
  step= 9302976 | eps/s=  4430 | success= 63.3% | miss= 23.0% | elapsed=2100.0s
  step= 9403008 | eps/s=  4430 | success= 63.1% | miss= 23.2% | elapsed=2122.7s
  step= 9503040 | eps/s=  4427 | success= 63.2% | miss= 22.9% | elapsed=2146.8s
  step= 9603072 | eps/s=  4427 | success= 63.4% | miss= 22.7% | elapsed=2169.4s
  step= 9703104 | eps/s=  4427 | success= 63.4% | miss= 22.8% | elapsed=2192.0s
  step= 9803136 | eps/s=  4426 | success= 63.5% | miss= 23.0% | elapsed=2214.9s
  step= 9903168 | eps/s=  4426 | success= 63.1% | miss= 22.9% | elapsed=2237.7s
  step=10003200 | eps/s=  4426 | success= 63.3% | miss= 23.0% | elapsed=2260.3s
  step=10103232 | eps/s=  4425 | success= 63.3% | miss= 22.8% | elapsed=2283.2s
  step=10203264 | eps/s=  4425 | success= 63.0% | miss= 23.1% | elapsed=2306.0s
  step=10303296 | eps/s=  4425 | success= 63.2% | miss= 22.9% | elapsed=2328.5s
  step=10403328 | eps/s=  4425 | success= 63.7% | miss= 22.7% | elapsed=2351.3s
  step=10503360 | eps/s=  4422 | success= 63.5% | miss= 22.7% | elapsed=2375.2s
  step=10603392 | eps/s=  4422 | success= 63.6% | miss= 22.7% | elapsed=2397.9s
  step=10703424 | eps/s=  4422 | success= 63.6% | miss= 22.7% | elapsed=2420.5s
  step=10803456 | eps/s=  4423 | success= 63.7% | miss= 22.6% | elapsed=2442.6s
  step=10903488 | eps/s=  4423 | success= 63.7% | miss= 22.6% | elapsed=2465.4s
  step=11003520 | eps/s=  4424 | success= 63.8% | miss= 22.7% | elapsed=2487.3s
  step=11103552 | eps/s=  4424 | success= 63.8% | miss= 22.6% | elapsed=2509.9s
  step=11203584 | eps/s=  4424 | success= 63.6% | miss= 22.7% | elapsed=2532.6s
  step=11303616 | eps/s=  4424 | success= 63.8% | miss= 22.6% | elapsed=2555.3s
  step=11403648 | eps/s=  4421 | success= 64.0% | miss= 22.5% | elapsed=2579.4s
  step=11503680 | eps/s=  4421 | success= 64.1% | miss= 22.6% | elapsed=2602.0s
  step=11603712 | eps/s=  4421 | success= 63.8% | miss= 22.5% | elapsed=2624.6s
  step=11703744 | eps/s=  4422 | success= 64.0% | miss= 22.5% | elapsed=2647.0s
  step=11803776 | eps/s=  4422 | success= 63.6% | miss= 22.5% | elapsed=2669.6s
  step=11903808 | eps/s=  4421 | success= 63.8% | miss= 22.7% | elapsed=2692.3s
  step=12003840 | eps/s=  4421 | success= 63.9% | miss= 22.5% | elapsed=2715.1s
  step=12103872 | eps/s=  4423 | success= 63.9% | miss= 22.4% | elapsed=2736.9s
  step=12203904 | eps/s=  4422 | success= 64.0% | miss= 22.2% | elapsed=2759.5s
  step=12303936 | eps/s=  4422 | success= 64.1% | miss= 22.4% | elapsed=2782.2s
  step=12403968 | eps/s=  4420 | success= 63.9% | miss= 22.4% | elapsed=2806.1s
  step=12504000 | eps/s=  4421 | success= 63.9% | miss= 22.3% | elapsed=2828.5s
  step=12604032 | eps/s=  4421 | success= 63.8% | miss= 22.3% | elapsed=2851.1s
  step=12704064 | eps/s=  4421 | success= 64.1% | miss= 22.4% | elapsed=2873.7s
  step=12804096 | eps/s=  4421 | success= 64.1% | miss= 22.4% | elapsed=2896.3s
  step=12904128 | eps/s=  4421 | success= 64.1% | miss= 22.4% | elapsed=2918.8s
  step=13004160 | eps/s=  4421 | success= 64.4% | miss= 22.1% | elapsed=2941.4s
  step=13104192 | eps/s=  4421 | success= 64.3% | miss= 22.1% | elapsed=2963.9s
  step=13204224 | eps/s=  4421 | success= 64.1% | miss= 22.3% | elapsed=2986.4s
  step=13304256 | eps/s=  4419 | success= 64.1% | miss= 22.5% | elapsed=3010.4s
  step=13404288 | eps/s=  4420 | success= 64.3% | miss= 22.5% | elapsed=3032.9s
  step=13504320 | eps/s=  4419 | success= 64.3% | miss= 22.3% | elapsed=3055.7s
  step=13604352 | eps/s=  4420 | success= 64.4% | miss= 22.3% | elapsed=3078.2s
  step=13704384 | eps/s=  4422 | success= 64.1% | miss= 22.4% | elapsed=3099.2s
  step=13804416 | eps/s=  4422 | success= 64.2% | miss= 22.2% | elapsed=3122.0s
  step=13904448 | eps/s=  4422 | success= 64.4% | miss= 22.2% | elapsed=3144.6s
  step=14004480 | eps/s=  4422 | success= 64.4% | miss= 22.2% | elapsed=3167.2s
  step=14104512 | eps/s=  4422 | success= 64.5% | miss= 22.0% | elapsed=3189.7s
  step=14204544 | eps/s=  4422 | success= 64.0% | miss= 22.4% | elapsed=3212.3s
  step=14304576 | eps/s=  4420 | success= 64.2% | miss= 22.2% | elapsed=3236.3s
  step=14404608 | eps/s=  4421 | success= 64.7% | miss= 22.1% | elapsed=3258.6s
  step=14504640 | eps/s=  4420 | success= 64.5% | miss= 22.0% | elapsed=3281.2s
  step=14604672 | eps/s=  4420 | success= 64.8% | miss= 22.0% | elapsed=3304.1s
  step=14704704 | eps/s=  4420 | success= 64.3% | miss= 22.1% | elapsed=3326.6s
  step=14804736 | eps/s=  4420 | success= 64.4% | miss= 22.1% | elapsed=3349.2s
  step=14904768 | eps/s=  4420 | success= 64.7% | miss= 22.2% | elapsed=3371.8s
  step=15004800 | eps/s=  4422 | success= 64.6% | miss= 21.9% | elapsed=3393.5s
  step=15104832 | eps/s=  4422 | success= 64.5% | miss= 21.9% | elapsed=3416.0s
  step=15204864 | eps/s=  4420 | success= 64.9% | miss= 21.9% | elapsed=3439.9s
  step=15304896 | eps/s=  4420 | success= 64.5% | miss= 22.2% | elapsed=3462.6s
  step=15404928 | eps/s=  4420 | success= 64.3% | miss= 22.1% | elapsed=3485.2s
  step=15504960 | eps/s=  4420 | success= 64.8% | miss= 21.7% | elapsed=3507.9s
  step=15604992 | eps/s=  4420 | success= 64.6% | miss= 22.2% | elapsed=3530.7s
  step=15705024 | eps/s=  4420 | success= 64.6% | miss= 21.9% | elapsed=3553.2s
  step=15805056 | eps/s=  4420 | success= 64.5% | miss= 21.9% | elapsed=3575.9s
  step=15905088 | eps/s=  4420 | success= 64.4% | miss= 21.7% | elapsed=3598.4s
  step=16005120 | eps/s=  4420 | success= 64.4% | miss= 22.1% | elapsed=3620.9s
  step=16105152 | eps/s=  4420 | success= 64.6% | miss= 21.9% | elapsed=3643.5s
  step=16205184 | eps/s=  4418 | success= 64.7% | miss= 21.9% | elapsed=3667.7s
  step=16305216 | eps/s=  4418 | success= 64.5% | miss= 22.1% | elapsed=3690.2s
  step=16405248 | eps/s=  4418 | success= 64.3% | miss= 22.1% | elapsed=3713.0s
  step=16505280 | eps/s=  4418 | success= 64.6% | miss= 21.8% | elapsed=3735.7s
  step=16605312 | eps/s=  4418 | success= 65.1% | miss= 21.8% | elapsed=3758.4s
  step=16705344 | eps/s=  4418 | success= 65.0% | miss= 21.8% | elapsed=3781.0s
  step=16805376 | eps/s=  4418 | success= 65.0% | miss= 21.7% | elapsed=3803.6s
  step=16905408 | eps/s=  4418 | success= 64.9% | miss= 22.0% | elapsed=3826.2s
  step=17005440 | eps/s=  4418 | success= 65.8% | miss= 21.5% | elapsed=3848.8s
  step=17105472 | eps/s=  4417 | success= 64.9% | miss= 22.0% | elapsed=3873.0s
  step=17205504 | eps/s=  4417 | success= 65.2% | miss= 21.8% | elapsed=3895.5s
  step=17305536 | eps/s=  4417 | success= 65.0% | miss= 21.9% | elapsed=3918.2s
  step=17405568 | eps/s=  4416 | success= 65.3% | miss= 21.5% | elapsed=3941.2s
  step=17505600 | eps/s=  4416 | success= 65.0% | miss= 21.8% | elapsed=3964.1s
  step=17605632 | eps/s=  4417 | success= 65.0% | miss= 21.7% | elapsed=3986.2s
  step=17705664 | eps/s=  4415 | success= 65.2% | miss= 21.5% | elapsed=4010.6s
  step=17805696 | eps/s=  4412 | success= 64.9% | miss= 21.6% | elapsed=4035.8s
  step=17905728 | eps/s=  4409 | success= 65.2% | miss= 21.6% | elapsed=4060.8s
  step=18005760 | eps/s=  4404 | success= 65.0% | miss= 21.6% | elapsed=4088.3s
  step=18105792 | eps/s=  4402 | success= 65.2% | miss= 21.7% | elapsed=4113.4s
  step=18205824 | eps/s=  4402 | success= 65.2% | miss= 21.7% | elapsed=4135.9s
  step=18305856 | eps/s=  4401 | success= 65.1% | miss= 21.4% | elapsed=4159.2s
  step=18405888 | eps/s=  4401 | success= 65.0% | miss= 21.8% | elapsed=4181.9s
  step=18505920 | eps/s=  4402 | success= 65.3% | miss= 21.5% | elapsed=4204.4s
  step=18605952 | eps/s=  4401 | success= 65.0% | miss= 21.3% | elapsed=4227.3s
  step=18705984 | eps/s=  4401 | success= 65.4% | miss= 21.3% | elapsed=4250.0s
  step=18806016 | eps/s=  4401 | success= 65.1% | miss= 21.5% | elapsed=4272.8s
  step=18906048 | eps/s=  4401 | success= 65.0% | miss= 21.6% | elapsed=4295.7s
  step=19006080 | eps/s=  4400 | success= 65.1% | miss= 21.5% | elapsed=4319.8s
  step=19106112 | eps/s=  4400 | success= 65.3% | miss= 21.5% | elapsed=4342.7s
  step=19206144 | eps/s=  4399 | success= 65.5% | miss= 21.3% | elapsed=4365.6s
  step=19306176 | eps/s=  4399 | success= 65.2% | miss= 21.6% | elapsed=4388.3s
  step=19406208 | eps/s=  4399 | success= 65.4% | miss= 21.4% | elapsed=4411.1s
  step=19506240 | eps/s=  4399 | success= 65.0% | miss= 21.6% | elapsed=4433.9s
  step=19606272 | eps/s=  4399 | success= 65.5% | miss= 21.3% | elapsed=4456.7s
  step=19706304 | eps/s=  4399 | success= 65.7% | miss= 21.1% | elapsed=4479.6s
  step=19806336 | eps/s=  4399 | success= 65.6% | miss= 21.4% | elapsed=4502.4s
  step=19906368 | eps/s=  4399 | success= 65.4% | miss= 21.4% | elapsed=4525.2s
  step=20006400 | eps/s=  4398 | success= 65.7% | miss= 21.3% | elapsed=4549.5s
  step=20106432 | eps/s=  4398 | success= 65.3% | miss= 21.6% | elapsed=4572.1s
  step=20206464 | eps/s=  4398 | success= 65.2% | miss= 21.5% | elapsed=4595.0s
  step=20306496 | eps/s=  4398 | success= 65.6% | miss= 21.3% | elapsed=4617.6s
  step=20406528 | eps/s=  4398 | success= 65.6% | miss= 21.2% | elapsed=4640.3s
  step=20506560 | eps/s=  4398 | success= 65.5% | miss= 21.4% | elapsed=4663.1s
  step=20606592 | eps/s=  4397 | success= 65.3% | miss= 21.4% | elapsed=4686.0s
  step=20706624 | eps/s=  4398 | success= 65.5% | miss= 21.4% | elapsed=4708.6s
  step=20806656 | eps/s=  4398 | success= 65.7% | miss= 21.3% | elapsed=4731.4s
  step=20906688 | eps/s=  4396 | success= 65.5% | miss= 21.1% | elapsed=4755.5s
  step=21006720 | eps/s=  4396 | success= 65.7% | miss= 21.3% | elapsed=4778.5s
  step=21106752 | eps/s=  4396 | success= 65.8% | miss= 21.3% | elapsed=4801.2s
  step=21206784 | eps/s=  4396 | success= 66.2% | miss= 20.9% | elapsed=4824.0s
  step=21306816 | eps/s=  4396 | success= 65.8% | miss= 21.3% | elapsed=4846.7s
  step=21406848 | eps/s=  4397 | success= 65.6% | miss= 21.4% | elapsed=4868.5s
  step=21506880 | eps/s=  4397 | success= 65.5% | miss= 21.4% | elapsed=4891.2s
  step=21606912 | eps/s=  4397 | success= 65.4% | miss= 21.0% | elapsed=4914.0s
  step=21706944 | eps/s=  4397 | success= 66.2% | miss= 20.9% | elapsed=4936.8s
  step=21806976 | eps/s=  4398 | success= 65.8% | miss= 21.2% | elapsed=4958.6s
  step=21907008 | eps/s=  4397 | success= 65.9% | miss= 21.0% | elapsed=4981.8s
  step=22007040 | eps/s=  4397 | success= 65.6% | miss= 21.1% | elapsed=5004.5s
  step=22107072 | eps/s=  4397 | success= 65.7% | miss= 21.4% | elapsed=5027.3s
  step=22207104 | eps/s=  4398 | success= 65.9% | miss= 21.0% | elapsed=5049.7s
  step=22307136 | eps/s=  4398 | success= 66.0% | miss= 21.1% | elapsed=5072.0s
  step=22407168 | eps/s=  4398 | success= 66.1% | miss= 21.1% | elapsed=5094.8s
  step=22507200 | eps/s=  4398 | success= 66.3% | miss= 20.8% | elapsed=5117.4s
  step=22607232 | eps/s=  4398 | success= 66.0% | miss= 21.1% | elapsed=5140.1s
  step=22707264 | eps/s=  4398 | success= 66.0% | miss= 21.0% | elapsed=5162.8s
  step=22807296 | eps/s=  4397 | success= 66.0% | miss= 20.8% | elapsed=5187.1s
  step=22907328 | eps/s=  4397 | success= 65.8% | miss= 21.0% | elapsed=5209.7s
  step=23007360 | eps/s=  4397 | success= 65.9% | miss= 21.0% | elapsed=5232.4s
  step=23107392 | eps/s=  4397 | success= 65.7% | miss= 21.2% | elapsed=5255.5s
  step=23207424 | eps/s=  4397 | success= 65.8% | miss= 21.3% | elapsed=5277.5s
  step=23307456 | eps/s=  4397 | success= 66.2% | miss= 20.9% | elapsed=5300.4s
  step=23407488 | eps/s=  4398 | success= 66.3% | miss= 21.2% | elapsed=5322.6s
  step=23507520 | eps/s=  4398 | success= 66.1% | miss= 21.1% | elapsed=5345.4s
  step=23607552 | eps/s=  4398 | success= 66.1% | miss= 21.0% | elapsed=5368.0s
  step=23707584 | eps/s=  4398 | success= 66.3% | miss= 20.8% | elapsed=5390.8s
  step=23807616 | eps/s=  4397 | success= 66.4% | miss= 20.8% | elapsed=5414.9s
  step=23907648 | eps/s=  4397 | success= 66.3% | miss= 20.9% | elapsed=5437.7s
  step=24007680 | eps/s=  4397 | success= 66.3% | miss= 20.8% | elapsed=5460.4s
  step=24107712 | eps/s=  4396 | success= 66.3% | miss= 20.9% | elapsed=5483.4s
  step=24207744 | eps/s=  4396 | success= 66.1% | miss= 20.8% | elapsed=5506.4s
  step=24307776 | eps/s=  4396 | success= 66.0% | miss= 21.0% | elapsed=5529.1s
  step=24407808 | eps/s=  4396 | success= 66.0% | miss= 21.0% | elapsed=5551.9s
  step=24507840 | eps/s=  4396 | success= 66.6% | miss= 20.4% | elapsed=5574.6s
  step=24607872 | eps/s=  4397 | success= 66.0% | miss= 20.9% | elapsed=5596.9s
  step=24707904 | eps/s=  4395 | success= 66.2% | miss= 20.8% | elapsed=5621.2s
  step=24807936 | eps/s=  4396 | success= 66.5% | miss= 20.7% | elapsed=5643.1s
  step=24907968 | eps/s=  4396 | success= 66.6% | miss= 20.6% | elapsed=5666.1s
  step=25008000 | eps/s=  4396 | success= 66.3% | miss= 20.7% | elapsed=5688.3s
  step=25108032 | eps/s=  4397 | success= 66.4% | miss= 20.6% | elapsed=5710.4s
  step=25208064 | eps/s=  4397 | success= 66.2% | miss= 20.6% | elapsed=5733.2s
  step=25308096 | eps/s=  4397 | success= 66.2% | miss= 20.7% | elapsed=5756.0s
  step=25408128 | eps/s=  4397 | success= 66.7% | miss= 20.5% | elapsed=5778.8s
  step=25508160 | eps/s=  4397 | success= 66.2% | miss= 20.6% | elapsed=5801.5s
  step=25608192 | eps/s=  4397 | success= 66.6% | miss= 20.5% | elapsed=5824.3s
  step=25708224 | eps/s=  4396 | success= 66.6% | miss= 20.5% | elapsed=5848.4s
  step=25808256 | eps/s=  4396 | success= 66.7% | miss= 20.6% | elapsed=5871.1s
  step=25908288 | eps/s=  4396 | success= 66.7% | miss= 20.8% | elapsed=5893.9s
  step=26008320 | eps/s=  4396 | success= 66.8% | miss= 20.6% | elapsed=5916.5s
  step=26108352 | eps/s=  4396 | success= 66.9% | miss= 20.6% | elapsed=5939.3s
  step=26208384 | eps/s=  4396 | success= 66.9% | miss= 20.5% | elapsed=5961.6s
  step=26308416 | eps/s=  4396 | success= 66.6% | miss= 20.6% | elapsed=5984.3s
  step=26408448 | eps/s=  4397 | success= 66.7% | miss= 20.7% | elapsed=6005.4s
  step=26508480 | eps/s=  4397 | success= 66.7% | miss= 20.6% | elapsed=6028.1s
  step=26608512 | eps/s=  4397 | success= 67.1% | miss= 20.4% | elapsed=6051.1s
  step=26708544 | eps/s=  4397 | success= 66.7% | miss= 20.5% | elapsed=6073.8s
  step=26808576 | eps/s=  4397 | success= 66.6% | miss= 20.6% | elapsed=6096.4s
  step=26908608 | eps/s=  4398 | success= 66.4% | miss= 20.8% | elapsed=6119.1s
  step=27008640 | eps/s=  4398 | success= 66.7% | miss= 20.7% | elapsed=6141.0s
  step=27108672 | eps/s=  4398 | success= 67.2% | miss= 20.4% | elapsed=6163.9s
  step=27208704 | eps/s=  4399 | success= 66.6% | miss= 20.6% | elapsed=6185.8s
  step=27308736 | eps/s=  4399 | success= 67.1% | miss= 20.4% | elapsed=6208.4s
  step=27408768 | eps/s=  4399 | success= 67.0% | miss= 20.4% | elapsed=6231.1s
  step=27508800 | eps/s=  4398 | success= 67.0% | miss= 20.4% | elapsed=6255.3s
  step=27608832 | eps/s=  4398 | success= 67.1% | miss= 20.4% | elapsed=6277.5s
  step=27708864 | eps/s=  4398 | success= 66.9% | miss= 20.4% | elapsed=6300.2s
  step=27808896 | eps/s=  4398 | success= 66.9% | miss= 20.6% | elapsed=6323.1s
  step=27908928 | eps/s=  4398 | success= 66.7% | miss= 20.6% | elapsed=6345.9s
  step=28008960 | eps/s=  4398 | success= 66.8% | miss= 20.5% | elapsed=6368.9s
  step=28108992 | eps/s=  4398 | success= 67.4% | miss= 20.2% | elapsed=6391.7s
  step=28209024 | eps/s=  4398 | success= 67.3% | miss= 20.4% | elapsed=6414.5s
  step=28309056 | eps/s=  4398 | success= 67.0% | miss= 20.5% | elapsed=6437.4s
  step=28409088 | eps/s=  4398 | success= 67.0% | miss= 20.4% | elapsed=6459.4s
  step=28509120 | eps/s=  4398 | success= 67.1% | miss= 20.3% | elapsed=6482.8s
  step=28609152 | eps/s=  4398 | success= 67.0% | miss= 20.3% | elapsed=6505.5s
  step=28709184 | eps/s=  4398 | success= 67.2% | miss= 20.1% | elapsed=6527.3s
  step=28809216 | eps/s=  4398 | success= 67.2% | miss= 20.4% | elapsed=6550.1s
  step=28909248 | eps/s=  4398 | success= 67.2% | miss= 20.4% | elapsed=6572.6s
  step=29009280 | eps/s=  4398 | success= 67.3% | miss= 20.3% | elapsed=6595.3s
  step=29109312 | eps/s=  4398 | success= 67.2% | miss= 20.2% | elapsed=6618.1s
  step=29209344 | eps/s=  4399 | success= 67.1% | miss= 20.3% | elapsed=6639.8s
  step=29309376 | eps/s=  4399 | success= 67.0% | miss= 20.2% | elapsed=6662.6s
  step=29409408 | eps/s=  4398 | success= 67.0% | miss= 20.3% | elapsed=6686.5s
  step=29509440 | eps/s=  4398 | success= 67.2% | miss= 20.0% | elapsed=6709.4s
  step=29609472 | eps/s=  4398 | success= 67.4% | miss= 20.2% | elapsed=6732.0s
  step=29709504 | eps/s=  4399 | success= 67.0% | miss= 20.5% | elapsed=6754.5s
  step=29809536 | eps/s=  4399 | success= 67.0% | miss= 20.4% | elapsed=6777.1s
  step=29909568 | eps/s=  4399 | success= 67.3% | miss= 20.1% | elapsed=6799.8s
  step=30009600 | eps/s=  4399 | success= 67.4% | miss= 20.1% | elapsed=6822.5s
  step=30109632 | eps/s=  4399 | success= 67.4% | miss= 20.2% | elapsed=6845.3s
  step=30209664 | eps/s=  4399 | success= 67.3% | miss= 20.3% | elapsed=6867.1s
  step=30309696 | eps/s=  4400 | success= 67.3% | miss= 20.0% | elapsed=6889.1s
  step=30409728 | eps/s=  4399 | success= 67.1% | miss= 20.1% | elapsed=6913.1s
  step=30509760 | eps/s=  4399 | success= 67.7% | miss= 19.9% | elapsed=6935.9s
  step=30609792 | eps/s=  4399 | success= 67.5% | miss= 20.3% | elapsed=6958.1s
  step=30709824 | eps/s=  4399 | success= 67.6% | miss= 20.0% | elapsed=6980.5s
  step=30809856 | eps/s=  4400 | success= 67.3% | miss= 20.2% | elapsed=7002.1s
  step=30909888 | eps/s=  4400 | success= 67.6% | miss= 20.2% | elapsed=7024.8s
  step=31009920 | eps/s=  4400 | success= 67.6% | miss= 20.0% | elapsed=7047.5s
  step=31109952 | eps/s=  4400 | success= 67.2% | miss= 20.1% | elapsed=7069.8s
  step=31209984 | eps/s=  4400 | success= 67.6% | miss= 20.2% | elapsed=7092.5s
  step=31310016 | eps/s=  4400 | success= 67.3% | miss= 20.2% | elapsed=7116.4s
  step=31410048 | eps/s=  4400 | success= 67.9% | miss= 19.9% | elapsed=7139.0s
  step=31510080 | eps/s=  4400 | success= 67.5% | miss= 20.0% | elapsed=7161.2s
  step=31610112 | eps/s=  4400 | success= 67.8% | miss= 20.0% | elapsed=7183.8s
  step=31710144 | eps/s=  4400 | success= 67.8% | miss= 20.0% | elapsed=7206.3s
  step=31810176 | eps/s=  4400 | success= 67.6% | miss= 20.0% | elapsed=7229.0s
  step=31910208 | eps/s=  4400 | success= 67.7% | miss= 20.2% | elapsed=7251.7s
  step=32010240 | eps/s=  4401 | success= 68.2% | miss= 19.5% | elapsed=7273.5s
  step=32110272 | eps/s=  4401 | success= 67.7% | miss= 20.1% | elapsed=7296.3s
  step=32210304 | eps/s=  4401 | success= 68.0% | miss= 19.9% | elapsed=7318.9s
  step=32310336 | eps/s=  4400 | success= 67.8% | miss= 20.0% | elapsed=7343.1s
  step=32410368 | eps/s=  4400 | success= 68.1% | miss= 19.9% | elapsed=7365.6s
  step=32510400 | eps/s=  4400 | success= 68.1% | miss= 19.8% | elapsed=7388.4s
  step=32610432 | eps/s=  4401 | success= 68.0% | miss= 20.1% | elapsed=7410.4s
  step=32710464 | eps/s=  4401 | success= 67.8% | miss= 19.8% | elapsed=7432.3s
  step=32810496 | eps/s=  4401 | success= 67.7% | miss= 20.0% | elapsed=7455.0s
  step=32910528 | eps/s=  4401 | success= 67.8% | miss= 19.9% | elapsed=7477.8s
  step=33010560 | eps/s=  4401 | success= 68.0% | miss= 19.8% | elapsed=7500.5s
  step=33110592 | eps/s=  4401 | success= 67.4% | miss= 20.3% | elapsed=7523.1s
  step=33210624 | eps/s=  4400 | success= 68.0% | miss= 20.0% | elapsed=7547.4s
  step=33310656 | eps/s=  4400 | success= 68.0% | miss= 19.9% | elapsed=7570.0s
  step=33410688 | eps/s=  4400 | success= 68.1% | miss= 19.8% | elapsed=7592.7s
  step=33510720 | eps/s=  4400 | success= 67.4% | miss= 20.1% | elapsed=7615.6s
  step=33610752 | eps/s=  4400 | success= 67.7% | miss= 20.1% | elapsed=7638.3s
  step=33710784 | eps/s=  4400 | success= 68.1% | miss= 19.7% | elapsed=7661.0s
  step=33810816 | eps/s=  4401 | success= 67.8% | miss= 19.9% | elapsed=7683.1s
  step=33910848 | eps/s=  4401 | success= 67.9% | miss= 19.8% | elapsed=7705.7s
  step=34010880 | eps/s=  4401 | success= 67.8% | miss= 20.1% | elapsed=7728.3s
  step=34110912 | eps/s=  4402 | success= 67.6% | miss= 19.9% | elapsed=7749.4s
  step=34210944 | eps/s=  4401 | success= 68.0% | miss= 19.6% | elapsed=7773.2s
  step=34310976 | eps/s=  4401 | success= 68.2% | miss= 19.6% | elapsed=7796.1s
  step=34411008 | eps/s=  4401 | success= 67.8% | miss= 19.9% | elapsed=7818.6s
  step=34511040 | eps/s=  4401 | success= 68.4% | miss= 19.9% | elapsed=7841.1s
  step=34611072 | eps/s=  4402 | success= 68.1% | miss= 19.9% | elapsed=7863.3s
  step=34711104 | eps/s=  4402 | success= 68.1% | miss= 19.9% | elapsed=7885.3s
  step=34811136 | eps/s=  4402 | success= 68.1% | miss= 19.8% | elapsed=7908.0s
  step=34911168 | eps/s=  4402 | success= 68.4% | miss= 19.7% | elapsed=7930.9s
  step=35011200 | eps/s=  4402 | success= 68.4% | miss= 19.7% | elapsed=7953.7s
  step=35111232 | eps/s=  4401 | success= 68.1% | miss= 19.8% | elapsed=7977.1s
  step=35211264 | eps/s=  4401 | success= 68.3% | miss= 19.7% | elapsed=7999.8s
  step=35311296 | eps/s=  4401 | success= 68.1% | miss= 19.8% | elapsed=8022.6s
  step=35411328 | eps/s=  4401 | success= 68.1% | miss= 19.9% | elapsed=8045.5s
  step=35511360 | eps/s=  4401 | success= 68.5% | miss= 19.6% | elapsed=8068.4s
  step=35611392 | eps/s=  4401 | success= 68.2% | miss= 19.7% | elapsed=8091.2s
  step=35711424 | eps/s=  4401 | success= 68.0% | miss= 19.9% | elapsed=8113.9s
  step=35811456 | eps/s=  4401 | success= 68.3% | miss= 19.7% | elapsed=8136.6s
  step=35911488 | eps/s=  4401 | success= 68.1% | miss= 19.9% | elapsed=8159.3s
  step=36011520 | eps/s=  4401 | success= 68.6% | miss= 19.8% | elapsed=8182.2s
  step=36111552 | eps/s=  4401 | success= 68.7% | miss= 19.7% | elapsed=8205.5s
  step=36211584 | eps/s=  4401 | success= 68.2% | miss= 19.9% | elapsed=8228.3s
  step=36311616 | eps/s=  4401 | success= 68.0% | miss= 19.7% | elapsed=8251.2s
  step=36411648 | eps/s=  4401 | success= 68.1% | miss= 19.7% | elapsed=8273.8s
  step=36511680 | eps/s=  4401 | success= 68.3% | miss= 19.7% | elapsed=8296.6s
  step=36611712 | eps/s=  4401 | success= 67.8% | miss= 19.8% | elapsed=8319.3s
  step=36711744 | eps/s=  4401 | success= 68.7% | miss= 19.5% | elapsed=8342.2s
  step=36811776 | eps/s=  4401 | success= 68.8% | miss= 19.5% | elapsed=8365.0s
  step=36911808 | eps/s=  4401 | success= 68.5% | miss= 19.7% | elapsed=8387.7s
  step=37011840 | eps/s=  4400 | success= 68.7% | miss= 19.4% | elapsed=8411.8s
  step=37111872 | eps/s=  4400 | success= 68.3% | miss= 19.6% | elapsed=8433.7s
  step=37211904 | eps/s=  4400 | success= 68.5% | miss= 19.5% | elapsed=8456.4s
  step=37311936 | eps/s=  4400 | success= 68.5% | miss= 19.6% | elapsed=8479.2s
  step=37411968 | eps/s=  4400 | success= 68.6% | miss= 19.5% | elapsed=8502.0s
  step=37512000 | eps/s=  4400 | success= 68.5% | miss= 19.6% | elapsed=8524.9s
  step=37612032 | eps/s=  4401 | success= 68.3% | miss= 19.7% | elapsed=8546.8s
  step=37712064 | eps/s=  4401 | success= 68.6% | miss= 19.4% | elapsed=8569.7s
  step=37812096 | eps/s=  4401 | success= 68.5% | miss= 19.4% | elapsed=8592.2s
  step=37912128 | eps/s=  4401 | success= 68.4% | miss= 19.4% | elapsed=8615.0s
  step=38012160 | eps/s=  4400 | success= 68.3% | miss= 19.5% | elapsed=8638.9s
  step=38112192 | eps/s=  4400 | success= 68.5% | miss= 19.5% | elapsed=8661.4s
  step=38212224 | eps/s=  4400 | success= 68.7% | miss= 19.4% | elapsed=8684.0s
  step=38312256 | eps/s=  4400 | success= 68.4% | miss= 19.7% | elapsed=8706.7s
  step=38412288 | eps/s=  4400 | success= 68.6% | miss= 19.4% | elapsed=8729.4s
  step=38512320 | eps/s=  4400 | success= 68.5% | miss= 19.5% | elapsed=8752.0s
  step=38612352 | eps/s=  4400 | success= 68.7% | miss= 19.4% | elapsed=8774.7s
  step=38712384 | eps/s=  4400 | success= 68.7% | miss= 19.3% | elapsed=8797.6s
  step=38812416 | eps/s=  4400 | success= 68.6% | miss= 19.6% | elapsed=8820.3s
  step=38912448 | eps/s=  4400 | success= 68.8% | miss= 19.4% | elapsed=8843.5s
  step=39012480 | eps/s=  4400 | success= 68.6% | miss= 19.5% | elapsed=8866.2s
  step=39112512 | eps/s=  4401 | success= 68.7% | miss= 19.3% | elapsed=8887.6s
  step=39212544 | eps/s=  4401 | success= 68.7% | miss= 19.5% | elapsed=8909.7s
  step=39312576 | eps/s=  4401 | success= 68.9% | miss= 19.4% | elapsed=8932.2s
  step=39412608 | eps/s=  4401 | success= 69.1% | miss= 19.3% | elapsed=8954.9s
  step=39512640 | eps/s=  4401 | success= 68.9% | miss= 19.3% | elapsed=8977.5s
  step=39612672 | eps/s=  4401 | success= 68.8% | miss= 19.5% | elapsed=9000.4s
  step=39712704 | eps/s=  4401 | success= 69.0% | miss= 19.3% | elapsed=9023.0s
  step=39812736 | eps/s=  4401 | success= 68.9% | miss= 19.5% | elapsed=9045.8s
  step=39912768 | eps/s=  4401 | success= 69.1% | miss= 19.2% | elapsed=9069.8s

  Training complete in 9091.1s
  Avg throughput: 4400 timesteps/sec
  Model saved to models/ppo_stage3

=== Evaluation (100 episodes) ===
  success: 78%
  paddle_miss: 18%
  return_missed_table: 3%
  return_hit_net: 1%
  avg reward: 1.024
[23:28:14] === Replay-Export Stage 3 (100 Replays, alle Difficulties) ===
Exported 100 replays to ../web/replays.json (4398 KB)
  Outcomes: {'success': 241, 'paddle_miss': 42, 'return_missed_table': 17}
Exported 18 replays to ../web/replays_stage3_d1.json (874 KB)
  Outcomes: {'success': 90}
Exported 27 replays to ../web/replays_stage3_d2.json (1158 KB)
  Outcomes: {'success': 79, 'paddle_miss': 11}
[23:28:28] Stage 3 abgeschlossen.
[23:28:28] 
[23:28:28] === Finale Evaluation Stage 3 (200 Episoden pro Difficulty) ===
Loaded model: models/ppo_stage3
  Policy params: 622,607

============================================================
  Stage 1 (no spin)  —  200 episodes
============================================================

  Outcomes:
    success           200 (100.0%)  ██████████████████████████████████████████████████

  Success rate: 100.0%

  Reward statistics:
    mean:   1.361
    std:    0.081
    min:    1.194
    max:    1.538
    median: 1.371

  Action statistics:
    param              mean      std      min      max
    ----------------------------------------------
    paddle_x          0.772    0.059    0.657    0.868
    paddle_z          2.986    0.273    2.428    3.500
    tilt_x            0.850    0.000    0.850    0.850
    tilt_z            0.800    0.000    0.800    0.800
    swing_speed      -0.007    0.019   -0.060    0.027
    swing_elev        3.991    0.415    3.245    5.145

============================================================
  Stage 2 (topspin/backspin)  —  200 episodes
============================================================

  Outcomes:
    success           184 ( 92.0%)  ██████████████████████████████████████████████
    paddle_miss        16 (  8.0%)  ████

  Success rate: 92.0%

  Reward statistics:
    mean:   1.192
    std:    0.399
    min:    -0.126
    max:    1.543
    median: 1.299

  Action statistics:
    param              mean      std      min      max
    ----------------------------------------------
    paddle_x          0.760    0.168    0.372    1.192
    paddle_z          3.083    0.299    2.457    3.500
    tilt_x            0.850    0.000    0.850    0.850
    tilt_z            0.800    0.000    0.800    0.800
    swing_speed      -0.005    0.047   -0.114    0.095
    swing_elev        4.021    0.534    3.108    5.904

============================================================
  Stage 3 (full spin)  —  200 episodes
============================================================

  Outcomes:
    success           160 ( 80.0%)  ████████████████████████████████████████
    paddle_miss        29 ( 14.5%)  ███████
    return_missed_table     9 (  4.5%)  ██
    return_hit_net      2 (  1.0%)  

  Success rate: 80.0%

  Reward statistics:
    mean:   1.059
    std:    0.539
    min:    -0.144
    max:    1.618
    median: 1.279

  Action statistics:
    param              mean      std      min      max
    ----------------------------------------------
    paddle_x          0.768    0.514    0.000    1.525
    paddle_z          2.855    0.430    1.956    3.500
    tilt_x            0.850    0.000    0.850    0.850
    tilt_z            0.800    0.000    0.800    0.800
    swing_speed      -0.013    0.142   -0.265    0.242
    swing_elev        4.086    0.870    2.615    7.428

[23:28:33] 
[23:28:33] === Alle Stages abgeschlossen! Modelle in training/models/ ===
[23:28:33]     ppo_stage1.zip, ppo_stage2.zip, ppo_stage3.zip
[23:28:33]     Vollständiges Log: training/logs/training_20260329_182718.log
