[16:17:25] === Baue Rust-Modul (maturin develop --release) ===
💥 maturin failed
  Caused by: Couldn't find a virtualenv or conda environment, but you need one to use this command. For maturin to find your virtualenv you need to either set VIRTUAL_ENV (through activate), set CONDA_PREFIX (through conda activate) or have a virtualenv called .venv in the current or any parent folder. See https://virtualenv.pypa.io/en/latest/index.html on how to use virtualenv or use `maturin build` and `pip install <path/to/wheel>` instead.
[16:17:25] 
[16:17:25] === Stage 1: Kein Spin | 10M Steps | lr=3e-4 | ent=0.01 ===
Traceback (most recent call last):
  File "/home/sefo/devel/spinoza/training/train.py", line 8, in <module>
    from env import make_env
  File "/home/sefo/devel/spinoza/training/env.py", line 6, in <module>
    from spinoza import SimEnv
ModuleNotFoundError: No module named 'spinoza'
[16:17:27] Stage 1 abgeschlossen.
[16:17:27] 
[16:17:27] === Stage 2: Leichter Spin | 20M Steps | lr=1e-4 | ent=0.02 (Fine-Tune von Stage 1) ===
Traceback (most recent call last):
  File "/home/sefo/devel/spinoza/training/train.py", line 8, in <module>
    from env import make_env
  File "/home/sefo/devel/spinoza/training/env.py", line 6, in <module>
    from spinoza import SimEnv
ModuleNotFoundError: No module named 'spinoza'
[16:17:29] Stage 2 abgeschlossen.
[16:17:29] 
[16:17:29] === Stage 3: Voller Spin | 30M Steps | lr=5e-5 | ent=0.02 (Fine-Tune von Stage 2) ===
Traceback (most recent call last):
  File "/home/sefo/devel/spinoza/training/train.py", line 8, in <module>
    from env import make_env
  File "/home/sefo/devel/spinoza/training/env.py", line 6, in <module>
    from spinoza import SimEnv
ModuleNotFoundError: No module named 'spinoza'
[16:17:32] Stage 3 abgeschlossen.
[16:17:32] 
[16:17:32] === Finale Evaluation Stage 3 (500 Episoden) ===
Traceback (most recent call last):
  File "/home/sefo/devel/spinoza/training/evaluate.py", line 13, in <module>
    from env import TableTennisEnv
  File "/home/sefo/devel/spinoza/training/env.py", line 6, in <module>
    from spinoza import SimEnv
ModuleNotFoundError: No module named 'spinoza'
[16:17:34] 
[16:17:34] === Alle Stages abgeschlossen! Modelle in training/models/ ===
[16:17:34]     ppo_stage1.zip, ppo_stage2.zip, ppo_stage3.zip
[16:17:34]     Vollständiges Log: training/logs/training_20260325_161725.log
