[12:13:25] === Stage 2 von ckpt_9000000 | 20M Steps | lr=1e-5 | 512x512 ===
=== spinoza RL Training ===
  n_envs=64, difficulty=2
  total_timesteps=20000000
  policy=MLP [512, 512]

  lr=1e-05
  Loading pretrained model: models/ppo_stage1_checkpoints/ckpt_9000000_steps
  model params: 622,607

  step=  100032 | eps/s=  3755 | success= 14.8% | miss= 67.6% | elapsed= 26.6s
  step=  200064 | eps/s=  3757 | success= 16.3% | miss= 65.7% | elapsed= 53.3s
  step=  300096 | eps/s=  3758 | success= 18.6% | miss= 64.6% | elapsed= 79.8s
  step=  400128 | eps/s=  3772 | success= 20.2% | miss= 63.9% | elapsed=106.1s
  step=  500160 | eps/s=  3772 | success= 20.5% | miss= 64.0% | elapsed=132.6s
  step=  600192 | eps/s=  3765 | success= 20.3% | miss= 63.9% | elapsed=159.4s
  step=  700224 | eps/s=  3764 | success= 21.9% | miss= 61.9% | elapsed=186.0s
  step=  800256 | eps/s=  3750 | success= 22.6% | miss= 62.8% | elapsed=213.4s
  step=  900288 | eps/s=  3744 | success= 21.3% | miss= 66.3% | elapsed=240.4s
  step= 1000320 | eps/s=  3717 | success= 25.2% | miss= 60.3% | elapsed=269.1s
  step= 1100352 | eps/s=  3725 | success= 26.5% | miss= 58.4% | elapsed=295.4s
  step= 1200384 | eps/s=  3734 | success= 26.9% | miss= 59.2% | elapsed=321.5s
  step= 1300416 | eps/s=  3737 | success= 28.5% | miss= 57.0% | elapsed=348.0s
  step= 1400448 | eps/s=  3738 | success= 30.6% | miss= 54.7% | elapsed=374.7s
  step= 1500480 | eps/s=  3745 | success= 30.7% | miss= 54.3% | elapsed=400.6s
  step= 1600512 | eps/s=  3746 | success= 30.4% | miss= 56.6% | elapsed=427.2s
  step= 1700544 | eps/s=  3746 | success= 32.0% | miss= 54.4% | elapsed=453.9s
  step= 1800576 | eps/s=  3746 | success= 31.2% | miss= 55.7% | elapsed=480.6s
  step= 1900608 | eps/s=  3728 | success= 29.9% | miss= 57.9% | elapsed=509.8s
  step= 2000640 | eps/s=  3729 | success= 30.8% | miss= 55.6% | elapsed=536.4s
  step= 2100672 | eps/s=  3733 | success= 33.0% | miss= 51.1% | elapsed=562.8s
  step= 2200704 | eps/s=  3734 | success= 35.5% | miss= 49.9% | elapsed=589.3s
  step= 2300736 | eps/s=  3737 | success= 39.5% | miss= 46.1% | elapsed=615.7s
  step= 2400768 | eps/s=  3736 | success= 37.6% | miss= 46.9% | elapsed=642.5s
  step= 2500800 | eps/s=  3749 | success= 40.5% | miss= 46.2% | elapsed=667.1s
  step= 2600832 | eps/s=  3761 | success= 37.3% | miss= 48.6% | elapsed=691.5s
  step= 2700864 | eps/s=  3761 | success= 37.9% | miss= 45.4% | elapsed=718.2s
  step= 2800896 | eps/s=  3761 | success= 28.5% | miss= 43.1% | elapsed=744.6s
  step= 2900928 | eps/s=  3750 | success= 25.8% | miss= 44.9% | elapsed=773.6s
  step= 3000960 | eps/s=  3750 | success= 34.9% | miss= 45.1% | elapsed=800.3s
  step= 3100992 | eps/s=  3750 | success= 40.3% | miss= 46.4% | elapsed=827.0s
  step= 3201024 | eps/s=  3750 | success= 44.6% | miss= 42.6% | elapsed=853.7s
  step= 3301056 | eps/s=  3751 | success= 45.8% | miss= 41.3% | elapsed=880.1s
  step= 3401088 | eps/s=  3751 | success= 45.8% | miss= 42.0% | elapsed=906.8s
  step= 3501120 | eps/s=  3750 | success= 43.8% | miss= 44.5% | elapsed=933.6s
  step= 3601152 | eps/s=  3749 | success= 46.4% | miss= 41.2% | elapsed=960.6s
  step= 3701184 | eps/s=  3750 | success= 29.1% | miss= 47.9% | elapsed=987.0s
  step= 3801216 | eps/s=  3740 | success=  8.4% | miss= 41.1% | elapsed=1016.5s
  step= 3901248 | eps/s=  3740 | success=  9.6% | miss= 51.5% | elapsed=1043.2s
  step= 4001280 | eps/s=  3750 | success=  0.0% | miss= 99.9% | elapsed=1067.0s
  step= 4101312 | eps/s=  3753 | success=  0.0% | miss= 95.3% | elapsed=1092.9s
  step= 4201344 | eps/s=  3752 | success=  0.1% | miss= 69.6% | elapsed=1119.9s
  step= 4301376 | eps/s=  3751 | success=  0.3% | miss= 42.8% | elapsed=1146.6s
  step= 4401408 | eps/s=  3751 | success=  0.7% | miss= 34.7% | elapsed=1173.4s
  step= 4501440 | eps/s=  3751 | success=  1.2% | miss= 36.5% | elapsed=1200.1s
  step= 4601472 | eps/s=  3750 | success=  2.6% | miss= 33.0% | elapsed=1226.9s
  step= 4701504 | eps/s=  3743 | success=  4.0% | miss= 33.3% | elapsed=1256.1s
  step= 4801536 | eps/s=  3733 | success=  9.1% | miss= 26.9% | elapsed=1286.1s
  step= 4901568 | eps/s=  3733 | success= 18.7% | miss= 32.9% | elapsed=1313.1s
  step= 5001600 | eps/s=  3733 | success= 27.9% | miss= 35.2% | elapsed=1339.7s
  step= 5101632 | eps/s=  3732 | success= 39.1% | miss= 34.0% | elapsed=1367.1s
  step= 5201664 | eps/s=  3724 | success= 54.7% | miss= 24.7% | elapsed=1396.7s
  step= 5301696 | eps/s=  3716 | success= 55.1% | miss= 28.6% | elapsed=1426.7s
  step= 5401728 | eps/s=  3712 | success= 59.0% | miss= 23.9% | elapsed=1455.2s
  step= 5501760 | eps/s=  3707 | success= 59.4% | miss= 24.2% | elapsed=1484.0s
  step= 5601792 | eps/s=  3705 | success= 65.2% | miss= 20.0% | elapsed=1512.0s
  step= 5701824 | eps/s=  3695 | success= 57.2% | miss= 26.5% | elapsed=1543.0s
  step= 5801856 | eps/s=  3692 | success= 68.9% | miss= 17.9% | elapsed=1571.6s
  step= 5901888 | eps/s=  3681 | success= 64.5% | miss= 22.4% | elapsed=1603.2s
  step= 6001920 | eps/s=  3671 | success= 67.0% | miss= 20.9% | elapsed=1634.9s
  step= 6101952 | eps/s=  3663 | success= 71.4% | miss= 15.4% | elapsed=1666.0s
  step= 6201984 | eps/s=  3659 | success= 76.3% | miss= 12.3% | elapsed=1695.1s
  step= 6302016 | eps/s=  3655 | success= 75.4% | miss= 15.3% | elapsed=1724.2s
  step= 6402048 | eps/s=  3651 | success= 77.6% | miss= 12.3% | elapsed=1753.6s
  step= 6502080 | eps/s=  3646 | success= 46.9% | miss= 16.5% | elapsed=1783.3s
  step= 6602112 | eps/s=  3638 | success= 12.0% | miss= 22.4% | elapsed=1814.7s
  step= 6702144 | eps/s=  3622 | success= 54.8% | miss= 25.1% | elapsed=1850.2s
  step= 6802176 | eps/s=  3618 | success= 71.6% | miss= 14.6% | elapsed=1880.2s
  step= 6902208 | eps/s=  3615 | success= 78.9% | miss=  9.6% | elapsed=1909.3s
  step= 7002240 | eps/s=  3612 | success= 74.0% | miss= 14.0% | elapsed=1938.5s
  step= 7102272 | eps/s=  3612 | success= 72.5% | miss= 20.4% | elapsed=1966.3s
  step= 7202304 | eps/s=  3614 | success= 31.6% | miss= 50.0% | elapsed=1992.7s
  step= 7302336 | eps/s=  3616 | success=  0.2% | miss= 59.0% | elapsed=2019.6s
  step= 7402368 | eps/s=  3615 | success=  2.2% | miss= 52.4% | elapsed=2047.5s
  step= 7502400 | eps/s=  3616 | success=  8.1% | miss= 41.4% | elapsed=2074.9s
  step= 7602432 | eps/s=  3612 | success= 14.4% | miss= 41.4% | elapsed=2104.7s
  step= 7702464 | eps/s=  3608 | success=  7.0% | miss= 79.4% | elapsed=2134.6s
  step= 7802496 | eps/s=  3606 | success= 10.4% | miss= 56.0% | elapsed=2163.6s
  step= 7902528 | eps/s=  3606 | success= 20.7% | miss= 47.9% | elapsed=2191.7s
  step= 8002560 | eps/s=  3604 | success= 43.3% | miss= 40.0% | elapsed=2220.2s
  step= 8102592 | eps/s=  3603 | success= 37.3% | miss= 43.7% | elapsed=2249.0s
  step= 8202624 | eps/s=  3600 | success= 56.0% | miss= 20.8% | elapsed=2278.2s
  step= 8302656 | eps/s=  3599 | success= 62.1% | miss= 16.7% | elapsed=2307.1s
  step= 8402688 | eps/s=  3597 | success= 68.7% | miss= 15.1% | elapsed=2335.7s
  step= 8502720 | eps/s=  3596 | success= 67.8% | miss= 13.9% | elapsed=2364.5s
  step= 8602752 | eps/s=  3591 | success= 80.0% | miss=  8.9% | elapsed=2395.7s
  step= 8702784 | eps/s=  3591 | success= 64.7% | miss= 29.1% | elapsed=2423.4s
  step= 8802816 | eps/s=  3593 | success=  0.8% | miss= 95.5% | elapsed=2450.2s
  step= 8902848 | eps/s=  3593 | success=  8.8% | miss= 58.7% | elapsed=2477.7s
  step= 9002880 | eps/s=  3594 | success=  0.0% | miss= 94.1% | elapsed=2504.7s
  step= 9102912 | eps/s=  3595 | success=  0.0% | miss= 95.5% | elapsed=2532.2s
  step= 9202944 | eps/s=  3596 | success=  0.0% | miss=100.0% | elapsed=2559.2s
  step= 9302976 | eps/s=  3598 | success=  0.0% | miss=100.0% | elapsed=2585.7s
  step= 9403008 | eps/s=  3599 | success=  0.0% | miss= 95.3% | elapsed=2612.4s
  step= 9503040 | eps/s=  3594 | success=  0.1% | miss= 75.2% | elapsed=2643.9s
  step= 9603072 | eps/s=  3593 | success=  0.1% | miss= 77.9% | elapsed=2673.0s
  step= 9703104 | eps/s=  3592 | success=  1.2% | miss= 56.9% | elapsed=2701.6s
  step= 9803136 | eps/s=  3590 | success= 13.3% | miss= 14.9% | elapsed=2730.3s
  step= 9903168 | eps/s=  3589 | success= 48.8% | miss= 17.3% | elapsed=2759.3s
  step=10003200 | eps/s=  3586 | success= 62.7% | miss= 10.4% | elapsed=2789.3s
  step=10103232 | eps/s=  3582 | success= 58.1% | miss= 19.7% | elapsed=2820.7s
  step=10203264 | eps/s=  3579 | success= 60.7% | miss= 16.9% | elapsed=2850.6s
  step=10303296 | eps/s=  3578 | success= 53.9% | miss= 28.0% | elapsed=2880.0s
  step=10403328 | eps/s=  3576 | success= 59.3% | miss= 19.4% | elapsed=2909.0s
  step=10503360 | eps/s=  3571 | success= 69.9% | miss= 10.4% | elapsed=2941.0s
  step=10603392 | eps/s=  3571 | success= 73.3% | miss=  9.7% | elapsed=2969.6s
  step=10703424 | eps/s=  3570 | success= 65.5% | miss=  7.6% | elapsed=2998.4s
  step=10803456 | eps/s=  3569 | success= 71.3% | miss=  8.0% | elapsed=3027.0s
  step=10903488 | eps/s=  3567 | success= 37.6% | miss= 52.6% | elapsed=3056.8s
  step=11003520 | eps/s=  3560 | success= 66.5% | miss= 14.4% | elapsed=3090.7s
  step=11103552 | eps/s=  3552 | success= 60.3% | miss= 10.0% | elapsed=3126.3s
  step=11203584 | eps/s=  3545 | success= 59.4% | miss= 27.9% | elapsed=3160.5s
  step=11303616 | eps/s=  3536 | success= 65.2% | miss= 18.3% | elapsed=3196.5s
  step=11403648 | eps/s=  3526 | success= 70.9% | miss=  8.8% | elapsed=3234.2s
  step=11503680 | eps/s=  3521 | success= 68.6% | miss= 11.9% | elapsed=3267.2s
  step=11603712 | eps/s=  3519 | success=  0.0% | miss=100.0% | elapsed=3297.6s
  step=11703744 | eps/s=  3518 | success=  0.0% | miss=100.0% | elapsed=3326.6s
  step=11803776 | eps/s=  3517 | success=  7.8% | miss= 69.3% | elapsed=3356.3s
  step=11903808 | eps/s=  3513 | success= 44.8% | miss= 31.4% | elapsed=3388.2s
  step=12003840 | eps/s=  3508 | success= 66.5% | miss= 17.5% | elapsed=3422.1s
  step=12103872 | eps/s=  3505 | success= 76.1% | miss=  5.7% | elapsed=3453.4s
  step=12203904 | eps/s=  3503 | success= 73.7% | miss= 13.8% | elapsed=3483.7s
  step=12303936 | eps/s=  3501 | success= 67.9% | miss= 19.6% | elapsed=3514.5s
  step=12403968 | eps/s=  3498 | success= 25.7% | miss= 48.4% | elapsed=3546.2s
  step=12504000 | eps/s=  3495 | success= 17.9% | miss= 46.7% | elapsed=3577.4s
  step=12604032 | eps/s=  3496 | success= 32.9% | miss= 50.5% | elapsed=3605.5s
  step=12704064 | eps/s=  3495 | success= 34.0% | miss= 56.1% | elapsed=3635.3s
  step=12804096 | eps/s=  3495 | success= 17.7% | miss= 76.6% | elapsed=3663.8s
  step=12904128 | eps/s=  3495 | success=  4.5% | miss= 78.0% | elapsed=3692.3s
  step=13004160 | eps/s=  3492 | success= 51.2% | miss= 10.4% | elapsed=3723.9s
  step=13104192 | eps/s=  3492 | success= 71.7% | miss= 14.4% | elapsed=3752.1s
  step=13204224 | eps/s=  3493 | success= 59.3% | miss= 28.8% | elapsed=3780.1s
  step=13304256 | eps/s=  3489 | success= 70.4% | miss=  9.6% | elapsed=3813.1s
  step=13404288 | eps/s=  3491 | success=  0.0% | miss=100.0% | elapsed=3839.1s
  step=13504320 | eps/s=  3493 | success=  0.0% | miss=100.0% | elapsed=3866.0s
  step=13604352 | eps/s=  3494 | success=  0.0% | miss= 49.5% | elapsed=3893.9s
  step=13704384 | eps/s=  3494 | success=  0.0% | miss=  5.7% | elapsed=3922.6s
  step=13804416 | eps/s=  3493 | success=  0.0% | miss=  5.3% | elapsed=3951.7s
  step=13904448 | eps/s=  3493 | success=  0.1% | miss= 11.8% | elapsed=3980.9s
  step=14004480 | eps/s=  3493 | success=  0.3% | miss= 25.3% | elapsed=4009.6s
  step=14104512 | eps/s=  3493 | success=  0.3% | miss= 25.8% | elapsed=4038.0s
  step=14204544 | eps/s=  3493 | success=  0.8% | miss=  5.8% | elapsed=4067.1s
  step=14304576 | eps/s=  3490 | success=  0.7% | miss= 57.1% | elapsed=4098.2s
  step=14404608 | eps/s=  3491 | success=  0.0% | miss= 52.2% | elapsed=4125.9s
  step=14504640 | eps/s=  3492 | success=  0.6% | miss= 83.2% | elapsed=4153.4s
  step=14604672 | eps/s=  3494 | success=  0.4% | miss= 98.4% | elapsed=4180.5s
  step=14704704 | eps/s=  3495 | success=  0.0% | miss=100.0% | elapsed=4207.7s
  step=14804736 | eps/s=  3496 | success=  0.0% | miss= 98.4% | elapsed=4234.9s
  step=14904768 | eps/s=  3496 | success=  0.0% | miss= 99.0% | elapsed=4262.8s
  step=15004800 | eps/s=  3497 | success=  0.0% | miss=100.0% | elapsed=4291.3s
  step=15104832 | eps/s=  3497 | success=  0.5% | miss= 98.3% | elapsed=4319.8s
  step=15204864 | eps/s=  3495 | success=  2.8% | miss= 90.3% | elapsed=4350.0s
  step=15304896 | eps/s=  3496 | success=  6.2% | miss= 84.1% | elapsed=4378.1s
  step=15404928 | eps/s=  3496 | success=  9.7% | miss= 82.9% | elapsed=4406.1s
  step=15504960 | eps/s=  3497 | success= 13.7% | miss= 78.8% | elapsed=4434.0s
  step=15604992 | eps/s=  3497 | success= 12.6% | miss= 79.0% | elapsed=4462.3s
  step=15705024 | eps/s=  3498 | success=  7.2% | miss= 84.4% | elapsed=4490.0s
  step=15805056 | eps/s=  3499 | success=  0.0% | miss= 87.3% | elapsed=4517.4s
  step=15905088 | eps/s=  3499 | success=  0.0% | miss= 78.9% | elapsed=4545.0s
  step=16005120 | eps/s=  3501 | success=  0.0% | miss= 78.6% | elapsed=4572.2s
  step=16105152 | eps/s=  3501 | success=  0.0% | miss= 79.1% | elapsed=4599.8s
  step=16205184 | eps/s=  3500 | success=  0.0% | miss= 79.1% | elapsed=4630.2s
  step=16305216 | eps/s=  3501 | success=  0.0% | miss= 78.8% | elapsed=4657.4s
  step=16405248 | eps/s=  3502 | success=  0.0% | miss= 80.1% | elapsed=4684.7s
  step=16505280 | eps/s=  3503 | success=  0.0% | miss= 79.6% | elapsed=4712.1s
  step=16605312 | eps/s=  3503 | success=  0.0% | miss= 80.5% | elapsed=4739.8s
  step=16705344 | eps/s=  3504 | success=  0.0% | miss= 80.4% | elapsed=4767.3s
