[16:18:39] === Baue Rust-Modul (maturin build --release) ===
🔗 Found pyo3 bindings
🐍 Found CPython 3.12 at /usr/bin/python3
    Finished `release` profile [optimized] target(s) in 0.03s
📦 Built wheel for CPython 3.12 to /home/sefo/devel/spinoza/target/wheels/spinoza-0.1.0-cp312-cp312-manylinux_2_34_x86_64.whl
Defaulting to user installation because normal site-packages is not writeable
Processing ./target/wheels/spinoza-0.1.0-cp312-cp312-manylinux_2_34_x86_64.whl
Installing collected packages: spinoza
  Attempting uninstall: spinoza
    Found existing installation: spinoza 0.1.0
    Uninstalling spinoza-0.1.0:
      Successfully uninstalled spinoza-0.1.0
Successfully installed spinoza-0.1.0
spinoza OK
[16:18:40] 
[16:18:40] === Stage 1: Kein Spin | 10M Steps | lr=3e-4 | ent=0.01 ===
=== spinoza RL Training ===
  n_envs=64, difficulty=1
  total_timesteps=10000000
  policy=MLP [256, 256]

  model params: 149,519

  step=  100032 | eps/s= 10134 | success=  0.0% | miss= 99.9% | elapsed=  9.9s
  step=  200064 | eps/s= 10022 | success=  0.0% | miss= 99.6% | elapsed= 20.0s
  step=  300096 | eps/s=  9967 | success=  0.0% | miss= 98.5% | elapsed= 30.1s
  step=  400128 | eps/s= 10039 | success=  0.1% | miss= 97.2% | elapsed= 39.9s
  step=  500160 | eps/s= 10023 | success=  0.1% | miss= 96.7% | elapsed= 49.9s
  step=  600192 | eps/s= 10046 | success=  0.0% | miss= 96.4% | elapsed= 59.7s
