[21:31:37] === Baue Rust-Modul (maturin build --release) ===
🔗 Found pyo3 bindings
🐍 Found CPython 3.12 at /usr/bin/python3
    Finished `release` profile [optimized] target(s) in 0.03s
📦 Built wheel for CPython 3.12 to /home/sefo/devel/spinoza/target/wheels/spinoza-0.1.0-cp312-cp312-manylinux_2_34_x86_64.whl
Defaulting to user installation because normal site-packages is not writeable
Processing ./target/wheels/spinoza-0.1.0-cp312-cp312-manylinux_2_34_x86_64.whl
Installing collected packages: spinoza
  Attempting uninstall: spinoza
    Found existing installation: spinoza 0.1.0
    Uninstalling spinoza-0.1.0:
      Successfully uninstalled spinoza-0.1.0
Successfully installed spinoza-0.1.0
spinoza OK
[21:31:38] 
[21:31:38] === Stage 1: Kein Spin | 10M Steps | lr=3e-4→1e-5 (decay) | ent=0.01 ===
=== spinoza RL Training ===
  n_envs=64, difficulty=1
  total_timesteps=10000000
  policy=MLP [512, 512]

  lr=0.0003 → 1e-05 (linear decay)
  model params: 622,607

  step=  100032 | eps/s= 10993 | success=  0.0% | miss= 99.9% | elapsed=  9.1s
  step=  200064 | eps/s= 11079 | success=  0.0% | miss= 99.5% | elapsed= 18.1s
  step=  300096 | eps/s= 11153 | success=  0.0% | miss= 98.6% | elapsed= 26.9s
  step=  400128 | eps/s= 11194 | success=  0.0% | miss= 97.7% | elapsed= 35.7s
  step=  500160 | eps/s= 11171 | success=  0.0% | miss= 97.4% | elapsed= 44.8s
  step=  600192 | eps/s=  9715 | success=  0.0% | miss= 97.3% | elapsed= 61.8s
  step=  700224 | eps/s=  9272 | success=  0.0% | miss= 96.9% | elapsed= 75.5s
  step=  800256 | eps/s=  8721 | success=  0.1% | miss= 96.6% | elapsed= 91.8s
  step=  900288 | eps/s=  8904 | success=  0.1% | miss= 96.6% | elapsed=101.1s
  step= 1000320 | eps/s=  9049 | success=  0.1% | miss= 96.5% | elapsed=110.6s
  step= 1100352 | eps/s=  9195 | success=  0.1% | miss= 96.5% | elapsed=119.7s
  step= 1200384 | eps/s=  8959 | success=  0.2% | miss= 96.5% | elapsed=134.0s
  step= 1300416 | eps/s=  9043 | success=  0.2% | miss= 96.5% | elapsed=143.8s
  step= 1400448 | eps/s=  8778 | success=  0.2% | miss= 96.4% | elapsed=159.5s
  step= 1500480 | eps/s=  8436 | success=  0.1% | miss= 96.2% | elapsed=177.9s
  step= 1600512 | eps/s=  8383 | success=  0.2% | miss= 96.2% | elapsed=190.9s
  step= 1700544 | eps/s=  8481 | success=  0.1% | miss= 96.2% | elapsed=200.5s
  step= 1800576 | eps/s=  8558 | success=  0.1% | miss= 96.3% | elapsed=210.4s
  step= 1900608 | eps/s=  8643 | success=  0.1% | miss= 96.2% | elapsed=219.9s
  step= 2000640 | eps/s=  8707 | success=  0.1% | miss= 96.2% | elapsed=229.8s
  step= 2100672 | eps/s=  8781 | success=  0.1% | miss= 96.2% | elapsed=239.2s
  step= 2200704 | eps/s=  8854 | success=  0.1% | miss= 96.1% | elapsed=248.5s
  step= 2300736 | eps/s=  8756 | success=  0.1% | miss= 96.1% | elapsed=262.8s
  step= 2400768 | eps/s=  8579 | success=  0.1% | miss= 96.1% | elapsed=279.9s
  step= 2500800 | eps/s=  8494 | success=  0.1% | miss= 95.8% | elapsed=294.4s
  step= 2600832 | eps/s=  8519 | success=  0.1% | miss= 95.9% | elapsed=305.3s
  step= 2700864 | eps/s=  8461 | success=  0.1% | miss= 95.8% | elapsed=319.2s
  step= 2800896 | eps/s=  8454 | success=  0.1% | miss= 95.7% | elapsed=331.3s
  step= 2900928 | eps/s=  8354 | success=  0.1% | miss= 95.8% | elapsed=347.3s
  step= 3000960 | eps/s=  8242 | success=  0.2% | miss= 95.6% | elapsed=364.1s
  step= 3100992 | eps/s=  8192 | success=  0.2% | miss= 95.6% | elapsed=378.5s
  step= 3201024 | eps/s=  8078 | success=  0.1% | miss= 95.5% | elapsed=396.2s
  step= 3301056 | eps/s=  8009 | success=  0.1% | miss= 95.4% | elapsed=412.2s
  step= 3401088 | eps/s=  8013 | success=  0.1% | miss= 95.3% | elapsed=424.5s
  step= 3501120 | eps/s=  7989 | success=  0.2% | miss= 95.3% | elapsed=438.3s
  step= 3601152 | eps/s=  8037 | success=  0.1% | miss= 95.3% | elapsed=448.1s
  step= 3701184 | eps/s=  8088 | success=  0.1% | miss= 95.2% | elapsed=457.6s
  step= 3801216 | eps/s=  8103 | success=  0.2% | miss= 95.1% | elapsed=469.1s
  step= 3901248 | eps/s=  8080 | success=  0.2% | miss= 95.1% | elapsed=482.8s
  step= 4001280 | eps/s=  8028 | success=  0.2% | miss= 95.0% | elapsed=498.4s
  step= 4101312 | eps/s=  8017 | success=  0.2% | miss= 95.1% | elapsed=511.5s
  step= 4201344 | eps/s=  8019 | success=  0.2% | miss= 95.0% | elapsed=523.9s
  step= 4301376 | eps/s=  8015 | success=  0.2% | miss= 95.0% | elapsed=536.7s
  step= 4401408 | eps/s=  7995 | success=  0.2% | miss= 94.8% | elapsed=550.5s
  step= 4501440 | eps/s=  7949 | success=  0.2% | miss= 94.8% | elapsed=566.3s
  step= 4601472 | eps/s=  7916 | success=  0.2% | miss= 94.6% | elapsed=581.3s
  step= 4701504 | eps/s=  7920 | success=  0.2% | miss= 94.7% | elapsed=593.6s
  step= 4801536 | eps/s=  7857 | success=  0.2% | miss= 94.6% | elapsed=611.2s
  step= 4901568 | eps/s=  7842 | success=  0.2% | miss= 94.5% | elapsed=625.1s
  step= 5001600 | eps/s=  7827 | success=  0.2% | miss= 94.5% | elapsed=639.0s
  step= 5101632 | eps/s=  7811 | success=  0.2% | miss= 94.5% | elapsed=653.1s
  step= 5201664 | eps/s=  7810 | success=  0.2% | miss= 94.4% | elapsed=666.0s
  step= 5301696 | eps/s=  7717 | success=  0.2% | miss= 94.2% | elapsed=687.0s
  step= 5401728 | eps/s=  7689 | success=  0.2% | miss= 94.2% | elapsed=702.6s
  step= 5501760 | eps/s=  7628 | success=  0.3% | miss= 94.0% | elapsed=721.3s
  step= 5601792 | eps/s=  7620 | success=  0.2% | miss= 93.9% | elapsed=735.1s
  step= 5701824 | eps/s=  7601 | success=  0.2% | miss= 94.0% | elapsed=750.1s
  step= 5801856 | eps/s=  7576 | success=  0.2% | miss= 94.0% | elapsed=765.8s
  step= 5901888 | eps/s=  7562 | success=  0.2% | miss= 94.0% | elapsed=780.5s
  step= 6001920 | eps/s=  7559 | success=  0.2% | miss= 93.8% | elapsed=794.0s
  step= 6101952 | eps/s=  7526 | success=  0.2% | miss= 93.7% | elapsed=810.8s
  step= 6201984 | eps/s=  7490 | success=  0.2% | miss= 93.7% | elapsed=828.0s
  step= 6302016 | eps/s=  7460 | success=  0.2% | miss= 93.7% | elapsed=844.8s
  step= 6402048 | eps/s=  7443 | success=  0.3% | miss= 93.6% | elapsed=860.1s
  step= 6502080 | eps/s=  7475 | success=  0.2% | miss= 93.6% | elapsed=869.8s
  step= 6602112 | eps/s=  7440 | success=  0.2% | miss= 93.4% | elapsed=887.4s
  step= 6702144 | eps/s=  7448 | success=  0.2% | miss= 93.4% | elapsed=899.8s
  step= 6802176 | eps/s=  7479 | success=  0.3% | miss= 93.4% | elapsed=909.5s
  step= 6902208 | eps/s=  7437 | success=  0.2% | miss= 93.4% | elapsed=928.0s
  step= 7002240 | eps/s=  7377 | success=  0.2% | miss= 93.3% | elapsed=949.1s
  step= 7102272 | eps/s=  7371 | success=  0.2% | miss= 93.3% | elapsed=963.5s
  step= 7202304 | eps/s=  7339 | success=  0.2% | miss= 93.1% | elapsed=981.4s
  step= 7302336 | eps/s=  7301 | success=  0.3% | miss= 93.0% | elapsed=1000.2s
  step= 7402368 | eps/s=  7329 | success=  0.3% | miss= 93.0% | elapsed=1010.0s
  step= 7502400 | eps/s=  7297 | success=  0.3% | miss= 93.2% | elapsed=1028.2s
  step= 7602432 | eps/s=  7262 | success=  0.3% | miss= 93.0% | elapsed=1046.9s
  step= 7702464 | eps/s=  7232 | success=  0.3% | miss= 92.9% | elapsed=1065.1s
  step= 7802496 | eps/s=  7187 | success=  0.3% | miss= 93.0% | elapsed=1085.6s
  step= 7902528 | eps/s=  7128 | success=  0.3% | miss= 92.8% | elapsed=1108.7s
  step= 8002560 | eps/s=  7106 | success=  0.3% | miss= 92.7% | elapsed=1126.2s
  step= 8102592 | eps/s=  7061 | success=  0.3% | miss= 92.6% | elapsed=1147.4s
  step= 8202624 | eps/s=  7021 | success=  0.3% | miss= 92.4% | elapsed=1168.3s
  step= 8302656 | eps/s=  6972 | success=  0.3% | miss= 92.5% | elapsed=1190.9s
  step= 8402688 | eps/s=  6932 | success=  0.3% | miss= 92.4% | elapsed=1212.2s
  step= 8502720 | eps/s=  6894 | success=  0.3% | miss= 92.3% | elapsed=1233.3s
  step= 8602752 | eps/s=  6848 | success=  0.3% | miss= 92.4% | elapsed=1256.3s
  step= 8702784 | eps/s=  6804 | success=  0.3% | miss= 92.2% | elapsed=1279.1s
  step= 8802816 | eps/s=  6775 | success=  0.3% | miss= 92.2% | elapsed=1299.4s
  step= 8902848 | eps/s=  6762 | success=  0.3% | miss= 92.3% | elapsed=1316.5s
  step= 9002880 | eps/s=  6720 | success=  0.3% | miss= 92.4% | elapsed=1339.8s
  step= 9102912 | eps/s=  6698 | success=  0.3% | miss= 92.1% | elapsed=1359.0s
  step= 9202944 | eps/s=  6668 | success=  0.3% | miss= 92.1% | elapsed=1380.2s
  step= 9302976 | eps/s=  6638 | success=  0.3% | miss= 92.1% | elapsed=1401.5s
  step= 9403008 | eps/s=  6601 | success=  0.3% | miss= 91.9% | elapsed=1424.6s
  step= 9503040 | eps/s=  6552 | success=  0.3% | miss= 91.9% | elapsed=1450.3s
  step= 9603072 | eps/s=  6517 | success=  0.4% | miss= 91.9% | elapsed=1473.6s
  step= 9703104 | eps/s=  6483 | success=  0.3% | miss= 91.8% | elapsed=1496.7s
  step= 9803136 | eps/s=  6450 | success=  0.4% | miss= 91.7% | elapsed=1519.8s
  step= 9903168 | eps/s=  6420 | success=  0.3% | miss= 91.9% | elapsed=1542.6s
  step=10003200 | eps/s=  6392 | success=  0.3% | miss= 91.8% | elapsed=1565.1s

  Training complete in 1568.2s
  Avg throughput: 6377 timesteps/sec
  Model saved to models/ppo_stage1

=== Evaluation (100 episodes) ===
  paddle_miss: 57%
  return_missed_table: 43%
  avg reward: 0.323
[21:57:55] === Replay-Export Stage 1 (50 Replays, Difficulty 1) ===
Exported 20 replays to ../web/replays_stage1.json (618 KB)
  Outcomes: {'paddle_miss': 83, 'return_missed_table': 67}
[21:58:00] Stage 1 abgeschlossen.
[21:58:00] 
[21:58:00] === Stage 2: Leichter Spin | 20M Steps | lr=1e-5 | ent=0.02 (Fine-Tune von Stage 1) ===
=== spinoza RL Training ===
  n_envs=64, difficulty=2
  total_timesteps=20000000
  policy=MLP [512, 512]

  lr=1e-05
  Loading pretrained model: models/ppo_stage1
  model params: 622,607

  step=  100032 | eps/s=  8084 | success=  0.2% | miss= 93.3% | elapsed= 12.4s
  step=  200064 | eps/s=  8001 | success=  0.3% | miss= 93.2% | elapsed= 25.0s
  step=  300096 | eps/s=  7711 | success=  0.3% | miss= 93.2% | elapsed= 38.9s
  step=  400128 | eps/s=  7779 | success=  0.3% | miss= 93.4% | elapsed= 51.4s
  step=  500160 | eps/s=  7790 | success=  0.3% | miss= 93.3% | elapsed= 64.2s
  step=  600192 | eps/s=  7832 | success=  0.3% | miss= 93.0% | elapsed= 76.6s
  step=  700224 | eps/s=  7838 | success=  0.3% | miss= 93.2% | elapsed= 89.3s
  step=  800256 | eps/s=  7840 | success=  0.3% | miss= 93.1% | elapsed=102.1s
  step=  900288 | eps/s=  7824 | success=  0.3% | miss= 93.0% | elapsed=115.1s
  step= 1000320 | eps/s=  7812 | success=  0.2% | miss= 93.1% | elapsed=128.1s
  step= 1100352 | eps/s=  7819 | success=  0.4% | miss= 93.2% | elapsed=140.7s
  step= 1200384 | eps/s=  7792 | success=  0.4% | miss= 93.1% | elapsed=154.0s
  step= 1300416 | eps/s=  7790 | success=  0.4% | miss= 93.1% | elapsed=166.9s
  step= 1400448 | eps/s=  7807 | success=  0.3% | miss= 93.2% | elapsed=179.4s
  step= 1500480 | eps/s=  7818 | success=  0.3% | miss= 93.1% | elapsed=191.9s
  step= 1600512 | eps/s=  7803 | success=  0.3% | miss= 92.9% | elapsed=205.1s
  step= 1700544 | eps/s=  7805 | success=  0.3% | miss= 93.0% | elapsed=217.9s
  step= 1800576 | eps/s=  7792 | success=  0.3% | miss= 92.9% | elapsed=231.1s
  step= 1900608 | eps/s=  7796 | success=  0.2% | miss= 93.0% | elapsed=243.8s
  step= 2000640 | eps/s=  7772 | success=  0.2% | miss= 92.9% | elapsed=257.4s
  step= 2100672 | eps/s=  7776 | success=  0.3% | miss= 92.8% | elapsed=270.2s
  step= 2200704 | eps/s=  7787 | success=  0.4% | miss= 92.9% | elapsed=282.6s
  step= 2300736 | eps/s=  7806 | success=  0.3% | miss= 93.0% | elapsed=294.7s
  step= 2400768 | eps/s=  7789 | success=  0.3% | miss= 92.9% | elapsed=308.2s
  step= 2500800 | eps/s=  7803 | success=  0.3% | miss= 92.9% | elapsed=320.5s
  step= 2600832 | eps/s=  7793 | success=  0.3% | miss= 92.9% | elapsed=333.7s
  step= 2700864 | eps/s=  7788 | success=  0.3% | miss= 92.7% | elapsed=346.8s
  step= 2800896 | eps/s=  7781 | success=  0.3% | miss= 92.9% | elapsed=360.0s
  step= 2900928 | eps/s=  7744 | success=  0.3% | miss= 92.7% | elapsed=374.6s
  step= 3000960 | eps/s=  7758 | success=  0.3% | miss= 92.8% | elapsed=386.8s
  step= 3100992 | eps/s=  7760 | success=  0.3% | miss= 92.6% | elapsed=399.6s
  step= 3201024 | eps/s=  7752 | success=  0.2% | miss= 92.6% | elapsed=413.0s
  step= 3301056 | eps/s=  7740 | success=  0.3% | miss= 92.6% | elapsed=426.5s
  step= 3401088 | eps/s=  7731 | success=  0.3% | miss= 92.5% | elapsed=439.9s
  step= 3501120 | eps/s=  7735 | success=  0.3% | miss= 92.5% | elapsed=452.6s
  step= 3601152 | eps/s=  7730 | success=  0.2% | miss= 92.7% | elapsed=465.9s
  step= 3701184 | eps/s=  7738 | success=  0.2% | miss= 92.6% | elapsed=478.3s
  step= 3801216 | eps/s=  7730 | success=  0.2% | miss= 92.6% | elapsed=491.8s
  step= 3901248 | eps/s=  7727 | success=  0.2% | miss= 92.8% | elapsed=504.9s
  step= 4001280 | eps/s=  7731 | success=  0.3% | miss= 92.6% | elapsed=517.6s
  step= 4101312 | eps/s=  7738 | success=  0.3% | miss= 92.6% | elapsed=530.0s
  step= 4201344 | eps/s=  7737 | success=  0.2% | miss= 92.7% | elapsed=543.0s
  step= 4301376 | eps/s=  7736 | success=  0.3% | miss= 92.6% | elapsed=556.0s
  step= 4401408 | eps/s=  7738 | success=  0.4% | miss= 92.5% | elapsed=568.8s
  step= 4501440 | eps/s=  7741 | success=  0.3% | miss= 92.7% | elapsed=581.5s
  step= 4601472 | eps/s=  7733 | success=  0.3% | miss= 92.4% | elapsed=595.0s
  step= 4701504 | eps/s=  7735 | success=  0.3% | miss= 92.5% | elapsed=607.9s
  step= 4801536 | eps/s=  7712 | success=  0.3% | miss= 92.6% | elapsed=622.6s
  step= 4901568 | eps/s=  7715 | success=  0.3% | miss= 92.5% | elapsed=635.3s
  step= 5001600 | eps/s=  7718 | success=  0.3% | miss= 92.5% | elapsed=648.0s
  step= 5101632 | eps/s=  7721 | success=  0.4% | miss= 92.4% | elapsed=660.8s
  step= 5201664 | eps/s=  7722 | success=  0.4% | miss= 92.2% | elapsed=673.6s
  step= 5301696 | eps/s=  7719 | success=  0.3% | miss= 92.4% | elapsed=686.9s
  step= 5401728 | eps/s=  7726 | success=  0.3% | miss= 92.4% | elapsed=699.2s
  step= 5501760 | eps/s=  7726 | success=  0.3% | miss= 92.3% | elapsed=712.1s
  step= 5601792 | eps/s=  7718 | success=  0.4% | miss= 92.4% | elapsed=725.8s
  step= 5701824 | eps/s=  7720 | success=  0.5% | miss= 92.4% | elapsed=738.6s
  step= 5801856 | eps/s=  7725 | success=  0.4% | miss= 92.4% | elapsed=751.1s
  step= 5901888 | eps/s=  7727 | success=  0.3% | miss= 92.2% | elapsed=763.8s
  step= 6001920 | eps/s=  7729 | success=  0.3% | miss= 92.1% | elapsed=776.6s
  step= 6101952 | eps/s=  7732 | success=  0.4% | miss= 92.2% | elapsed=789.2s
  step= 6201984 | eps/s=  7734 | success=  0.4% | miss= 92.0% | elapsed=801.9s
  step= 6302016 | eps/s=  7736 | success=  0.4% | miss= 92.0% | elapsed=814.7s
  step= 6402048 | eps/s=  7732 | success=  0.3% | miss= 92.3% | elapsed=828.0s
  step= 6502080 | eps/s=  7724 | success=  0.3% | miss= 92.1% | elapsed=841.9s
  step= 6602112 | eps/s=  7721 | success=  0.4% | miss= 91.9% | elapsed=855.1s
  step= 6702144 | eps/s=  7710 | success=  0.4% | miss= 92.0% | elapsed=869.2s
  step= 6802176 | eps/s=  7702 | success=  0.4% | miss= 92.0% | elapsed=883.2s
  step= 6902208 | eps/s=  7689 | success=  0.3% | miss= 92.0% | elapsed=897.7s
  step= 7002240 | eps/s=  7692 | success=  0.4% | miss= 92.0% | elapsed=910.3s
  step= 7102272 | eps/s=  7698 | success=  0.5% | miss= 92.2% | elapsed=922.7s
  step= 7202304 | eps/s=  7702 | success=  0.4% | miss= 92.2% | elapsed=935.2s
  step= 7302336 | eps/s=  7705 | success=  0.4% | miss= 92.0% | elapsed=947.8s
  step= 7402368 | eps/s=  7709 | success=  0.3% | miss= 92.1% | elapsed=960.2s
  step= 7502400 | eps/s=  7708 | success=  0.3% | miss= 91.9% | elapsed=973.3s
  step= 7602432 | eps/s=  7697 | success=  0.3% | miss= 91.9% | elapsed=987.7s
  step= 7702464 | eps/s=  7693 | success=  0.4% | miss= 91.9% | elapsed=1001.3s
  step= 7802496 | eps/s=  7694 | success=  0.5% | miss= 92.0% | elapsed=1014.1s
  step= 7902528 | eps/s=  7688 | success=  0.5% | miss= 91.8% | elapsed=1027.9s
  step= 8002560 | eps/s=  7690 | success=  0.4% | miss= 91.8% | elapsed=1040.7s
  step= 8102592 | eps/s=  7669 | success=  0.4% | miss= 91.8% | elapsed=1056.6s
  step= 8202624 | eps/s=  7658 | success=  0.4% | miss= 91.9% | elapsed=1071.2s
  step= 8302656 | eps/s=  7649 | success=  0.5% | miss= 91.6% | elapsed=1085.5s
  step= 8402688 | eps/s=  7650 | success=  0.5% | miss= 91.6% | elapsed=1098.4s
  step= 8502720 | eps/s=  7648 | success=  0.5% | miss= 91.6% | elapsed=1111.7s
  step= 8602752 | eps/s=  7638 | success=  0.5% | miss= 91.5% | elapsed=1126.3s
  step= 8702784 | eps/s=  7641 | success=  0.5% | miss= 91.5% | elapsed=1139.0s
  step= 8802816 | eps/s=  7641 | success=  0.4% | miss= 91.6% | elapsed=1152.0s
  step= 8902848 | eps/s=  7645 | success=  0.4% | miss= 91.6% | elapsed=1164.5s
  step= 9002880 | eps/s=  7649 | success=  0.4% | miss= 91.9% | elapsed=1177.0s
  step= 9102912 | eps/s=  7644 | success=  0.4% | miss= 91.7% | elapsed=1190.9s
  step= 9202944 | eps/s=  7639 | success=  0.5% | miss= 91.6% | elapsed=1204.8s
  step= 9302976 | eps/s=  7637 | success=  0.4% | miss= 91.7% | elapsed=1218.2s
  step= 9403008 | eps/s=  7625 | success=  0.4% | miss= 91.5% | elapsed=1233.2s
  step= 9503040 | eps/s=  7610 | success=  0.4% | miss= 91.4% | elapsed=1248.7s
  step= 9603072 | eps/s=  7603 | success=  0.4% | miss= 91.4% | elapsed=1263.1s
  step= 9703104 | eps/s=  7604 | success=  0.4% | miss= 91.4% | elapsed=1276.0s
  step= 9803136 | eps/s=  7596 | success=  0.5% | miss= 91.2% | elapsed=1290.5s
  step= 9903168 | eps/s=  7593 | success=  0.5% | miss= 91.4% | elapsed=1304.3s
  step=10003200 | eps/s=  7596 | success=  0.4% | miss= 91.4% | elapsed=1316.8s
  step=10103232 | eps/s=  7594 | success=  0.5% | miss= 91.4% | elapsed=1330.4s
  step=10203264 | eps/s=  7595 | success=  0.4% | miss= 91.3% | elapsed=1343.4s
  step=10303296 | eps/s=  7590 | success=  0.4% | miss= 91.4% | elapsed=1357.5s
  step=10403328 | eps/s=  7588 | success=  0.5% | miss= 91.2% | elapsed=1371.0s
  step=10503360 | eps/s=  7591 | success=  0.5% | miss= 91.2% | elapsed=1383.7s
  step=10603392 | eps/s=  7583 | success=  0.4% | miss= 91.2% | elapsed=1398.2s
  step=10703424 | eps/s=  7583 | success=  0.4% | miss= 91.0% | elapsed=1411.4s
  step=10803456 | eps/s=  7583 | success=  0.5% | miss= 91.2% | elapsed=1424.8s
  step=10903488 | eps/s=  7586 | success=  0.4% | miss= 91.2% | elapsed=1437.3s
  step=11003520 | eps/s=  7589 | success=  0.3% | miss= 91.1% | elapsed=1450.0s
  step=11103552 | eps/s=  7590 | success=  0.3% | miss= 91.2% | elapsed=1462.9s
  step=11203584 | eps/s=  7593 | success=  0.4% | miss= 91.3% | elapsed=1475.5s
  step=11303616 | eps/s=  7594 | success=  0.4% | miss= 91.1% | elapsed=1488.4s
  step=11403648 | eps/s=  7593 | success=  0.5% | miss= 91.2% | elapsed=1502.0s
  step=11503680 | eps/s=  7592 | success=  0.5% | miss= 91.1% | elapsed=1515.2s
  step=11603712 | eps/s=  7593 | success=  0.5% | miss= 91.0% | elapsed=1528.3s
  step=11703744 | eps/s=  7580 | success=  0.4% | miss= 91.0% | elapsed=1544.1s
  step=11803776 | eps/s=  7578 | success=  0.5% | miss= 90.8% | elapsed=1557.6s
  step=11903808 | eps/s=  7571 | success=  0.5% | miss= 90.9% | elapsed=1572.3s
  step=12003840 | eps/s=  7568 | success=  0.5% | miss= 91.0% | elapsed=1586.1s
  step=12103872 | eps/s=  7568 | success=  0.5% | miss= 90.9% | elapsed=1599.3s
  step=12203904 | eps/s=  7570 | success=  0.5% | miss= 91.0% | elapsed=1612.2s
  step=12303936 | eps/s=  7570 | success=  0.5% | miss= 91.1% | elapsed=1625.4s
  step=12403968 | eps/s=  7558 | success=  0.5% | miss= 90.9% | elapsed=1641.2s
  step=12504000 | eps/s=  7560 | success=  0.5% | miss= 90.9% | elapsed=1653.9s
  step=12604032 | eps/s=  7559 | success=  0.5% | miss= 90.9% | elapsed=1667.5s
  step=12704064 | eps/s=  7553 | success=  0.5% | miss= 90.8% | elapsed=1682.1s
  step=12804096 | eps/s=  7537 | success=  0.4% | miss= 90.8% | elapsed=1698.8s
  step=12904128 | eps/s=  7535 | success=  0.4% | miss= 90.7% | elapsed=1712.6s
  step=13004160 | eps/s=  7530 | success=  0.4% | miss= 90.8% | elapsed=1727.1s
  step=13104192 | eps/s=  7526 | success=  0.4% | miss= 90.8% | elapsed=1741.2s
  step=13204224 | eps/s=  7517 | success=  0.4% | miss= 90.6% | elapsed=1756.6s
  step=13304256 | eps/s=  7508 | success=  0.4% | miss= 90.5% | elapsed=1772.0s
  step=13404288 | eps/s=  7501 | success=  0.5% | miss= 90.8% | elapsed=1787.0s
  step=13504320 | eps/s=  7485 | success=  0.4% | miss= 90.6% | elapsed=1804.3s
  step=13604352 | eps/s=  7471 | success=  0.4% | miss= 90.4% | elapsed=1821.0s
  step=13704384 | eps/s=  7463 | success=  0.5% | miss= 90.7% | elapsed=1836.3s
  step=13804416 | eps/s=  7461 | success=  0.5% | miss= 90.5% | elapsed=1850.3s
  step=13904448 | eps/s=  7460 | success=  0.5% | miss= 90.6% | elapsed=1863.9s
  step=14004480 | eps/s=  7456 | success=  0.5% | miss= 90.7% | elapsed=1878.2s
  step=14104512 | eps/s=  7448 | success=  0.4% | miss= 90.5% | elapsed=1893.6s
  step=14204544 | eps/s=  7438 | success=  0.5% | miss= 90.3% | elapsed=1909.6s
  step=14304576 | eps/s=  7427 | success=  0.5% | miss= 90.3% | elapsed=1926.1s
  step=14404608 | eps/s=  7419 | success=  0.5% | miss= 90.4% | elapsed=1941.6s
  step=14504640 | eps/s=  7415 | success=  0.5% | miss= 90.1% | elapsed=1956.2s
  step=14604672 | eps/s=  7413 | success=  0.4% | miss= 90.3% | elapsed=1970.0s
  step=14704704 | eps/s=  7400 | success=  0.4% | miss= 90.2% | elapsed=1987.2s
  step=14804736 | eps/s=  7386 | success=  0.5% | miss= 90.3% | elapsed=2004.5s
  step=14904768 | eps/s=  7378 | success=  0.5% | miss= 90.3% | elapsed=2020.1s
  step=15004800 | eps/s=  7379 | success=  0.6% | miss= 90.3% | elapsed=2033.5s
  step=15104832 | eps/s=  7372 | success=  0.6% | miss= 90.3% | elapsed=2048.9s
  step=15204864 | eps/s=  7363 | success=  0.6% | miss= 90.2% | elapsed=2065.0s
  step=15304896 | eps/s=  7347 | success=  0.6% | miss= 90.1% | elapsed=2083.2s
  step=15404928 | eps/s=  7337 | success=  0.6% | miss= 90.0% | elapsed=2099.6s
  step=15504960 | eps/s=  7322 | success=  0.5% | miss= 90.1% | elapsed=2117.6s
  step=15604992 | eps/s=  7313 | success=  0.6% | miss= 89.9% | elapsed=2133.7s
  step=15705024 | eps/s=  7307 | success=  0.6% | miss= 89.9% | elapsed=2149.2s
  step=15805056 | eps/s=  7298 | success=  0.5% | miss= 90.1% | elapsed=2165.8s
  step=15905088 | eps/s=  7290 | success=  0.5% | miss= 89.8% | elapsed=2181.9s
  step=16005120 | eps/s=  7281 | success=  0.5% | miss= 89.8% | elapsed=2198.3s
  step=16105152 | eps/s=  7271 | success=  0.5% | miss= 90.0% | elapsed=2215.0s
  step=16205184 | eps/s=  7267 | success=  0.6% | miss= 89.9% | elapsed=2230.0s
  step=16305216 | eps/s=  7254 | success=  0.6% | miss= 89.8% | elapsed=2247.7s
  step=16405248 | eps/s=  7239 | success=  0.6% | miss= 89.8% | elapsed=2266.3s
  step=16505280 | eps/s=  7235 | success=  0.6% | miss= 89.7% | elapsed=2281.4s
  step=16605312 | eps/s=  7231 | success=  0.5% | miss= 89.8% | elapsed=2296.4s
  step=16705344 | eps/s=  7223 | success=  0.5% | miss= 89.6% | elapsed=2312.8s
  step=16805376 | eps/s=  7208 | success=  0.7% | miss= 89.5% | elapsed=2331.7s
  step=16905408 | eps/s=  7197 | success=  0.7% | miss= 89.6% | elapsed=2348.9s
  step=17005440 | eps/s=  7187 | success=  0.7% | miss= 89.7% | elapsed=2366.0s
  step=17105472 | eps/s=  7177 | success=  0.6% | miss= 89.5% | elapsed=2383.3s
  step=17205504 | eps/s=  7165 | success=  0.6% | miss= 89.6% | elapsed=2401.5s
  step=17305536 | eps/s=  7153 | success=  0.7% | miss= 89.4% | elapsed=2419.4s
  step=17405568 | eps/s=  7144 | success=  0.7% | miss= 89.6% | elapsed=2436.4s
  step=17505600 | eps/s=  7138 | success=  0.6% | miss= 89.4% | elapsed=2452.5s
  step=17605632 | eps/s=  7127 | success=  0.7% | miss= 89.3% | elapsed=2470.2s
  step=17705664 | eps/s=  7122 | success=  0.7% | miss= 89.4% | elapsed=2485.9s
  step=17805696 | eps/s=  7110 | success=  0.7% | miss= 89.5% | elapsed=2504.4s
  step=17905728 | eps/s=  7098 | success=  0.6% | miss= 89.3% | elapsed=2522.6s
  step=18005760 | eps/s=  7088 | success=  0.6% | miss= 89.3% | elapsed=2540.5s
  step=18105792 | eps/s=  7080 | success=  0.6% | miss= 89.3% | elapsed=2557.3s
  step=18205824 | eps/s=  7068 | success=  0.6% | miss= 89.4% | elapsed=2575.7s
  step=18305856 | eps/s=  7055 | success=  0.7% | miss= 89.2% | elapsed=2594.7s
  step=18405888 | eps/s=  7046 | success=  0.7% | miss= 89.2% | elapsed=2612.1s
  step=18505920 | eps/s=  7033 | success=  0.7% | miss= 89.4% | elapsed=2631.3s
  step=18605952 | eps/s=  7020 | success=  0.7% | miss= 89.3% | elapsed=2650.3s
  step=18705984 | eps/s=  7008 | success=  0.7% | miss= 89.0% | elapsed=2669.1s
  step=18806016 | eps/s=  6996 | success=  0.5% | miss= 89.2% | elapsed=2688.0s
  step=18906048 | eps/s=  6984 | success=  0.5% | miss= 89.1% | elapsed=2707.0s
  step=19006080 | eps/s=  6970 | success=  0.6% | miss= 89.2% | elapsed=2726.8s
  step=19106112 | eps/s=  6958 | success=  0.7% | miss= 88.9% | elapsed=2746.1s
  step=19206144 | eps/s=  6946 | success=  0.7% | miss= 89.1% | elapsed=2764.9s
  step=19306176 | eps/s=  6935 | success=  0.5% | miss= 89.0% | elapsed=2783.8s
  step=19406208 | eps/s=  6924 | success=  0.6% | miss= 88.9% | elapsed=2802.8s
  step=19506240 | eps/s=  6913 | success=  0.5% | miss= 89.0% | elapsed=2821.8s
  step=19606272 | eps/s=  6902 | success=  0.6% | miss= 88.9% | elapsed=2840.7s
  step=19706304 | eps/s=  6891 | success=  0.6% | miss= 88.9% | elapsed=2859.8s
  step=19806336 | eps/s=  6880 | success=  0.7% | miss= 88.9% | elapsed=2878.9s
  step=19906368 | eps/s=  6869 | success=  0.7% | miss= 88.9% | elapsed=2898.0s

  Training complete in 2918.0s
  Avg throughput: 6854 timesteps/sec
  Model saved to models/ppo_stage2

=== Evaluation (100 episodes) ===
  return_missed_table: 59%
  paddle_miss: 41%
  avg reward: 0.485
[22:46:46] === Replay-Export Stage 2 (50 Replays, Difficulty 2) ===
Exported 20 replays to ../web/replays_stage2.json (661 KB)
  Outcomes: {'return_missed_table': 81, 'paddle_miss': 69}
[22:46:51] Stage 2 abgeschlossen.
[22:46:51] 
[22:46:51] === Stage 3: Voller Spin | 30M Steps | lr=5e-6 | ent=0.02 (Fine-Tune von Stage 2) ===
=== spinoza RL Training ===
  n_envs=64, difficulty=3
  total_timesteps=30000000
  policy=MLP [512, 512]

  lr=5e-06
  Loading pretrained model: models/ppo_stage2
  model params: 622,607

  step=  100032 | eps/s=  4718 | success=  0.8% | miss= 90.0% | elapsed= 21.2s
  step=  200064 | eps/s=  4676 | success=  0.9% | miss= 89.2% | elapsed= 42.8s
  step=  300096 | eps/s=  4654 | success=  0.8% | miss= 89.1% | elapsed= 64.5s
  step=  400128 | eps/s=  4665 | success=  0.9% | miss= 89.1% | elapsed= 85.8s
  step=  500160 | eps/s=  4660 | success=  0.9% | miss= 89.0% | elapsed=107.3s
  step=  600192 | eps/s=  4665 | success=  0.9% | miss= 89.0% | elapsed=128.7s
  step=  700224 | eps/s=  4664 | success=  1.1% | miss= 89.1% | elapsed=150.1s
  step=  800256 | eps/s=  4660 | success=  1.0% | miss= 88.9% | elapsed=171.7s
  step=  900288 | eps/s=  4668 | success=  0.9% | miss= 88.8% | elapsed=192.9s
  step= 1000320 | eps/s=  4638 | success=  0.8% | miss= 88.7% | elapsed=215.7s
  step= 1100352 | eps/s=  4637 | success=  0.7% | miss= 88.9% | elapsed=237.3s
  step= 1200384 | eps/s=  4641 | success=  0.7% | miss= 88.6% | elapsed=258.7s
  step= 1300416 | eps/s=  4643 | success=  0.7% | miss= 88.6% | elapsed=280.1s
  step= 1400448 | eps/s=  4645 | success=  0.8% | miss= 88.7% | elapsed=301.5s
  step= 1500480 | eps/s=  4644 | success=  0.8% | miss= 88.6% | elapsed=323.1s
  step= 1600512 | eps/s=  4641 | success=  0.8% | miss= 88.6% | elapsed=344.8s
  step= 1700544 | eps/s=  4639 | success=  0.9% | miss= 88.6% | elapsed=366.6s
  step= 1800576 | eps/s=  4636 | success=  0.8% | miss= 88.5% | elapsed=388.4s
  step= 1900608 | eps/s=  4620 | success=  0.8% | miss= 88.5% | elapsed=411.4s
  step= 2000640 | eps/s=  4618 | success=  0.8% | miss= 88.5% | elapsed=433.2s
  step= 2100672 | eps/s=  4617 | success=  0.7% | miss= 88.5% | elapsed=454.9s
  step= 2200704 | eps/s=  4614 | success=  0.7% | miss= 88.5% | elapsed=477.0s
  step= 2300736 | eps/s=  4612 | success=  0.8% | miss= 88.5% | elapsed=498.8s
  step= 2400768 | eps/s=  4611 | success=  0.9% | miss= 88.4% | elapsed=520.7s
  step= 2500800 | eps/s=  4610 | success=  1.0% | miss= 88.5% | elapsed=542.5s
  step= 2600832 | eps/s=  4610 | success=  0.8% | miss= 88.5% | elapsed=564.2s
  step= 2700864 | eps/s=  4610 | success=  0.9% | miss= 88.2% | elapsed=585.9s
  step= 2800896 | eps/s=  4608 | success=  0.9% | miss= 88.2% | elapsed=607.8s
  step= 2900928 | eps/s=  4598 | success=  0.8% | miss= 88.2% | elapsed=630.8s
  step= 3000960 | eps/s=  4597 | success=  0.7% | miss= 88.2% | elapsed=652.8s
  step= 3100992 | eps/s=  4596 | success=  0.7% | miss= 88.2% | elapsed=674.7s
  step= 3201024 | eps/s=  4595 | success=  0.8% | miss= 88.3% | elapsed=696.6s
  step= 3301056 | eps/s=  4594 | success=  0.8% | miss= 88.2% | elapsed=718.6s
  step= 3401088 | eps/s=  4594 | success=  0.9% | miss= 88.1% | elapsed=740.3s
  step= 3501120 | eps/s=  4596 | success=  0.9% | miss= 88.0% | elapsed=761.8s
  step= 3601152 | eps/s=  4596 | success=  0.8% | miss= 88.1% | elapsed=783.6s
  step= 3701184 | eps/s=  4594 | success=  0.9% | miss= 88.1% | elapsed=805.7s
  step= 3801216 | eps/s=  4588 | success=  0.8% | miss= 88.3% | elapsed=828.5s
  step= 3901248 | eps/s=  4588 | success=  0.8% | miss= 88.1% | elapsed=850.3s
  step= 4001280 | eps/s=  4590 | success=  0.8% | miss= 88.2% | elapsed=871.8s
  step= 4101312 | eps/s=  4590 | success=  0.9% | miss= 87.9% | elapsed=893.6s
  step= 4201344 | eps/s=  4590 | success=  0.9% | miss= 88.0% | elapsed=915.4s
  step= 4301376 | eps/s=  4591 | success=  0.9% | miss= 88.1% | elapsed=936.9s
  step= 4401408 | eps/s=  4593 | success=  0.9% | miss= 88.0% | elapsed=958.4s
  step= 4501440 | eps/s=  4593 | success=  0.8% | miss= 88.0% | elapsed=980.0s
  step= 4601472 | eps/s=  4592 | success=  0.8% | miss= 87.8% | elapsed=1002.0s
  step= 4701504 | eps/s=  4592 | success=  0.9% | miss= 88.0% | elapsed=1023.9s
  step= 4801536 | eps/s=  4587 | success=  0.9% | miss= 87.8% | elapsed=1046.8s
  step= 4901568 | eps/s=  4587 | success=  0.9% | miss= 87.8% | elapsed=1068.6s
  step= 5001600 | eps/s=  4587 | success=  0.8% | miss= 87.9% | elapsed=1090.4s
  step= 5101632 | eps/s=  4588 | success=  0.8% | miss= 87.9% | elapsed=1111.9s
  step= 5201664 | eps/s=  4588 | success=  0.8% | miss= 87.7% | elapsed=1133.8s
  step= 5301696 | eps/s=  4588 | success=  0.8% | miss= 87.8% | elapsed=1155.6s
  step= 5401728 | eps/s=  4588 | success=  0.8% | miss= 87.8% | elapsed=1177.4s
  step= 5501760 | eps/s=  4587 | success=  0.9% | miss= 87.7% | elapsed=1199.4s
  step= 5601792 | eps/s=  4587 | success=  0.8% | miss= 87.8% | elapsed=1221.2s
  step= 5701824 | eps/s=  4583 | success=  0.9% | miss= 87.9% | elapsed=1244.2s
  step= 5801856 | eps/s=  4582 | success=  0.9% | miss= 87.8% | elapsed=1266.3s
  step= 5901888 | eps/s=  4582 | success=  0.9% | miss= 87.6% | elapsed=1288.1s
  step= 6001920 | eps/s=  4582 | success=  0.9% | miss= 87.9% | elapsed=1310.0s
  step= 6101952 | eps/s=  4582 | success=  0.9% | miss= 87.7% | elapsed=1331.8s
  step= 6201984 | eps/s=  4581 | success=  1.0% | miss= 87.6% | elapsed=1353.8s
  step= 6302016 | eps/s=  4581 | success=  1.0% | miss= 87.8% | elapsed=1375.7s
  step= 6402048 | eps/s=  4580 | success=  1.0% | miss= 87.6% | elapsed=1397.7s
  step= 6502080 | eps/s=  4581 | success=  1.0% | miss= 87.3% | elapsed=1419.5s
  step= 6602112 | eps/s=  4581 | success=  1.0% | miss= 87.5% | elapsed=1441.2s
  step= 6702144 | eps/s=  4577 | success=  0.8% | miss= 87.4% | elapsed=1464.3s
  step= 6802176 | eps/s=  4577 | success=  0.8% | miss= 87.7% | elapsed=1486.2s
  step= 6902208 | eps/s=  4577 | success=  0.7% | miss= 87.6% | elapsed=1507.9s
  step= 7002240 | eps/s=  4577 | success=  0.8% | miss= 87.4% | elapsed=1529.8s
  step= 7102272 | eps/s=  4577 | success=  0.8% | miss= 87.6% | elapsed=1551.6s
  step= 7202304 | eps/s=  4577 | success=  0.9% | miss= 87.5% | elapsed=1573.5s
  step= 7302336 | eps/s=  4577 | success=  0.9% | miss= 87.5% | elapsed=1595.5s
  step= 7402368 | eps/s=  4577 | success=  0.9% | miss= 87.3% | elapsed=1617.3s
  step= 7502400 | eps/s=  4577 | success=  0.9% | miss= 87.4% | elapsed=1639.1s
  step= 7602432 | eps/s=  4573 | success=  1.0% | miss= 87.5% | elapsed=1662.3s
  step= 7702464 | eps/s=  4574 | success=  0.9% | miss= 87.5% | elapsed=1684.1s
  step= 7802496 | eps/s=  4574 | success=  0.9% | miss= 87.6% | elapsed=1705.9s
  step= 7902528 | eps/s=  4574 | success=  0.9% | miss= 87.4% | elapsed=1727.8s
  step= 8002560 | eps/s=  4575 | success=  0.9% | miss= 87.2% | elapsed=1749.3s
  step= 8102592 | eps/s=  4574 | success=  1.0% | miss= 87.4% | elapsed=1771.4s
  step= 8202624 | eps/s=  4574 | success=  1.0% | miss= 87.4% | elapsed=1793.4s
  step= 8302656 | eps/s=  4574 | success=  1.0% | miss= 87.5% | elapsed=1815.3s
  step= 8402688 | eps/s=  4574 | success=  0.9% | miss= 87.2% | elapsed=1837.1s
  step= 8502720 | eps/s=  4574 | success=  1.0% | miss= 87.3% | elapsed=1858.9s
  step= 8602752 | eps/s=  4571 | success=  0.9% | miss= 87.5% | elapsed=1882.0s
  step= 8702784 | eps/s=  4571 | success=  1.0% | miss= 87.2% | elapsed=1903.8s
  step= 8802816 | eps/s=  4572 | success=  1.0% | miss= 87.5% | elapsed=1925.4s
  step= 8902848 | eps/s=  4572 | success=  1.0% | miss= 87.2% | elapsed=1947.2s
  step= 9002880 | eps/s=  4572 | success=  0.9% | miss= 87.3% | elapsed=1969.0s
  step= 9102912 | eps/s=  4573 | success=  0.9% | miss= 87.1% | elapsed=1990.6s
  step= 9202944 | eps/s=  4573 | success=  0.8% | miss= 87.2% | elapsed=2012.5s
  step= 9302976 | eps/s=  4573 | success=  0.9% | miss= 87.4% | elapsed=2034.3s
  step= 9403008 | eps/s=  4573 | success=  0.9% | miss= 87.2% | elapsed=2056.1s
  step= 9503040 | eps/s=  4570 | success=  0.9% | miss= 87.2% | elapsed=2079.3s
  step= 9603072 | eps/s=  4571 | success=  0.9% | miss= 87.1% | elapsed=2101.0s
  step= 9703104 | eps/s=  4571 | success=  1.0% | miss= 87.2% | elapsed=2122.7s
  step= 9803136 | eps/s=  4572 | success=  0.9% | miss= 87.4% | elapsed=2144.2s
  step= 9903168 | eps/s=  4572 | success=  1.0% | miss= 87.1% | elapsed=2166.0s
  step=10003200 | eps/s=  4572 | success=  1.0% | miss= 87.1% | elapsed=2187.7s
  step=10103232 | eps/s=  4573 | success=  1.0% | miss= 87.1% | elapsed=2209.3s
  step=10203264 | eps/s=  4573 | success=  0.9% | miss= 87.3% | elapsed=2231.3s
  step=10303296 | eps/s=  4573 | success=  0.9% | miss= 87.1% | elapsed=2253.1s
  step=10403328 | eps/s=  4573 | success=  0.9% | miss= 87.0% | elapsed=2274.8s
  step=10503360 | eps/s=  4571 | success=  1.0% | miss= 87.2% | elapsed=2297.7s
  step=10603392 | eps/s=  4572 | success=  1.1% | miss= 87.0% | elapsed=2319.4s
  step=10703424 | eps/s=  4572 | success=  1.1% | miss= 87.0% | elapsed=2341.0s
  step=10803456 | eps/s=  4573 | success=  1.1% | miss= 87.2% | elapsed=2362.5s
  step=10903488 | eps/s=  4573 | success=  1.0% | miss= 87.0% | elapsed=2384.3s
  step=11003520 | eps/s=  4573 | success=  0.9% | miss= 87.0% | elapsed=2406.0s
  step=11103552 | eps/s=  4573 | success=  0.9% | miss= 87.1% | elapsed=2428.2s
  step=11203584 | eps/s=  4573 | success=  1.0% | miss= 87.0% | elapsed=2450.0s
  step=11303616 | eps/s=  4573 | success=  1.0% | miss= 87.0% | elapsed=2472.0s
  step=11403648 | eps/s=  4570 | success=  1.0% | miss= 87.0% | elapsed=2495.2s
  step=11503680 | eps/s=  4571 | success=  1.0% | miss= 86.9% | elapsed=2516.9s
  step=11603712 | eps/s=  4571 | success=  0.9% | miss= 87.0% | elapsed=2538.4s
  step=11703744 | eps/s=  4571 | success=  0.9% | miss= 87.0% | elapsed=2560.3s
  step=11803776 | eps/s=  4572 | success=  0.8% | miss= 87.0% | elapsed=2582.0s
  step=11903808 | eps/s=  4572 | success=  0.9% | miss= 87.0% | elapsed=2603.7s
  step=12003840 | eps/s=  4572 | success=  0.9% | miss= 86.9% | elapsed=2625.7s
  step=12103872 | eps/s=  4572 | success=  0.9% | miss= 86.9% | elapsed=2647.3s
  step=12203904 | eps/s=  4572 | success=  1.0% | miss= 86.8% | elapsed=2669.1s
  step=12303936 | eps/s=  4572 | success=  1.0% | miss= 87.0% | elapsed=2690.9s
  step=12403968 | eps/s=  4570 | success=  1.0% | miss= 87.0% | elapsed=2714.2s
  step=12504000 | eps/s=  4570 | success=  1.0% | miss= 87.1% | elapsed=2736.0s
  step=12604032 | eps/s=  4570 | success=  1.1% | miss= 86.9% | elapsed=2757.9s
  step=12704064 | eps/s=  4571 | success=  1.0% | miss= 87.0% | elapsed=2779.5s
  step=12804096 | eps/s=  4571 | success=  0.9% | miss= 86.6% | elapsed=2801.3s
  step=12904128 | eps/s=  4571 | success=  0.9% | miss= 86.8% | elapsed=2823.0s
  step=13004160 | eps/s=  4571 | success=  0.9% | miss= 86.6% | elapsed=2844.7s
  step=13104192 | eps/s=  4572 | success=  0.9% | miss= 86.7% | elapsed=2866.5s
  step=13204224 | eps/s=  4572 | success=  1.0% | miss= 86.8% | elapsed=2888.3s
  step=13304256 | eps/s=  4570 | success=  1.0% | miss= 86.9% | elapsed=2911.5s
  step=13404288 | eps/s=  4570 | success=  1.0% | miss= 86.8% | elapsed=2933.2s
  step=13504320 | eps/s=  4571 | success=  1.0% | miss= 86.8% | elapsed=2954.5s
  step=13604352 | eps/s=  4571 | success=  1.0% | miss= 86.7% | elapsed=2976.4s
  step=13704384 | eps/s=  4571 | success=  0.9% | miss= 86.8% | elapsed=2998.3s
  step=13804416 | eps/s=  4571 | success=  0.9% | miss= 86.9% | elapsed=3020.2s
  step=13904448 | eps/s=  4571 | success=  0.9% | miss= 86.8% | elapsed=3042.2s
  step=14004480 | eps/s=  4571 | success=  0.9% | miss= 86.9% | elapsed=3064.0s
  step=14104512 | eps/s=  4571 | success=  1.0% | miss= 86.6% | elapsed=3085.9s
  step=14204544 | eps/s=  4571 | success=  1.0% | miss= 86.6% | elapsed=3107.7s
  step=14304576 | eps/s=  4569 | success=  1.0% | miss= 87.0% | elapsed=3130.9s
  step=14404608 | eps/s=  4569 | success=  0.9% | miss= 86.9% | elapsed=3152.7s
  step=14504640 | eps/s=  4569 | success=  1.0% | miss= 86.5% | elapsed=3174.5s
  step=14604672 | eps/s=  4569 | success=  1.1% | miss= 86.6% | elapsed=3196.6s
  step=14704704 | eps/s=  4569 | success=  1.1% | miss= 86.5% | elapsed=3218.6s
  step=14804736 | eps/s=  4569 | success=  1.1% | miss= 86.7% | elapsed=3240.4s
  step=14904768 | eps/s=  4569 | success=  1.2% | miss= 86.7% | elapsed=3262.1s
  step=15004800 | eps/s=  4569 | success=  1.2% | miss= 86.5% | elapsed=3284.0s
  step=15104832 | eps/s=  4569 | success=  1.0% | miss= 86.7% | elapsed=3305.9s
  step=15204864 | eps/s=  4567 | success=  1.1% | miss= 86.5% | elapsed=3328.9s
  step=15304896 | eps/s=  4568 | success=  1.1% | miss= 86.6% | elapsed=3350.7s
  step=15404928 | eps/s=  4568 | success=  1.1% | miss= 86.7% | elapsed=3372.2s
  step=15504960 | eps/s=  4568 | success=  1.1% | miss= 86.3% | elapsed=3394.3s
  step=15604992 | eps/s=  4568 | success=  0.9% | miss= 86.5% | elapsed=3416.2s
  step=15705024 | eps/s=  4568 | success=  1.0% | miss= 86.7% | elapsed=3437.9s
  step=15805056 | eps/s=  4568 | success=  0.9% | miss= 86.4% | elapsed=3459.9s
  step=15905088 | eps/s=  4568 | success=  1.0% | miss= 86.4% | elapsed=3481.9s
  step=16005120 | eps/s=  4568 | success=  1.0% | miss= 86.6% | elapsed=3503.8s
  step=16105152 | eps/s=  4568 | success=  0.9% | miss= 86.6% | elapsed=3525.5s
  step=16205184 | eps/s=  4566 | success=  1.0% | miss= 86.5% | elapsed=3548.7s
  step=16305216 | eps/s=  4567 | success=  1.0% | miss= 86.5% | elapsed=3570.4s
  step=16405248 | eps/s=  4567 | success=  1.0% | miss= 86.6% | elapsed=3592.4s
  step=16505280 | eps/s=  4567 | success=  0.9% | miss= 86.4% | elapsed=3614.3s
  step=16605312 | eps/s=  4567 | success=  1.0% | miss= 86.5% | elapsed=3636.2s
  step=16705344 | eps/s=  4567 | success=  0.9% | miss= 86.7% | elapsed=3657.9s
  step=16805376 | eps/s=  4567 | success=  1.0% | miss= 86.4% | elapsed=3679.9s
  step=16905408 | eps/s=  4567 | success=  0.9% | miss= 86.5% | elapsed=3701.5s
  step=17005440 | eps/s=  4567 | success=  1.0% | miss= 86.3% | elapsed=3723.3s
  step=17105472 | eps/s=  4566 | success=  1.0% | miss= 86.5% | elapsed=3746.5s
  step=17205504 | eps/s=  4566 | success=  0.9% | miss= 86.4% | elapsed=3768.4s
  step=17305536 | eps/s=  4566 | success=  1.1% | miss= 86.3% | elapsed=3790.4s
  step=17405568 | eps/s=  4566 | success=  1.0% | miss= 86.4% | elapsed=3812.3s
  step=17505600 | eps/s=  4566 | success=  1.0% | miss= 86.2% | elapsed=3834.2s
  step=17605632 | eps/s=  4566 | success=  1.0% | miss= 86.2% | elapsed=3856.1s
  step=17705664 | eps/s=  4566 | success=  1.0% | miss= 86.3% | elapsed=3878.0s
  step=17805696 | eps/s=  4566 | success=  1.2% | miss= 86.3% | elapsed=3899.9s
  step=17905728 | eps/s=  4566 | success=  1.1% | miss= 86.3% | elapsed=3921.7s
  step=18005760 | eps/s=  4566 | success=  1.0% | miss= 86.5% | elapsed=3943.3s
  step=18105792 | eps/s=  4565 | success=  1.1% | miss= 86.2% | elapsed=3966.5s
  step=18205824 | eps/s=  4565 | success=  1.1% | miss= 86.2% | elapsed=3988.3s
  step=18305856 | eps/s=  4565 | success=  1.1% | miss= 86.2% | elapsed=4010.1s
  step=18405888 | eps/s=  4565 | success=  1.2% | miss= 86.3% | elapsed=4031.8s
  step=18505920 | eps/s=  4565 | success=  1.0% | miss= 86.4% | elapsed=4053.8s
  step=18605952 | eps/s=  4565 | success=  1.0% | miss= 86.3% | elapsed=4075.5s
  step=18705984 | eps/s=  4566 | success=  1.0% | miss= 86.0% | elapsed=4097.1s
  step=18806016 | eps/s=  4566 | success=  1.1% | miss= 86.3% | elapsed=4118.9s
  step=18906048 | eps/s=  4566 | success=  1.2% | miss= 86.2% | elapsed=4140.7s
  step=19006080 | eps/s=  4565 | success=  1.1% | miss= 86.2% | elapsed=4163.8s
  step=19106112 | eps/s=  4565 | success=  1.1% | miss= 86.3% | elapsed=4185.5s
  step=19206144 | eps/s=  4565 | success=  1.1% | miss= 86.1% | elapsed=4207.1s
  step=19306176 | eps/s=  4566 | success=  1.1% | miss= 86.3% | elapsed=4228.7s
  step=19406208 | eps/s=  4566 | success=  1.1% | miss= 86.2% | elapsed=4250.3s
  step=19506240 | eps/s=  4566 | success=  1.0% | miss= 86.0% | elapsed=4271.9s
  step=19606272 | eps/s=  4567 | success=  1.2% | miss= 86.1% | elapsed=4293.4s
  step=19706304 | eps/s=  4567 | success=  1.3% | miss= 85.9% | elapsed=4315.0s
  step=19806336 | eps/s=  4567 | success=  1.2% | miss= 86.1% | elapsed=4336.7s
  step=19906368 | eps/s=  4567 | success=  1.0% | miss= 86.0% | elapsed=4358.5s
  step=20006400 | eps/s=  4566 | success=  1.1% | miss= 85.9% | elapsed=4381.7s
  step=20106432 | eps/s=  4566 | success=  1.1% | miss= 86.2% | elapsed=4403.4s
  step=20206464 | eps/s=  4566 | success=  1.1% | miss= 86.1% | elapsed=4425.2s
  step=20306496 | eps/s=  4566 | success=  1.1% | miss= 85.9% | elapsed=4446.9s
  step=20406528 | eps/s=  4567 | success=  1.0% | miss= 86.2% | elapsed=4468.7s
  step=20506560 | eps/s=  4567 | success=  1.1% | miss= 86.2% | elapsed=4490.3s
  step=20606592 | eps/s=  4567 | success=  1.1% | miss= 86.2% | elapsed=4512.0s
  step=20706624 | eps/s=  4567 | success=  1.1% | miss= 86.0% | elapsed=4533.6s
  step=20806656 | eps/s=  4567 | success=  1.0% | miss= 86.0% | elapsed=4555.5s
  step=20906688 | eps/s=  4566 | success=  1.0% | miss= 86.3% | elapsed=4578.7s
  step=21006720 | eps/s=  4566 | success=  1.0% | miss= 86.0% | elapsed=4600.5s
  step=21106752 | eps/s=  4566 | success=  1.0% | miss= 85.9% | elapsed=4622.4s
  step=21206784 | eps/s=  4566 | success=  1.1% | miss= 86.1% | elapsed=4644.2s
  step=21306816 | eps/s=  4566 | success=  1.2% | miss= 85.9% | elapsed=4666.2s
  step=21406848 | eps/s=  4566 | success=  1.2% | miss= 86.1% | elapsed=4688.0s
  step=21506880 | eps/s=  4567 | success=  1.1% | miss= 85.9% | elapsed=4709.7s
  step=21606912 | eps/s=  4567 | success=  1.0% | miss= 85.9% | elapsed=4731.3s
  step=21706944 | eps/s=  4567 | success=  1.0% | miss= 85.9% | elapsed=4753.2s
  step=21806976 | eps/s=  4567 | success=  1.1% | miss= 86.0% | elapsed=4774.6s
  step=21907008 | eps/s=  4566 | success=  1.2% | miss= 85.8% | elapsed=4797.5s
  step=22007040 | eps/s=  4567 | success=  1.1% | miss= 85.9% | elapsed=4819.2s
  step=22107072 | eps/s=  4567 | success=  1.1% | miss= 85.9% | elapsed=4841.0s
  step=22207104 | eps/s=  4567 | success=  1.1% | miss= 85.8% | elapsed=4862.6s
  step=22307136 | eps/s=  4567 | success=  1.1% | miss= 85.8% | elapsed=4884.1s
  step=22407168 | eps/s=  4568 | success=  1.1% | miss= 85.8% | elapsed=4905.7s
  step=22507200 | eps/s=  4568 | success=  1.2% | miss= 85.9% | elapsed=4927.5s
  step=22607232 | eps/s=  4568 | success=  1.2% | miss= 86.0% | elapsed=4949.2s
  step=22707264 | eps/s=  4568 | success=  1.2% | miss= 85.9% | elapsed=4970.8s
  step=22807296 | eps/s=  4567 | success=  1.1% | miss= 85.8% | elapsed=4993.7s
  step=22907328 | eps/s=  4567 | success=  1.0% | miss= 85.8% | elapsed=5015.5s
  step=23007360 | eps/s=  4568 | success=  1.0% | miss= 85.8% | elapsed=5037.1s
  step=23107392 | eps/s=  4568 | success=  1.1% | miss= 85.8% | elapsed=5058.6s
  step=23207424 | eps/s=  4568 | success=  1.1% | miss= 86.0% | elapsed=5080.2s
  step=23307456 | eps/s=  4568 | success=  1.2% | miss= 85.9% | elapsed=5101.9s
  step=23407488 | eps/s=  4569 | success=  1.1% | miss= 86.0% | elapsed=5123.6s
  step=23507520 | eps/s=  4569 | success=  1.1% | miss= 85.9% | elapsed=5145.5s
  step=23607552 | eps/s=  4569 | success=  1.1% | miss= 85.8% | elapsed=5167.1s
  step=23707584 | eps/s=  4569 | success=  1.3% | miss= 85.6% | elapsed=5188.8s
  step=23807616 | eps/s=  4568 | success=  1.0% | miss= 86.0% | elapsed=5211.7s
  step=23907648 | eps/s=  4568 | success=  1.1% | miss= 85.7% | elapsed=5233.4s
  step=24007680 | eps/s=  4569 | success=  1.1% | miss= 85.7% | elapsed=5254.8s
  step=24107712 | eps/s=  4569 | success=  1.2% | miss= 85.6% | elapsed=5276.6s
  step=24207744 | eps/s=  4569 | success=  1.1% | miss= 85.6% | elapsed=5298.2s
  step=24307776 | eps/s=  4569 | success=  1.0% | miss= 85.7% | elapsed=5319.7s
  step=24407808 | eps/s=  4569 | success=  1.1% | miss= 85.5% | elapsed=5341.5s
  step=24507840 | eps/s=  4570 | success=  1.1% | miss= 85.4% | elapsed=5363.0s
  step=24607872 | eps/s=  4570 | success=  1.1% | miss= 85.7% | elapsed=5384.6s
  step=24707904 | eps/s=  4569 | success=  1.2% | miss= 85.7% | elapsed=5407.8s
  step=24807936 | eps/s=  4569 | success=  1.2% | miss= 85.7% | elapsed=5429.6s
  step=24907968 | eps/s=  4569 | success=  1.2% | miss= 85.6% | elapsed=5451.5s
  step=25008000 | eps/s=  4569 | success=  1.2% | miss= 85.7% | elapsed=5473.3s
  step=25108032 | eps/s=  4569 | success=  1.1% | miss= 85.5% | elapsed=5494.8s
  step=25208064 | eps/s=  4570 | success=  1.3% | miss= 85.5% | elapsed=5516.5s
  step=25308096 | eps/s=  4570 | success=  1.3% | miss= 85.6% | elapsed=5538.2s
  step=25408128 | eps/s=  4570 | success=  1.1% | miss= 85.4% | elapsed=5560.0s
  step=25508160 | eps/s=  4570 | success=  1.3% | miss= 85.7% | elapsed=5581.7s
  step=25608192 | eps/s=  4570 | success=  1.2% | miss= 85.5% | elapsed=5603.4s
  step=25708224 | eps/s=  4569 | success=  1.3% | miss= 85.5% | elapsed=5626.3s
  step=25808256 | eps/s=  4569 | success=  1.1% | miss= 85.5% | elapsed=5648.0s
  step=25908288 | eps/s=  4570 | success=  1.2% | miss= 85.5% | elapsed=5669.7s
  step=26008320 | eps/s=  4570 | success=  1.2% | miss= 85.6% | elapsed=5691.5s
  step=26108352 | eps/s=  4570 | success=  1.0% | miss= 85.6% | elapsed=5713.3s
  step=26208384 | eps/s=  4570 | success=  1.0% | miss= 85.1% | elapsed=5734.7s
  step=26308416 | eps/s=  4570 | success=  0.9% | miss= 85.5% | elapsed=5756.6s
  step=26408448 | eps/s=  4570 | success=  1.0% | miss= 85.4% | elapsed=5778.7s
  step=26508480 | eps/s=  4570 | success=  1.1% | miss= 85.4% | elapsed=5800.6s
  step=26608512 | eps/s=  4569 | success=  1.1% | miss= 85.4% | elapsed=5823.6s
  step=26708544 | eps/s=  4569 | success=  1.2% | miss= 85.5% | elapsed=5845.4s
  step=26808576 | eps/s=  4569 | success=  1.1% | miss= 85.5% | elapsed=5867.3s
  step=26908608 | eps/s=  4569 | success=  1.1% | miss= 85.5% | elapsed=5889.0s
  step=27008640 | eps/s=  4569 | success=  1.1% | miss= 85.6% | elapsed=5911.0s
  step=27108672 | eps/s=  4569 | success=  1.1% | miss= 85.4% | elapsed=5932.8s
  step=27208704 | eps/s=  4569 | success=  1.2% | miss= 85.2% | elapsed=5954.7s
  step=27308736 | eps/s=  4569 | success=  1.1% | miss= 85.4% | elapsed=5976.7s
  step=27408768 | eps/s=  4569 | success=  1.1% | miss= 85.1% | elapsed=5998.7s
  step=27508800 | eps/s=  4568 | success=  1.1% | miss= 85.4% | elapsed=6021.8s
  step=27608832 | eps/s=  4568 | success=  1.0% | miss= 85.3% | elapsed=6043.8s
  step=27708864 | eps/s=  4568 | success=  0.9% | miss= 85.3% | elapsed=6065.8s
  step=27808896 | eps/s=  4568 | success=  1.1% | miss= 85.3% | elapsed=6087.7s
  step=27908928 | eps/s=  4568 | success=  1.1% | miss= 85.3% | elapsed=6109.4s
  step=28008960 | eps/s=  4568 | success=  1.0% | miss= 85.4% | elapsed=6131.5s
  step=28108992 | eps/s=  4568 | success=  0.9% | miss= 85.1% | elapsed=6153.3s
  step=28209024 | eps/s=  4568 | success=  1.1% | miss= 85.2% | elapsed=6175.1s
  step=28309056 | eps/s=  4568 | success=  1.2% | miss= 85.1% | elapsed=6197.0s
  step=28409088 | eps/s=  4568 | success=  1.1% | miss= 85.1% | elapsed=6218.9s
  step=28509120 | eps/s=  4568 | success=  1.0% | miss= 85.0% | elapsed=6241.7s
  step=28609152 | eps/s=  4568 | success=  1.1% | miss= 85.4% | elapsed=6263.6s
  step=28709184 | eps/s=  4568 | success=  1.3% | miss= 85.3% | elapsed=6285.5s
  step=28809216 | eps/s=  4568 | success=  1.2% | miss= 85.0% | elapsed=6307.4s
  step=28909248 | eps/s=  4567 | success=  1.1% | miss= 85.2% | elapsed=6329.3s
  step=29009280 | eps/s=  4567 | success=  1.1% | miss= 85.1% | elapsed=6351.2s
  step=29109312 | eps/s=  4568 | success=  1.2% | miss= 85.3% | elapsed=6373.1s
  step=29209344 | eps/s=  4568 | success=  1.3% | miss= 85.2% | elapsed=6395.0s
  step=29309376 | eps/s=  4568 | success=  1.3% | miss= 85.2% | elapsed=6416.8s
  step=29409408 | eps/s=  4567 | success=  1.1% | miss= 85.1% | elapsed=6440.0s
  step=29509440 | eps/s=  4567 | success=  1.2% | miss= 85.2% | elapsed=6462.0s
  step=29609472 | eps/s=  4567 | success=  1.2% | miss= 85.1% | elapsed=6483.9s
  step=29709504 | eps/s=  4567 | success=  1.0% | miss= 85.1% | elapsed=6505.7s
  step=29809536 | eps/s=  4567 | success=  1.0% | miss= 84.9% | elapsed=6527.4s
  step=29909568 | eps/s=  4567 | success=  1.0% | miss= 85.1% | elapsed=6549.4s
  step=30009600 | eps/s=  4567 | success=  1.1% | miss= 85.2% | elapsed=6571.0s

  Training complete in 6573.1s
  Avg throughput: 4564 timesteps/sec
  Model saved to models/ppo_stage3

=== Evaluation (100 episodes) ===
  paddle_miss: 59%
  return_missed_table: 41%
  avg reward: 0.300
[00:36:32] === Replay-Export Stage 3 (100 Replays, alle Difficulties) ===
Exported 41 replays to ../web/replays.json (1411 KB)
  Outcomes: {'return_missed_table': 140, 'paddle_miss': 159, 'success': 1}
Exported 12 replays to ../web/replays_stage3_d1.json (374 KB)
  Outcomes: {'return_missed_table': 46, 'paddle_miss': 44}
Exported 12 replays to ../web/replays_stage3_d2.json (394 KB)
  Outcomes: {'return_missed_table': 48, 'paddle_miss': 42}
[00:36:46] Stage 3 abgeschlossen.
[00:36:46] 
[00:36:46] === Finale Evaluation Stage 3 (200 Episoden pro Difficulty) ===
Loaded model: models/ppo_stage3
  Policy params: 622,607

============================================================
  Stage 1 (no spin)  —  200 episodes
============================================================

  Outcomes:
    return_missed_table   108 ( 54.0%)  ███████████████████████████
    paddle_miss        92 ( 46.0%)  ███████████████████████

  Success rate: 0.0%

  Reward statistics:
    mean:   0.434
    std:    0.505
    min:    -0.132
    max:    0.900
    median: 0.900

  Action statistics:
    param              mean      std      min      max
    ----------------------------------------------
    paddle_x          0.781    0.061    0.653    0.887
    paddle_z          3.103    0.422    1.954    3.500
    tilt_x            0.780    0.000    0.780    0.780
    tilt_z            0.500    0.000    0.500    0.500
    swing_speed      -0.039    0.012   -0.064   -0.014
    swing_elev        3.153    0.104    2.937    3.415

============================================================
  Stage 2 (topspin/backspin)  —  200 episodes
============================================================

  Outcomes:
    paddle_miss       108 ( 54.0%)  ███████████████████████████
    return_missed_table    92 ( 46.0%)  ███████████████████████

  Success rate: 0.0%

  Reward statistics:
    mean:   0.352
    std:    0.506
    min:    -0.140
    max:    0.900
    median: -0.102

  Action statistics:
    param              mean      std      min      max
    ----------------------------------------------
    paddle_x          0.768    0.172    0.318    1.229
    paddle_z          3.163    0.395    1.947    3.500
    tilt_x            0.780    0.000    0.780    0.780
    tilt_z            0.500    0.000    0.500    0.500
    swing_speed      -0.039    0.034   -0.126    0.037
    swing_elev        3.185    0.136    2.948    3.547

============================================================
  Stage 3 (full spin)  —  200 episodes
============================================================

  Outcomes:
    paddle_miss       126 ( 63.0%)  ███████████████████████████████
    return_missed_table    73 ( 36.5%)  ██████████████████
    success             1 (  0.5%)  

  Success rate: 0.5%

  Reward statistics:
    mean:   0.260
    std:    0.494
    min:    -0.158
    max:    1.199
    median: -0.106

  Action statistics:
    param              mean      std      min      max
    ----------------------------------------------
    paddle_x          0.766    0.552    0.000    1.525
    paddle_z          2.829    0.581    1.800    3.500
    tilt_x            0.780    0.000    0.780    0.780
    tilt_z            0.500    0.000    0.500    0.500
    swing_speed      -0.043    0.119   -0.254    0.168
    swing_elev        3.166    0.189    2.786    3.650

[00:36:50] 
[00:36:50] === Alle Stages abgeschlossen! Modelle in training/models/ ===
[00:36:50]     ppo_stage1.zip, ppo_stage2.zip, ppo_stage3.zip
[00:36:50]     Vollständiges Log: training/logs/training_20260326_213137.log
