nohup: ignoring input
[16:54:44] === Baue Rust-Modul (maturin build --release) ===
🔗 Found pyo3 bindings
🐍 Found CPython 3.12 at /usr/bin/python3
    Finished `release` profile [optimized] target(s) in 0.03s
📦 Built wheel for CPython 3.12 to /home/sefo/devel/spinoza/target/wheels/spinoza-0.1.0-cp312-cp312-manylinux_2_34_x86_64.whl
Defaulting to user installation because normal site-packages is not writeable
Processing ./target/wheels/spinoza-0.1.0-cp312-cp312-manylinux_2_34_x86_64.whl
Installing collected packages: spinoza
  Attempting uninstall: spinoza
    Found existing installation: spinoza 0.1.0
    Uninstalling spinoza-0.1.0:
      Successfully uninstalled spinoza-0.1.0
Successfully installed spinoza-0.1.0
spinoza OK
[16:54:46] 
[16:54:46] === Stage 1: Kein Spin | 10M Steps | lr=3e-4→1e-5 (decay) | ent=0.01 ===
=== spinoza RL Training ===
  n_envs=64, difficulty=1
  total_timesteps=10000000
  policy=MLP [512, 512]

  lr=0.0003 → 1e-05 (linear decay)
  model params: 622,607

  step=  100032 | eps/s=  4203 | success=  0.0% | miss= 99.9% | elapsed= 23.8s
  step=  200064 | eps/s=  4217 | success=  0.0% | miss= 99.6% | elapsed= 47.4s
  step=  300096 | eps/s=  4206 | success=  0.0% | miss= 97.4% | elapsed= 71.4s
  step=  400128 | eps/s=  4212 | success=  0.1% | miss= 96.5% | elapsed= 95.0s
  step=  500160 | eps/s=  4216 | success=  0.0% | miss= 96.5% | elapsed=118.6s
  step=  600192 | eps/s=  4213 | success=  0.0% | miss= 96.2% | elapsed=142.5s
  step=  700224 | eps/s=  4213 | success=  0.1% | miss= 96.0% | elapsed=166.2s
  step=  800256 | eps/s=  4211 | success=  0.1% | miss= 95.8% | elapsed=190.0s
  step=  900288 | eps/s=  4210 | success=  0.1% | miss= 95.6% | elapsed=213.9s
  step= 1000320 | eps/s=  4161 | success=  0.1% | miss= 95.6% | elapsed=240.4s
  step= 1100352 | eps/s=  4155 | success=  0.2% | miss= 95.4% | elapsed=264.8s
  step= 1200384 | eps/s=  4154 | success=  0.2% | miss= 95.1% | elapsed=289.0s
  step= 1300416 | eps/s=  4159 | success=  0.2% | miss= 94.9% | elapsed=312.6s
  step= 1400448 | eps/s=  4167 | success=  0.2% | miss= 94.6% | elapsed=336.1s
  step= 1500480 | eps/s=  4173 | success=  0.2% | miss= 94.4% | elapsed=359.6s
  step= 1600512 | eps/s=  4176 | success=  0.2% | miss= 94.1% | elapsed=383.2s
  step= 1700544 | eps/s=  4175 | success=  0.3% | miss= 93.8% | elapsed=407.3s
  step= 1800576 | eps/s=  4173 | success=  0.3% | miss= 93.8% | elapsed=431.5s
  step= 1900608 | eps/s=  4148 | success=  0.3% | miss= 93.7% | elapsed=458.2s
  step= 2000640 | eps/s=  4150 | success=  0.3% | miss= 93.5% | elapsed=482.1s
  step= 2100672 | eps/s=  4148 | success=  0.3% | miss= 93.4% | elapsed=506.4s
  step= 2200704 | eps/s=  4145 | success=  0.3% | miss= 93.4% | elapsed=530.9s
  step= 2300736 | eps/s=  4146 | success=  0.3% | miss= 92.9% | elapsed=555.0s
  step= 2400768 | eps/s=  4149 | success=  0.3% | miss= 92.7% | elapsed=578.6s
  step= 2500800 | eps/s=  4150 | success=  0.4% | miss= 92.4% | elapsed=602.5s
  step= 2600832 | eps/s=  4153 | success=  0.4% | miss= 92.5% | elapsed=626.3s
  step= 2700864 | eps/s=  4152 | success=  0.4% | miss= 92.0% | elapsed=650.5s
  step= 2800896 | eps/s=  4153 | success=  0.4% | miss= 91.7% | elapsed=674.4s
  step= 2900928 | eps/s=  4139 | success=  0.4% | miss= 91.7% | elapsed=700.8s
  step= 3000960 | eps/s=  4139 | success=  0.4% | miss= 91.4% | elapsed=725.1s
  step= 3100992 | eps/s=  4143 | success=  0.5% | miss= 91.1% | elapsed=748.4s
  step= 3201024 | eps/s=  4147 | success=  0.4% | miss= 91.1% | elapsed=771.8s
  step= 3301056 | eps/s=  4151 | success=  0.4% | miss= 90.6% | elapsed=795.3s
  step= 3401088 | eps/s=  4154 | success=  0.5% | miss= 90.4% | elapsed=818.8s
  step= 3501120 | eps/s=  4156 | success=  0.6% | miss= 90.4% | elapsed=842.4s
  step= 3601152 | eps/s=  4157 | success=  0.6% | miss= 90.1% | elapsed=866.3s
  step= 3701184 | eps/s=  4151 | success=  0.6% | miss= 89.9% | elapsed=891.6s
  step= 3801216 | eps/s=  4138 | success=  0.7% | miss= 89.7% | elapsed=918.6s
  step= 3901248 | eps/s=  4140 | success=  0.8% | miss= 89.2% | elapsed=942.3s
  step= 4001280 | eps/s=  4136 | success=  0.8% | miss= 89.0% | elapsed=967.5s
  step= 4101312 | eps/s=  4131 | success=  0.8% | miss= 88.7% | elapsed=992.8s
  step= 4201344 | eps/s=  4132 | success=  0.9% | miss= 88.6% | elapsed=1016.8s
  step= 4301376 | eps/s=  4133 | success=  1.0% | miss= 88.1% | elapsed=1040.7s
  step= 4401408 | eps/s=  4137 | success=  1.0% | miss= 88.2% | elapsed=1064.0s
  step= 4501440 | eps/s=  4140 | success=  1.0% | miss= 87.8% | elapsed=1087.4s
  step= 4601472 | eps/s=  4144 | success=  0.9% | miss= 87.7% | elapsed=1110.5s
  step= 4701504 | eps/s=  4147 | success=  0.9% | miss= 87.6% | elapsed=1133.8s
  step= 4801536 | eps/s=  4139 | success=  1.1% | miss= 87.4% | elapsed=1160.0s
  step= 4901568 | eps/s=  4137 | success=  1.0% | miss= 87.1% | elapsed=1184.7s
  step= 5001600 | eps/s=  4125 | success=  1.1% | miss= 86.5% | elapsed=1212.6s
  step= 5101632 | eps/s=  4129 | success=  1.3% | miss= 86.6% | elapsed=1235.7s
  step= 5201664 | eps/s=  4133 | success=  1.3% | miss= 86.3% | elapsed=1258.6s
  step= 5301696 | eps/s=  4136 | success=  1.5% | miss= 86.3% | elapsed=1281.9s
  step= 5401728 | eps/s=  4138 | success=  1.6% | miss= 86.0% | elapsed=1305.3s
  step= 5501760 | eps/s=  4141 | success=  1.5% | miss= 85.9% | elapsed=1328.7s
  step= 5601792 | eps/s=  4143 | success=  1.5% | miss= 85.6% | elapsed=1352.0s
  step= 5701824 | eps/s=  4139 | success=  1.6% | miss= 85.4% | elapsed=1377.6s
  step= 5801856 | eps/s=  4142 | success=  1.7% | miss= 85.1% | elapsed=1400.9s
  step= 5901888 | eps/s=  4145 | success=  1.9% | miss= 85.0% | elapsed=1424.0s
  step= 6001920 | eps/s=  4148 | success=  1.9% | miss= 84.6% | elapsed=1447.1s
  step= 6101952 | eps/s=  4150 | success=  1.8% | miss= 84.3% | elapsed=1470.5s
  step= 6201984 | eps/s=  4151 | success=  1.6% | miss= 84.2% | elapsed=1494.0s
  step= 6302016 | eps/s=  4153 | success=  1.9% | miss= 84.0% | elapsed=1517.5s
  step= 6402048 | eps/s=  4155 | success=  1.9% | miss= 83.9% | elapsed=1540.9s
  step= 6502080 | eps/s=  4157 | success=  2.0% | miss= 83.7% | elapsed=1564.1s
  step= 6602112 | eps/s=  4159 | success=  1.9% | miss= 83.8% | elapsed=1587.3s
  step= 6702144 | eps/s=  4155 | success=  1.9% | miss= 83.7% | elapsed=1612.9s
  step= 6802176 | eps/s=  4155 | success=  2.1% | miss= 83.1% | elapsed=1637.1s
  step= 6902208 | eps/s=  4157 | success=  2.0% | miss= 83.0% | elapsed=1660.5s
  step= 7002240 | eps/s=  4159 | success=  2.0% | miss= 83.3% | elapsed=1683.7s
  step= 7102272 | eps/s=  4160 | success=  2.3% | miss= 83.0% | elapsed=1707.2s
  step= 7202304 | eps/s=  4157 | success=  2.5% | miss= 82.7% | elapsed=1732.5s
  step= 7302336 | eps/s=  4158 | success=  2.5% | miss= 82.5% | elapsed=1756.3s
  step= 7402368 | eps/s=  4160 | success=  2.8% | miss= 82.0% | elapsed=1779.5s
  step= 7502400 | eps/s=  4161 | success=  3.1% | miss= 82.0% | elapsed=1803.2s
  step= 7602432 | eps/s=  4156 | success=  2.9% | miss= 82.0% | elapsed=1829.2s
  step= 7702464 | eps/s=  4157 | success=  3.2% | miss= 81.6% | elapsed=1853.0s
  step= 7802496 | eps/s=  4158 | success=  3.1% | miss= 81.7% | elapsed=1876.3s
  step= 7902528 | eps/s=  4145 | success=  3.2% | miss= 81.6% | elapsed=1906.5s
  step= 8002560 | eps/s=  4141 | success=  3.2% | miss= 81.0% | elapsed=1932.3s
  step= 8102592 | eps/s=  4141 | success=  3.3% | miss= 81.3% | elapsed=1956.7s
  step= 8202624 | eps/s=  4141 | success=  3.2% | miss= 80.8% | elapsed=1980.9s
  step= 8302656 | eps/s=  4141 | success=  3.3% | miss= 80.5% | elapsed=2004.9s
  step= 8402688 | eps/s=  4141 | success=  3.3% | miss= 80.7% | elapsed=2029.1s
  step= 8502720 | eps/s=  4141 | success=  3.4% | miss= 80.6% | elapsed=2053.3s
  step= 8602752 | eps/s=  4136 | success=  3.5% | miss= 80.3% | elapsed=2079.9s
  step= 8702784 | eps/s=  4138 | success=  3.5% | miss= 80.4% | elapsed=2103.4s
  step= 8802816 | eps/s=  4125 | success=  3.6% | miss= 80.2% | elapsed=2134.3s
  step= 8902848 | eps/s=  4121 | success=  3.8% | miss= 80.0% | elapsed=2160.1s
  step= 9002880 | eps/s=  4118 | success=  3.9% | miss= 79.9% | elapsed=2186.0s
  step= 9102912 | eps/s=  4119 | success=  4.1% | miss= 79.7% | elapsed=2210.2s
  step= 9202944 | eps/s=  4119 | success=  4.2% | miss= 79.6% | elapsed=2234.2s
  step= 9302976 | eps/s=  4120 | success=  4.3% | miss= 79.2% | elapsed=2258.3s
  step= 9403008 | eps/s=  4120 | success=  4.4% | miss= 79.4% | elapsed=2282.5s
  step= 9503040 | eps/s=  4114 | success=  4.4% | miss= 79.4% | elapsed=2309.8s
  step= 9603072 | eps/s=  4114 | success=  4.5% | miss= 79.1% | elapsed=2334.1s
  step= 9703104 | eps/s=  4114 | success=  4.5% | miss= 79.1% | elapsed=2358.5s
  step= 9803136 | eps/s=  4116 | success=  4.5% | miss= 78.9% | elapsed=2381.9s
  step= 9903168 | eps/s=  4117 | success=  4.4% | miss= 79.1% | elapsed=2405.3s
  step=10003200 | eps/s=  4119 | success=  4.5% | miss= 79.0% | elapsed=2428.5s

  Training complete in 2431.6s
  Avg throughput: 4112 timesteps/sec
  Model saved to models/ppo_stage1

=== Evaluation (100 episodes) ===
  return_missed_table: 65%
  success: 18%
  paddle_miss: 17%
  avg reward: 0.783
[17:35:27] === Replay-Export Stage 1 (50 Replays, Difficulty 1) ===
Exported 45 replays to ../web/replays_stage1.json (1679 KB)
  Outcomes: {'return_missed_table': 97, 'success': 25, 'paddle_miss': 28}
[17:35:32] Stage 1 abgeschlossen.
[17:35:32] 
[17:35:32] === Stage 2: Leichter Spin | 20M Steps | lr=1e-5 | ent=0.02 (Fine-Tune von Stage 1) ===
=== spinoza RL Training ===
  n_envs=64, difficulty=2
  total_timesteps=20000000
  policy=MLP [512, 512]

  lr=1e-05
  Loading pretrained model: models/ppo_stage1
  model params: 622,607

  step=  100032 | eps/s=  8089 | success=  3.6% | miss= 83.7% | elapsed= 12.4s
  step=  200064 | eps/s=  8098 | success=  3.5% | miss= 83.9% | elapsed= 24.7s
  step=  300096 | eps/s=  8093 | success=  3.6% | miss= 83.9% | elapsed= 37.1s
  step=  400128 | eps/s=  8052 | success=  3.5% | miss= 83.7% | elapsed= 49.7s
  step=  500160 | eps/s=  8030 | success=  3.6% | miss= 83.9% | elapsed= 62.3s
  step=  600192 | eps/s=  7950 | success=  3.5% | miss= 83.3% | elapsed= 75.5s
  step=  700224 | eps/s=  7602 | success=  3.3% | miss= 83.3% | elapsed= 92.1s
  step=  800256 | eps/s=  7415 | success=  3.4% | miss= 83.0% | elapsed=107.9s
  step=  900288 | eps/s=  7415 | success=  3.8% | miss= 83.3% | elapsed=121.4s
  step= 1000320 | eps/s=  7406 | success=  4.2% | miss= 83.3% | elapsed=135.1s
  step= 1100352 | eps/s=  7419 | success=  3.9% | miss= 83.1% | elapsed=148.3s
  step= 1200384 | eps/s=  7422 | success=  3.5% | miss= 82.8% | elapsed=161.7s
  step= 1300416 | eps/s=  7436 | success=  3.9% | miss= 82.7% | elapsed=174.9s
  step= 1400448 | eps/s=  7446 | success=  3.6% | miss= 83.1% | elapsed=188.1s
  step= 1500480 | eps/s=  7453 | success=  3.7% | miss= 82.5% | elapsed=201.3s
  step= 1600512 | eps/s=  7448 | success=  3.3% | miss= 82.7% | elapsed=214.9s
  step= 1700544 | eps/s=  7451 | success=  3.5% | miss= 82.9% | elapsed=228.2s
  step= 1800576 | eps/s=  7465 | success=  3.4% | miss= 82.8% | elapsed=241.2s
  step= 1900608 | eps/s=  7459 | success=  3.3% | miss= 82.4% | elapsed=254.8s
  step= 2000640 | eps/s=  7454 | success=  3.5% | miss= 82.4% | elapsed=268.4s
  step= 2100672 | eps/s=  7463 | success=  3.6% | miss= 82.6% | elapsed=281.5s
  step= 2200704 | eps/s=  7469 | success=  3.5% | miss= 82.4% | elapsed=294.6s
  step= 2300736 | eps/s=  7487 | success=  3.4% | miss= 82.3% | elapsed=307.3s
  step= 2400768 | eps/s=  7500 | success=  3.5% | miss= 82.6% | elapsed=320.1s
  step= 2500800 | eps/s=  7501 | success=  3.5% | miss= 82.4% | elapsed=333.4s
  step= 2600832 | eps/s=  7509 | success=  3.7% | miss= 82.7% | elapsed=346.4s
  step= 2700864 | eps/s=  7519 | success=  3.9% | miss= 82.3% | elapsed=359.2s
  step= 2800896 | eps/s=  7532 | success=  3.8% | miss= 82.8% | elapsed=371.8s
  step= 2900928 | eps/s=  7541 | success=  3.7% | miss= 82.7% | elapsed=384.7s
  step= 3000960 | eps/s=  7546 | success=  3.6% | miss= 82.0% | elapsed=397.7s
  step= 3100992 | eps/s=  7556 | success=  3.4% | miss= 82.1% | elapsed=410.4s
  step= 3201024 | eps/s=  7560 | success=  3.6% | miss= 82.4% | elapsed=423.4s
  step= 3301056 | eps/s=  7565 | success=  3.8% | miss= 82.2% | elapsed=436.3s
  step= 3401088 | eps/s=  7562 | success=  3.6% | miss= 82.2% | elapsed=449.8s
  step= 3501120 | eps/s=  7571 | success=  3.5% | miss= 82.2% | elapsed=462.4s
  step= 3601152 | eps/s=  7580 | success=  3.7% | miss= 82.0% | elapsed=475.1s
  step= 3701184 | eps/s=  7586 | success=  3.9% | miss= 82.2% | elapsed=487.9s
  step= 3801216 | eps/s=  7585 | success=  4.1% | miss= 82.3% | elapsed=501.2s
  step= 3901248 | eps/s=  7593 | success=  3.9% | miss= 82.5% | elapsed=513.8s
  step= 4001280 | eps/s=  7599 | success=  3.6% | miss= 82.3% | elapsed=526.5s
  step= 4101312 | eps/s=  7604 | success=  3.5% | miss= 81.9% | elapsed=539.3s
  step= 4201344 | eps/s=  7606 | success=  4.0% | miss= 81.8% | elapsed=552.4s
  step= 4301376 | eps/s=  7603 | success=  4.2% | miss= 82.1% | elapsed=565.8s
  step= 4401408 | eps/s=  7607 | success=  3.7% | miss= 82.4% | elapsed=578.6s
  step= 4501440 | eps/s=  7609 | success=  3.4% | miss= 82.7% | elapsed=591.6s
  step= 4601472 | eps/s=  7614 | success=  3.5% | miss= 82.4% | elapsed=604.3s
  step= 4701504 | eps/s=  7620 | success=  3.8% | miss= 82.3% | elapsed=617.0s
  step= 4801536 | eps/s=  7620 | success=  3.9% | miss= 82.1% | elapsed=630.1s
  step= 4901568 | eps/s=  7623 | success=  4.2% | miss= 81.8% | elapsed=643.0s
  step= 5001600 | eps/s=  7621 | success=  4.2% | miss= 81.9% | elapsed=656.3s
  step= 5101632 | eps/s=  7618 | success=  3.7% | miss= 82.2% | elapsed=669.7s
  step= 5201664 | eps/s=  7619 | success=  4.0% | miss= 81.8% | elapsed=682.8s
  step= 5301696 | eps/s=  7622 | success=  3.7% | miss= 81.7% | elapsed=695.6s
  step= 5401728 | eps/s=  7620 | success=  4.0% | miss= 81.9% | elapsed=708.9s
  step= 5501760 | eps/s=  7623 | success=  3.9% | miss= 81.8% | elapsed=721.7s
  step= 5601792 | eps/s=  7626 | success=  4.1% | miss= 81.9% | elapsed=734.6s
  step= 5701824 | eps/s=  7624 | success=  4.3% | miss= 81.6% | elapsed=747.9s
  step= 5801856 | eps/s=  7613 | success=  4.2% | miss= 82.0% | elapsed=762.1s
  step= 5901888 | eps/s=  7600 | success=  4.0% | miss= 82.2% | elapsed=776.5s
  step= 6001920 | eps/s=  7596 | success=  4.3% | miss= 81.7% | elapsed=790.1s
  step= 6101952 | eps/s=  7598 | success=  4.3% | miss= 81.4% | elapsed=803.1s
  step= 6201984 | eps/s=  7600 | success=  4.4% | miss= 81.8% | elapsed=816.0s
Process ForkServerProcess-64:
Process ForkServerProcess-62:
Process ForkServerProcess-58:
Process ForkServerProcess-55:
Process ForkServerProcess-63:
Process ForkServerProcess-61:
Process ForkServerProcess-60:
Process ForkServerProcess-56:
Process ForkServerProcess-59:
Process ForkServerProcess-53:
Process ForkServerProcess-52:
Process ForkServerProcess-51:
Process ForkServerProcess-50:
Process ForkServerProcess-49:
Process ForkServerProcess-54:
Process ForkServerProcess-57:
Process ForkServerProcess-47:
Process ForkServerProcess-48:
Process ForkServerProcess-46:
Process ForkServerProcess-44:
Process ForkServerProcess-40:
Process ForkServerProcess-41:
Process ForkServerProcess-42:
Process ForkServerProcess-39:
Process ForkServerProcess-45:
Process ForkServerProcess-43:
Process ForkServerProcess-38:
Process ForkServerProcess-37:
Process ForkServerProcess-36:
Process ForkServerProcess-35:
Process ForkServerProcess-31:
Process ForkServerProcess-32:
Process ForkServerProcess-34:
Process ForkServerProcess-33:
Process ForkServerProcess-29:
Process ForkServerProcess-28:
Process ForkServerProcess-30:
Process ForkServerProcess-25:
Process ForkServerProcess-23:
Process ForkServerProcess-24:
Process ForkServerProcess-27:
Process ForkServerProcess-26:
Process ForkServerProcess-21:
Process ForkServerProcess-20:
Process ForkServerProcess-18:
Process ForkServerProcess-17:
Traceback (most recent call last):
Traceback (most recent call last):
Traceback (most recent call last):
Traceback (most recent call last):
Traceback (most recent call last):
Traceback (most recent call last):
Traceback (most recent call last):
Traceback (most recent call last):
Traceback (most recent call last):
  File "/usr/lib/python3.12/multiprocessing/process.py", line 314, in _bootstrap
    self.run()
  File "/usr/lib/python3.12/multiprocessing/process.py", line 108, in run
    self._target(*self._args, **self._kwargs)
Traceback (most recent call last):
Traceback (most recent call last):
Traceback (most recent call last):
  File "/home/sefo/.local/lib/python3.12/site-packages/stable_baselines3/common/vec_env/subproc_vec_env.py", line 33, in _worker
    cmd, data = remote.recv()
                ^^^^^^^^^^^^^
  File "/usr/lib/python3.12/multiprocessing/connection.py", line 250, in recv
    buf = self._recv_bytes()
          ^^^^^^^^^^^^^^^^^^
Traceback (most recent call last):
Traceback (most recent call last):
  File "/usr/lib/python3.12/multiprocessing/connection.py", line 430, in _recv_bytes
    buf = self._recv(4)
          ^^^^^^^^^^^^^
  File "/usr/lib/python3.12/multiprocessing/connection.py", line 395, in _recv
    chunk = read(handle, remaining)
            ^^^^^^^^^^^^^^^^^^^^^^^
ConnectionResetError: [Errno 104] Connection reset by peer
Traceback (most recent call last):
Traceback (most recent call last):
Traceback (most recent call last):
  File "/usr/lib/python3.12/multiprocessing/process.py", line 314, in _bootstrap
    self.run()
  File "/usr/lib/python3.12/multiprocessing/process.py", line 108, in run
    self._target(*self._args, **self._kwargs)
  File "/home/sefo/.local/lib/python3.12/site-packages/stable_baselines3/common/vec_env/subproc_vec_env.py", line 33, in _worker
    cmd, data = remote.recv()
                ^^^^^^^^^^^^^
  File "/usr/lib/python3.12/multiprocessing/connection.py", line 250, in recv
    buf = self._recv_bytes()
          ^^^^^^^^^^^^^^^^^^
Traceback (most recent call last):
  File "/usr/lib/python3.12/multiprocessing/connection.py", line 430, in _recv_bytes
    buf = self._recv(4)
          ^^^^^^^^^^^^^
  File "/usr/lib/python3.12/multiprocessing/connection.py", line 395, in _recv
    chunk = read(handle, remaining)
            ^^^^^^^^^^^^^^^^^^^^^^^
Traceback (most recent call last):
ConnectionResetError: [Errno 104] Connection reset by peer
Traceback (most recent call last):
Traceback (most recent call last):
Traceback (most recent call last):
Traceback (most recent call last):
Traceback (most recent call last):
Traceback (most recent call last):
  File "/usr/lib/python3.12/multiprocessing/process.py", line 314, in _bootstrap
    self.run()
  File "/usr/lib/python3.12/multiprocessing/process.py", line 314, in _bootstrap
    self.run()
  File "/usr/lib/python3.12/multiprocessing/process.py", line 108, in run
    self._target(*self._args, **self._kwargs)
  File "/usr/lib/python3.12/multiprocessing/process.py", line 108, in run
    self._target(*self._args, **self._kwargs)
  File "/home/sefo/.local/lib/python3.12/site-packages/stable_baselines3/common/vec_env/subproc_vec_env.py", line 33, in _worker
    cmd, data = remote.recv()
                ^^^^^^^^^^^^^
  File "/home/sefo/.local/lib/python3.12/site-packages/stable_baselines3/common/vec_env/subproc_vec_env.py", line 33, in _worker
    cmd, data = remote.recv()
                ^^^^^^^^^^^^^
  File "/usr/lib/python3.12/multiprocessing/connection.py", line 250, in recv
    buf = self._recv_bytes()
          ^^^^^^^^^^^^^^^^^^
  File "/usr/lib/python3.12/multiprocessing/connection.py", line 250, in recv
    buf = self._recv_bytes()
          ^^^^^^^^^^^^^^^^^^
  File "/usr/lib/python3.12/multiprocessing/connection.py", line 430, in _recv_bytes
    buf = self._recv(4)
          ^^^^^^^^^^^^^
  File "/usr/lib/python3.12/multiprocessing/connection.py", line 430, in _recv_bytes
    buf = self._recv(4)
          ^^^^^^^^^^^^^
  File "/usr/lib/python3.12/multiprocessing/connection.py", line 395, in _recv
    chunk = read(handle, remaining)
            ^^^^^^^^^^^^^^^^^^^^^^^
  File "/usr/lib/python3.12/multiprocessing/connection.py", line 395, in _recv
    chunk = read(handle, remaining)
            ^^^^^^^^^^^^^^^^^^^^^^^
Traceback (most recent call last):
Traceback (most recent call last):
ConnectionResetError: [Errno 104] Connection reset by peer
ConnectionResetError: [Errno 104] Connection reset by peer
  File "/usr/lib/python3.12/multiprocessing/process.py", line 314, in _bootstrap
    self.run()
  File "/usr/lib/python3.12/multiprocessing/process.py", line 108, in run
    self._target(*self._args, **self._kwargs)
  File "/usr/lib/python3.12/multiprocessing/process.py", line 314, in _bootstrap
    self.run()
  File "/home/sefo/.local/lib/python3.12/site-packages/stable_baselines3/common/vec_env/subproc_vec_env.py", line 33, in _worker
    cmd, data = remote.recv()
                ^^^^^^^^^^^^^
  File "/usr/lib/python3.12/multiprocessing/process.py", line 108, in run
    self._target(*self._args, **self._kwargs)
  File "/usr/lib/python3.12/multiprocessing/connection.py", line 250, in recv
    buf = self._recv_bytes()
          ^^^^^^^^^^^^^^^^^^
  File "/home/sefo/.local/lib/python3.12/site-packages/stable_baselines3/common/vec_env/subproc_vec_env.py", line 33, in _worker
    cmd, data = remote.recv()
                ^^^^^^^^^^^^^
  File "/usr/lib/python3.12/multiprocessing/connection.py", line 430, in _recv_bytes
    buf = self._recv(4)
          ^^^^^^^^^^^^^
  File "/usr/lib/python3.12/multiprocessing/connection.py", line 250, in recv
    buf = self._recv_bytes()
          ^^^^^^^^^^^^^^^^^^
  File "/usr/lib/python3.12/multiprocessing/connection.py", line 395, in _recv
    chunk = read(handle, remaining)
            ^^^^^^^^^^^^^^^^^^^^^^^
  File "/usr/lib/python3.12/multiprocessing/connection.py", line 430, in _recv_bytes
    buf = self._recv(4)
          ^^^^^^^^^^^^^
  File "/usr/lib/python3.12/multiprocessing/connection.py", line 395, in _recv
    chunk = read(handle, remaining)
            ^^^^^^^^^^^^^^^^^^^^^^^
Traceback (most recent call last):
  File "/usr/lib/python3.12/multiprocessing/process.py", line 314, in _bootstrap
    self.run()
ConnectionResetError: [Errno 104] Connection reset by peer
ConnectionResetError: [Errno 104] Connection reset by peer
  File "/usr/lib/python3.12/multiprocessing/process.py", line 108, in run
    self._target(*self._args, **self._kwargs)
  File "/usr/lib/python3.12/multiprocessing/process.py", line 314, in _bootstrap
    self.run()
  File "/home/sefo/.local/lib/python3.12/site-packages/stable_baselines3/common/vec_env/subproc_vec_env.py", line 33, in _worker
    cmd, data = remote.recv()
                ^^^^^^^^^^^^^
  File "/usr/lib/python3.12/multiprocessing/process.py", line 314, in _bootstrap
    self.run()
  File "/usr/lib/python3.12/multiprocessing/connection.py", line 250, in recv
    buf = self._recv_bytes()
          ^^^^^^^^^^^^^^^^^^
Traceback (most recent call last):
  File "/usr/lib/python3.12/multiprocessing/process.py", line 108, in run
    self._target(*self._args, **self._kwargs)
  File "/usr/lib/python3.12/multiprocessing/process.py", line 314, in _bootstrap
    self.run()
Traceback (most recent call last):
  File "/usr/lib/python3.12/multiprocessing/process.py", line 314, in _bootstrap
    self.run()
  File "/usr/lib/python3.12/multiprocessing/connection.py", line 430, in _recv_bytes
    buf = self._recv(4)
          ^^^^^^^^^^^^^
  File "/usr/lib/python3.12/multiprocessing/process.py", line 108, in run
    self._target(*self._args, **self._kwargs)
  File "/usr/lib/python3.12/multiprocessing/process.py", line 314, in _bootstrap
    self.run()
  File "/home/sefo/.local/lib/python3.12/site-packages/stable_baselines3/common/vec_env/subproc_vec_env.py", line 33, in _worker
    cmd, data = remote.recv()
                ^^^^^^^^^^^^^
  File "/home/sefo/.local/lib/python3.12/site-packages/stable_baselines3/common/vec_env/subproc_vec_env.py", line 33, in _worker
    cmd, data = remote.recv()
                ^^^^^^^^^^^^^
  File "/usr/lib/python3.12/multiprocessing/connection.py", line 395, in _recv
    chunk = read(handle, remaining)
            ^^^^^^^^^^^^^^^^^^^^^^^
  File "/usr/lib/python3.12/multiprocessing/process.py", line 108, in run
    self._target(*self._args, **self._kwargs)
  File "/usr/lib/python3.12/multiprocessing/process.py", line 108, in run
    self._target(*self._args, **self._kwargs)
  File "/usr/lib/python3.12/multiprocessing/process.py", line 108, in run
    self._target(*self._args, **self._kwargs)
  File "/usr/lib/python3.12/multiprocessing/connection.py", line 250, in recv
    buf = self._recv_bytes()
          ^^^^^^^^^^^^^^^^^^
  File "/usr/lib/python3.12/multiprocessing/connection.py", line 250, in recv
    buf = self._recv_bytes()
          ^^^^^^^^^^^^^^^^^^
  File "/home/sefo/.local/lib/python3.12/site-packages/stable_baselines3/common/vec_env/subproc_vec_env.py", line 33, in _worker
    cmd, data = remote.recv()
                ^^^^^^^^^^^^^
  File "/home/sefo/.local/lib/python3.12/site-packages/stable_baselines3/common/vec_env/subproc_vec_env.py", line 33, in _worker
    cmd, data = remote.recv()
                ^^^^^^^^^^^^^
  File "/home/sefo/.local/lib/python3.12/site-packages/stable_baselines3/common/vec_env/subproc_vec_env.py", line 33, in _worker
    cmd, data = remote.recv()
                ^^^^^^^^^^^^^
Traceback (most recent call last):
  File "/usr/lib/python3.12/multiprocessing/connection.py", line 430, in _recv_bytes
    buf = self._recv(4)
          ^^^^^^^^^^^^^
  File "/usr/lib/python3.12/multiprocessing/connection.py", line 430, in _recv_bytes
    buf = self._recv(4)
          ^^^^^^^^^^^^^
ConnectionResetError: [Errno 104] Connection reset by peer
  File "/usr/lib/python3.12/multiprocessing/connection.py", line 250, in recv
    buf = self._recv_bytes()
          ^^^^^^^^^^^^^^^^^^
  File "/usr/lib/python3.12/multiprocessing/connection.py", line 250, in recv
    buf = self._recv_bytes()
          ^^^^^^^^^^^^^^^^^^
  File "/usr/lib/python3.12/multiprocessing/connection.py", line 395, in _recv
    chunk = read(handle, remaining)
            ^^^^^^^^^^^^^^^^^^^^^^^
  File "/usr/lib/python3.12/multiprocessing/connection.py", line 250, in recv
    buf = self._recv_bytes()
          ^^^^^^^^^^^^^^^^^^
Traceback (most recent call last):
  File "/usr/lib/python3.12/multiprocessing/connection.py", line 395, in _recv
    chunk = read(handle, remaining)
            ^^^^^^^^^^^^^^^^^^^^^^^
  File "/usr/lib/python3.12/multiprocessing/connection.py", line 430, in _recv_bytes
    buf = self._recv(4)
          ^^^^^^^^^^^^^
Traceback (most recent call last):
  File "/usr/lib/python3.12/multiprocessing/connection.py", line 430, in _recv_bytes
    buf = self._recv(4)
          ^^^^^^^^^^^^^
  File "/usr/lib/python3.12/multiprocessing/connection.py", line 430, in _recv_bytes
    buf = self._recv(4)
          ^^^^^^^^^^^^^
  File "/usr/lib/python3.12/multiprocessing/connection.py", line 395, in _recv
    chunk = read(handle, remaining)
            ^^^^^^^^^^^^^^^^^^^^^^^
  File "/usr/lib/python3.12/multiprocessing/connection.py", line 395, in _recv
    chunk = read(handle, remaining)
            ^^^^^^^^^^^^^^^^^^^^^^^
ConnectionResetError: [Errno 104] Connection reset by peer
  File "/usr/lib/python3.12/multiprocessing/connection.py", line 395, in _recv
    chunk = read(handle, remaining)
            ^^^^^^^^^^^^^^^^^^^^^^^
ConnectionResetError: [Errno 104] Connection reset by peer
ConnectionResetError: [Errno 104] Connection reset by peer
ConnectionResetError: [Errno 104] Connection reset by peer
ConnectionResetError: [Errno 104] Connection reset by peer
Traceback (most recent call last):
  File "/usr/lib/python3.12/multiprocessing/process.py", line 314, in _bootstrap
    self.run()
  File "/usr/lib/python3.12/multiprocessing/process.py", line 314, in _bootstrap
    self.run()
  File "/usr/lib/python3.12/multiprocessing/process.py", line 314, in _bootstrap
    self.run()
  File "/usr/lib/python3.12/multiprocessing/process.py", line 314, in _bootstrap
    self.run()
  File "/usr/lib/python3.12/multiprocessing/process.py", line 108, in run
    self._target(*self._args, **self._kwargs)
  File "/usr/lib/python3.12/multiprocessing/process.py", line 108, in run
    self._target(*self._args, **self._kwargs)
  File "/usr/lib/python3.12/multiprocessing/process.py", line 108, in run
    self._target(*self._args, **self._kwargs)
  File "/usr/lib/python3.12/multiprocessing/process.py", line 108, in run
    self._target(*self._args, **self._kwargs)
  File "/home/sefo/.local/lib/python3.12/site-packages/stable_baselines3/common/vec_env/subproc_vec_env.py", line 33, in _worker
    cmd, data = remote.recv()
                ^^^^^^^^^^^^^
  File "/home/sefo/.local/lib/python3.12/site-packages/stable_baselines3/common/vec_env/subproc_vec_env.py", line 33, in _worker
    cmd, data = remote.recv()
                ^^^^^^^^^^^^^
  File "/home/sefo/.local/lib/python3.12/site-packages/stable_baselines3/common/vec_env/subproc_vec_env.py", line 33, in _worker
    cmd, data = remote.recv()
                ^^^^^^^^^^^^^
  File "/home/sefo/.local/lib/python3.12/site-packages/stable_baselines3/common/vec_env/subproc_vec_env.py", line 33, in _worker
    cmd, data = remote.recv()
                ^^^^^^^^^^^^^
  File "/usr/lib/python3.12/multiprocessing/connection.py", line 250, in recv
    buf = self._recv_bytes()
          ^^^^^^^^^^^^^^^^^^
  File "/usr/lib/python3.12/multiprocessing/connection.py", line 250, in recv
    buf = self._recv_bytes()
          ^^^^^^^^^^^^^^^^^^
  File "/usr/lib/python3.12/multiprocessing/connection.py", line 250, in recv
    buf = self._recv_bytes()
          ^^^^^^^^^^^^^^^^^^
  File "/usr/lib/python3.12/multiprocessing/connection.py", line 250, in recv
    buf = self._recv_bytes()
          ^^^^^^^^^^^^^^^^^^
  File "/usr/lib/python3.12/multiprocessing/connection.py", line 430, in _recv_bytes
    buf = self._recv(4)
          ^^^^^^^^^^^^^
  File "/usr/lib/python3.12/multiprocessing/connection.py", line 430, in _recv_bytes
    buf = self._recv(4)
          ^^^^^^^^^^^^^
  File "/usr/lib/python3.12/multiprocessing/connection.py", line 430, in _recv_bytes
    buf = self._recv(4)
          ^^^^^^^^^^^^^
  File "/usr/lib/python3.12/multiprocessing/connection.py", line 395, in _recv
    chunk = read(handle, remaining)
            ^^^^^^^^^^^^^^^^^^^^^^^
  File "/usr/lib/python3.12/multiprocessing/connection.py", line 430, in _recv_bytes
    buf = self._recv(4)
          ^^^^^^^^^^^^^
  File "/usr/lib/python3.12/multiprocessing/connection.py", line 395, in _recv
    chunk = read(handle, remaining)
            ^^^^^^^^^^^^^^^^^^^^^^^
  File "/usr/lib/python3.12/multiprocessing/connection.py", line 395, in _recv
    chunk = read(handle, remaining)
            ^^^^^^^^^^^^^^^^^^^^^^^
  File "/usr/lib/python3.12/multiprocessing/connection.py", line 395, in _recv
    chunk = read(handle, remaining)
            ^^^^^^^^^^^^^^^^^^^^^^^
ConnectionResetError: [Errno 104] Connection reset by peer
ConnectionResetError: [Errno 104] Connection reset by peer
ConnectionResetError: [Errno 104] Connection reset by peer
ConnectionResetError: [Errno 104] Connection reset by peer
Traceback (most recent call last):
  File "/usr/lib/python3.12/multiprocessing/process.py", line 314, in _bootstrap
    self.run()
  File "/usr/lib/python3.12/multiprocessing/process.py", line 108, in run
    self._target(*self._args, **self._kwargs)
  File "/home/sefo/.local/lib/python3.12/site-packages/stable_baselines3/common/vec_env/subproc_vec_env.py", line 33, in _worker
    cmd, data = remote.recv()
                ^^^^^^^^^^^^^
  File "/usr/lib/python3.12/multiprocessing/connection.py", line 250, in recv
    buf = self._recv_bytes()
          ^^^^^^^^^^^^^^^^^^
  File "/usr/lib/python3.12/multiprocessing/process.py", line 314, in _bootstrap
    self.run()
  File "/usr/lib/python3.12/multiprocessing/connection.py", line 430, in _recv_bytes
    buf = self._recv(4)
          ^^^^^^^^^^^^^
  File "/usr/lib/python3.12/multiprocessing/process.py", line 314, in _bootstrap
    self.run()
  File "/usr/lib/python3.12/multiprocessing/process.py", line 108, in run
    self._target(*self._args, **self._kwargs)
  File "/usr/lib/python3.12/multiprocessing/connection.py", line 395, in _recv
    chunk = read(handle, remaining)
            ^^^^^^^^^^^^^^^^^^^^^^^
  File "/home/sefo/.local/lib/python3.12/site-packages/stable_baselines3/common/vec_env/subproc_vec_env.py", line 33, in _worker
    cmd, data = remote.recv()
                ^^^^^^^^^^^^^
  File "/usr/lib/python3.12/multiprocessing/process.py", line 108, in run
    self._target(*self._args, **self._kwargs)
  File "/usr/lib/python3.12/multiprocessing/process.py", line 314, in _bootstrap
    self.run()
  File "/usr/lib/python3.12/multiprocessing/connection.py", line 250, in recv
    buf = self._recv_bytes()
          ^^^^^^^^^^^^^^^^^^
  File "/home/sefo/.local/lib/python3.12/site-packages/stable_baselines3/common/vec_env/subproc_vec_env.py", line 33, in _worker
    cmd, data = remote.recv()
                ^^^^^^^^^^^^^
  File "/usr/lib/python3.12/multiprocessing/connection.py", line 430, in _recv_bytes
    buf = self._recv(4)
          ^^^^^^^^^^^^^
ConnectionResetError: [Errno 104] Connection reset by peer
  File "/usr/lib/python3.12/multiprocessing/process.py", line 108, in run
    self._target(*self._args, **self._kwargs)
  File "/usr/lib/python3.12/multiprocessing/connection.py", line 250, in recv
    buf = self._recv_bytes()
          ^^^^^^^^^^^^^^^^^^
  File "/usr/lib/python3.12/multiprocessing/process.py", line 314, in _bootstrap
    self.run()
  File "/usr/lib/python3.12/multiprocessing/connection.py", line 395, in _recv
    chunk = read(handle, remaining)
            ^^^^^^^^^^^^^^^^^^^^^^^
  File "/home/sefo/.local/lib/python3.12/site-packages/stable_baselines3/common/vec_env/subproc_vec_env.py", line 33, in _worker
    cmd, data = remote.recv()
                ^^^^^^^^^^^^^
  File "/usr/lib/python3.12/multiprocessing/connection.py", line 430, in _recv_bytes
    buf = self._recv(4)
          ^^^^^^^^^^^^^
  File "/usr/lib/python3.12/multiprocessing/process.py", line 108, in run
    self._target(*self._args, **self._kwargs)
  File "/usr/lib/python3.12/multiprocessing/connection.py", line 250, in recv
    buf = self._recv_bytes()
          ^^^^^^^^^^^^^^^^^^
  File "/usr/lib/python3.12/multiprocessing/connection.py", line 395, in _recv
    chunk = read(handle, remaining)
            ^^^^^^^^^^^^^^^^^^^^^^^
  File "/home/sefo/.local/lib/python3.12/site-packages/stable_baselines3/common/vec_env/subproc_vec_env.py", line 33, in _worker
    cmd, data = remote.recv()
                ^^^^^^^^^^^^^
ConnectionResetError: [Errno 104] Connection reset by peer
  File "/usr/lib/python3.12/multiprocessing/connection.py", line 430, in _recv_bytes
    buf = self._recv(4)
          ^^^^^^^^^^^^^
  File "/usr/lib/python3.12/multiprocessing/connection.py", line 250, in recv
    buf = self._recv_bytes()
          ^^^^^^^^^^^^^^^^^^
  File "/usr/lib/python3.12/multiprocessing/process.py", line 314, in _bootstrap
    self.run()
  File "/usr/lib/python3.12/multiprocessing/connection.py", line 395, in _recv
    chunk = read(handle, remaining)
            ^^^^^^^^^^^^^^^^^^^^^^^
  File "/usr/lib/python3.12/multiprocessing/connection.py", line 430, in _recv_bytes
    buf = self._recv(4)
          ^^^^^^^^^^^^^
ConnectionResetError: [Errno 104] Connection reset by peer
  File "/usr/lib/python3.12/multiprocessing/process.py", line 108, in run
    self._target(*self._args, **self._kwargs)
  File "/usr/lib/python3.12/multiprocessing/connection.py", line 395, in _recv
    chunk = read(handle, remaining)
            ^^^^^^^^^^^^^^^^^^^^^^^
  File "/home/sefo/.local/lib/python3.12/site-packages/stable_baselines3/common/vec_env/subproc_vec_env.py", line 33, in _worker
    cmd, data = remote.recv()
                ^^^^^^^^^^^^^
ConnectionResetError: [Errno 104] Connection reset by peer
  File "/usr/lib/python3.12/multiprocessing/connection.py", line 250, in recv
    buf = self._recv_bytes()
          ^^^^^^^^^^^^^^^^^^
ConnectionResetError: [Errno 104] Connection reset by peer
  File "/usr/lib/python3.12/multiprocessing/connection.py", line 430, in _recv_bytes
    buf = self._recv(4)
          ^^^^^^^^^^^^^
  File "/usr/lib/python3.12/multiprocessing/connection.py", line 395, in _recv
    chunk = read(handle, remaining)
            ^^^^^^^^^^^^^^^^^^^^^^^
  File "/usr/lib/python3.12/multiprocessing/process.py", line 314, in _bootstrap
    self.run()
ConnectionResetError: [Errno 104] Connection reset by peer
  File "/usr/lib/python3.12/multiprocessing/process.py", line 314, in _bootstrap
    self.run()
  File "/usr/lib/python3.12/multiprocessing/process.py", line 108, in run
    self._target(*self._args, **self._kwargs)
  File "/home/sefo/.local/lib/python3.12/site-packages/stable_baselines3/common/vec_env/subproc_vec_env.py", line 33, in _worker
    cmd, data = remote.recv()
                ^^^^^^^^^^^^^
  File "/usr/lib/python3.12/multiprocessing/connection.py", line 250, in recv
    buf = self._recv_bytes()
          ^^^^^^^^^^^^^^^^^^
  File "/usr/lib/python3.12/multiprocessing/connection.py", line 430, in _recv_bytes
    buf = self._recv(4)
          ^^^^^^^^^^^^^
  File "/usr/lib/python3.12/multiprocessing/connection.py", line 395, in _recv
    chunk = read(handle, remaining)
            ^^^^^^^^^^^^^^^^^^^^^^^
ConnectionResetError: [Errno 104] Connection reset by peer
  File "/usr/lib/python3.12/multiprocessing/process.py", line 314, in _bootstrap
    self.run()
  File "/usr/lib/python3.12/multiprocessing/process.py", line 108, in run
    self._target(*self._args, **self._kwargs)
  File "/home/sefo/.local/lib/python3.12/site-packages/stable_baselines3/common/vec_env/subproc_vec_env.py", line 33, in _worker
    cmd, data = remote.recv()
                ^^^^^^^^^^^^^
  File "/usr/lib/python3.12/multiprocessing/connection.py", line 250, in recv
    buf = self._recv_bytes()
          ^^^^^^^^^^^^^^^^^^
  File "/usr/lib/python3.12/multiprocessing/connection.py", line 430, in _recv_bytes
    buf = self._recv(4)
          ^^^^^^^^^^^^^
  File "/usr/lib/python3.12/multiprocessing/connection.py", line 395, in _recv
    chunk = read(handle, remaining)
            ^^^^^^^^^^^^^^^^^^^^^^^
ConnectionResetError: [Errno 104] Connection reset by peer
Traceback (most recent call last):
Traceback (most recent call last):
Traceback (most recent call last):
  File "/usr/lib/python3.12/multiprocessing/process.py", line 314, in _bootstrap
    self.run()
  File "/usr/lib/python3.12/multiprocessing/process.py", line 108, in run
    self._target(*self._args, **self._kwargs)
  File "/home/sefo/.local/lib/python3.12/site-packages/stable_baselines3/common/vec_env/subproc_vec_env.py", line 33, in _worker
    cmd, data = remote.recv()
                ^^^^^^^^^^^^^
  File "/usr/lib/python3.12/multiprocessing/connection.py", line 250, in recv
    buf = self._recv_bytes()
          ^^^^^^^^^^^^^^^^^^
  File "/usr/lib/python3.12/multiprocessing/connection.py", line 430, in _recv_bytes
    buf = self._recv(4)
          ^^^^^^^^^^^^^
  File "/usr/lib/python3.12/multiprocessing/connection.py", line 395, in _recv
    chunk = read(handle, remaining)
            ^^^^^^^^^^^^^^^^^^^^^^^
ConnectionResetError: [Errno 104] Connection reset by peer
  File "/usr/lib/python3.12/multiprocessing/process.py", line 314, in _bootstrap
    self.run()
  File "/usr/lib/python3.12/multiprocessing/process.py", line 108, in run
    self._target(*self._args, **self._kwargs)
  File "/home/sefo/.local/lib/python3.12/site-packages/stable_baselines3/common/vec_env/subproc_vec_env.py", line 33, in _worker
    cmd, data = remote.recv()
                ^^^^^^^^^^^^^
  File "/usr/lib/python3.12/multiprocessing/connection.py", line 250, in recv
    buf = self._recv_bytes()
          ^^^^^^^^^^^^^^^^^^
  File "/usr/lib/python3.12/multiprocessing/connection.py", line 430, in _recv_bytes
    buf = self._recv(4)
          ^^^^^^^^^^^^^
  File "/usr/lib/python3.12/multiprocessing/connection.py", line 395, in _recv
    chunk = read(handle, remaining)
            ^^^^^^^^^^^^^^^^^^^^^^^
ConnectionResetError: [Errno 104] Connection reset by peer
  File "/usr/lib/python3.12/multiprocessing/process.py", line 314, in _bootstrap
    self.run()
  File "/usr/lib/python3.12/multiprocessing/process.py", line 108, in run
    self._target(*self._args, **self._kwargs)
  File "/home/sefo/.local/lib/python3.12/site-packages/stable_baselines3/common/vec_env/subproc_vec_env.py", line 33, in _worker
    cmd, data = remote.recv()
                ^^^^^^^^^^^^^
  File "/usr/lib/python3.12/multiprocessing/connection.py", line 250, in recv
    buf = self._recv_bytes()
          ^^^^^^^^^^^^^^^^^^
  File "/usr/lib/python3.12/multiprocessing/connection.py", line 430, in _recv_bytes
    buf = self._recv(4)
          ^^^^^^^^^^^^^
  File "/usr/lib/python3.12/multiprocessing/connection.py", line 395, in _recv
    chunk = read(handle, remaining)
            ^^^^^^^^^^^^^^^^^^^^^^^
ConnectionResetError: [Errno 104] Connection reset by peer
  File "/usr/lib/python3.12/multiprocessing/process.py", line 108, in run
    self._target(*self._args, **self._kwargs)
  File "/home/sefo/.local/lib/python3.12/site-packages/stable_baselines3/common/vec_env/subproc_vec_env.py", line 33, in _worker
    cmd, data = remote.recv()
                ^^^^^^^^^^^^^
  File "/usr/lib/python3.12/multiprocessing/connection.py", line 250, in recv
    buf = self._recv_bytes()
          ^^^^^^^^^^^^^^^^^^
  File "/usr/lib/python3.12/multiprocessing/connection.py", line 430, in _recv_bytes
    buf = self._recv(4)
          ^^^^^^^^^^^^^
  File "/usr/lib/python3.12/multiprocessing/connection.py", line 395, in _recv
    chunk = read(handle, remaining)
            ^^^^^^^^^^^^^^^^^^^^^^^
ConnectionResetError: [Errno 104] Connection reset by peer
  File "/usr/lib/python3.12/multiprocessing/process.py", line 314, in _bootstrap
    self.run()
  File "/usr/lib/python3.12/multiprocessing/process.py", line 108, in run
    self._target(*self._args, **self._kwargs)
  File "/home/sefo/.local/lib/python3.12/site-packages/stable_baselines3/common/vec_env/subproc_vec_env.py", line 33, in _worker
    cmd, data = remote.recv()
                ^^^^^^^^^^^^^
  File "/usr/lib/python3.12/multiprocessing/connection.py", line 250, in recv
    buf = self._recv_bytes()
          ^^^^^^^^^^^^^^^^^^
  File "/usr/lib/python3.12/multiprocessing/connection.py", line 430, in _recv_bytes
    buf = self._recv(4)
          ^^^^^^^^^^^^^
  File "/usr/lib/python3.12/multiprocessing/connection.py", line 395, in _recv
    chunk = read(handle, remaining)
            ^^^^^^^^^^^^^^^^^^^^^^^
ConnectionResetError: [Errno 104] Connection reset by peer
Traceback (most recent call last):
Traceback (most recent call last):
  File "/usr/lib/python3.12/multiprocessing/process.py", line 314, in _bootstrap
    self.run()
  File "/usr/lib/python3.12/multiprocessing/process.py", line 108, in run
    self._target(*self._args, **self._kwargs)
  File "/home/sefo/.local/lib/python3.12/site-packages/stable_baselines3/common/vec_env/subproc_vec_env.py", line 33, in _worker
    cmd, data = remote.recv()
                ^^^^^^^^^^^^^
  File "/usr/lib/python3.12/multiprocessing/connection.py", line 250, in recv
    buf = self._recv_bytes()
          ^^^^^^^^^^^^^^^^^^
  File "/usr/lib/python3.12/multiprocessing/connection.py", line 430, in _recv_bytes
    buf = self._recv(4)
          ^^^^^^^^^^^^^
  File "/usr/lib/python3.12/multiprocessing/connection.py", line 395, in _recv
    chunk = read(handle, remaining)
            ^^^^^^^^^^^^^^^^^^^^^^^
  File "/usr/lib/python3.12/multiprocessing/process.py", line 314, in _bootstrap
    self.run()
  File "/usr/lib/python3.12/multiprocessing/process.py", line 108, in run
    self._target(*self._args, **self._kwargs)
  File "/home/sefo/.local/lib/python3.12/site-packages/stable_baselines3/common/vec_env/subproc_vec_env.py", line 33, in _worker
    cmd, data = remote.recv()
                ^^^^^^^^^^^^^
  File "/usr/lib/python3.12/multiprocessing/connection.py", line 250, in recv
    buf = self._recv_bytes()
          ^^^^^^^^^^^^^^^^^^
  File "/usr/lib/python3.12/multiprocessing/connection.py", line 430, in _recv_bytes
    buf = self._recv(4)
          ^^^^^^^^^^^^^
  File "/usr/lib/python3.12/multiprocessing/connection.py", line 395, in _recv
    chunk = read(handle, remaining)
            ^^^^^^^^^^^^^^^^^^^^^^^
ConnectionResetError: [Errno 104] Connection reset by peer
ConnectionResetError: [Errno 104] Connection reset by peer
  File "/usr/lib/python3.12/multiprocessing/process.py", line 314, in _bootstrap
    self.run()
  File "/usr/lib/python3.12/multiprocessing/process.py", line 108, in run
    self._target(*self._args, **self._kwargs)
  File "/home/sefo/.local/lib/python3.12/site-packages/stable_baselines3/common/vec_env/subproc_vec_env.py", line 33, in _worker
    cmd, data = remote.recv()
                ^^^^^^^^^^^^^
  File "/usr/lib/python3.12/multiprocessing/connection.py", line 250, in recv
    buf = self._recv_bytes()
          ^^^^^^^^^^^^^^^^^^
  File "/usr/lib/python3.12/multiprocessing/connection.py", line 430, in _recv_bytes
    buf = self._recv(4)
          ^^^^^^^^^^^^^
  File "/usr/lib/python3.12/multiprocessing/connection.py", line 395, in _recv
    chunk = read(handle, remaining)
            ^^^^^^^^^^^^^^^^^^^^^^^
ConnectionResetError: [Errno 104] Connection reset by peer
  File "/usr/lib/python3.12/multiprocessing/process.py", line 314, in _bootstrap
    self.run()
  File "/usr/lib/python3.12/multiprocessing/process.py", line 108, in run
    self._target(*self._args, **self._kwargs)
  File "/home/sefo/.local/lib/python3.12/site-packages/stable_baselines3/common/vec_env/subproc_vec_env.py", line 33, in _worker
    cmd, data = remote.recv()
                ^^^^^^^^^^^^^
  File "/usr/lib/python3.12/multiprocessing/connection.py", line 250, in recv
    buf = self._recv_bytes()
          ^^^^^^^^^^^^^^^^^^
  File "/usr/lib/python3.12/multiprocessing/connection.py", line 430, in _recv_bytes
    buf = self._recv(4)
          ^^^^^^^^^^^^^
  File "/usr/lib/python3.12/multiprocessing/connection.py", line 395, in _recv
    chunk = read(handle, remaining)
            ^^^^^^^^^^^^^^^^^^^^^^^
ConnectionResetError: [Errno 104] Connection reset by peer
  File "/usr/lib/python3.12/multiprocessing/process.py", line 314, in _bootstrap
    self.run()
  File "/usr/lib/python3.12/multiprocessing/process.py", line 108, in run
    self._target(*self._args, **self._kwargs)
  File "/home/sefo/.local/lib/python3.12/site-packages/stable_baselines3/common/vec_env/subproc_vec_env.py", line 33, in _worker
    cmd, data = remote.recv()
                ^^^^^^^^^^^^^
  File "/usr/lib/python3.12/multiprocessing/connection.py", line 250, in recv
    buf = self._recv_bytes()
          ^^^^^^^^^^^^^^^^^^
  File "/usr/lib/python3.12/multiprocessing/process.py", line 314, in _bootstrap
    self.run()
  File "/usr/lib/python3.12/multiprocessing/connection.py", line 430, in _recv_bytes
    buf = self._recv(4)
          ^^^^^^^^^^^^^
  File "/usr/lib/python3.12/multiprocessing/process.py", line 108, in run
    self._target(*self._args, **self._kwargs)
  File "/usr/lib/python3.12/multiprocessing/connection.py", line 395, in _recv
    chunk = read(handle, remaining)
            ^^^^^^^^^^^^^^^^^^^^^^^
  File "/home/sefo/.local/lib/python3.12/site-packages/stable_baselines3/common/vec_env/subproc_vec_env.py", line 33, in _worker
    cmd, data = remote.recv()
                ^^^^^^^^^^^^^
  File "/usr/lib/python3.12/multiprocessing/connection.py", line 250, in recv
    buf = self._recv_bytes()
          ^^^^^^^^^^^^^^^^^^
  File "/usr/lib/python3.12/multiprocessing/connection.py", line 430, in _recv_bytes
    buf = self._recv(4)
          ^^^^^^^^^^^^^
  File "/usr/lib/python3.12/multiprocessing/connection.py", line 395, in _recv
    chunk = read(handle, remaining)
            ^^^^^^^^^^^^^^^^^^^^^^^
ConnectionResetError: [Errno 104] Connection reset by peer
ConnectionResetError: [Errno 104] Connection reset by peer
Traceback (most recent call last):
  File "/usr/lib/python3.12/multiprocessing/process.py", line 314, in _bootstrap
    self.run()
  File "/usr/lib/python3.12/multiprocessing/process.py", line 108, in run
    self._target(*self._args, **self._kwargs)
  File "/home/sefo/.local/lib/python3.12/site-packages/stable_baselines3/common/vec_env/subproc_vec_env.py", line 33, in _worker
    cmd, data = remote.recv()
                ^^^^^^^^^^^^^
  File "/usr/lib/python3.12/multiprocessing/connection.py", line 250, in recv
    buf = self._recv_bytes()
          ^^^^^^^^^^^^^^^^^^
  File "/usr/lib/python3.12/multiprocessing/connection.py", line 430, in _recv_bytes
    buf = self._recv(4)
          ^^^^^^^^^^^^^
  File "/usr/lib/python3.12/multiprocessing/connection.py", line 395, in _recv
    chunk = read(handle, remaining)
            ^^^^^^^^^^^^^^^^^^^^^^^
ConnectionResetError: [Errno 104] Connection reset by peer
Process ForkServerProcess-16:
Traceback (most recent call last):
  File "/usr/lib/python3.12/multiprocessing/process.py", line 314, in _bootstrap
    self.run()
  File "/usr/lib/python3.12/multiprocessing/process.py", line 108, in run
    self._target(*self._args, **self._kwargs)
  File "/home/sefo/.local/lib/python3.12/site-packages/stable_baselines3/common/vec_env/subproc_vec_env.py", line 33, in _worker
    cmd, data = remote.recv()
                ^^^^^^^^^^^^^
  File "/usr/lib/python3.12/multiprocessing/connection.py", line 250, in recv
    buf = self._recv_bytes()
          ^^^^^^^^^^^^^^^^^^
  File "/usr/lib/python3.12/multiprocessing/connection.py", line 430, in _recv_bytes
    buf = self._recv(4)
          ^^^^^^^^^^^^^
  File "/usr/lib/python3.12/multiprocessing/connection.py", line 395, in _recv
    chunk = read(handle, remaining)
            ^^^^^^^^^^^^^^^^^^^^^^^
ConnectionResetError: [Errno 104] Connection reset by peer
Process ForkServerProcess-19:
Traceback (most recent call last):
  File "/usr/lib/python3.12/multiprocessing/process.py", line 314, in _bootstrap
    self.run()
  File "/usr/lib/python3.12/multiprocessing/process.py", line 108, in run
    self._target(*self._args, **self._kwargs)
  File "/home/sefo/.local/lib/python3.12/site-packages/stable_baselines3/common/vec_env/subproc_vec_env.py", line 33, in _worker
    cmd, data = remote.recv()
                ^^^^^^^^^^^^^
  File "/usr/lib/python3.12/multiprocessing/connection.py", line 250, in recv
    buf = self._recv_bytes()
          ^^^^^^^^^^^^^^^^^^
  File "/usr/lib/python3.12/multiprocessing/connection.py", line 430, in _recv_bytes
    buf = self._recv(4)
          ^^^^^^^^^^^^^
  File "/usr/lib/python3.12/multiprocessing/connection.py", line 395, in _recv
    chunk = read(handle, remaining)
            ^^^^^^^^^^^^^^^^^^^^^^^
ConnectionResetError: [Errno 104] Connection reset by peer
Traceback (most recent call last):
  File "/usr/lib/python3.12/multiprocessing/process.py", line 314, in _bootstrap
    self.run()
  File "/usr/lib/python3.12/multiprocessing/process.py", line 108, in run
    self._target(*self._args, **self._kwargs)
  File "/home/sefo/.local/lib/python3.12/site-packages/stable_baselines3/common/vec_env/subproc_vec_env.py", line 33, in _worker
    cmd, data = remote.recv()
                ^^^^^^^^^^^^^
  File "/usr/lib/python3.12/multiprocessing/connection.py", line 250, in recv
    buf = self._recv_bytes()
          ^^^^^^^^^^^^^^^^^^
  File "/usr/lib/python3.12/multiprocessing/connection.py", line 430, in _recv_bytes
    buf = self._recv(4)
          ^^^^^^^^^^^^^
  File "/usr/lib/python3.12/multiprocessing/connection.py", line 395, in _recv
    chunk = read(handle, remaining)
            ^^^^^^^^^^^^^^^^^^^^^^^
ConnectionResetError: [Errno 104] Connection reset by peer
Traceback (most recent call last):
  File "/usr/lib/python3.12/multiprocessing/process.py", line 314, in _bootstrap
    self.run()
  File "/usr/lib/python3.12/multiprocessing/process.py", line 108, in run
    self._target(*self._args, **self._kwargs)
  File "/home/sefo/.local/lib/python3.12/site-packages/stable_baselines3/common/vec_env/subproc_vec_env.py", line 33, in _worker
    cmd, data = remote.recv()
                ^^^^^^^^^^^^^
  File "/usr/lib/python3.12/multiprocessing/connection.py", line 250, in recv
    buf = self._recv_bytes()
          ^^^^^^^^^^^^^^^^^^
  File "/usr/lib/python3.12/multiprocessing/connection.py", line 430, in _recv_bytes
    buf = self._recv(4)
          ^^^^^^^^^^^^^
  File "/usr/lib/python3.12/multiprocessing/connection.py", line 395, in _recv
    chunk = read(handle, remaining)
            ^^^^^^^^^^^^^^^^^^^^^^^
ConnectionResetError: [Errno 104] Connection reset by peer
  File "/usr/lib/python3.12/multiprocessing/process.py", line 314, in _bootstrap
    self.run()
  File "/usr/lib/python3.12/multiprocessing/process.py", line 108, in run
    self._target(*self._args, **self._kwargs)
  File "/home/sefo/.local/lib/python3.12/site-packages/stable_baselines3/common/vec_env/subproc_vec_env.py", line 33, in _worker
    cmd, data = remote.recv()
                ^^^^^^^^^^^^^
  File "/usr/lib/python3.12/multiprocessing/connection.py", line 250, in recv
    buf = self._recv_bytes()
          ^^^^^^^^^^^^^^^^^^
  File "/usr/lib/python3.12/multiprocessing/connection.py", line 430, in _recv_bytes
    buf = self._recv(4)
          ^^^^^^^^^^^^^
  File "/usr/lib/python3.12/multiprocessing/connection.py", line 395, in _recv
    chunk = read(handle, remaining)
            ^^^^^^^^^^^^^^^^^^^^^^^
ConnectionResetError: [Errno 104] Connection reset by peer
  File "/usr/lib/python3.12/multiprocessing/process.py", line 314, in _bootstrap
    self.run()
  File "/usr/lib/python3.12/multiprocessing/process.py", line 108, in run
    self._target(*self._args, **self._kwargs)
  File "/home/sefo/.local/lib/python3.12/site-packages/stable_baselines3/common/vec_env/subproc_vec_env.py", line 33, in _worker
    cmd, data = remote.recv()
                ^^^^^^^^^^^^^
  File "/usr/lib/python3.12/multiprocessing/connection.py", line 250, in recv
    buf = self._recv_bytes()
          ^^^^^^^^^^^^^^^^^^
  File "/usr/lib/python3.12/multiprocessing/connection.py", line 430, in _recv_bytes
    buf = self._recv(4)
          ^^^^^^^^^^^^^
  File "/usr/lib/python3.12/multiprocessing/connection.py", line 395, in _recv
    chunk = read(handle, remaining)
            ^^^^^^^^^^^^^^^^^^^^^^^
ConnectionResetError: [Errno 104] Connection reset by peer
  File "/usr/lib/python3.12/multiprocessing/process.py", line 314, in _bootstrap
    self.run()
  File "/usr/lib/python3.12/multiprocessing/process.py", line 108, in run
    self._target(*self._args, **self._kwargs)
  File "/home/sefo/.local/lib/python3.12/site-packages/stable_baselines3/common/vec_env/subproc_vec_env.py", line 33, in _worker
    cmd, data = remote.recv()
                ^^^^^^^^^^^^^
  File "/usr/lib/python3.12/multiprocessing/connection.py", line 250, in recv
    buf = self._recv_bytes()
          ^^^^^^^^^^^^^^^^^^
  File "/usr/lib/python3.12/multiprocessing/connection.py", line 430, in _recv_bytes
    buf = self._recv(4)
          ^^^^^^^^^^^^^
  File "/usr/lib/python3.12/multiprocessing/connection.py", line 395, in _recv
    chunk = read(handle, remaining)
            ^^^^^^^^^^^^^^^^^^^^^^^
ConnectionResetError: [Errno 104] Connection reset by peer
  File "/usr/lib/python3.12/multiprocessing/process.py", line 314, in _bootstrap
    self.run()
  File "/usr/lib/python3.12/multiprocessing/process.py", line 108, in run
    self._target(*self._args, **self._kwargs)
  File "/home/sefo/.local/lib/python3.12/site-packages/stable_baselines3/common/vec_env/subproc_vec_env.py", line 33, in _worker
    cmd, data = remote.recv()
                ^^^^^^^^^^^^^
  File "/usr/lib/python3.12/multiprocessing/connection.py", line 250, in recv
    buf = self._recv_bytes()
          ^^^^^^^^^^^^^^^^^^
  File "/usr/lib/python3.12/multiprocessing/connection.py", line 430, in _recv_bytes
    buf = self._recv(4)
          ^^^^^^^^^^^^^
  File "/usr/lib/python3.12/multiprocessing/connection.py", line 395, in _recv
    chunk = read(handle, remaining)
            ^^^^^^^^^^^^^^^^^^^^^^^
ConnectionResetError: [Errno 104] Connection reset by peer
  File "/usr/lib/python3.12/multiprocessing/process.py", line 314, in _bootstrap
    self.run()
  File "/usr/lib/python3.12/multiprocessing/process.py", line 108, in run
    self._target(*self._args, **self._kwargs)
  File "/home/sefo/.local/lib/python3.12/site-packages/stable_baselines3/common/vec_env/subproc_vec_env.py", line 33, in _worker
    cmd, data = remote.recv()
                ^^^^^^^^^^^^^
  File "/usr/lib/python3.12/multiprocessing/connection.py", line 250, in recv
    buf = self._recv_bytes()
          ^^^^^^^^^^^^^^^^^^
  File "/usr/lib/python3.12/multiprocessing/connection.py", line 430, in _recv_bytes
    buf = self._recv(4)
          ^^^^^^^^^^^^^
  File "/usr/lib/python3.12/multiprocessing/connection.py", line 395, in _recv
    chunk = read(handle, remaining)
            ^^^^^^^^^^^^^^^^^^^^^^^
ConnectionResetError: [Errno 104] Connection reset by peer
Traceback (most recent call last):
  File "/usr/lib/python3.12/multiprocessing/process.py", line 314, in _bootstrap
    self.run()
  File "/usr/lib/python3.12/multiprocessing/process.py", line 108, in run
    self._target(*self._args, **self._kwargs)
  File "/home/sefo/.local/lib/python3.12/site-packages/stable_baselines3/common/vec_env/subproc_vec_env.py", line 33, in _worker
    cmd, data = remote.recv()
                ^^^^^^^^^^^^^
  File "/usr/lib/python3.12/multiprocessing/connection.py", line 250, in recv
    buf = self._recv_bytes()
          ^^^^^^^^^^^^^^^^^^
  File "/usr/lib/python3.12/multiprocessing/connection.py", line 430, in _recv_bytes
    buf = self._recv(4)
          ^^^^^^^^^^^^^
  File "/usr/lib/python3.12/multiprocessing/connection.py", line 395, in _recv
    chunk = read(handle, remaining)
            ^^^^^^^^^^^^^^^^^^^^^^^
ConnectionResetError: [Errno 104] Connection reset by peer
Process ForkServerProcess-22:
Traceback (most recent call last):
  File "/usr/lib/python3.12/multiprocessing/process.py", line 314, in _bootstrap
    self.run()
  File "/usr/lib/python3.12/multiprocessing/process.py", line 108, in run
    self._target(*self._args, **self._kwargs)
  File "/home/sefo/.local/lib/python3.12/site-packages/stable_baselines3/common/vec_env/subproc_vec_env.py", line 33, in _worker
    cmd, data = remote.recv()
                ^^^^^^^^^^^^^
  File "/usr/lib/python3.12/multiprocessing/connection.py", line 250, in recv
    buf = self._recv_bytes()
          ^^^^^^^^^^^^^^^^^^
  File "/usr/lib/python3.12/multiprocessing/connection.py", line 430, in _recv_bytes
    buf = self._recv(4)
          ^^^^^^^^^^^^^
  File "/usr/lib/python3.12/multiprocessing/connection.py", line 395, in _recv
    chunk = read(handle, remaining)
            ^^^^^^^^^^^^^^^^^^^^^^^
ConnectionResetError: [Errno 104] Connection reset by peer
Process ForkServerProcess-15:
Traceback (most recent call last):
Traceback (most recent call last):
  File "/usr/lib/python3.12/multiprocessing/process.py", line 314, in _bootstrap
    self.run()
  File "/usr/lib/python3.12/multiprocessing/process.py", line 108, in run
    self._target(*self._args, **self._kwargs)
  File "/home/sefo/.local/lib/python3.12/site-packages/stable_baselines3/common/vec_env/subproc_vec_env.py", line 33, in _worker
    cmd, data = remote.recv()
                ^^^^^^^^^^^^^
  File "/usr/lib/python3.12/multiprocessing/connection.py", line 250, in recv
    buf = self._recv_bytes()
          ^^^^^^^^^^^^^^^^^^
  File "/usr/lib/python3.12/multiprocessing/connection.py", line 430, in _recv_bytes
    buf = self._recv(4)
          ^^^^^^^^^^^^^
  File "/usr/lib/python3.12/multiprocessing/connection.py", line 395, in _recv
    chunk = read(handle, remaining)
            ^^^^^^^^^^^^^^^^^^^^^^^
ConnectionResetError: [Errno 104] Connection reset by peer
  File "/usr/lib/python3.12/multiprocessing/process.py", line 314, in _bootstrap
    self.run()
  File "/usr/lib/python3.12/multiprocessing/process.py", line 108, in run
    self._target(*self._args, **self._kwargs)
  File "/home/sefo/.local/lib/python3.12/site-packages/stable_baselines3/common/vec_env/subproc_vec_env.py", line 33, in _worker
    cmd, data = remote.recv()
                ^^^^^^^^^^^^^
  File "/usr/lib/python3.12/multiprocessing/connection.py", line 250, in recv
    buf = self._recv_bytes()
          ^^^^^^^^^^^^^^^^^^
  File "/usr/lib/python3.12/multiprocessing/connection.py", line 430, in _recv_bytes
    buf = self._recv(4)
          ^^^^^^^^^^^^^
  File "/usr/lib/python3.12/multiprocessing/connection.py", line 395, in _recv
    chunk = read(handle, remaining)
            ^^^^^^^^^^^^^^^^^^^^^^^
ConnectionResetError: [Errno 104] Connection reset by peer
Traceback (most recent call last):
  File "/usr/lib/python3.12/multiprocessing/process.py", line 314, in _bootstrap
    self.run()
  File "/usr/lib/python3.12/multiprocessing/process.py", line 108, in run
    self._target(*self._args, **self._kwargs)
  File "/home/sefo/.local/lib/python3.12/site-packages/stable_baselines3/common/vec_env/subproc_vec_env.py", line 33, in _worker
    cmd, data = remote.recv()
                ^^^^^^^^^^^^^
  File "/usr/lib/python3.12/multiprocessing/connection.py", line 250, in recv
    buf = self._recv_bytes()
          ^^^^^^^^^^^^^^^^^^
  File "/usr/lib/python3.12/multiprocessing/connection.py", line 430, in _recv_bytes
    buf = self._recv(4)
          ^^^^^^^^^^^^^
  File "/usr/lib/python3.12/multiprocessing/connection.py", line 395, in _recv
    chunk = read(handle, remaining)
            ^^^^^^^^^^^^^^^^^^^^^^^
ConnectionResetError: [Errno 104] Connection reset by peer
