[17:10:08] === NEUSTART Stage 2 mit lr=5e-5 (Policy Collapse bei lr=1e-4 beobachtet) ===
=== spinoza RL Training ===
  n_envs=64, difficulty=2
  total_timesteps=20000000
  policy=MLP [256, 256]

  Loading pretrained model: models/ppo_stage1
  model params: 149,519

  step=  100032 | eps/s=  7398 | success= 11.7% | miss= 71.7% | elapsed= 13.5s
  step=  200064 | eps/s=  7326 | success= 13.3% | miss= 68.7% | elapsed= 27.3s
  step=  300096 | eps/s=  7358 | success= 14.1% | miss= 67.9% | elapsed= 40.8s
  step=  400128 | eps/s=  7318 | success= 15.0% | miss= 66.4% | elapsed= 54.7s
  step=  500160 | eps/s=  7330 | success= 15.4% | miss= 65.9% | elapsed= 68.2s
  step=  600192 | eps/s=  7299 | success= 16.2% | miss= 65.3% | elapsed= 82.2s
  step=  700224 | eps/s=  7298 | success= 16.4% | miss= 64.8% | elapsed= 96.0s
  step=  800256 | eps/s=  7255 | success= 17.1% | miss= 64.0% | elapsed=110.3s
  step=  900288 | eps/s=  7211 | success= 17.6% | miss= 64.0% | elapsed=124.8s
  step= 1000320 | eps/s=  7156 | success= 18.6% | miss= 62.2% | elapsed=139.8s
  step= 1100352 | eps/s=  7161 | success= 19.5% | miss= 61.9% | elapsed=153.6s
  step= 1200384 | eps/s=  7158 | success= 20.3% | miss= 60.9% | elapsed=167.7s
  step= 1300416 | eps/s=  7183 | success= 20.3% | miss= 60.1% | elapsed=181.0s
  step= 1400448 | eps/s=  7182 | success= 20.5% | miss= 59.6% | elapsed=195.0s
  step= 1500480 | eps/s=  7215 | success= 21.0% | miss= 59.2% | elapsed=208.0s
  step= 1600512 | eps/s=  7236 | success= 21.1% | miss= 59.4% | elapsed=221.2s
  step= 1700544 | eps/s=  7258 | success= 20.6% | miss= 58.2% | elapsed=234.3s
  step= 1800576 | eps/s=  7256 | success= 22.5% | miss= 56.8% | elapsed=248.2s
  step= 1900608 | eps/s=  7243 | success= 23.5% | miss= 56.5% | elapsed=262.4s
  step= 2000640 | eps/s=  7235 | success= 24.5% | miss= 56.4% | elapsed=276.5s
  step= 2100672 | eps/s=  7235 | success= 22.4% | miss= 57.2% | elapsed=290.4s
  step= 2200704 | eps/s=  7247 | success= 26.6% | miss= 54.5% | elapsed=303.7s
  step= 2300736 | eps/s=  7272 | success= 27.4% | miss= 53.1% | elapsed=316.4s
  step= 2400768 | eps/s=  7287 | success= 27.9% | miss= 52.4% | elapsed=329.4s
  step= 2500800 | eps/s=  7302 | success= 27.0% | miss= 52.6% | elapsed=342.5s
  step= 2600832 | eps/s=  7302 | success= 28.6% | miss= 51.8% | elapsed=356.2s
  step= 2700864 | eps/s=  7301 | success= 27.4% | miss= 55.6% | elapsed=369.9s
  step= 2800896 | eps/s=  7298 | success= 27.4% | miss= 54.4% | elapsed=383.8s
  step= 2900928 | eps/s=  7279 | success= 28.3% | miss= 52.4% | elapsed=398.5s
  step= 3000960 | eps/s=  7285 | success= 28.6% | miss= 50.7% | elapsed=411.9s
  step= 3100992 | eps/s=  7308 | success= 30.3% | miss= 49.2% | elapsed=424.3s
  step= 3201024 | eps/s=  7313 | success= 29.5% | miss= 53.0% | elapsed=437.7s
  step= 3301056 | eps/s=  7323 | success= 31.1% | miss= 49.7% | elapsed=450.8s
  step= 3401088 | eps/s=  7335 | success= 31.3% | miss= 49.0% | elapsed=463.7s
  step= 3501120 | eps/s=  7339 | success= 34.4% | miss= 45.0% | elapsed=477.0s
  step= 3601152 | eps/s=  7345 | success= 34.5% | miss= 45.1% | elapsed=490.3s
  step= 3701184 | eps/s=  7364 | success= 35.3% | miss= 45.7% | elapsed=502.6s
  step= 3801216 | eps/s=  7359 | success= 39.2% | miss= 42.3% | elapsed=516.6s
  step= 3901248 | eps/s=  7368 | success= 40.6% | miss= 41.9% | elapsed=529.5s
  step= 4001280 | eps/s=  7367 | success= 37.1% | miss= 44.4% | elapsed=543.1s
  step= 4101312 | eps/s=  7377 | success= 38.9% | miss= 43.5% | elapsed=556.0s
  step= 4201344 | eps/s=  7381 | success= 38.8% | miss= 43.7% | elapsed=569.2s
  step= 4301376 | eps/s=  7379 | success= 43.4% | miss= 39.8% | elapsed=582.9s
  step= 4401408 | eps/s=  7377 | success= 43.3% | miss= 39.4% | elapsed=596.6s
  step= 4501440 | eps/s=  7376 | success= 43.8% | miss= 39.7% | elapsed=610.2s
  step= 4601472 | eps/s=  7385 | success= 46.1% | miss= 38.3% | elapsed=623.1s
  step= 4701504 | eps/s=  7387 | success= 43.7% | miss= 40.3% | elapsed=636.5s
  step= 4801536 | eps/s=  7384 | success= 45.0% | miss= 37.6% | elapsed=650.2s
  step= 4901568 | eps/s=  7393 | success= 45.5% | miss= 39.2% | elapsed=663.0s
  step= 5001600 | eps/s=  7395 | success= 49.4% | miss= 34.4% | elapsed=676.3s
  step= 5101632 | eps/s=  7403 | success= 49.6% | miss= 34.8% | elapsed=689.1s
  step= 5201664 | eps/s=  7409 | success= 51.4% | miss= 34.7% | elapsed=702.0s
  step= 5301696 | eps/s=  7411 | success= 51.2% | miss= 34.3% | elapsed=715.4s
  step= 5401728 | eps/s=  7417 | success= 51.5% | miss= 33.5% | elapsed=728.3s
  step= 5501760 | eps/s=  7412 | success= 47.3% | miss= 32.2% | elapsed=742.3s
  step= 5601792 | eps/s=  7418 | success= 51.7% | miss= 30.4% | elapsed=755.2s
  step= 5701824 | eps/s=  7419 | success= 52.3% | miss= 31.1% | elapsed=768.6s
  step= 5801856 | eps/s=  7420 | success= 53.3% | miss= 32.1% | elapsed=781.9s
  step= 5901888 | eps/s=  7420 | success= 50.7% | miss= 34.7% | elapsed=795.4s
  step= 6001920 | eps/s=  7380 | success= 45.5% | miss= 32.9% | elapsed=813.2s
  step= 6101952 | eps/s=  7360 | success= 44.6% | miss= 36.5% | elapsed=829.1s
  step= 6201984 | eps/s=  7352 | success= 49.6% | miss= 34.1% | elapsed=843.6s
  step= 6302016 | eps/s=  7341 | success= 57.0% | miss= 29.4% | elapsed=858.4s
  step= 6402048 | eps/s=  7330 | success= 60.0% | miss= 27.8% | elapsed=873.4s
  step= 6502080 | eps/s=  7325 | success= 61.1% | miss= 27.2% | elapsed=887.7s
  step= 6602112 | eps/s=  7326 | success= 60.8% | miss= 26.4% | elapsed=901.2s
  step= 6702144 | eps/s=  7323 | success= 54.3% | miss= 31.2% | elapsed=915.3s
  step= 6802176 | eps/s=  7322 | success= 61.6% | miss= 27.2% | elapsed=929.1s
  step= 6902208 | eps/s=  7317 | success= 62.3% | miss= 24.9% | elapsed=943.3s
  step= 7002240 | eps/s=  7318 | success= 56.0% | miss= 30.0% | elapsed=956.9s
  step= 7102272 | eps/s=  7319 | success= 56.6% | miss= 29.0% | elapsed=970.3s
  step= 7202304 | eps/s=  7320 | success= 60.4% | miss= 25.1% | elapsed=983.9s
  step= 7302336 | eps/s=  7319 | success= 53.8% | miss= 32.9% | elapsed=997.7s
  step= 7402368 | eps/s=  7315 | success= 38.8% | miss= 50.6% | elapsed=1011.9s
  step= 7502400 | eps/s=  7312 | success= 38.3% | miss= 49.1% | elapsed=1026.0s
  step= 7602432 | eps/s=  7306 | success= 45.7% | miss= 37.0% | elapsed=1040.6s
  step= 7702464 | eps/s=  7305 | success= 54.9% | miss= 27.9% | elapsed=1054.4s
  step= 7802496 | eps/s=  7303 | success= 52.0% | miss= 29.6% | elapsed=1068.4s
  step= 7902528 | eps/s=  7300 | success= 50.2% | miss= 30.2% | elapsed=1082.6s
  step= 8002560 | eps/s=  7300 | success= 47.4% | miss= 30.9% | elapsed=1096.3s
  step= 8102592 | eps/s=  7297 | success= 52.8% | miss= 28.6% | elapsed=1110.4s
  step= 8202624 | eps/s=  7298 | success= 29.7% | miss= 61.4% | elapsed=1124.0s
  step= 8302656 | eps/s=  7300 | success=  0.0% | miss= 99.7% | elapsed=1137.3s
  step= 8402688 | eps/s=  7304 | success=  0.2% | miss= 97.8% | elapsed=1150.4s
  step= 8502720 | eps/s=  7311 | success=  0.8% | miss= 93.9% | elapsed=1163.1s
  step= 8602752 | eps/s=  7309 | success=  4.3% | miss= 78.2% | elapsed=1176.9s
  step= 8702784 | eps/s=  7314 | success= 13.2% | miss= 59.9% | elapsed=1189.9s
  step= 8802816 | eps/s=  7316 | success= 19.6% | miss= 53.5% | elapsed=1203.2s
  step= 8902848 | eps/s=  7318 | success= 25.6% | miss= 54.8% | elapsed=1216.6s
  step= 9002880 | eps/s=  7317 | success= 31.2% | miss= 52.7% | elapsed=1230.3s
  step= 9102912 | eps/s=  7320 | success= 38.0% | miss= 52.1% | elapsed=1243.6s
  step= 9202944 | eps/s=  7321 | success= 42.0% | miss= 49.8% | elapsed=1257.1s
  step= 9302976 | eps/s=  7323 | success= 40.4% | miss= 54.4% | elapsed=1270.4s
  step= 9403008 | eps/s=  7325 | success= 43.7% | miss= 51.1% | elapsed=1283.7s
  step= 9503040 | eps/s=  7320 | success= 45.4% | miss= 46.9% | elapsed=1298.2s
  step= 9603072 | eps/s=  7326 | success= 43.5% | miss= 47.3% | elapsed=1310.8s
  step= 9703104 | eps/s=  7325 | success= 47.9% | miss= 43.7% | elapsed=1324.7s
  step= 9803136 | eps/s=  7323 | success= 52.0% | miss= 41.3% | elapsed=1338.7s
  step= 9903168 | eps/s=  7320 | success= 52.8% | miss= 40.7% | elapsed=1352.8s
  step=10003200 | eps/s=  7319 | success= 51.7% | miss= 41.2% | elapsed=1366.8s
  step=10103232 | eps/s=  7316 | success= 53.5% | miss= 39.0% | elapsed=1380.9s
  step=10203264 | eps/s=  7314 | success= 55.2% | miss= 38.1% | elapsed=1395.0s
  step=10303296 | eps/s=  7311 | success= 56.9% | miss= 37.5% | elapsed=1409.2s
  step=10403328 | eps/s=  7309 | success= 58.0% | miss= 36.5% | elapsed=1423.4s
  step=10503360 | eps/s=  7303 | success= 57.2% | miss= 34.7% | elapsed=1438.3s
  step=10603392 | eps/s=  7305 | success= 55.3% | miss= 34.7% | elapsed=1451.5s
  step=10703424 | eps/s=  7308 | success= 54.3% | miss= 34.7% | elapsed=1464.5s
  step=10803456 | eps/s=  7312 | success= 49.3% | miss= 43.3% | elapsed=1477.6s
  step=10903488 | eps/s=  7313 | success= 54.1% | miss= 39.4% | elapsed=1490.9s
  step=11003520 | eps/s=  7310 | success= 60.8% | miss= 32.3% | elapsed=1505.3s
  step=11103552 | eps/s=  7308 | success= 60.5% | miss= 32.1% | elapsed=1519.3s
  step=11203584 | eps/s=  7311 | success= 58.8% | miss= 34.5% | elapsed=1532.5s
  step=11303616 | eps/s=  7310 | success= 61.6% | miss= 31.0% | elapsed=1546.3s
  step=11403648 | eps/s=  7306 | success= 58.7% | miss= 31.6% | elapsed=1560.8s
  step=11503680 | eps/s=  7306 | success= 62.4% | miss= 29.9% | elapsed=1574.6s
  step=11603712 | eps/s=  7308 | success= 56.3% | miss= 36.9% | elapsed=1587.9s
  step=11703744 | eps/s=  7307 | success= 63.5% | miss= 30.2% | elapsed=1601.7s
  step=11803776 | eps/s=  7308 | success= 62.9% | miss= 30.8% | elapsed=1615.3s
  step=11903808 | eps/s=  7308 | success= 65.8% | miss= 28.3% | elapsed=1629.0s
  step=12003840 | eps/s=  7307 | success= 62.7% | miss= 32.1% | elapsed=1642.8s
  step=12103872 | eps/s=  7307 | success= 49.6% | miss= 45.7% | elapsed=1656.6s
  step=12203904 | eps/s=  7309 | success= 38.8% | miss= 56.6% | elapsed=1669.6s
  step=12303936 | eps/s=  7311 | success= 53.9% | miss= 40.5% | elapsed=1682.9s
  step=12403968 | eps/s=  7307 | success= 64.1% | miss= 28.6% | elapsed=1697.4s
  step=12504000 | eps/s=  7309 | success= 62.7% | miss= 24.6% | elapsed=1710.7s
  step=12604032 | eps/s=  7309 | success= 59.5% | miss= 29.4% | elapsed=1724.4s
  step=12704064 | eps/s=  7313 | success= 57.1% | miss= 32.8% | elapsed=1737.3s
  step=12804096 | eps/s=  7316 | success= 45.0% | miss= 42.1% | elapsed=1750.1s
  step=12904128 | eps/s=  7318 | success= 48.0% | miss= 40.0% | elapsed=1763.2s
  step=13004160 | eps/s=  7321 | success= 47.9% | miss= 34.7% | elapsed=1776.3s
  step=13104192 | eps/s=  7324 | success= 55.2% | miss= 31.5% | elapsed=1789.2s
  step=13204224 | eps/s=  7324 | success= 58.2% | miss= 25.7% | elapsed=1802.9s
  step=13304256 | eps/s=  7320 | success= 65.6% | miss= 22.8% | elapsed=1817.5s
  step=13404288 | eps/s=  7320 | success= 65.9% | miss= 23.1% | elapsed=1831.1s
  step=13504320 | eps/s=  7318 | success= 53.3% | miss= 23.3% | elapsed=1845.3s
  step=13604352 | eps/s=  7317 | success= 58.4% | miss= 24.2% | elapsed=1859.2s
  step=13704384 | eps/s=  7317 | success= 67.7% | miss= 22.1% | elapsed=1873.0s
  step=13804416 | eps/s=  7316 | success= 67.3% | miss= 21.9% | elapsed=1886.8s
  step=13904448 | eps/s=  7317 | success= 65.2% | miss= 26.4% | elapsed=1900.3s
  step=14004480 | eps/s=  7317 | success= 70.6% | miss= 20.5% | elapsed=1913.9s
  step=14104512 | eps/s=  7321 | success= 72.0% | miss= 21.0% | elapsed=1926.7s
  step=14204544 | eps/s=  7320 | success= 59.4% | miss= 35.7% | elapsed=1940.5s
  step=14304576 | eps/s=  7319 | success= 44.5% | miss= 51.3% | elapsed=1954.5s
  step=14404608 | eps/s=  7320 | success= 38.9% | miss= 57.3% | elapsed=1967.9s
  step=14504640 | eps/s=  7321 | success= 64.6% | miss= 24.5% | elapsed=1981.2s
  step=14604672 | eps/s=  7320 | success= 57.9% | miss= 23.1% | elapsed=1995.3s
  step=14704704 | eps/s=  7320 | success= 50.8% | miss= 34.1% | elapsed=2008.9s
  step=14804736 | eps/s=  7320 | success= 70.7% | miss= 17.9% | elapsed=2022.4s
  step=14904768 | eps/s=  7318 | success= 63.2% | miss= 28.9% | elapsed=2036.8s
  step=15004800 | eps/s=  7315 | success= 52.9% | miss= 39.7% | elapsed=2051.3s
  step=15104832 | eps/s=  7313 | success= 65.3% | miss= 25.7% | elapsed=2065.6s
  step=15204864 | eps/s=  7307 | success= 61.0% | miss= 31.7% | elapsed=2080.8s
  step=15304896 | eps/s=  7306 | success= 59.5% | miss= 31.4% | elapsed=2094.9s
  step=15404928 | eps/s=  7305 | success= 47.8% | miss= 45.6% | elapsed=2108.9s
  step=15504960 | eps/s=  7308 | success=  0.0% | miss=100.0% | elapsed=2121.7s
  step=15604992 | eps/s=  7312 | success=  1.0% | miss= 97.7% | elapsed=2134.1s
  step=15705024 | eps/s=  7315 | success= 20.9% | miss= 72.2% | elapsed=2147.0s
  step=15805056 | eps/s=  7316 | success= 42.1% | miss= 51.2% | elapsed=2160.2s
  step=15905088 | eps/s=  7322 | success=  2.8% | miss= 94.1% | elapsed=2172.3s
  step=16005120 | eps/s=  7325 | success=  2.6% | miss= 84.0% | elapsed=2184.9s
  step=16105152 | eps/s=  7328 | success=  3.3% | miss= 66.9% | elapsed=2197.7s
  step=16205184 | eps/s=  7325 | success=  5.3% | miss= 47.1% | elapsed=2212.2s
  step=16305216 | eps/s=  7323 | success=  7.7% | miss= 32.8% | elapsed=2226.4s
  step=16405248 | eps/s=  7321 | success= 26.1% | miss= 20.9% | elapsed=2240.8s
  step=16505280 | eps/s=  7318 | success= 36.9% | miss= 20.5% | elapsed=2255.3s
  step=16605312 | eps/s=  7316 | success= 54.4% | miss= 23.1% | elapsed=2269.8s
  step=16705344 | eps/s=  7316 | success= 12.6% | miss= 74.8% | elapsed=2283.4s
  step=16805376 | eps/s=  7315 | success= 22.2% | miss= 61.5% | elapsed=2297.3s
  step=16905408 | eps/s=  7317 | success= 32.5% | miss= 41.8% | elapsed=2310.5s
  step=17005440 | eps/s=  7316 | success= 34.5% | miss= 39.3% | elapsed=2324.5s
  step=17105472 | eps/s=  7313 | success= 37.0% | miss= 36.5% | elapsed=2339.1s
  step=17205504 | eps/s=  7313 | success= 38.4% | miss= 33.7% | elapsed=2352.7s
  step=17305536 | eps/s=  7312 | success= 40.1% | miss= 34.8% | elapsed=2366.8s
  step=17405568 | eps/s=  7312 | success= 42.5% | miss= 33.5% | elapsed=2380.5s
  step=17505600 | eps/s=  7311 | success= 43.5% | miss= 32.6% | elapsed=2394.3s
  step=17605632 | eps/s=  7310 | success= 39.2% | miss= 39.8% | elapsed=2408.3s
  step=17705664 | eps/s=  7311 | success= 33.2% | miss= 46.0% | elapsed=2421.9s
  step=17805696 | eps/s=  7309 | success= 40.4% | miss= 36.4% | elapsed=2436.1s
  step=17905728 | eps/s=  7311 | success= 45.2% | miss= 33.1% | elapsed=2449.1s
  step=18005760 | eps/s=  7312 | success= 47.8% | miss= 26.5% | elapsed=2462.6s
  step=18105792 | eps/s=  7308 | success= 44.2% | miss= 25.7% | elapsed=2477.6s
  step=18205824 | eps/s=  7304 | success= 41.9% | miss= 25.9% | elapsed=2492.5s
  step=18305856 | eps/s=  7302 | success= 38.4% | miss= 34.6% | elapsed=2507.0s
  step=18405888 | eps/s=  7299 | success= 45.2% | miss= 28.0% | elapsed=2521.6s
  step=18505920 | eps/s=  7298 | success= 51.4% | miss= 24.2% | elapsed=2535.7s
  step=18605952 | eps/s=  7300 | success= 51.9% | miss= 26.9% | elapsed=2548.7s
  step=18705984 | eps/s=  7303 | success=  3.6% | miss= 74.7% | elapsed=2561.4s
  step=18806016 | eps/s=  7304 | success=  0.0% | miss= 78.1% | elapsed=2574.8s
  step=18906048 | eps/s=  7304 | success=  0.0% | miss= 78.1% | elapsed=2588.3s
  step=19006080 | eps/s=  7305 | success=  0.0% | miss= 78.5% | elapsed=2601.9s
  step=19106112 | eps/s=  7309 | success=  0.0% | miss= 78.3% | elapsed=2614.1s
  step=19206144 | eps/s=  7313 | success=  0.0% | miss= 78.7% | elapsed=2626.4s
  step=19306176 | eps/s=  7314 | success=  0.0% | miss= 78.0% | elapsed=2639.5s
  step=19406208 | eps/s=  7316 | success=  0.0% | miss= 78.0% | elapsed=2652.5s
  step=19506240 | eps/s=  7318 | success=  0.0% | miss= 78.9% | elapsed=2665.4s
  step=19606272 | eps/s=  7321 | success=  0.0% | miss= 79.2% | elapsed=2678.3s
  step=19706304 | eps/s=  7322 | success=  0.0% | miss= 78.5% | elapsed=2691.4s
  step=19806336 | eps/s=  7325 | success=  0.0% | miss= 78.1% | elapsed=2704.0s
  step=19906368 | eps/s=  7325 | success=  0.0% | miss= 78.0% | elapsed=2717.7s

  Training complete in 2732.1s
  Avg throughput: 7320 timesteps/sec
  Model saved to models/ppo_stage2

=== Evaluation (100 episodes) ===
  paddle_miss: 86%
  return_missed_table: 14%
  avg reward: -0.016
[17:55:49] Stage 2 abgeschlossen.
[17:55:49] === Stage 3: Voller Spin | 30M Steps | lr=2e-5 ===
=== spinoza RL Training ===
  n_envs=64, difficulty=3
  total_timesteps=30000000
  policy=MLP [256, 256]

  Loading pretrained model: models/ppo_stage2
  model params: 149,519

  step=  100032 | eps/s=  7435 | success=  0.2% | miss= 90.4% | elapsed= 13.5s
  step=  200064 | eps/s=  7060 | success=  0.2% | miss= 90.1% | elapsed= 28.3s
  step=  300096 | eps/s=  6931 | success=  0.2% | miss= 89.9% | elapsed= 43.3s
  step=  400128 | eps/s=  6923 | success=  0.2% | miss= 90.0% | elapsed= 57.8s
  step=  500160 | eps/s=  6912 | success=  0.2% | miss= 89.5% | elapsed= 72.4s
  step=  600192 | eps/s=  6928 | success=  0.2% | miss= 89.7% | elapsed= 86.6s
  step=  700224 | eps/s=  6890 | success=  0.2% | miss= 89.5% | elapsed=101.6s
  step=  800256 | eps/s=  6871 | success=  0.3% | miss= 89.3% | elapsed=116.5s
  step=  900288 | eps/s=  6866 | success=  0.3% | miss= 89.5% | elapsed=131.1s
  step= 1000320 | eps/s=  6836 | success=  0.3% | miss= 89.2% | elapsed=146.3s
  step= 1100352 | eps/s=  6824 | success=  0.3% | miss= 89.1% | elapsed=161.3s
  step= 1200384 | eps/s=  6842 | success=  0.3% | miss= 89.1% | elapsed=175.4s
  step= 1300416 | eps/s=  6853 | success=  0.3% | miss= 89.3% | elapsed=189.8s
  step= 1400448 | eps/s=  6855 | success=  0.4% | miss= 89.2% | elapsed=204.3s
  step= 1500480 | eps/s=  6854 | success=  0.4% | miss= 89.1% | elapsed=218.9s
  step= 1600512 | eps/s=  6852 | success=  0.4% | miss= 89.1% | elapsed=233.6s
  step= 1700544 | eps/s=  6855 | success=  0.4% | miss= 88.6% | elapsed=248.1s
  step= 1800576 | eps/s=  6849 | success=  0.4% | miss= 88.6% | elapsed=262.9s
  step= 1900608 | eps/s=  6825 | success=  0.5% | miss= 88.3% | elapsed=278.5s
  step= 2000640 | eps/s=  6830 | success=  0.5% | miss= 88.0% | elapsed=292.9s
  step= 2100672 | eps/s=  6831 | success=  0.6% | miss= 87.2% | elapsed=307.5s
  step= 2200704 | eps/s=  6821 | success=  0.7% | miss= 86.6% | elapsed=322.6s
  step= 2300736 | eps/s=  6816 | success=  0.7% | miss= 86.6% | elapsed=337.5s
  step= 2400768 | eps/s=  6825 | success=  0.7% | miss= 86.2% | elapsed=351.8s
  step= 2500800 | eps/s=  6822 | success=  0.8% | miss= 85.7% | elapsed=366.6s
  step= 2600832 | eps/s=  6816 | success=  0.9% | miss= 85.1% | elapsed=381.6s
  step= 2700864 | eps/s=  6811 | success=  0.9% | miss= 84.4% | elapsed=396.6s
  step= 2800896 | eps/s=  6804 | success=  1.0% | miss= 84.1% | elapsed=411.7s
  step= 2900928 | eps/s=  6785 | success=  1.0% | miss= 83.8% | elapsed=427.5s
  step= 3000960 | eps/s=  6787 | success=  1.1% | miss= 83.4% | elapsed=442.1s
  step= 3100992 | eps/s=  6788 | success=  1.2% | miss= 82.8% | elapsed=456.8s
  step= 3201024 | eps/s=  6792 | success=  1.3% | miss= 82.1% | elapsed=471.3s
  step= 3301056 | eps/s=  6785 | success=  1.5% | miss= 81.1% | elapsed=486.5s
  step= 3401088 | eps/s=  6780 | success=  1.6% | miss= 79.5% | elapsed=501.6s
  step= 3501120 | eps/s=  6780 | success=  1.8% | miss= 78.4% | elapsed=516.4s
  step= 3601152 | eps/s=  6777 | success=  1.8% | miss= 77.0% | elapsed=531.4s
  step= 3701184 | eps/s=  6771 | success=  2.3% | miss= 75.7% | elapsed=546.6s
  step= 3801216 | eps/s=  6753 | success=  2.7% | miss= 74.8% | elapsed=562.9s
  step= 3901248 | eps/s=  6752 | success=  3.3% | miss= 73.4% | elapsed=577.8s
  step= 4001280 | eps/s=  6753 | success=  3.6% | miss= 72.1% | elapsed=592.5s
  step= 4101312 | eps/s=  6748 | success=  4.3% | miss= 70.4% | elapsed=607.8s
  step= 4201344 | eps/s=  6746 | success=  5.3% | miss= 68.8% | elapsed=622.8s
  step= 4301376 | eps/s=  6742 | success=  6.6% | miss= 66.8% | elapsed=638.0s
  step= 4401408 | eps/s=  6742 | success=  8.4% | miss= 65.5% | elapsed=652.9s
  step= 4501440 | eps/s=  6741 | success= 10.0% | miss= 64.5% | elapsed=667.7s
  step= 4601472 | eps/s=  6742 | success= 11.5% | miss= 63.5% | elapsed=682.5s
  step= 4701504 | eps/s=  6739 | success= 12.0% | miss= 62.7% | elapsed=697.6s
  step= 4801536 | eps/s=  6727 | success= 13.1% | miss= 61.2% | elapsed=713.7s
  step= 4901568 | eps/s=  6726 | success= 15.2% | miss= 59.7% | elapsed=728.7s
  step= 5001600 | eps/s=  6723 | success= 16.3% | miss= 58.7% | elapsed=744.0s
  step= 5101632 | eps/s=  6728 | success= 17.1% | miss= 56.8% | elapsed=758.2s
  step= 5201664 | eps/s=  6725 | success= 18.5% | miss= 55.8% | elapsed=773.5s
  step= 5301696 | eps/s=  6722 | success= 19.6% | miss= 54.7% | elapsed=788.7s
  step= 5401728 | eps/s=  6722 | success= 21.2% | miss= 52.6% | elapsed=803.6s
  step= 5501760 | eps/s=  6718 | success= 23.2% | miss= 50.6% | elapsed=818.9s
  step= 5601792 | eps/s=  6715 | success= 24.8% | miss= 49.0% | elapsed=834.3s
  step= 5701824 | eps/s=  6702 | success= 25.6% | miss= 48.4% | elapsed=850.7s
  step= 5801856 | eps/s=  6698 | success= 27.0% | miss= 47.0% | elapsed=866.3s
  step= 5901888 | eps/s=  6696 | success= 28.8% | miss= 45.5% | elapsed=881.4s
  step= 6001920 | eps/s=  6695 | success= 30.0% | miss= 44.6% | elapsed=896.5s
  step= 6101952 | eps/s=  6693 | success= 30.5% | miss= 43.4% | elapsed=911.7s
  step= 6201984 | eps/s=  6692 | success= 30.9% | miss= 42.6% | elapsed=926.8s
  step= 6302016 | eps/s=  6689 | success= 32.0% | miss= 41.8% | elapsed=942.1s
  step= 6402048 | eps/s=  6689 | success= 32.7% | miss= 41.4% | elapsed=957.1s
  step= 6502080 | eps/s=  6691 | success= 33.4% | miss= 40.7% | elapsed=971.8s
  step= 6602112 | eps/s=  6688 | success= 33.7% | miss= 40.7% | elapsed=987.1s
  step= 6702144 | eps/s=  6680 | success= 34.0% | miss= 40.3% | elapsed=1003.3s
  step= 6802176 | eps/s=  6681 | success= 34.9% | miss= 39.8% | elapsed=1018.1s
  step= 6902208 | eps/s=  6681 | success= 34.8% | miss= 39.7% | elapsed=1033.1s
  step= 7002240 | eps/s=  6680 | success= 34.8% | miss= 39.5% | elapsed=1048.2s
  step= 7102272 | eps/s=  6679 | success= 34.9% | miss= 39.1% | elapsed=1063.4s
  step= 7202304 | eps/s=  6682 | success= 35.3% | miss= 39.1% | elapsed=1077.9s
  step= 7302336 | eps/s=  6680 | success= 36.5% | miss= 38.8% | elapsed=1093.1s
  step= 7402368 | eps/s=  6684 | success= 36.3% | miss= 38.8% | elapsed=1107.5s
  step= 7502400 | eps/s=  6682 | success= 37.2% | miss= 38.4% | elapsed=1122.7s
  step= 7602432 | eps/s=  6678 | success= 37.5% | miss= 38.1% | elapsed=1138.5s
  step= 7702464 | eps/s=  6677 | success= 37.6% | miss= 38.2% | elapsed=1153.6s
  step= 7802496 | eps/s=  6677 | success= 37.4% | miss= 38.3% | elapsed=1168.5s
  step= 7902528 | eps/s=  6675 | success= 36.6% | miss= 38.0% | elapsed=1183.9s
  step= 8002560 | eps/s=  6676 | success= 36.6% | miss= 38.3% | elapsed=1198.7s
  step= 8102592 | eps/s=  6675 | success= 37.3% | miss= 38.4% | elapsed=1213.8s
  step= 8202624 | eps/s=  6674 | success= 38.7% | miss= 38.0% | elapsed=1229.0s
  step= 8302656 | eps/s=  6674 | success= 39.0% | miss= 38.0% | elapsed=1244.0s
  step= 8402688 | eps/s=  6672 | success= 39.7% | miss= 37.8% | elapsed=1259.4s
  step= 8502720 | eps/s=  6673 | success= 39.5% | miss= 37.4% | elapsed=1274.2s
  step= 8602752 | eps/s=  6668 | success= 38.9% | miss= 37.8% | elapsed=1290.2s
  step= 8702784 | eps/s=  6667 | success= 38.9% | miss= 37.3% | elapsed=1305.4s
  step= 8802816 | eps/s=  6668 | success= 38.9% | miss= 37.3% | elapsed=1320.1s
  step= 8902848 | eps/s=  6667 | success= 40.0% | miss= 37.2% | elapsed=1335.3s
  step= 9002880 | eps/s=  6669 | success= 40.1% | miss= 37.1% | elapsed=1350.0s
  step= 9102912 | eps/s=  6671 | success= 39.0% | miss= 37.4% | elapsed=1364.5s
  step= 9202944 | eps/s=  6670 | success= 39.8% | miss= 37.3% | elapsed=1379.7s
  step= 9302976 | eps/s=  6670 | success= 40.5% | miss= 37.1% | elapsed=1394.7s
  step= 9403008 | eps/s=  6670 | success= 41.0% | miss= 37.1% | elapsed=1409.8s
  step= 9503040 | eps/s=  6665 | success= 41.2% | miss= 37.0% | elapsed=1425.9s
  step= 9603072 | eps/s=  6666 | success= 41.3% | miss= 36.7% | elapsed=1440.6s
  step= 9703104 | eps/s=  6666 | success= 41.1% | miss= 36.7% | elapsed=1455.6s
  step= 9803136 | eps/s=  6667 | success= 41.3% | miss= 36.8% | elapsed=1470.5s
  step= 9903168 | eps/s=  6668 | success= 41.0% | miss= 36.8% | elapsed=1485.3s
  step=10003200 | eps/s=  6669 | success= 40.8% | miss= 37.2% | elapsed=1500.0s
  step=10103232 | eps/s=  6667 | success= 41.7% | miss= 37.3% | elapsed=1515.3s
  step=10203264 | eps/s=  6667 | success= 41.9% | miss= 36.7% | elapsed=1530.3s
  step=10303296 | eps/s=  6667 | success= 42.3% | miss= 36.6% | elapsed=1545.5s
  step=10403328 | eps/s=  6666 | success= 42.6% | miss= 36.4% | elapsed=1560.7s
  step=10503360 | eps/s=  6663 | success= 42.2% | miss= 36.5% | elapsed=1576.4s
  step=10603392 | eps/s=  6664 | success= 41.7% | miss= 36.5% | elapsed=1591.1s
  step=10703424 | eps/s=  6663 | success= 42.3% | miss= 36.6% | elapsed=1606.4s
  step=10803456 | eps/s=  6664 | success= 42.6% | miss= 36.5% | elapsed=1621.1s
  step=10903488 | eps/s=  6663 | success= 42.8% | miss= 36.3% | elapsed=1636.4s
  step=11003520 | eps/s=  6662 | success= 42.7% | miss= 36.0% | elapsed=1651.6s
  step=11103552 | eps/s=  6662 | success= 42.9% | miss= 36.4% | elapsed=1666.8s
  step=11203584 | eps/s=  6661 | success= 43.1% | miss= 36.3% | elapsed=1681.9s
  step=11303616 | eps/s=  6660 | success= 44.1% | miss= 36.1% | elapsed=1697.2s
  step=11403648 | eps/s=  6656 | success= 43.8% | miss= 36.4% | elapsed=1713.3s
  step=11503680 | eps/s=  6655 | success= 44.3% | miss= 36.3% | elapsed=1728.7s
  step=11603712 | eps/s=  6654 | success= 44.1% | miss= 36.6% | elapsed=1743.9s
  step=11703744 | eps/s=  6654 | success= 44.5% | miss= 36.2% | elapsed=1759.0s
  step=11803776 | eps/s=  6655 | success= 43.9% | miss= 36.1% | elapsed=1773.8s
  step=11903808 | eps/s=  6655 | success= 44.1% | miss= 36.2% | elapsed=1788.6s
  step=12003840 | eps/s=  6656 | success= 44.1% | miss= 35.9% | elapsed=1803.4s
  step=12103872 | eps/s=  6656 | success= 43.1% | miss= 36.1% | elapsed=1818.5s
  step=12203904 | eps/s=  6657 | success= 44.4% | miss= 36.4% | elapsed=1833.3s
  step=12303936 | eps/s=  6655 | success= 45.3% | miss= 36.6% | elapsed=1848.8s
  step=12403968 | eps/s=  6652 | success= 45.8% | miss= 36.5% | elapsed=1864.7s
  step=12504000 | eps/s=  6651 | success= 45.4% | miss= 36.1% | elapsed=1879.9s
  step=12604032 | eps/s=  6652 | success= 45.1% | miss= 35.9% | elapsed=1894.7s
  step=12704064 | eps/s=  6652 | success= 44.7% | miss= 36.1% | elapsed=1909.7s
  step=12804096 | eps/s=  6655 | success= 45.2% | miss= 36.3% | elapsed=1924.1s
  step=12904128 | eps/s=  6654 | success= 45.3% | miss= 36.1% | elapsed=1939.2s
  step=13004160 | eps/s=  6655 | success= 45.0% | miss= 36.2% | elapsed=1954.2s
  step=13104192 | eps/s=  6654 | success= 44.9% | miss= 36.5% | elapsed=1969.4s
  step=13204224 | eps/s=  6656 | success= 45.4% | miss= 36.9% | elapsed=1983.8s
  step=13304256 | eps/s=  6652 | success= 46.4% | miss= 36.4% | elapsed=2000.0s
  step=13404288 | eps/s=  6650 | success= 45.8% | miss= 36.0% | elapsed=2015.6s
  step=13504320 | eps/s=  6650 | success= 45.5% | miss= 35.9% | elapsed=2030.8s
  step=13604352 | eps/s=  6649 | success= 44.9% | miss= 35.7% | elapsed=2046.0s
  step=13704384 | eps/s=  6650 | success= 44.7% | miss= 36.5% | elapsed=2060.7s
  step=13804416 | eps/s=  6650 | success= 45.4% | miss= 36.6% | elapsed=2076.0s
  step=13904448 | eps/s=  6649 | success= 46.0% | miss= 36.5% | elapsed=2091.1s
  step=14004480 | eps/s=  6649 | success= 46.4% | miss= 36.1% | elapsed=2106.3s
  step=14104512 | eps/s=  6648 | success= 46.9% | miss= 35.6% | elapsed=2121.5s
  step=14204544 | eps/s=  6648 | success= 46.7% | miss= 35.7% | elapsed=2136.7s
  step=14304576 | eps/s=  6644 | success= 46.7% | miss= 35.8% | elapsed=2152.9s
  step=14404608 | eps/s=  6644 | success= 47.0% | miss= 36.1% | elapsed=2168.1s
  step=14504640 | eps/s=  6644 | success= 47.6% | miss= 35.5% | elapsed=2183.3s
  step=14604672 | eps/s=  6643 | success= 46.6% | miss= 36.0% | elapsed=2198.6s
  step=14704704 | eps/s=  6642 | success= 47.0% | miss= 35.8% | elapsed=2214.1s
  step=14804736 | eps/s=  6641 | success= 46.9% | miss= 36.1% | elapsed=2229.2s
  step=14904768 | eps/s=  6642 | success= 47.5% | miss= 35.8% | elapsed=2244.1s
  step=15004800 | eps/s=  6642 | success= 47.6% | miss= 35.7% | elapsed=2259.2s
  step=15104832 | eps/s=  6641 | success= 47.7% | miss= 35.7% | elapsed=2274.4s
  step=15204864 | eps/s=  6638 | success= 48.0% | miss= 36.3% | elapsed=2290.4s
  step=15304896 | eps/s=  6638 | success= 47.5% | miss= 37.3% | elapsed=2305.5s
  step=15404928 | eps/s=  6638 | success= 48.3% | miss= 36.0% | elapsed=2320.7s
  step=15504960 | eps/s=  6638 | success= 47.6% | miss= 35.3% | elapsed=2335.7s
  step=15604992 | eps/s=  6639 | success= 47.3% | miss= 35.4% | elapsed=2350.7s
  step=15705024 | eps/s=  6639 | success= 46.4% | miss= 35.5% | elapsed=2365.5s
  step=15805056 | eps/s=  6639 | success= 45.9% | miss= 35.8% | elapsed=2380.5s
  step=15905088 | eps/s=  6639 | success= 46.2% | miss= 36.0% | elapsed=2395.6s
  step=16005120 | eps/s=  6639 | success= 47.3% | miss= 35.9% | elapsed=2410.9s
  step=16105152 | eps/s=  6638 | success= 48.1% | miss= 35.9% | elapsed=2426.2s
  step=16205184 | eps/s=  6634 | success= 48.4% | miss= 35.8% | elapsed=2442.6s
  step=16305216 | eps/s=  6634 | success= 47.7% | miss= 36.1% | elapsed=2457.9s
  step=16405248 | eps/s=  6633 | success= 48.9% | miss= 35.6% | elapsed=2473.1s
  step=16505280 | eps/s=  6633 | success= 49.1% | miss= 35.8% | elapsed=2488.3s
  step=16605312 | eps/s=  6633 | success= 49.0% | miss= 35.2% | elapsed=2503.6s
  step=16705344 | eps/s=  6633 | success= 48.4% | miss= 35.3% | elapsed=2518.5s
  step=16805376 | eps/s=  6632 | success= 48.6% | miss= 35.3% | elapsed=2534.1s
  step=16905408 | eps/s=  6632 | success= 48.6% | miss= 35.0% | elapsed=2549.1s
  step=17005440 | eps/s=  6632 | success= 48.4% | miss= 35.1% | elapsed=2564.2s
  step=17105472 | eps/s=  6630 | success= 48.6% | miss= 35.2% | elapsed=2580.1s
  step=17205504 | eps/s=  6629 | success= 49.1% | miss= 34.9% | elapsed=2595.4s
  step=17305536 | eps/s=  6629 | success= 49.0% | miss= 34.8% | elapsed=2610.6s
  step=17405568 | eps/s=  6629 | success= 48.6% | miss= 34.7% | elapsed=2625.6s
  step=17505600 | eps/s=  6629 | success= 48.4% | miss= 34.8% | elapsed=2640.6s
  step=17605632 | eps/s=  6630 | success= 48.0% | miss= 35.0% | elapsed=2655.6s
  step=17705664 | eps/s=  6630 | success= 47.8% | miss= 35.1% | elapsed=2670.7s
  step=17805696 | eps/s=  6629 | success= 47.7% | miss= 35.2% | elapsed=2685.8s
  step=17905728 | eps/s=  6630 | success= 48.4% | miss= 35.3% | elapsed=2700.8s
  step=18005760 | eps/s=  6629 | success= 48.5% | miss= 34.6% | elapsed=2716.2s
  step=18105792 | eps/s=  6627 | success= 47.8% | miss= 35.2% | elapsed=2731.9s
  step=18205824 | eps/s=  6627 | success= 48.1% | miss= 35.0% | elapsed=2747.1s
  step=18305856 | eps/s=  6627 | success= 49.0% | miss= 34.9% | elapsed=2762.3s
  step=18405888 | eps/s=  6628 | success= 48.9% | miss= 35.3% | elapsed=2776.9s
  step=18505920 | eps/s=  6629 | success= 49.7% | miss= 35.4% | elapsed=2791.7s
  step=18605952 | eps/s=  6628 | success= 50.6% | miss= 34.9% | elapsed=2807.0s
  step=18705984 | eps/s=  6627 | success= 49.5% | miss= 35.4% | elapsed=2822.6s
  step=18806016 | eps/s=  6628 | success= 50.2% | miss= 35.6% | elapsed=2837.6s
  step=18906048 | eps/s=  6627 | success= 50.7% | miss= 36.0% | elapsed=2853.1s
  step=19006080 | eps/s=  6625 | success= 51.4% | miss= 35.5% | elapsed=2868.7s
  step=19106112 | eps/s=  6625 | success= 51.3% | miss= 35.5% | elapsed=2883.8s
  step=19206144 | eps/s=  6626 | success= 50.6% | miss= 36.5% | elapsed=2898.6s
  step=19306176 | eps/s=  6626 | success= 51.3% | miss= 36.4% | elapsed=2913.7s
  step=19406208 | eps/s=  6625 | success= 52.1% | miss= 35.5% | elapsed=2929.0s
  step=19506240 | eps/s=  6626 | success= 52.1% | miss= 35.6% | elapsed=2944.1s
  step=19606272 | eps/s=  6627 | success= 52.1% | miss= 35.2% | elapsed=2958.7s
  step=19706304 | eps/s=  6626 | success= 52.6% | miss= 34.7% | elapsed=2974.0s
  step=19806336 | eps/s=  6625 | success= 52.1% | miss= 34.5% | elapsed=2989.5s
  step=19906368 | eps/s=  6625 | success= 51.5% | miss= 34.6% | elapsed=3004.8s
  step=20006400 | eps/s=  6622 | success= 51.2% | miss= 35.1% | elapsed=3021.1s
  step=20106432 | eps/s=  6624 | success= 51.7% | miss= 35.0% | elapsed=3035.6s
  step=20206464 | eps/s=  6624 | success= 52.2% | miss= 34.9% | elapsed=3050.4s
  step=20306496 | eps/s=  6623 | success= 51.5% | miss= 35.2% | elapsed=3065.9s
  step=20406528 | eps/s=  6623 | success= 51.5% | miss= 34.7% | elapsed=3081.4s
  step=20506560 | eps/s=  6623 | success= 51.7% | miss= 35.6% | elapsed=3096.1s
  step=20606592 | eps/s=  6623 | success= 52.5% | miss= 35.4% | elapsed=3111.6s
  step=20706624 | eps/s=  6623 | success= 53.0% | miss= 35.1% | elapsed=3126.6s
  step=20806656 | eps/s=  6622 | success= 53.0% | miss= 35.2% | elapsed=3141.9s
  step=20906688 | eps/s=  6620 | success= 52.5% | miss= 34.8% | elapsed=3158.1s
  step=21006720 | eps/s=  6621 | success= 52.1% | miss= 35.4% | elapsed=3172.8s
  step=21106752 | eps/s=  6620 | success= 52.5% | miss= 35.7% | elapsed=3188.2s
  step=21206784 | eps/s=  6620 | success= 52.9% | miss= 35.7% | elapsed=3203.2s
  step=21306816 | eps/s=  6620 | success= 53.1% | miss= 35.4% | elapsed=3218.4s
  step=21406848 | eps/s=  6620 | success= 53.5% | miss= 35.0% | elapsed=3233.7s
  step=21506880 | eps/s=  6620 | success= 53.4% | miss= 35.0% | elapsed=3249.0s
  step=21606912 | eps/s=  6619 | success= 53.0% | miss= 35.2% | elapsed=3264.4s
  step=21706944 | eps/s=  6618 | success= 53.6% | miss= 34.7% | elapsed=3279.9s
  step=21806976 | eps/s=  6619 | success= 53.2% | miss= 34.9% | elapsed=3294.7s
  step=21907008 | eps/s=  6616 | success= 52.8% | miss= 34.6% | elapsed=3311.0s
  step=22007040 | eps/s=  6616 | success= 52.6% | miss= 34.9% | elapsed=3326.3s
  step=22107072 | eps/s=  6617 | success= 52.3% | miss= 34.9% | elapsed=3341.1s
  step=22207104 | eps/s=  6616 | success= 52.2% | miss= 34.9% | elapsed=3356.4s
  step=22307136 | eps/s=  6616 | success= 51.9% | miss= 35.4% | elapsed=3371.8s
  step=22407168 | eps/s=  6616 | success= 53.2% | miss= 35.2% | elapsed=3386.9s
  step=22507200 | eps/s=  6616 | success= 53.6% | miss= 34.8% | elapsed=3402.0s
  step=22607232 | eps/s=  6616 | success= 53.1% | miss= 35.1% | elapsed=3417.1s
  step=22707264 | eps/s=  6615 | success= 53.4% | miss= 34.6% | elapsed=3432.5s
  step=22807296 | eps/s=  6613 | success= 53.3% | miss= 34.7% | elapsed=3448.7s
  step=22907328 | eps/s=  6614 | success= 52.9% | miss= 34.9% | elapsed=3463.6s
  step=23007360 | eps/s=  6613 | success= 53.2% | miss= 34.8% | elapsed=3479.1s
  step=23107392 | eps/s=  6613 | success= 53.5% | miss= 34.8% | elapsed=3494.2s
  step=23207424 | eps/s=  6613 | success= 53.1% | miss= 35.3% | elapsed=3509.4s
  step=23307456 | eps/s=  6613 | success= 53.7% | miss= 35.1% | elapsed=3524.7s
  step=23407488 | eps/s=  6613 | success= 54.0% | miss= 35.4% | elapsed=3539.8s
  step=23507520 | eps/s=  6613 | success= 54.5% | miss= 34.8% | elapsed=3554.8s
  step=23607552 | eps/s=  6613 | success= 54.2% | miss= 34.8% | elapsed=3570.1s
  step=23707584 | eps/s=  6612 | success= 53.5% | miss= 34.9% | elapsed=3585.4s
  step=23807616 | eps/s=  6610 | success= 53.6% | miss= 34.6% | elapsed=3601.7s
  step=23907648 | eps/s=  6610 | success= 53.3% | miss= 34.4% | elapsed=3617.0s
  step=24007680 | eps/s=  6610 | success= 53.3% | miss= 34.4% | elapsed=3632.2s
  step=24107712 | eps/s=  6609 | success= 53.7% | miss= 34.5% | elapsed=3647.5s
  step=24207744 | eps/s=  6609 | success= 54.2% | miss= 35.1% | elapsed=3662.7s
  step=24307776 | eps/s=  6610 | success= 54.6% | miss= 34.8% | elapsed=3677.7s
  step=24407808 | eps/s=  6609 | success= 53.9% | miss= 35.1% | elapsed=3692.8s
  step=24507840 | eps/s=  6609 | success= 54.4% | miss= 34.8% | elapsed=3708.1s
  step=24607872 | eps/s=  6610 | success= 54.4% | miss= 34.7% | elapsed=3722.9s
  step=24707904 | eps/s=  6608 | success= 54.4% | miss= 34.8% | elapsed=3738.8s
  step=24807936 | eps/s=  6609 | success= 54.6% | miss= 34.8% | elapsed=3753.6s
  step=24907968 | eps/s=  6609 | success= 53.7% | miss= 35.0% | elapsed=3768.8s
  step=25008000 | eps/s=  6610 | success= 53.7% | miss= 34.9% | elapsed=3783.2s
  step=25108032 | eps/s=  6611 | success= 54.4% | miss= 34.8% | elapsed=3797.9s
  step=25208064 | eps/s=  6611 | success= 55.4% | miss= 34.7% | elapsed=3813.2s
  step=25308096 | eps/s=  6611 | success= 54.8% | miss= 34.9% | elapsed=3828.4s
  step=25408128 | eps/s=  6610 | success= 54.4% | miss= 34.7% | elapsed=3843.8s
  step=25508160 | eps/s=  6610 | success= 54.0% | miss= 34.8% | elapsed=3859.2s
  step=25608192 | eps/s=  6609 | success= 53.4% | miss= 34.9% | elapsed=3874.6s
  step=25708224 | eps/s=  6607 | success= 53.7% | miss= 34.9% | elapsed=3890.8s
  step=25808256 | eps/s=  6607 | success= 53.5% | miss= 34.9% | elapsed=3906.0s
  step=25908288 | eps/s=  6607 | success= 54.0% | miss= 34.9% | elapsed=3921.5s
  step=26008320 | eps/s=  6607 | success= 54.3% | miss= 35.0% | elapsed=3936.4s
  step=26108352 | eps/s=  6607 | success= 54.1% | miss= 35.2% | elapsed=3951.4s
  step=26208384 | eps/s=  6607 | success= 55.0% | miss= 35.0% | elapsed=3966.6s
  step=26308416 | eps/s=  6608 | success= 55.1% | miss= 34.8% | elapsed=3981.5s
  step=26408448 | eps/s=  6607 | success= 55.7% | miss= 34.9% | elapsed=3996.8s
  step=26508480 | eps/s=  6607 | success= 56.1% | miss= 34.8% | elapsed=4012.1s
  step=26608512 | eps/s=  6605 | success= 56.0% | miss= 34.8% | elapsed=4028.4s
  step=26708544 | eps/s=  6605 | success= 56.1% | miss= 34.9% | elapsed=4043.4s
  step=26808576 | eps/s=  6605 | success= 55.8% | miss= 34.9% | elapsed=4058.8s
  step=26908608 | eps/s=  6605 | success= 55.3% | miss= 34.8% | elapsed=4073.9s
  step=27008640 | eps/s=  6605 | success= 55.0% | miss= 35.0% | elapsed=4089.2s
  step=27108672 | eps/s=  6605 | success= 55.8% | miss= 35.2% | elapsed=4104.6s
  step=27208704 | eps/s=  6604 | success= 56.6% | miss= 34.8% | elapsed=4119.8s
  step=27308736 | eps/s=  6605 | success= 56.5% | miss= 35.0% | elapsed=4134.7s
  step=27408768 | eps/s=  6605 | success= 56.8% | miss= 34.9% | elapsed=4149.8s
  step=27508800 | eps/s=  6603 | success= 57.1% | miss= 34.9% | elapsed=4165.9s
  step=27608832 | eps/s=  6603 | success= 57.2% | miss= 34.9% | elapsed=4181.1s
  step=27708864 | eps/s=  6604 | success= 57.3% | miss= 34.9% | elapsed=4195.8s
  step=27808896 | eps/s=  6604 | success= 58.0% | miss= 34.7% | elapsed=4211.0s
  step=27908928 | eps/s=  6604 | success= 57.5% | miss= 35.2% | elapsed=4226.3s
  step=28008960 | eps/s=  6604 | success= 57.5% | miss= 35.0% | elapsed=4241.4s
  step=28108992 | eps/s=  6604 | success= 57.8% | miss= 34.7% | elapsed=4256.6s
  step=28209024 | eps/s=  6603 | success= 57.3% | miss= 34.9% | elapsed=4271.9s
  step=28309056 | eps/s=  6603 | success= 56.7% | miss= 35.3% | elapsed=4287.0s
  step=28409088 | eps/s=  6603 | success= 56.5% | miss= 34.8% | elapsed=4302.2s
  step=28509120 | eps/s=  6602 | success= 56.4% | miss= 35.1% | elapsed=4318.5s
  step=28609152 | eps/s=  6601 | success= 55.8% | miss= 34.8% | elapsed=4333.8s
  step=28709184 | eps/s=  6602 | success= 56.0% | miss= 35.1% | elapsed=4348.7s
  step=28809216 | eps/s=  6602 | success= 57.2% | miss= 34.8% | elapsed=4363.8s
  step=28909248 | eps/s=  6601 | success= 57.6% | miss= 34.6% | elapsed=4379.4s
  step=29009280 | eps/s=  6601 | success= 57.3% | miss= 34.6% | elapsed=4394.6s
  step=29109312 | eps/s=  6601 | success= 57.8% | miss= 34.3% | elapsed=4409.9s
  step=29209344 | eps/s=  6601 | success= 57.2% | miss= 34.6% | elapsed=4425.0s
  step=29309376 | eps/s=  6601 | success= 57.4% | miss= 34.4% | elapsed=4440.2s
  step=29409408 | eps/s=  6599 | success= 57.5% | miss= 34.3% | elapsed=4456.6s
  step=29509440 | eps/s=  6599 | success= 57.2% | miss= 34.5% | elapsed=4471.8s
  step=29609472 | eps/s=  6599 | success= 57.2% | miss= 34.4% | elapsed=4486.9s
  step=29709504 | eps/s=  6599 | success= 57.3% | miss= 34.6% | elapsed=4502.2s
  step=29809536 | eps/s=  6599 | success= 56.9% | miss= 34.7% | elapsed=4517.5s
  step=29909568 | eps/s=  6599 | success= 57.0% | miss= 34.7% | elapsed=4532.6s
  step=30009600 | eps/s=  6599 | success= 57.9% | miss= 34.4% | elapsed=4547.4s

  Training complete in 4549.0s
  Avg throughput: 6595 timesteps/sec
  Model saved to models/ppo_stage3

=== Evaluation (100 episodes) ===
  success: 64%
  paddle_miss: 32%
  return_missed_table: 4%
  avg reward: 0.692
[19:11:47] Stage 3 abgeschlossen.
[19:11:47] === Finale Evaluation (500 Episoden) ===
usage: evaluate.py [-h] [--stages STAGES [STAGES ...]] [--episodes EPISODES]
                   model
evaluate.py: error: unrecognized arguments: --difficulty 3 --n-episodes 500
