[13:34:43] === Stage 2 von ckpt_13000000 | lr=1e-5 | n_epochs=5 | target_kl=0.01 ===
=== spinoza RL Training ===
  n_envs=64, difficulty=2
  total_timesteps=20000000
  policy=MLP [512, 512]

  lr=1e-05
  Loading pretrained model: models/ppo_stage2_checkpoints/ckpt_13000000_steps
  model params: 622,607

  step=  100032 | eps/s=  5036 | success= 77.5% | miss=  4.2% | elapsed= 19.9s
  step=  200064 | eps/s=  4936 | success= 78.8% | miss=  3.6% | elapsed= 40.5s
  step=  300096 | eps/s=  4945 | success= 79.8% | miss=  3.5% | elapsed= 60.7s
  step=  400128 | eps/s=  5008 | success= 80.2% | miss=  3.2% | elapsed= 79.9s
  step=  500160 | eps/s=  4992 | success= 80.3% | miss=  3.2% | elapsed=100.2s
  step=  600192 | eps/s=  4980 | success= 80.2% | miss=  3.2% | elapsed=120.5s
  step=  700224 | eps/s=  4977 | success= 80.5% | miss=  3.1% | elapsed=140.7s
  step=  800256 | eps/s=  4976 | success= 80.4% | miss=  3.0% | elapsed=160.8s
  step=  900288 | eps/s=  4976 | success= 80.5% | miss=  3.0% | elapsed=180.9s
  step= 1000320 | eps/s=  4939 | success= 80.5% | miss=  3.0% | elapsed=202.5s
  step= 1100352 | eps/s=  4957 | success= 80.5% | miss=  3.0% | elapsed=222.0s
  step= 1200384 | eps/s=  4948 | success= 80.5% | miss=  2.9% | elapsed=242.6s
  step= 1300416 | eps/s=  4946 | success= 80.6% | miss=  3.0% | elapsed=262.9s
  step= 1400448 | eps/s=  4968 | success= 81.1% | miss=  2.9% | elapsed=281.9s
  step= 1500480 | eps/s=  4963 | success= 80.8% | miss=  2.9% | elapsed=302.4s
  step= 1600512 | eps/s=  4972 | success= 81.3% | miss=  2.9% | elapsed=321.9s
  step= 1700544 | eps/s=  4964 | success= 81.3% | miss=  2.9% | elapsed=342.6s
  step= 1800576 | eps/s=  4966 | success= 81.4% | miss=  2.8% | elapsed=362.6s
  step= 1900608 | eps/s=  4943 | success= 81.2% | miss=  2.8% | elapsed=384.5s
  step= 2000640 | eps/s=  4940 | success= 81.2% | miss=  2.8% | elapsed=405.0s
  step= 2100672 | eps/s=  4939 | success= 81.7% | miss=  2.8% | elapsed=425.3s
  step= 2200704 | eps/s=  4937 | success= 81.0% | miss=  2.8% | elapsed=445.7s
  step= 2300736 | eps/s=  4936 | success= 81.6% | miss=  2.7% | elapsed=466.1s
  step= 2400768 | eps/s=  4933 | success= 81.3% | miss=  2.7% | elapsed=486.7s
  step= 2500800 | eps/s=  4938 | success= 81.4% | miss=  2.7% | elapsed=506.5s
  step= 2600832 | eps/s=  4927 | success= 81.9% | miss=  2.7% | elapsed=527.9s
  step= 2700864 | eps/s=  4923 | success= 81.9% | miss=  2.7% | elapsed=548.6s
  step= 2800896 | eps/s=  4936 | success= 82.1% | miss=  2.7% | elapsed=567.4s
  step= 2900928 | eps/s=  4923 | success= 81.7% | miss=  2.6% | elapsed=589.2s
  step= 3000960 | eps/s=  4923 | success= 81.6% | miss=  2.7% | elapsed=609.6s
  step= 3100992 | eps/s=  4920 | success= 81.7% | miss=  2.7% | elapsed=630.3s
  step= 3201024 | eps/s=  4917 | success= 82.1% | miss=  2.7% | elapsed=651.0s
  step= 3301056 | eps/s=  4923 | success= 81.9% | miss=  2.7% | elapsed=670.5s
  step= 3401088 | eps/s=  4921 | success= 81.5% | miss=  2.6% | elapsed=691.2s
  step= 3501120 | eps/s=  4919 | success= 81.9% | miss=  2.6% | elapsed=711.8s
  step= 3601152 | eps/s=  4919 | success= 82.0% | miss=  2.7% | elapsed=732.1s
  step= 3701184 | eps/s=  4918 | success= 82.2% | miss=  2.5% | elapsed=752.5s
  step= 3801216 | eps/s=  4902 | success= 81.8% | miss=  2.5% | elapsed=775.4s
  step= 3901248 | eps/s=  4888 | success= 82.3% | miss=  2.6% | elapsed=798.1s
  step= 4001280 | eps/s=  4884 | success= 82.0% | miss=  2.5% | elapsed=819.2s
  step= 4101312 | eps/s=  4884 | success= 82.2% | miss=  2.5% | elapsed=839.8s
  step= 4201344 | eps/s=  4883 | success= 82.3% | miss=  2.5% | elapsed=860.4s
  step= 4301376 | eps/s=  4880 | success= 82.1% | miss=  2.5% | elapsed=881.4s
  step= 4401408 | eps/s=  4875 | success= 82.1% | miss=  2.6% | elapsed=902.8s
  step= 4501440 | eps/s=  4853 | success= 82.2% | miss=  2.6% | elapsed=927.5s
  step= 4601472 | eps/s=  4821 | success= 82.3% | miss=  2.6% | elapsed=954.5s
  step= 4701504 | eps/s=  4805 | success= 82.6% | miss=  2.4% | elapsed=978.4s
  step= 4801536 | eps/s=  4793 | success= 82.5% | miss=  2.5% | elapsed=1001.7s
  step= 4901568 | eps/s=  4792 | success= 82.7% | miss=  2.4% | elapsed=1022.9s
  step= 5001600 | eps/s=  4791 | success= 82.7% | miss=  2.4% | elapsed=1044.0s
  step= 5101632 | eps/s=  4794 | success= 82.6% | miss=  2.4% | elapsed=1064.3s
  step= 5201664 | eps/s=  4772 | success= 82.4% | miss=  2.4% | elapsed=1090.1s
  step= 5301696 | eps/s=  4762 | success= 82.8% | miss=  2.4% | elapsed=1113.3s
  step= 5401728 | eps/s=  4754 | success= 83.0% | miss=  2.4% | elapsed=1136.3s
  step= 5501760 | eps/s=  4752 | success= 83.1% | miss=  2.3% | elapsed=1157.9s
  step= 5601792 | eps/s=  4755 | success= 82.7% | miss=  2.4% | elapsed=1178.1s
  step= 5701824 | eps/s=  4726 | success= 82.5% | miss=  2.4% | elapsed=1206.6s
  step= 5801856 | eps/s=  4723 | success= 82.8% | miss=  2.3% | elapsed=1228.3s
  step= 5901888 | eps/s=  4721 | success= 82.8% | miss=  2.4% | elapsed=1250.0s
  step= 6001920 | eps/s=  4721 | success= 82.8% | miss=  2.4% | elapsed=1271.3s
  step= 6101952 | eps/s=  4722 | success= 82.6% | miss=  2.3% | elapsed=1292.2s
  step= 6201984 | eps/s=  4725 | success= 83.0% | miss=  2.3% | elapsed=1312.7s
  step= 6302016 | eps/s=  4726 | success= 83.0% | miss=  2.4% | elapsed=1333.4s
  step= 6402048 | eps/s=  4728 | success= 82.9% | miss=  2.3% | elapsed=1354.0s
  step= 6502080 | eps/s=  4731 | success= 82.8% | miss=  2.3% | elapsed=1374.5s
  step= 6602112 | eps/s=  4733 | success= 83.0% | miss=  2.3% | elapsed=1395.0s
  step= 6702144 | eps/s=  4730 | success= 83.0% | miss=  2.3% | elapsed=1417.0s
  step= 6802176 | eps/s=  4732 | success= 82.9% | miss=  2.3% | elapsed=1437.6s
  step= 6902208 | eps/s=  4733 | success= 83.3% | miss=  2.2% | elapsed=1458.3s
  step= 7002240 | eps/s=  4735 | success= 82.9% | miss=  2.3% | elapsed=1479.0s
  step= 7102272 | eps/s=  4739 | success= 83.2% | miss=  2.3% | elapsed=1498.7s
  step= 7202304 | eps/s=  4741 | success= 83.4% | miss=  2.2% | elapsed=1519.3s
  step= 7302336 | eps/s=  4744 | success= 83.3% | miss=  2.2% | elapsed=1539.2s
  step= 7402368 | eps/s=  4745 | success= 83.1% | miss=  2.3% | elapsed=1560.0s
  step= 7502400 | eps/s=  4746 | success= 83.3% | miss=  2.2% | elapsed=1580.8s
  step= 7602432 | eps/s=  4744 | success= 83.6% | miss=  2.1% | elapsed=1602.5s
  step= 7702464 | eps/s=  4747 | success= 83.3% | miss=  2.2% | elapsed=1622.7s
  step= 7802496 | eps/s=  4747 | success= 83.3% | miss=  2.2% | elapsed=1643.6s
  step= 7902528 | eps/s=  4743 | success= 83.0% | miss=  2.2% | elapsed=1666.2s
  step= 8002560 | eps/s=  4728 | success= 83.3% | miss=  2.2% | elapsed=1692.7s
  step= 8102592 | eps/s=  4730 | success= 83.8% | miss=  2.1% | elapsed=1712.9s
  step= 8202624 | eps/s=  4721 | success= 83.4% | miss=  2.0% | elapsed=1737.5s
  step= 8302656 | eps/s=  4715 | success= 83.7% | miss=  2.2% | elapsed=1760.7s
  step= 8402688 | eps/s=  4715 | success= 83.4% | miss=  2.1% | elapsed=1782.3s
  step= 8502720 | eps/s=  4714 | success= 83.5% | miss=  2.1% | elapsed=1803.7s
  step= 8602752 | eps/s=  4710 | success= 83.6% | miss=  2.2% | elapsed=1826.6s
  step= 8702784 | eps/s=  4709 | success= 83.8% | miss=  2.1% | elapsed=1848.1s
  step= 8802816 | eps/s=  4709 | success= 83.7% | miss=  2.2% | elapsed=1869.2s
  step= 8902848 | eps/s=  4709 | success= 83.6% | miss=  2.1% | elapsed=1890.5s
  step= 9002880 | eps/s=  4711 | success= 83.4% | miss=  2.1% | elapsed=1911.2s
  step= 9102912 | eps/s=  4711 | success= 84.1% | miss=  2.1% | elapsed=1932.4s
  step= 9202944 | eps/s=  4714 | success= 83.7% | miss=  2.1% | elapsed=1952.2s
  step= 9302976 | eps/s=  4715 | success= 83.8% | miss=  2.0% | elapsed=1973.1s
  step= 9403008 | eps/s=  4716 | success= 84.1% | miss=  2.0% | elapsed=1993.8s
  step= 9503040 | eps/s=  4714 | success= 84.1% | miss=  1.9% | elapsed=2015.9s
  step= 9603072 | eps/s=  4715 | success= 83.8% | miss=  2.0% | elapsed=2036.6s
  step= 9703104 | eps/s=  4718 | success= 84.1% | miss=  2.1% | elapsed=2056.6s
  step= 9803136 | eps/s=  4721 | success= 84.1% | miss=  2.0% | elapsed=2076.4s
  step= 9903168 | eps/s=  4723 | success= 84.1% | miss=  1.9% | elapsed=2096.9s
  step=10003200 | eps/s=  4726 | success= 83.8% | miss=  2.1% | elapsed=2116.7s
  step=10103232 | eps/s=  4729 | success= 84.1% | miss=  2.1% | elapsed=2136.4s
  step=10203264 | eps/s=  4730 | success= 84.0% | miss=  2.0% | elapsed=2157.1s
  step=10303296 | eps/s=  4732 | success= 84.2% | miss=  2.0% | elapsed=2177.3s
  step=10403328 | eps/s=  4735 | success= 84.2% | miss=  2.0% | elapsed=2197.1s
  step=10503360 | eps/s=  4735 | success= 84.3% | miss=  1.9% | elapsed=2218.0s
  step=10603392 | eps/s=  4739 | success= 84.5% | miss=  1.9% | elapsed=2237.6s
  step=10703424 | eps/s=  4740 | success= 84.4% | miss=  2.0% | elapsed=2258.0s
  step=10803456 | eps/s=  4741 | success= 84.3% | miss=  1.9% | elapsed=2278.6s
  step=10903488 | eps/s=  4742 | success= 84.3% | miss=  1.9% | elapsed=2299.2s
  step=11003520 | eps/s=  4747 | success= 84.4% | miss=  1.8% | elapsed=2318.0s
  step=11103552 | eps/s=  4748 | success= 84.7% | miss=  1.9% | elapsed=2338.5s
  step=11203584 | eps/s=  4749 | success= 84.3% | miss=  2.0% | elapsed=2359.1s
  step=11303616 | eps/s=  4750 | success= 84.3% | miss=  1.9% | elapsed=2379.6s
  step=11403648 | eps/s=  4749 | success= 84.5% | miss=  1.9% | elapsed=2401.4s
  step=11503680 | eps/s=  4752 | success= 84.3% | miss=  1.9% | elapsed=2420.6s
  step=11603712 | eps/s=  4753 | success= 84.7% | miss=  1.8% | elapsed=2441.4s
  step=11703744 | eps/s=  4754 | success= 84.3% | miss=  1.8% | elapsed=2462.0s
  step=11803776 | eps/s=  4757 | success= 84.6% | miss=  2.0% | elapsed=2481.5s
  step=11903808 | eps/s=  4759 | success= 84.7% | miss=  1.9% | elapsed=2501.5s
  step=12003840 | eps/s=  4763 | success= 84.6% | miss=  1.9% | elapsed=2520.1s
  step=12103872 | eps/s=  4764 | success= 85.0% | miss=  1.8% | elapsed=2540.8s
  step=12203904 | eps/s=  4766 | success= 84.5% | miss=  1.9% | elapsed=2560.8s
  step=12303936 | eps/s=  4767 | success= 84.9% | miss=  1.9% | elapsed=2581.0s
  step=12403968 | eps/s=  4767 | success= 84.7% | miss=  1.8% | elapsed=2601.9s
  step=12504000 | eps/s=  4768 | success= 84.6% | miss=  1.8% | elapsed=2622.3s
  step=12604032 | eps/s=  4769 | success= 85.1% | miss=  1.8% | elapsed=2642.7s
  step=12704064 | eps/s=  4772 | success= 84.9% | miss=  1.8% | elapsed=2662.3s
  step=12804096 | eps/s=  4774 | success= 85.0% | miss=  1.8% | elapsed=2682.0s
  step=12904128 | eps/s=  4776 | success= 85.0% | miss=  1.9% | elapsed=2702.1s
  step=13004160 | eps/s=  4777 | success= 84.9% | miss=  1.8% | elapsed=2722.0s
  step=13104192 | eps/s=  4778 | success= 84.9% | miss=  1.8% | elapsed=2742.6s
  step=13204224 | eps/s=  4780 | success= 84.7% | miss=  1.9% | elapsed=2762.6s
  step=13304256 | eps/s=  4778 | success= 84.8% | miss=  1.8% | elapsed=2784.8s
  step=13404288 | eps/s=  4779 | success= 85.0% | miss=  1.8% | elapsed=2804.8s
  step=13504320 | eps/s=  4781 | success= 85.0% | miss=  1.9% | elapsed=2824.8s
  step=13604352 | eps/s=  4781 | success= 84.9% | miss=  1.7% | elapsed=2845.4s
  step=13704384 | eps/s=  4781 | success= 84.8% | miss=  1.8% | elapsed=2866.2s
  step=13804416 | eps/s=  4782 | success= 85.2% | miss=  1.7% | elapsed=2886.5s
  step=13904448 | eps/s=  4783 | success= 85.1% | miss=  1.7% | elapsed=2907.0s
  step=14004480 | eps/s=  4784 | success= 85.3% | miss=  1.7% | elapsed=2927.6s
  step=14104512 | eps/s=  4784 | success= 85.4% | miss=  1.8% | elapsed=2948.2s
  step=14204544 | eps/s=  4786 | success= 85.3% | miss=  1.7% | elapsed=2968.0s
  step=14304576 | eps/s=  4784 | success= 85.1% | miss=  1.7% | elapsed=2990.1s
  step=14404608 | eps/s=  4784 | success= 85.5% | miss=  1.7% | elapsed=3010.9s
  step=14504640 | eps/s=  4785 | success= 85.3% | miss=  1.7% | elapsed=3031.0s
  step=14604672 | eps/s=  4786 | success= 85.2% | miss=  1.7% | elapsed=3051.8s
  step=14704704 | eps/s=  4786 | success= 85.2% | miss=  1.7% | elapsed=3072.5s
  step=14804736 | eps/s=  4787 | success= 85.3% | miss=  1.6% | elapsed=3092.5s
  step=14904768 | eps/s=  4788 | success= 85.5% | miss=  1.7% | elapsed=3113.2s
  step=15004800 | eps/s=  4788 | success= 85.6% | miss=  1.7% | elapsed=3133.9s
  step=15104832 | eps/s=  4788 | success= 85.4% | miss=  1.6% | elapsed=3154.5s
  step=15204864 | eps/s=  4789 | success= 85.4% | miss=  1.6% | elapsed=3175.1s
  step=15304896 | eps/s=  4789 | success= 85.6% | miss=  1.7% | elapsed=3195.8s
  step=15404928 | eps/s=  4791 | success= 85.4% | miss=  1.6% | elapsed=3215.7s
  step=15504960 | eps/s=  4791 | success= 85.4% | miss=  1.7% | elapsed=3236.1s
  step=15604992 | eps/s=  4791 | success= 85.7% | miss=  1.6% | elapsed=3257.4s
  step=15705024 | eps/s=  4791 | success= 85.6% | miss=  1.7% | elapsed=3278.1s
  step=15805056 | eps/s=  4791 | success= 85.7% | miss=  1.6% | elapsed=3298.8s
  step=15905088 | eps/s=  4791 | success= 85.8% | miss=  1.6% | elapsed=3319.6s
  step=16005120 | eps/s=  4791 | success= 85.6% | miss=  1.6% | elapsed=3340.4s
  step=16105152 | eps/s=  4792 | success= 85.6% | miss=  1.6% | elapsed=3361.0s
  step=16205184 | eps/s=  4791 | success= 85.6% | miss=  1.7% | elapsed=3382.3s
  step=16305216 | eps/s=  4791 | success= 85.8% | miss=  1.6% | elapsed=3403.1s
  step=16405248 | eps/s=  4791 | success= 85.6% | miss=  1.6% | elapsed=3423.8s
  step=16505280 | eps/s=  4792 | success= 86.0% | miss=  1.5% | elapsed=3444.5s
  step=16605312 | eps/s=  4792 | success= 85.6% | miss=  1.5% | elapsed=3465.3s
  step=16705344 | eps/s=  4793 | success= 85.7% | miss=  1.6% | elapsed=3485.3s
  step=16805376 | eps/s=  4793 | success= 85.7% | miss=  1.6% | elapsed=3506.4s
  step=16905408 | eps/s=  4794 | success= 86.0% | miss=  1.6% | elapsed=3526.3s
  step=17005440 | eps/s=  4797 | success= 85.8% | miss=  1.6% | elapsed=3545.2s
  step=17105472 | eps/s=  4796 | success= 86.2% | miss=  1.6% | elapsed=3566.4s
  step=17205504 | eps/s=  4796 | success= 86.0% | miss=  1.6% | elapsed=3587.1s
  step=17305536 | eps/s=  4797 | success= 86.1% | miss=  1.7% | elapsed=3607.5s
  step=17405568 | eps/s=  4797 | success= 85.9% | miss=  1.6% | elapsed=3628.3s
  step=17505600 | eps/s=  4797 | success= 85.9% | miss=  1.6% | elapsed=3649.4s
  step=17605632 | eps/s=  4797 | success= 86.4% | miss=  1.5% | elapsed=3670.1s
  step=17705664 | eps/s=  4797 | success= 86.1% | miss=  1.5% | elapsed=3691.0s
  step=17805696 | eps/s=  4799 | success= 86.3% | miss=  1.5% | elapsed=3710.1s
  step=17905728 | eps/s=  4801 | success= 85.9% | miss=  1.5% | elapsed=3729.8s
  step=18005760 | eps/s=  4801 | success= 85.9% | miss=  1.6% | elapsed=3750.4s
  step=18105792 | eps/s=  4800 | success= 86.0% | miss=  1.5% | elapsed=3772.1s
  step=18205824 | eps/s=  4802 | success= 86.1% | miss=  1.4% | elapsed=3791.6s
  step=18305856 | eps/s=  4803 | success= 86.0% | miss=  1.5% | elapsed=3811.3s
  step=18405888 | eps/s=  4804 | success= 86.1% | miss=  1.6% | elapsed=3831.0s
  step=18505920 | eps/s=  4806 | success= 86.2% | miss=  1.5% | elapsed=3850.8s
  step=18605952 | eps/s=  4806 | success= 86.3% | miss=  1.6% | elapsed=3871.0s
  step=18705984 | eps/s=  4808 | success= 86.6% | miss=  1.5% | elapsed=3890.9s
  step=18806016 | eps/s=  4809 | success= 86.5% | miss=  1.4% | elapsed=3910.5s
  step=18906048 | eps/s=  4810 | success= 86.6% | miss=  1.4% | elapsed=3930.9s
  step=19006080 | eps/s=  4809 | success= 86.3% | miss=  1.4% | elapsed=3951.8s
  step=19106112 | eps/s=  4811 | success= 86.7% | miss=  1.4% | elapsed=3971.5s
  step=19206144 | eps/s=  4813 | success= 86.2% | miss=  1.4% | elapsed=3990.4s
  step=19306176 | eps/s=  4813 | success= 86.0% | miss=  1.5% | elapsed=4011.1s
  step=19406208 | eps/s=  4814 | success= 86.4% | miss=  1.5% | elapsed=4031.1s
  step=19506240 | eps/s=  4814 | success= 86.7% | miss=  1.4% | elapsed=4051.7s
  step=19606272 | eps/s=  4814 | success= 86.6% | miss=  1.4% | elapsed=4072.3s
  step=19706304 | eps/s=  4815 | success= 86.3% | miss=  1.4% | elapsed=4093.0s
  step=19806336 | eps/s=  4815 | success= 86.8% | miss=  1.4% | elapsed=4113.1s
  step=19906368 | eps/s=  4815 | success= 86.4% | miss=  1.4% | elapsed=4133.9s

  Training complete in 4155.9s
  Avg throughput: 4812 timesteps/sec
  Model saved to models/ppo_stage2

=== Evaluation (100 episodes) ===
  success: 100%
  avg reward: 1.165
[14:44:08] === Stage 2 fertig. Starte Stage 3 | lr=5e-6 | n_epochs=5 | target_kl=0.01 ===
=== spinoza RL Training ===
  n_envs=64, difficulty=3
  total_timesteps=30000000
  policy=MLP [512, 512]

  lr=5e-06
  Loading pretrained model: models/ppo_stage2
  model params: 622,607

  step=  100032 | eps/s=  5659 | success= 64.3% | miss= 21.4% | elapsed= 17.7s
  step=  200064 | eps/s=  5019 | success= 66.9% | miss= 17.1% | elapsed= 39.9s
  step=  300096 | eps/s=  4941 | success= 69.0% | miss= 14.7% | elapsed= 60.7s
  step=  400128 | eps/s=  4808 | success= 70.7% | miss= 13.2% | elapsed= 83.2s
  step=  500160 | eps/s=  4759 | success= 72.5% | miss= 11.7% | elapsed=105.1s
  step=  600192 | eps/s=  4733 | success= 73.2% | miss= 11.0% | elapsed=126.8s
  step=  700224 | eps/s=  4712 | success= 73.6% | miss= 10.9% | elapsed=148.6s
  step=  800256 | eps/s=  4659 | success= 74.3% | miss= 10.4% | elapsed=171.8s
  step=  900288 | eps/s=  4617 | success= 74.8% | miss= 10.1% | elapsed=195.0s
  step= 1000320 | eps/s=  4540 | success= 75.3% | miss= 10.0% | elapsed=220.3s
  step= 1100352 | eps/s=  4503 | success= 75.3% | miss=  9.9% | elapsed=244.4s
  step= 1200384 | eps/s=  4470 | success= 75.5% | miss=  9.7% | elapsed=268.5s
  step= 1300416 | eps/s=  4469 | success= 75.9% | miss=  9.6% | elapsed=291.0s
  step= 1400448 | eps/s=  4450 | success= 76.1% | miss=  9.3% | elapsed=314.7s
  step= 1500480 | eps/s=  4449 | success= 76.0% | miss=  9.3% | elapsed=337.3s
  step= 1600512 | eps/s=  4434 | success= 76.3% | miss=  9.2% | elapsed=360.9s
  step= 1700544 | eps/s=  4440 | success= 76.8% | miss=  9.1% | elapsed=383.0s
  step= 1800576 | eps/s=  4436 | success= 76.9% | miss=  9.1% | elapsed=405.9s
  step= 1900608 | eps/s=  4404 | success= 76.5% | miss=  9.1% | elapsed=431.6s
  step= 2000640 | eps/s=  4400 | success= 76.7% | miss=  9.2% | elapsed=454.7s
  step= 2100672 | eps/s=  4384 | success= 76.8% | miss=  8.9% | elapsed=479.2s
  step= 2200704 | eps/s=  4387 | success= 77.2% | miss=  9.0% | elapsed=501.6s
  step= 2300736 | eps/s=  4374 | success= 77.1% | miss=  8.8% | elapsed=526.0s
  step= 2400768 | eps/s=  4368 | success= 77.2% | miss=  8.8% | elapsed=549.6s
  step= 2500800 | eps/s=  4371 | success= 77.5% | miss=  8.8% | elapsed=572.2s
  step= 2600832 | eps/s=  4370 | success= 77.1% | miss=  8.8% | elapsed=595.2s
  step= 2700864 | eps/s=  4357 | success= 77.4% | miss=  8.7% | elapsed=619.9s
  step= 2800896 | eps/s=  4352 | success= 77.9% | miss=  8.5% | elapsed=643.6s
  step= 2900928 | eps/s=  4340 | success= 77.6% | miss=  8.7% | elapsed=668.3s
  step= 3000960 | eps/s=  4327 | success= 77.9% | miss=  8.6% | elapsed=693.5s
  step= 3100992 | eps/s=  4321 | success= 77.9% | miss=  8.5% | elapsed=717.6s
  step= 3201024 | eps/s=  4319 | success= 78.1% | miss=  8.6% | elapsed=741.1s
  step= 3301056 | eps/s=  4321 | success= 77.9% | miss=  8.6% | elapsed=764.0s
  step= 3401088 | eps/s=  4319 | success= 78.0% | miss=  8.6% | elapsed=787.4s
  step= 3501120 | eps/s=  4318 | success= 78.0% | miss=  8.5% | elapsed=810.8s
  step= 3601152 | eps/s=  4317 | success= 78.3% | miss=  8.3% | elapsed=834.1s
Process ForkServerProcess-63:
Process ForkServerProcess-60:
Process ForkServerProcess-61:
Process ForkServerProcess-57:
Process ForkServerProcess-64:
Process ForkServerProcess-58:
Process ForkServerProcess-55:
Process ForkServerProcess-52:
Process ForkServerProcess-62:
Process ForkServerProcess-59:
Process ForkServerProcess-53:
Process ForkServerProcess-51:
Process ForkServerProcess-50:
Process ForkServerProcess-56:
Process ForkServerProcess-48:
Process ForkServerProcess-46:
Process ForkServerProcess-49:
Process ForkServerProcess-54:
Process ForkServerProcess-44:
Process ForkServerProcess-39:
Process ForkServerProcess-47:
Process ForkServerProcess-42:
Process ForkServerProcess-40:
Process ForkServerProcess-45:
Process ForkServerProcess-41:
Process ForkServerProcess-37:
Process ForkServerProcess-38:
Process ForkServerProcess-43:
Process ForkServerProcess-35:
Process ForkServerProcess-33:
Process ForkServerProcess-34:
Process ForkServerProcess-36:
Process ForkServerProcess-31:
Process ForkServerProcess-30:
Process ForkServerProcess-28:
Process ForkServerProcess-29:
Process ForkServerProcess-27:
Process ForkServerProcess-32:
Process ForkServerProcess-26:
Process ForkServerProcess-24:
Process ForkServerProcess-25:
Process ForkServerProcess-22:
Process ForkServerProcess-18:
Process ForkServerProcess-23:
Process ForkServerProcess-19:
Process ForkServerProcess-20:
Process ForkServerProcess-21:
Process ForkServerProcess-17:
Process ForkServerProcess-15:
Process ForkServerProcess-16:
Process ForkServerProcess-14:
Process ForkServerProcess-13:
Process ForkServerProcess-12:
Process ForkServerProcess-10:
Process ForkServerProcess-7:
Process ForkServerProcess-8:
Process ForkServerProcess-11:
Process ForkServerProcess-9:
Traceback (most recent call last):
Traceback (most recent call last):
Traceback (most recent call last):
Traceback (most recent call last):
Traceback (most recent call last):
Traceback (most recent call last):
Traceback (most recent call last):
Traceback (most recent call last):
Traceback (most recent call last):
Traceback (most recent call last):
  File "/usr/lib/python3.12/multiprocessing/process.py", line 314, in _bootstrap
    self.run()
  File "/usr/lib/python3.12/multiprocessing/process.py", line 314, in _bootstrap
    self.run()
Traceback (most recent call last):
  File "/usr/lib/python3.12/multiprocessing/process.py", line 314, in _bootstrap
    self.run()
  File "/usr/lib/python3.12/multiprocessing/process.py", line 108, in run
    self._target(*self._args, **self._kwargs)
  File "/usr/lib/python3.12/multiprocessing/process.py", line 108, in run
    self._target(*self._args, **self._kwargs)
  File "/home/sefo/.local/lib/python3.12/site-packages/stable_baselines3/common/vec_env/subproc_vec_env.py", line 33, in _worker
    cmd, data = remote.recv()
                ^^^^^^^^^^^^^
  File "/usr/lib/python3.12/multiprocessing/process.py", line 108, in run
    self._target(*self._args, **self._kwargs)
  File "/home/sefo/.local/lib/python3.12/site-packages/stable_baselines3/common/vec_env/subproc_vec_env.py", line 33, in _worker
    cmd, data = remote.recv()
                ^^^^^^^^^^^^^
  File "/usr/lib/python3.12/multiprocessing/connection.py", line 250, in recv
    buf = self._recv_bytes()
          ^^^^^^^^^^^^^^^^^^
  File "/usr/lib/python3.12/multiprocessing/connection.py", line 250, in recv
    buf = self._recv_bytes()
          ^^^^^^^^^^^^^^^^^^
  File "/home/sefo/.local/lib/python3.12/site-packages/stable_baselines3/common/vec_env/subproc_vec_env.py", line 33, in _worker
    cmd, data = remote.recv()
                ^^^^^^^^^^^^^
  File "/usr/lib/python3.12/multiprocessing/process.py", line 314, in _bootstrap
    self.run()
  File "/usr/lib/python3.12/multiprocessing/process.py", line 314, in _bootstrap
    self.run()
  File "/usr/lib/python3.12/multiprocessing/connection.py", line 430, in _recv_bytes
    buf = self._recv(4)
          ^^^^^^^^^^^^^
  File "/usr/lib/python3.12/multiprocessing/connection.py", line 430, in _recv_bytes
    buf = self._recv(4)
          ^^^^^^^^^^^^^
  File "/usr/lib/python3.12/multiprocessing/connection.py", line 250, in recv
    buf = self._recv_bytes()
          ^^^^^^^^^^^^^^^^^^
  File "/usr/lib/python3.12/multiprocessing/connection.py", line 395, in _recv
    chunk = read(handle, remaining)
            ^^^^^^^^^^^^^^^^^^^^^^^
  File "/usr/lib/python3.12/multiprocessing/connection.py", line 395, in _recv
    chunk = read(handle, remaining)
            ^^^^^^^^^^^^^^^^^^^^^^^
  File "/usr/lib/python3.12/multiprocessing/process.py", line 108, in run
    self._target(*self._args, **self._kwargs)
  File "/usr/lib/python3.12/multiprocessing/connection.py", line 430, in _recv_bytes
    buf = self._recv(4)
          ^^^^^^^^^^^^^
  File "/usr/lib/python3.12/multiprocessing/process.py", line 108, in run
    self._target(*self._args, **self._kwargs)
Traceback (most recent call last):
Traceback (most recent call last):
Traceback (most recent call last):
  File "/home/sefo/.local/lib/python3.12/site-packages/stable_baselines3/common/vec_env/subproc_vec_env.py", line 33, in _worker
    cmd, data = remote.recv()
                ^^^^^^^^^^^^^
  File "/usr/lib/python3.12/multiprocessing/connection.py", line 395, in _recv
    chunk = read(handle, remaining)
            ^^^^^^^^^^^^^^^^^^^^^^^
  File "/home/sefo/.local/lib/python3.12/site-packages/stable_baselines3/common/vec_env/subproc_vec_env.py", line 33, in _worker
    cmd, data = remote.recv()
                ^^^^^^^^^^^^^
Traceback (most recent call last):
  File "/usr/lib/python3.12/multiprocessing/connection.py", line 250, in recv
    buf = self._recv_bytes()
          ^^^^^^^^^^^^^^^^^^
ConnectionResetError: [Errno 104] Connection reset by peer
  File "/usr/lib/python3.12/multiprocessing/connection.py", line 250, in recv
    buf = self._recv_bytes()
          ^^^^^^^^^^^^^^^^^^
  File "/usr/lib/python3.12/multiprocessing/connection.py", line 430, in _recv_bytes
    buf = self._recv(4)
          ^^^^^^^^^^^^^
ConnectionResetError: [Errno 104] Connection reset by peer
ConnectionResetError: [Errno 104] Connection reset by peer
Traceback (most recent call last):
  File "/usr/lib/python3.12/multiprocessing/connection.py", line 430, in _recv_bytes
    buf = self._recv(4)
          ^^^^^^^^^^^^^
  File "/usr/lib/python3.12/multiprocessing/connection.py", line 395, in _recv
    chunk = read(handle, remaining)
            ^^^^^^^^^^^^^^^^^^^^^^^
Traceback (most recent call last):
Traceback (most recent call last):
  File "/usr/lib/python3.12/multiprocessing/connection.py", line 395, in _recv
    chunk = read(handle, remaining)
            ^^^^^^^^^^^^^^^^^^^^^^^
ConnectionResetError: [Errno 104] Connection reset by peer
Traceback (most recent call last):
Traceback (most recent call last):
ConnectionResetError: [Errno 104] Connection reset by peer
Traceback (most recent call last):
  File "/usr/lib/python3.12/multiprocessing/process.py", line 314, in _bootstrap
    self.run()
Traceback (most recent call last):
Traceback (most recent call last):
Traceback (most recent call last):
Traceback (most recent call last):
Traceback (most recent call last):
Traceback (most recent call last):
  File "/usr/lib/python3.12/multiprocessing/process.py", line 108, in run
    self._target(*self._args, **self._kwargs)
  File "/home/sefo/.local/lib/python3.12/site-packages/stable_baselines3/common/vec_env/subproc_vec_env.py", line 33, in _worker
    cmd, data = remote.recv()
                ^^^^^^^^^^^^^
  File "/usr/lib/python3.12/multiprocessing/process.py", line 314, in _bootstrap
    self.run()
Traceback (most recent call last):
Traceback (most recent call last):
Traceback (most recent call last):
Traceback (most recent call last):
  File "/usr/lib/python3.12/multiprocessing/connection.py", line 250, in recv
    buf = self._recv_bytes()
          ^^^^^^^^^^^^^^^^^^
  File "/usr/lib/python3.12/multiprocessing/process.py", line 108, in run
    self._target(*self._args, **self._kwargs)
Traceback (most recent call last):
  File "/usr/lib/python3.12/multiprocessing/process.py", line 314, in _bootstrap
    self.run()
  File "/usr/lib/python3.12/multiprocessing/connection.py", line 430, in _recv_bytes
    buf = self._recv(4)
          ^^^^^^^^^^^^^
  File "/home/sefo/.local/lib/python3.12/site-packages/stable_baselines3/common/vec_env/subproc_vec_env.py", line 33, in _worker
    cmd, data = remote.recv()
                ^^^^^^^^^^^^^
  File "/usr/lib/python3.12/multiprocessing/connection.py", line 395, in _recv
    chunk = read(handle, remaining)
            ^^^^^^^^^^^^^^^^^^^^^^^
  File "/usr/lib/python3.12/multiprocessing/process.py", line 108, in run
    self._target(*self._args, **self._kwargs)
Traceback (most recent call last):
  File "/usr/lib/python3.12/multiprocessing/connection.py", line 250, in recv
    buf = self._recv_bytes()
          ^^^^^^^^^^^^^^^^^^
  File "/home/sefo/.local/lib/python3.12/site-packages/stable_baselines3/common/vec_env/subproc_vec_env.py", line 33, in _worker
    cmd, data = remote.recv()
                ^^^^^^^^^^^^^
Traceback (most recent call last):
  File "/usr/lib/python3.12/multiprocessing/connection.py", line 430, in _recv_bytes
    buf = self._recv(4)
          ^^^^^^^^^^^^^
Traceback (most recent call last):
  File "/usr/lib/python3.12/multiprocessing/connection.py", line 250, in recv
    buf = self._recv_bytes()
          ^^^^^^^^^^^^^^^^^^
ConnectionResetError: [Errno 104] Connection reset by peer
  File "/usr/lib/python3.12/multiprocessing/connection.py", line 395, in _recv
    chunk = read(handle, remaining)
            ^^^^^^^^^^^^^^^^^^^^^^^
  File "/usr/lib/python3.12/multiprocessing/connection.py", line 430, in _recv_bytes
    buf = self._recv(4)
          ^^^^^^^^^^^^^
Traceback (most recent call last):
  File "/usr/lib/python3.12/multiprocessing/connection.py", line 395, in _recv
    chunk = read(handle, remaining)
            ^^^^^^^^^^^^^^^^^^^^^^^
Traceback (most recent call last):
  File "/usr/lib/python3.12/multiprocessing/process.py", line 314, in _bootstrap
    self.run()
ConnectionResetError: [Errno 104] Connection reset by peer
  File "/usr/lib/python3.12/multiprocessing/process.py", line 108, in run
    self._target(*self._args, **self._kwargs)
ConnectionResetError: [Errno 104] Connection reset by peer
Traceback (most recent call last):
  File "/home/sefo/.local/lib/python3.12/site-packages/stable_baselines3/common/vec_env/subproc_vec_env.py", line 33, in _worker
    cmd, data = remote.recv()
                ^^^^^^^^^^^^^
  File "/usr/lib/python3.12/multiprocessing/connection.py", line 250, in recv
    buf = self._recv_bytes()
          ^^^^^^^^^^^^^^^^^^
  File "/usr/lib/python3.12/multiprocessing/connection.py", line 430, in _recv_bytes
    buf = self._recv(4)
          ^^^^^^^^^^^^^
  File "/usr/lib/python3.12/multiprocessing/connection.py", line 395, in _recv
    chunk = read(handle, remaining)
            ^^^^^^^^^^^^^^^^^^^^^^^
ConnectionResetError: [Errno 104] Connection reset by peer
  File "/usr/lib/python3.12/multiprocessing/process.py", line 314, in _bootstrap
    self.run()
  File "/usr/lib/python3.12/multiprocessing/process.py", line 108, in run
    self._target(*self._args, **self._kwargs)
  File "/home/sefo/.local/lib/python3.12/site-packages/stable_baselines3/common/vec_env/subproc_vec_env.py", line 33, in _worker
    cmd, data = remote.recv()
                ^^^^^^^^^^^^^
  File "/usr/lib/python3.12/multiprocessing/connection.py", line 250, in recv
    buf = self._recv_bytes()
          ^^^^^^^^^^^^^^^^^^
Traceback (most recent call last):
  File "/usr/lib/python3.12/multiprocessing/connection.py", line 430, in _recv_bytes
    buf = self._recv(4)
          ^^^^^^^^^^^^^
  File "/usr/lib/python3.12/multiprocessing/connection.py", line 395, in _recv
    chunk = read(handle, remaining)
            ^^^^^^^^^^^^^^^^^^^^^^^
  File "/usr/lib/python3.12/multiprocessing/process.py", line 314, in _bootstrap
    self.run()
  File "/usr/lib/python3.12/multiprocessing/process.py", line 108, in run
    self._target(*self._args, **self._kwargs)
ConnectionResetError: [Errno 104] Connection reset by peer
  File "/usr/lib/python3.12/multiprocessing/process.py", line 314, in _bootstrap
    self.run()
  File "/usr/lib/python3.12/multiprocessing/process.py", line 108, in run
    self._target(*self._args, **self._kwargs)
  File "/home/sefo/.local/lib/python3.12/site-packages/stable_baselines3/common/vec_env/subproc_vec_env.py", line 33, in _worker
    cmd, data = remote.recv()
                ^^^^^^^^^^^^^
  File "/usr/lib/python3.12/multiprocessing/connection.py", line 250, in recv
    buf = self._recv_bytes()
          ^^^^^^^^^^^^^^^^^^
  File "/usr/lib/python3.12/multiprocessing/connection.py", line 430, in _recv_bytes
    buf = self._recv(4)
          ^^^^^^^^^^^^^
  File "/usr/lib/python3.12/multiprocessing/connection.py", line 395, in _recv
    chunk = read(handle, remaining)
            ^^^^^^^^^^^^^^^^^^^^^^^
ConnectionResetError: [Errno 104] Connection reset by peer
Traceback (most recent call last):
  File "/usr/lib/python3.12/multiprocessing/process.py", line 314, in _bootstrap
    self.run()
  File "/usr/lib/python3.12/multiprocessing/process.py", line 314, in _bootstrap
    self.run()
  File "/usr/lib/python3.12/multiprocessing/process.py", line 314, in _bootstrap
    self.run()
  File "/usr/lib/python3.12/multiprocessing/process.py", line 108, in run
    self._target(*self._args, **self._kwargs)
  File "/usr/lib/python3.12/multiprocessing/process.py", line 108, in run
    self._target(*self._args, **self._kwargs)
  File "/usr/lib/python3.12/multiprocessing/process.py", line 108, in run
    self._target(*self._args, **self._kwargs)
  File "/home/sefo/.local/lib/python3.12/site-packages/stable_baselines3/common/vec_env/subproc_vec_env.py", line 33, in _worker
    cmd, data = remote.recv()
                ^^^^^^^^^^^^^
  File "/home/sefo/.local/lib/python3.12/site-packages/stable_baselines3/common/vec_env/subproc_vec_env.py", line 33, in _worker
    cmd, data = remote.recv()
                ^^^^^^^^^^^^^
  File "/home/sefo/.local/lib/python3.12/site-packages/stable_baselines3/common/vec_env/subproc_vec_env.py", line 33, in _worker
    cmd, data = remote.recv()
                ^^^^^^^^^^^^^
  File "/usr/lib/python3.12/multiprocessing/process.py", line 314, in _bootstrap
    self.run()
  File "/usr/lib/python3.12/multiprocessing/connection.py", line 250, in recv
    buf = self._recv_bytes()
          ^^^^^^^^^^^^^^^^^^
  File "/usr/lib/python3.12/multiprocessing/connection.py", line 250, in recv
    buf = self._recv_bytes()
          ^^^^^^^^^^^^^^^^^^
  File "/usr/lib/python3.12/multiprocessing/connection.py", line 250, in recv
    buf = self._recv_bytes()
          ^^^^^^^^^^^^^^^^^^
  File "/usr/lib/python3.12/multiprocessing/process.py", line 108, in run
    self._target(*self._args, **self._kwargs)
  File "/usr/lib/python3.12/multiprocessing/connection.py", line 430, in _recv_bytes
    buf = self._recv(4)
          ^^^^^^^^^^^^^
  File "/usr/lib/python3.12/multiprocessing/connection.py", line 430, in _recv_bytes
    buf = self._recv(4)
          ^^^^^^^^^^^^^
  File "/usr/lib/python3.12/multiprocessing/connection.py", line 430, in _recv_bytes
    buf = self._recv(4)
          ^^^^^^^^^^^^^
  File "/usr/lib/python3.12/multiprocessing/process.py", line 314, in _bootstrap
    self.run()
  File "/home/sefo/.local/lib/python3.12/site-packages/stable_baselines3/common/vec_env/subproc_vec_env.py", line 33, in _worker
    cmd, data = remote.recv()
                ^^^^^^^^^^^^^
  File "/usr/lib/python3.12/multiprocessing/connection.py", line 395, in _recv
    chunk = read(handle, remaining)
            ^^^^^^^^^^^^^^^^^^^^^^^
  File "/usr/lib/python3.12/multiprocessing/connection.py", line 395, in _recv
    chunk = read(handle, remaining)
            ^^^^^^^^^^^^^^^^^^^^^^^
  File "/usr/lib/python3.12/multiprocessing/connection.py", line 395, in _recv
    chunk = read(handle, remaining)
            ^^^^^^^^^^^^^^^^^^^^^^^
  File "/usr/lib/python3.12/multiprocessing/process.py", line 314, in _bootstrap
    self.run()
  File "/usr/lib/python3.12/multiprocessing/process.py", line 108, in run
    self._target(*self._args, **self._kwargs)
  File "/usr/lib/python3.12/multiprocessing/connection.py", line 250, in recv
    buf = self._recv_bytes()
          ^^^^^^^^^^^^^^^^^^
  File "/usr/lib/python3.12/multiprocessing/process.py", line 108, in run
    self._target(*self._args, **self._kwargs)
  File "/usr/lib/python3.12/multiprocessing/connection.py", line 430, in _recv_bytes
    buf = self._recv(4)
          ^^^^^^^^^^^^^
  File "/home/sefo/.local/lib/python3.12/site-packages/stable_baselines3/common/vec_env/subproc_vec_env.py", line 33, in _worker
    cmd, data = remote.recv()
                ^^^^^^^^^^^^^
  File "/home/sefo/.local/lib/python3.12/site-packages/stable_baselines3/common/vec_env/subproc_vec_env.py", line 33, in _worker
    cmd, data = remote.recv()
                ^^^^^^^^^^^^^
  File "/usr/lib/python3.12/multiprocessing/connection.py", line 395, in _recv
    chunk = read(handle, remaining)
            ^^^^^^^^^^^^^^^^^^^^^^^
ConnectionResetError: [Errno 104] Connection reset by peer
ConnectionResetError: [Errno 104] Connection reset by peer
  File "/usr/lib/python3.12/multiprocessing/process.py", line 314, in _bootstrap
    self.run()
  File "/usr/lib/python3.12/multiprocessing/connection.py", line 250, in recv
    buf = self._recv_bytes()
          ^^^^^^^^^^^^^^^^^^
  File "/usr/lib/python3.12/multiprocessing/process.py", line 314, in _bootstrap
    self.run()
ConnectionResetError: [Errno 104] Connection reset by peer
  File "/usr/lib/python3.12/multiprocessing/process.py", line 314, in _bootstrap
    self.run()
  File "/usr/lib/python3.12/multiprocessing/process.py", line 108, in run
    self._target(*self._args, **self._kwargs)
  File "/usr/lib/python3.12/multiprocessing/process.py", line 314, in _bootstrap
    self.run()
  File "/usr/lib/python3.12/multiprocessing/process.py", line 108, in run
    self._target(*self._args, **self._kwargs)
  File "/home/sefo/.local/lib/python3.12/site-packages/stable_baselines3/common/vec_env/subproc_vec_env.py", line 33, in _worker
    cmd, data = remote.recv()
                ^^^^^^^^^^^^^
  File "/home/sefo/.local/lib/python3.12/site-packages/stable_baselines3/common/vec_env/subproc_vec_env.py", line 33, in _worker
    cmd, data = remote.recv()
                ^^^^^^^^^^^^^
  File "/usr/lib/python3.12/multiprocessing/process.py", line 108, in run
    self._target(*self._args, **self._kwargs)
Traceback (most recent call last):
  File "/usr/lib/python3.12/multiprocessing/connection.py", line 250, in recv
    buf = self._recv_bytes()
          ^^^^^^^^^^^^^^^^^^
  File "/usr/lib/python3.12/multiprocessing/process.py", line 314, in _bootstrap
    self.run()
  File "/usr/lib/python3.12/multiprocessing/process.py", line 108, in run
    self._target(*self._args, **self._kwargs)
  File "/home/sefo/.local/lib/python3.12/site-packages/stable_baselines3/common/vec_env/subproc_vec_env.py", line 33, in _worker
    cmd, data = remote.recv()
                ^^^^^^^^^^^^^
  File "/usr/lib/python3.12/multiprocessing/connection.py", line 250, in recv
    buf = self._recv_bytes()
          ^^^^^^^^^^^^^^^^^^
Traceback (most recent call last):
  File "/usr/lib/python3.12/multiprocessing/process.py", line 108, in run
    self._target(*self._args, **self._kwargs)
  File "/usr/lib/python3.12/multiprocessing/connection.py", line 250, in recv
    buf = self._recv_bytes()
          ^^^^^^^^^^^^^^^^^^
  File "/usr/lib/python3.12/multiprocessing/connection.py", line 430, in _recv_bytes
    buf = self._recv(4)
          ^^^^^^^^^^^^^
  File "/usr/lib/python3.12/multiprocessing/connection.py", line 430, in _recv_bytes
    buf = self._recv(4)
          ^^^^^^^^^^^^^
  File "/usr/lib/python3.12/multiprocessing/connection.py", line 430, in _recv_bytes
    buf = self._recv(4)
          ^^^^^^^^^^^^^
  File "/home/sefo/.local/lib/python3.12/site-packages/stable_baselines3/common/vec_env/subproc_vec_env.py", line 33, in _worker
    cmd, data = remote.recv()
                ^^^^^^^^^^^^^
  File "/usr/lib/python3.12/multiprocessing/connection.py", line 395, in _recv
    chunk = read(handle, remaining)
            ^^^^^^^^^^^^^^^^^^^^^^^
  File "/usr/lib/python3.12/multiprocessing/connection.py", line 395, in _recv
    chunk = read(handle, remaining)
            ^^^^^^^^^^^^^^^^^^^^^^^
  File "/usr/lib/python3.12/multiprocessing/connection.py", line 250, in recv
    buf = self._recv_bytes()
          ^^^^^^^^^^^^^^^^^^
  File "/usr/lib/python3.12/multiprocessing/connection.py", line 430, in _recv_bytes
    buf = self._recv(4)
          ^^^^^^^^^^^^^
  File "/usr/lib/python3.12/multiprocessing/connection.py", line 395, in _recv
    chunk = read(handle, remaining)
            ^^^^^^^^^^^^^^^^^^^^^^^
ConnectionResetError: [Errno 104] Connection reset by peer
ConnectionResetError: [Errno 104] Connection reset by peer
  File "/usr/lib/python3.12/multiprocessing/process.py", line 314, in _bootstrap
    self.run()
ConnectionResetError: [Errno 104] Connection reset by peer
  File "/usr/lib/python3.12/multiprocessing/process.py", line 108, in run
    self._target(*self._args, **self._kwargs)
  File "/home/sefo/.local/lib/python3.12/site-packages/stable_baselines3/common/vec_env/subproc_vec_env.py", line 33, in _worker
    cmd, data = remote.recv()
                ^^^^^^^^^^^^^
  File "/usr/lib/python3.12/multiprocessing/process.py", line 314, in _bootstrap
    self.run()
  File "/usr/lib/python3.12/multiprocessing/connection.py", line 250, in recv
    buf = self._recv_bytes()
          ^^^^^^^^^^^^^^^^^^
  File "/usr/lib/python3.12/multiprocessing/process.py", line 108, in run
    self._target(*self._args, **self._kwargs)
  File "/usr/lib/python3.12/multiprocessing/connection.py", line 430, in _recv_bytes
    buf = self._recv(4)
          ^^^^^^^^^^^^^
  File "/usr/lib/python3.12/multiprocessing/connection.py", line 395, in _recv
    chunk = read(handle, remaining)
            ^^^^^^^^^^^^^^^^^^^^^^^
Traceback (most recent call last):
ConnectionResetError: [Errno 104] Connection reset by peer
  File "/usr/lib/python3.12/multiprocessing/connection.py", line 250, in recv
    buf = self._recv_bytes()
          ^^^^^^^^^^^^^^^^^^
  File "/usr/lib/python3.12/multiprocessing/connection.py", line 430, in _recv_bytes
    buf = self._recv(4)
          ^^^^^^^^^^^^^
  File "/usr/lib/python3.12/multiprocessing/connection.py", line 395, in _recv
    chunk = read(handle, remaining)
            ^^^^^^^^^^^^^^^^^^^^^^^
ConnectionResetError: [Errno 104] Connection reset by peer
  File "/home/sefo/.local/lib/python3.12/site-packages/stable_baselines3/common/vec_env/subproc_vec_env.py", line 33, in _worker
    cmd, data = remote.recv()
                ^^^^^^^^^^^^^
  File "/usr/lib/python3.12/multiprocessing/connection.py", line 250, in recv
    buf = self._recv_bytes()
          ^^^^^^^^^^^^^^^^^^
  File "/usr/lib/python3.12/multiprocessing/connection.py", line 430, in _recv_bytes
    buf = self._recv(4)
          ^^^^^^^^^^^^^
  File "/usr/lib/python3.12/multiprocessing/connection.py", line 395, in _recv
    chunk = read(handle, remaining)
            ^^^^^^^^^^^^^^^^^^^^^^^
ConnectionResetError: [Errno 104] Connection reset by peer
ConnectionResetError: [Errno 104] Connection reset by peer
  File "/usr/lib/python3.12/multiprocessing/process.py", line 314, in _bootstrap
    self.run()
  File "/usr/lib/python3.12/multiprocessing/process.py", line 108, in run
    self._target(*self._args, **self._kwargs)
  File "/home/sefo/.local/lib/python3.12/site-packages/stable_baselines3/common/vec_env/subproc_vec_env.py", line 33, in _worker
    cmd, data = remote.recv()
                ^^^^^^^^^^^^^
  File "/usr/lib/python3.12/multiprocessing/connection.py", line 250, in recv
    buf = self._recv_bytes()
          ^^^^^^^^^^^^^^^^^^
  File "/usr/lib/python3.12/multiprocessing/connection.py", line 430, in _recv_bytes
    buf = self._recv(4)
          ^^^^^^^^^^^^^
  File "/usr/lib/python3.12/multiprocessing/connection.py", line 395, in _recv
    chunk = read(handle, remaining)
            ^^^^^^^^^^^^^^^^^^^^^^^
ConnectionResetError: [Errno 104] Connection reset by peer
  File "/usr/lib/python3.12/multiprocessing/process.py", line 314, in _bootstrap
    self.run()
  File "/usr/lib/python3.12/multiprocessing/process.py", line 108, in run
    self._target(*self._args, **self._kwargs)
  File "/home/sefo/.local/lib/python3.12/site-packages/stable_baselines3/common/vec_env/subproc_vec_env.py", line 33, in _worker
    cmd, data = remote.recv()
                ^^^^^^^^^^^^^
  File "/usr/lib/python3.12/multiprocessing/connection.py", line 250, in recv
    buf = self._recv_bytes()
          ^^^^^^^^^^^^^^^^^^
  File "/usr/lib/python3.12/multiprocessing/connection.py", line 430, in _recv_bytes
    buf = self._recv(4)
          ^^^^^^^^^^^^^
  File "/usr/lib/python3.12/multiprocessing/connection.py", line 395, in _recv
    chunk = read(handle, remaining)
            ^^^^^^^^^^^^^^^^^^^^^^^
ConnectionResetError: [Errno 104] Connection reset by peer
Traceback (most recent call last):
Traceback (most recent call last):
Traceback (most recent call last):
Traceback (most recent call last):
  File "/usr/lib/python3.12/multiprocessing/process.py", line 314, in _bootstrap
    self.run()
  File "/usr/lib/python3.12/multiprocessing/process.py", line 314, in _bootstrap
    self.run()
  File "/usr/lib/python3.12/multiprocessing/process.py", line 108, in run
    self._target(*self._args, **self._kwargs)
  File "/usr/lib/python3.12/multiprocessing/process.py", line 108, in run
    self._target(*self._args, **self._kwargs)
  File "/home/sefo/.local/lib/python3.12/site-packages/stable_baselines3/common/vec_env/subproc_vec_env.py", line 33, in _worker
    cmd, data = remote.recv()
                ^^^^^^^^^^^^^
  File "/home/sefo/.local/lib/python3.12/site-packages/stable_baselines3/common/vec_env/subproc_vec_env.py", line 33, in _worker
    cmd, data = remote.recv()
                ^^^^^^^^^^^^^
  File "/usr/lib/python3.12/multiprocessing/connection.py", line 250, in recv
    buf = self._recv_bytes()
          ^^^^^^^^^^^^^^^^^^
  File "/usr/lib/python3.12/multiprocessing/connection.py", line 250, in recv
    buf = self._recv_bytes()
          ^^^^^^^^^^^^^^^^^^
  File "/usr/lib/python3.12/multiprocessing/connection.py", line 430, in _recv_bytes
    buf = self._recv(4)
          ^^^^^^^^^^^^^
  File "/usr/lib/python3.12/multiprocessing/connection.py", line 430, in _recv_bytes
    buf = self._recv(4)
          ^^^^^^^^^^^^^
  File "/usr/lib/python3.12/multiprocessing/connection.py", line 395, in _recv
    chunk = read(handle, remaining)
            ^^^^^^^^^^^^^^^^^^^^^^^
  File "/usr/lib/python3.12/multiprocessing/connection.py", line 395, in _recv
    chunk = read(handle, remaining)
            ^^^^^^^^^^^^^^^^^^^^^^^
ConnectionResetError: [Errno 104] Connection reset by peer
ConnectionResetError: [Errno 104] Connection reset by peer
  File "/usr/lib/python3.12/multiprocessing/process.py", line 314, in _bootstrap
    self.run()
  File "/usr/lib/python3.12/multiprocessing/process.py", line 108, in run
    self._target(*self._args, **self._kwargs)
  File "/home/sefo/.local/lib/python3.12/site-packages/stable_baselines3/common/vec_env/subproc_vec_env.py", line 33, in _worker
    cmd, data = remote.recv()
                ^^^^^^^^^^^^^
  File "/usr/lib/python3.12/multiprocessing/connection.py", line 250, in recv
    buf = self._recv_bytes()
          ^^^^^^^^^^^^^^^^^^
  File "/usr/lib/python3.12/multiprocessing/connection.py", line 430, in _recv_bytes
    buf = self._recv(4)
          ^^^^^^^^^^^^^
  File "/usr/lib/python3.12/multiprocessing/connection.py", line 395, in _recv
    chunk = read(handle, remaining)
            ^^^^^^^^^^^^^^^^^^^^^^^
ConnectionResetError: [Errno 104] Connection reset by peer
  File "/usr/lib/python3.12/multiprocessing/process.py", line 314, in _bootstrap
    self.run()
  File "/usr/lib/python3.12/multiprocessing/process.py", line 108, in run
    self._target(*self._args, **self._kwargs)
  File "/home/sefo/.local/lib/python3.12/site-packages/stable_baselines3/common/vec_env/subproc_vec_env.py", line 33, in _worker
    cmd, data = remote.recv()
                ^^^^^^^^^^^^^
  File "/usr/lib/python3.12/multiprocessing/connection.py", line 250, in recv
    buf = self._recv_bytes()
          ^^^^^^^^^^^^^^^^^^
  File "/usr/lib/python3.12/multiprocessing/connection.py", line 430, in _recv_bytes
    buf = self._recv(4)
          ^^^^^^^^^^^^^
  File "/usr/lib/python3.12/multiprocessing/connection.py", line 395, in _recv
    chunk = read(handle, remaining)
            ^^^^^^^^^^^^^^^^^^^^^^^
ConnectionResetError: [Errno 104] Connection reset by peer
  File "/usr/lib/python3.12/multiprocessing/process.py", line 314, in _bootstrap
    self.run()
  File "/usr/lib/python3.12/multiprocessing/process.py", line 108, in run
    self._target(*self._args, **self._kwargs)
  File "/usr/lib/python3.12/multiprocessing/process.py", line 314, in _bootstrap
    self.run()
  File "/usr/lib/python3.12/multiprocessing/process.py", line 108, in run
    self._target(*self._args, **self._kwargs)
  File "/home/sefo/.local/lib/python3.12/site-packages/stable_baselines3/common/vec_env/subproc_vec_env.py", line 33, in _worker
    cmd, data = remote.recv()
                ^^^^^^^^^^^^^
  File "/usr/lib/python3.12/multiprocessing/connection.py", line 250, in recv
    buf = self._recv_bytes()
          ^^^^^^^^^^^^^^^^^^
  File "/usr/lib/python3.12/multiprocessing/connection.py", line 430, in _recv_bytes
    buf = self._recv(4)
          ^^^^^^^^^^^^^
  File "/usr/lib/python3.12/multiprocessing/connection.py", line 395, in _recv
    chunk = read(handle, remaining)
            ^^^^^^^^^^^^^^^^^^^^^^^
ConnectionResetError: [Errno 104] Connection reset by peer
  File "/home/sefo/.local/lib/python3.12/site-packages/stable_baselines3/common/vec_env/subproc_vec_env.py", line 33, in _worker
    cmd, data = remote.recv()
                ^^^^^^^^^^^^^
  File "/usr/lib/python3.12/multiprocessing/connection.py", line 250, in recv
    buf = self._recv_bytes()
          ^^^^^^^^^^^^^^^^^^
  File "/usr/lib/python3.12/multiprocessing/connection.py", line 430, in _recv_bytes
    buf = self._recv(4)
          ^^^^^^^^^^^^^
  File "/usr/lib/python3.12/multiprocessing/connection.py", line 395, in _recv
    chunk = read(handle, remaining)
            ^^^^^^^^^^^^^^^^^^^^^^^
ConnectionResetError: [Errno 104] Connection reset by peer
  File "/usr/lib/python3.12/multiprocessing/connection.py", line 395, in _recv
    chunk = read(handle, remaining)
            ^^^^^^^^^^^^^^^^^^^^^^^
ConnectionResetError: [Errno 104] Connection reset by peer
Traceback (most recent call last):
  File "/usr/lib/python3.12/multiprocessing/process.py", line 314, in _bootstrap
    self.run()
  File "/usr/lib/python3.12/multiprocessing/process.py", line 108, in run
    self._target(*self._args, **self._kwargs)
  File "/home/sefo/.local/lib/python3.12/site-packages/stable_baselines3/common/vec_env/subproc_vec_env.py", line 33, in _worker
    cmd, data = remote.recv()
                ^^^^^^^^^^^^^
  File "/usr/lib/python3.12/multiprocessing/connection.py", line 250, in recv
    buf = self._recv_bytes()
          ^^^^^^^^^^^^^^^^^^
  File "/usr/lib/python3.12/multiprocessing/connection.py", line 430, in _recv_bytes
    buf = self._recv(4)
          ^^^^^^^^^^^^^
  File "/usr/lib/python3.12/multiprocessing/connection.py", line 395, in _recv
    chunk = read(handle, remaining)
            ^^^^^^^^^^^^^^^^^^^^^^^
ConnectionResetError: [Errno 104] Connection reset by peer
  File "/usr/lib/python3.12/multiprocessing/process.py", line 314, in _bootstrap
    self.run()
  File "/usr/lib/python3.12/multiprocessing/process.py", line 108, in run
    self._target(*self._args, **self._kwargs)
  File "/home/sefo/.local/lib/python3.12/site-packages/stable_baselines3/common/vec_env/subproc_vec_env.py", line 33, in _worker
    cmd, data = remote.recv()
                ^^^^^^^^^^^^^
  File "/usr/lib/python3.12/multiprocessing/connection.py", line 250, in recv
    buf = self._recv_bytes()
          ^^^^^^^^^^^^^^^^^^
  File "/usr/lib/python3.12/multiprocessing/connection.py", line 430, in _recv_bytes
    buf = self._recv(4)
          ^^^^^^^^^^^^^
  File "/usr/lib/python3.12/multiprocessing/connection.py", line 395, in _recv
    chunk = read(handle, remaining)
            ^^^^^^^^^^^^^^^^^^^^^^^
ConnectionResetError: [Errno 104] Connection reset by peer
  File "/usr/lib/python3.12/multiprocessing/connection.py", line 430, in _recv_bytes
    buf = self._recv(4)
          ^^^^^^^^^^^^^
  File "/usr/lib/python3.12/multiprocessing/connection.py", line 395, in _recv
    chunk = read(handle, remaining)
            ^^^^^^^^^^^^^^^^^^^^^^^
ConnectionResetError: [Errno 104] Connection reset by peer
Traceback (most recent call last):
  File "/usr/lib/python3.12/multiprocessing/process.py", line 314, in _bootstrap
    self.run()
  File "/usr/lib/python3.12/multiprocessing/process.py", line 108, in run
    self._target(*self._args, **self._kwargs)
  File "/home/sefo/.local/lib/python3.12/site-packages/stable_baselines3/common/vec_env/subproc_vec_env.py", line 33, in _worker
    cmd, data = remote.recv()
                ^^^^^^^^^^^^^
  File "/usr/lib/python3.12/multiprocessing/connection.py", line 250, in recv
    buf = self._recv_bytes()
          ^^^^^^^^^^^^^^^^^^
  File "/usr/lib/python3.12/multiprocessing/connection.py", line 430, in _recv_bytes
    buf = self._recv(4)
          ^^^^^^^^^^^^^
  File "/usr/lib/python3.12/multiprocessing/connection.py", line 395, in _recv
    chunk = read(handle, remaining)
            ^^^^^^^^^^^^^^^^^^^^^^^
ConnectionResetError: [Errno 104] Connection reset by peer
Traceback (most recent call last):
Traceback (most recent call last):
  File "/usr/lib/python3.12/multiprocessing/process.py", line 314, in _bootstrap
    self.run()
  File "/usr/lib/python3.12/multiprocessing/process.py", line 108, in run
    self._target(*self._args, **self._kwargs)
  File "/home/sefo/.local/lib/python3.12/site-packages/stable_baselines3/common/vec_env/subproc_vec_env.py", line 33, in _worker
    cmd, data = remote.recv()
                ^^^^^^^^^^^^^
  File "/usr/lib/python3.12/multiprocessing/connection.py", line 250, in recv
    buf = self._recv_bytes()
          ^^^^^^^^^^^^^^^^^^
  File "/usr/lib/python3.12/multiprocessing/connection.py", line 430, in _recv_bytes
    buf = self._recv(4)
          ^^^^^^^^^^^^^
  File "/usr/lib/python3.12/multiprocessing/connection.py", line 395, in _recv
    chunk = read(handle, remaining)
            ^^^^^^^^^^^^^^^^^^^^^^^
ConnectionResetError: [Errno 104] Connection reset by peer
  File "/usr/lib/python3.12/multiprocessing/process.py", line 314, in _bootstrap
    self.run()
  File "/usr/lib/python3.12/multiprocessing/process.py", line 108, in run
    self._target(*self._args, **self._kwargs)
  File "/home/sefo/.local/lib/python3.12/site-packages/stable_baselines3/common/vec_env/subproc_vec_env.py", line 33, in _worker
    cmd, data = remote.recv()
                ^^^^^^^^^^^^^
  File "/usr/lib/python3.12/multiprocessing/connection.py", line 250, in recv
    buf = self._recv_bytes()
          ^^^^^^^^^^^^^^^^^^
  File "/usr/lib/python3.12/multiprocessing/connection.py", line 430, in _recv_bytes
    buf = self._recv(4)
          ^^^^^^^^^^^^^
  File "/usr/lib/python3.12/multiprocessing/connection.py", line 395, in _recv
    chunk = read(handle, remaining)
            ^^^^^^^^^^^^^^^^^^^^^^^
ConnectionResetError: [Errno 104] Connection reset by peer
  File "/usr/lib/python3.12/multiprocessing/process.py", line 314, in _bootstrap
    self.run()
  File "/usr/lib/python3.12/multiprocessing/process.py", line 108, in run
    self._target(*self._args, **self._kwargs)
  File "/home/sefo/.local/lib/python3.12/site-packages/stable_baselines3/common/vec_env/subproc_vec_env.py", line 33, in _worker
    cmd, data = remote.recv()
                ^^^^^^^^^^^^^
  File "/usr/lib/python3.12/multiprocessing/connection.py", line 250, in recv
    buf = self._recv_bytes()
          ^^^^^^^^^^^^^^^^^^
  File "/usr/lib/python3.12/multiprocessing/connection.py", line 430, in _recv_bytes
    buf = self._recv(4)
          ^^^^^^^^^^^^^
  File "/usr/lib/python3.12/multiprocessing/connection.py", line 395, in _recv
    chunk = read(handle, remaining)
            ^^^^^^^^^^^^^^^^^^^^^^^
ConnectionResetError: [Errno 104] Connection reset by peer
  File "/home/sefo/.local/lib/python3.12/site-packages/stable_baselines3/common/vec_env/subproc_vec_env.py", line 33, in _worker
    cmd, data = remote.recv()
                ^^^^^^^^^^^^^
  File "/usr/lib/python3.12/multiprocessing/connection.py", line 250, in recv
    buf = self._recv_bytes()
          ^^^^^^^^^^^^^^^^^^
  File "/usr/lib/python3.12/multiprocessing/connection.py", line 430, in _recv_bytes
    buf = self._recv(4)
          ^^^^^^^^^^^^^
  File "/usr/lib/python3.12/multiprocessing/connection.py", line 395, in _recv
    chunk = read(handle, remaining)
            ^^^^^^^^^^^^^^^^^^^^^^^
ConnectionResetError: [Errno 104] Connection reset by peer
Traceback (most recent call last):
  File "/usr/lib/python3.12/multiprocessing/process.py", line 314, in _bootstrap
    self.run()
Traceback (most recent call last):
  File "/usr/lib/python3.12/multiprocessing/process.py", line 108, in run
    self._target(*self._args, **self._kwargs)
  File "/home/sefo/.local/lib/python3.12/site-packages/stable_baselines3/common/vec_env/subproc_vec_env.py", line 33, in _worker
    cmd, data = remote.recv()
                ^^^^^^^^^^^^^
  File "/usr/lib/python3.12/multiprocessing/connection.py", line 250, in recv
    buf = self._recv_bytes()
          ^^^^^^^^^^^^^^^^^^
  File "/usr/lib/python3.12/multiprocessing/connection.py", line 430, in _recv_bytes
    buf = self._recv(4)
          ^^^^^^^^^^^^^
  File "/usr/lib/python3.12/multiprocessing/connection.py", line 395, in _recv
    chunk = read(handle, remaining)
            ^^^^^^^^^^^^^^^^^^^^^^^
ConnectionResetError: [Errno 104] Connection reset by peer
  File "/usr/lib/python3.12/multiprocessing/process.py", line 314, in _bootstrap
    self.run()
  File "/usr/lib/python3.12/multiprocessing/process.py", line 108, in run
    self._target(*self._args, **self._kwargs)
  File "/home/sefo/.local/lib/python3.12/site-packages/stable_baselines3/common/vec_env/subproc_vec_env.py", line 33, in _worker
    cmd, data = remote.recv()
                ^^^^^^^^^^^^^
  File "/usr/lib/python3.12/multiprocessing/connection.py", line 250, in recv
    buf = self._recv_bytes()
          ^^^^^^^^^^^^^^^^^^
  File "/usr/lib/python3.12/multiprocessing/connection.py", line 430, in _recv_bytes
    buf = self._recv(4)
          ^^^^^^^^^^^^^
  File "/usr/lib/python3.12/multiprocessing/connection.py", line 395, in _recv
    chunk = read(handle, remaining)
            ^^^^^^^^^^^^^^^^^^^^^^^
ConnectionResetError: [Errno 104] Connection reset by peer
  File "/usr/lib/python3.12/multiprocessing/process.py", line 314, in _bootstrap
    self.run()
  File "/usr/lib/python3.12/multiprocessing/process.py", line 108, in run
    self._target(*self._args, **self._kwargs)
  File "/home/sefo/.local/lib/python3.12/site-packages/stable_baselines3/common/vec_env/subproc_vec_env.py", line 33, in _worker
    cmd, data = remote.recv()
                ^^^^^^^^^^^^^
  File "/usr/lib/python3.12/multiprocessing/connection.py", line 250, in recv
    buf = self._recv_bytes()
          ^^^^^^^^^^^^^^^^^^
  File "/usr/lib/python3.12/multiprocessing/connection.py", line 430, in _recv_bytes
    buf = self._recv(4)
          ^^^^^^^^^^^^^
  File "/usr/lib/python3.12/multiprocessing/connection.py", line 395, in _recv
    chunk = read(handle, remaining)
            ^^^^^^^^^^^^^^^^^^^^^^^
ConnectionResetError: [Errno 104] Connection reset by peer
  File "/usr/lib/python3.12/multiprocessing/process.py", line 314, in _bootstrap
    self.run()
  File "/usr/lib/python3.12/multiprocessing/process.py", line 108, in run
    self._target(*self._args, **self._kwargs)
  File "/home/sefo/.local/lib/python3.12/site-packages/stable_baselines3/common/vec_env/subproc_vec_env.py", line 33, in _worker
    cmd, data = remote.recv()
                ^^^^^^^^^^^^^
  File "/usr/lib/python3.12/multiprocessing/connection.py", line 250, in recv
    buf = self._recv_bytes()
          ^^^^^^^^^^^^^^^^^^
  File "/usr/lib/python3.12/multiprocessing/connection.py", line 430, in _recv_bytes
    buf = self._recv(4)
          ^^^^^^^^^^^^^
  File "/usr/lib/python3.12/multiprocessing/connection.py", line 395, in _recv
    chunk = read(handle, remaining)
            ^^^^^^^^^^^^^^^^^^^^^^^
ConnectionResetError: [Errno 104] Connection reset by peer
  File "/usr/lib/python3.12/multiprocessing/process.py", line 314, in _bootstrap
    self.run()
  File "/usr/lib/python3.12/multiprocessing/process.py", line 108, in run
    self._target(*self._args, **self._kwargs)
  File "/home/sefo/.local/lib/python3.12/site-packages/stable_baselines3/common/vec_env/subproc_vec_env.py", line 33, in _worker
    cmd, data = remote.recv()
                ^^^^^^^^^^^^^
  File "/usr/lib/python3.12/multiprocessing/connection.py", line 250, in recv
    buf = self._recv_bytes()
          ^^^^^^^^^^^^^^^^^^
  File "/usr/lib/python3.12/multiprocessing/connection.py", line 430, in _recv_bytes
    buf = self._recv(4)
          ^^^^^^^^^^^^^
  File "/usr/lib/python3.12/multiprocessing/connection.py", line 395, in _recv
    chunk = read(handle, remaining)
            ^^^^^^^^^^^^^^^^^^^^^^^
ConnectionResetError: [Errno 104] Connection reset by peer
Traceback (most recent call last):
  File "/usr/lib/python3.12/multiprocessing/process.py", line 314, in _bootstrap
    self.run()
  File "/usr/lib/python3.12/multiprocessing/process.py", line 108, in run
    self._target(*self._args, **self._kwargs)
  File "/home/sefo/.local/lib/python3.12/site-packages/stable_baselines3/common/vec_env/subproc_vec_env.py", line 33, in _worker
    cmd, data = remote.recv()
                ^^^^^^^^^^^^^
  File "/usr/lib/python3.12/multiprocessing/connection.py", line 250, in recv
    buf = self._recv_bytes()
          ^^^^^^^^^^^^^^^^^^
  File "/usr/lib/python3.12/multiprocessing/connection.py", line 430, in _recv_bytes
    buf = self._recv(4)
          ^^^^^^^^^^^^^
  File "/usr/lib/python3.12/multiprocessing/connection.py", line 395, in _recv
    chunk = read(handle, remaining)
            ^^^^^^^^^^^^^^^^^^^^^^^
ConnectionResetError: [Errno 104] Connection reset by peer
  File "/usr/lib/python3.12/multiprocessing/process.py", line 314, in _bootstrap
    self.run()
  File "/usr/lib/python3.12/multiprocessing/process.py", line 108, in run
    self._target(*self._args, **self._kwargs)
  File "/home/sefo/.local/lib/python3.12/site-packages/stable_baselines3/common/vec_env/subproc_vec_env.py", line 33, in _worker
    cmd, data = remote.recv()
                ^^^^^^^^^^^^^
  File "/usr/lib/python3.12/multiprocessing/connection.py", line 250, in recv
    buf = self._recv_bytes()
          ^^^^^^^^^^^^^^^^^^
  File "/usr/lib/python3.12/multiprocessing/connection.py", line 430, in _recv_bytes
    buf = self._recv(4)
          ^^^^^^^^^^^^^
  File "/usr/lib/python3.12/multiprocessing/connection.py", line 395, in _recv
    chunk = read(handle, remaining)
            ^^^^^^^^^^^^^^^^^^^^^^^
ConnectionResetError: [Errno 104] Connection reset by peer
Traceback (most recent call last):
  File "/usr/lib/python3.12/multiprocessing/process.py", line 314, in _bootstrap
    self.run()
  File "/usr/lib/python3.12/multiprocessing/process.py", line 108, in run
    self._target(*self._args, **self._kwargs)
  File "/home/sefo/.local/lib/python3.12/site-packages/stable_baselines3/common/vec_env/subproc_vec_env.py", line 33, in _worker
    cmd, data = remote.recv()
                ^^^^^^^^^^^^^
  File "/usr/lib/python3.12/multiprocessing/connection.py", line 250, in recv
    buf = self._recv_bytes()
          ^^^^^^^^^^^^^^^^^^
  File "/usr/lib/python3.12/multiprocessing/connection.py", line 430, in _recv_bytes
    buf = self._recv(4)
          ^^^^^^^^^^^^^
  File "/usr/lib/python3.12/multiprocessing/connection.py", line 395, in _recv
    chunk = read(handle, remaining)
            ^^^^^^^^^^^^^^^^^^^^^^^
ConnectionResetError: [Errno 104] Connection reset by peer
  File "/usr/lib/python3.12/multiprocessing/process.py", line 314, in _bootstrap
    self.run()
  File "/usr/lib/python3.12/multiprocessing/process.py", line 108, in run
    self._target(*self._args, **self._kwargs)
  File "/home/sefo/.local/lib/python3.12/site-packages/stable_baselines3/common/vec_env/subproc_vec_env.py", line 33, in _worker
    cmd, data = remote.recv()
                ^^^^^^^^^^^^^
  File "/usr/lib/python3.12/multiprocessing/connection.py", line 250, in recv
    buf = self._recv_bytes()
          ^^^^^^^^^^^^^^^^^^
  File "/usr/lib/python3.12/multiprocessing/connection.py", line 430, in _recv_bytes
    buf = self._recv(4)
          ^^^^^^^^^^^^^
  File "/usr/lib/python3.12/multiprocessing/connection.py", line 395, in _recv
    chunk = read(handle, remaining)
            ^^^^^^^^^^^^^^^^^^^^^^^
ConnectionResetError: [Errno 104] Connection reset by peer
  File "/usr/lib/python3.12/multiprocessing/process.py", line 314, in _bootstrap
    self.run()
  File "/usr/lib/python3.12/multiprocessing/process.py", line 108, in run
    self._target(*self._args, **self._kwargs)
  File "/home/sefo/.local/lib/python3.12/site-packages/stable_baselines3/common/vec_env/subproc_vec_env.py", line 33, in _worker
    cmd, data = remote.recv()
                ^^^^^^^^^^^^^
  File "/usr/lib/python3.12/multiprocessing/connection.py", line 250, in recv
    buf = self._recv_bytes()
          ^^^^^^^^^^^^^^^^^^
  File "/usr/lib/python3.12/multiprocessing/connection.py", line 430, in _recv_bytes
    buf = self._recv(4)
          ^^^^^^^^^^^^^
  File "/usr/lib/python3.12/multiprocessing/connection.py", line 395, in _recv
    chunk = read(handle, remaining)
            ^^^^^^^^^^^^^^^^^^^^^^^
ConnectionResetError: [Errno 104] Connection reset by peer
  File "/usr/lib/python3.12/multiprocessing/process.py", line 314, in _bootstrap
    self.run()
  File "/usr/lib/python3.12/multiprocessing/process.py", line 108, in run
    self._target(*self._args, **self._kwargs)
  File "/home/sefo/.local/lib/python3.12/site-packages/stable_baselines3/common/vec_env/subproc_vec_env.py", line 33, in _worker
    cmd, data = remote.recv()
                ^^^^^^^^^^^^^
  File "/usr/lib/python3.12/multiprocessing/connection.py", line 250, in recv
    buf = self._recv_bytes()
          ^^^^^^^^^^^^^^^^^^
  File "/usr/lib/python3.12/multiprocessing/connection.py", line 430, in _recv_bytes
    buf = self._recv(4)
          ^^^^^^^^^^^^^
  File "/usr/lib/python3.12/multiprocessing/connection.py", line 395, in _recv
    chunk = read(handle, remaining)
            ^^^^^^^^^^^^^^^^^^^^^^^
ConnectionResetError: [Errno 104] Connection reset by peer
  File "/usr/lib/python3.12/multiprocessing/process.py", line 314, in _bootstrap
    self.run()
  File "/usr/lib/python3.12/multiprocessing/process.py", line 108, in run
    self._target(*self._args, **self._kwargs)
  File "/home/sefo/.local/lib/python3.12/site-packages/stable_baselines3/common/vec_env/subproc_vec_env.py", line 33, in _worker
    cmd, data = remote.recv()
                ^^^^^^^^^^^^^
  File "/usr/lib/python3.12/multiprocessing/connection.py", line 250, in recv
    buf = self._recv_bytes()
          ^^^^^^^^^^^^^^^^^^
  File "/usr/lib/python3.12/multiprocessing/connection.py", line 430, in _recv_bytes
    buf = self._recv(4)
          ^^^^^^^^^^^^^
  File "/usr/lib/python3.12/multiprocessing/connection.py", line 395, in _recv
    chunk = read(handle, remaining)
            ^^^^^^^^^^^^^^^^^^^^^^^
ConnectionResetError: [Errno 104] Connection reset by peer
  File "/usr/lib/python3.12/multiprocessing/process.py", line 314, in _bootstrap
    self.run()
  File "/usr/lib/python3.12/multiprocessing/process.py", line 108, in run
    self._target(*self._args, **self._kwargs)
  File "/home/sefo/.local/lib/python3.12/site-packages/stable_baselines3/common/vec_env/subproc_vec_env.py", line 33, in _worker
    cmd, data = remote.recv()
                ^^^^^^^^^^^^^
  File "/usr/lib/python3.12/multiprocessing/connection.py", line 250, in recv
    buf = self._recv_bytes()
          ^^^^^^^^^^^^^^^^^^
  File "/usr/lib/python3.12/multiprocessing/connection.py", line 430, in _recv_bytes
    buf = self._recv(4)
          ^^^^^^^^^^^^^
  File "/usr/lib/python3.12/multiprocessing/connection.py", line 395, in _recv
    chunk = read(handle, remaining)
            ^^^^^^^^^^^^^^^^^^^^^^^
ConnectionResetError: [Errno 104] Connection reset by peer
  File "/usr/lib/python3.12/multiprocessing/process.py", line 314, in _bootstrap
    self.run()
  File "/usr/lib/python3.12/multiprocessing/process.py", line 108, in run
    self._target(*self._args, **self._kwargs)
  File "/home/sefo/.local/lib/python3.12/site-packages/stable_baselines3/common/vec_env/subproc_vec_env.py", line 33, in _worker
    cmd, data = remote.recv()
                ^^^^^^^^^^^^^
  File "/usr/lib/python3.12/multiprocessing/connection.py", line 250, in recv
    buf = self._recv_bytes()
          ^^^^^^^^^^^^^^^^^^
  File "/usr/lib/python3.12/multiprocessing/connection.py", line 430, in _recv_bytes
    buf = self._recv(4)
          ^^^^^^^^^^^^^
  File "/usr/lib/python3.12/multiprocessing/connection.py", line 395, in _recv
    chunk = read(handle, remaining)
            ^^^^^^^^^^^^^^^^^^^^^^^
ConnectionResetError: [Errno 104] Connection reset by peer
  File "/usr/lib/python3.12/multiprocessing/process.py", line 314, in _bootstrap
    self.run()
  File "/usr/lib/python3.12/multiprocessing/process.py", line 108, in run
    self._target(*self._args, **self._kwargs)
  File "/home/sefo/.local/lib/python3.12/site-packages/stable_baselines3/common/vec_env/subproc_vec_env.py", line 33, in _worker
    cmd, data = remote.recv()
                ^^^^^^^^^^^^^
  File "/usr/lib/python3.12/multiprocessing/connection.py", line 250, in recv
    buf = self._recv_bytes()
          ^^^^^^^^^^^^^^^^^^
  File "/usr/lib/python3.12/multiprocessing/connection.py", line 430, in _recv_bytes
    buf = self._recv(4)
          ^^^^^^^^^^^^^
  File "/usr/lib/python3.12/multiprocessing/connection.py", line 395, in _recv
    chunk = read(handle, remaining)
            ^^^^^^^^^^^^^^^^^^^^^^^
ConnectionResetError: [Errno 104] Connection reset by peer
Traceback (most recent call last):
Traceback (most recent call last):
  File "/usr/lib/python3.12/multiprocessing/process.py", line 314, in _bootstrap
    self.run()
  File "/usr/lib/python3.12/multiprocessing/process.py", line 108, in run
    self._target(*self._args, **self._kwargs)
  File "/home/sefo/.local/lib/python3.12/site-packages/stable_baselines3/common/vec_env/subproc_vec_env.py", line 33, in _worker
    cmd, data = remote.recv()
                ^^^^^^^^^^^^^
  File "/usr/lib/python3.12/multiprocessing/connection.py", line 250, in recv
    buf = self._recv_bytes()
          ^^^^^^^^^^^^^^^^^^
  File "/usr/lib/python3.12/multiprocessing/connection.py", line 430, in _recv_bytes
    buf = self._recv(4)
          ^^^^^^^^^^^^^
  File "/usr/lib/python3.12/multiprocessing/connection.py", line 395, in _recv
    chunk = read(handle, remaining)
            ^^^^^^^^^^^^^^^^^^^^^^^
ConnectionResetError: [Errno 104] Connection reset by peer
  File "/usr/lib/python3.12/multiprocessing/process.py", line 314, in _bootstrap
    self.run()
  File "/usr/lib/python3.12/multiprocessing/process.py", line 108, in run
    self._target(*self._args, **self._kwargs)
  File "/home/sefo/.local/lib/python3.12/site-packages/stable_baselines3/common/vec_env/subproc_vec_env.py", line 33, in _worker
    cmd, data = remote.recv()
                ^^^^^^^^^^^^^
  File "/usr/lib/python3.12/multiprocessing/connection.py", line 250, in recv
    buf = self._recv_bytes()
          ^^^^^^^^^^^^^^^^^^
  File "/usr/lib/python3.12/multiprocessing/connection.py", line 430, in _recv_bytes
    buf = self._recv(4)
          ^^^^^^^^^^^^^
  File "/usr/lib/python3.12/multiprocessing/connection.py", line 395, in _recv
    chunk = read(handle, remaining)
            ^^^^^^^^^^^^^^^^^^^^^^^
  File "/usr/lib/python3.12/multiprocessing/process.py", line 314, in _bootstrap
    self.run()
ConnectionResetError: [Errno 104] Connection reset by peer
  File "/usr/lib/python3.12/multiprocessing/process.py", line 108, in run
    self._target(*self._args, **self._kwargs)
  File "/home/sefo/.local/lib/python3.12/site-packages/stable_baselines3/common/vec_env/subproc_vec_env.py", line 33, in _worker
    cmd, data = remote.recv()
                ^^^^^^^^^^^^^
  File "/usr/lib/python3.12/multiprocessing/connection.py", line 250, in recv
    buf = self._recv_bytes()
          ^^^^^^^^^^^^^^^^^^
  File "/usr/lib/python3.12/multiprocessing/connection.py", line 430, in _recv_bytes
    buf = self._recv(4)
          ^^^^^^^^^^^^^
  File "/usr/lib/python3.12/multiprocessing/connection.py", line 395, in _recv
    chunk = read(handle, remaining)
            ^^^^^^^^^^^^^^^^^^^^^^^
ConnectionResetError: [Errno 104] Connection reset by peer
Traceback (most recent call last):
  File "/usr/lib/python3.12/multiprocessing/process.py", line 314, in _bootstrap
    self.run()
  File "/usr/lib/python3.12/multiprocessing/process.py", line 108, in run
    self._target(*self._args, **self._kwargs)
  File "/home/sefo/.local/lib/python3.12/site-packages/stable_baselines3/common/vec_env/subproc_vec_env.py", line 33, in _worker
    cmd, data = remote.recv()
                ^^^^^^^^^^^^^
  File "/usr/lib/python3.12/multiprocessing/connection.py", line 250, in recv
    buf = self._recv_bytes()
          ^^^^^^^^^^^^^^^^^^
  File "/usr/lib/python3.12/multiprocessing/connection.py", line 430, in _recv_bytes
    buf = self._recv(4)
          ^^^^^^^^^^^^^
  File "/usr/lib/python3.12/multiprocessing/connection.py", line 395, in _recv
    chunk = read(handle, remaining)
            ^^^^^^^^^^^^^^^^^^^^^^^
ConnectionResetError: [Errno 104] Connection reset by peer
  File "/home/sefo/.local/lib/python3.12/site-packages/stable_baselines3/common/vec_env/subproc_vec_env.py", line 33, in _worker
    cmd, data = remote.recv()
                ^^^^^^^^^^^^^
  File "/usr/lib/python3.12/multiprocessing/connection.py", line 250, in recv
    buf = self._recv_bytes()
          ^^^^^^^^^^^^^^^^^^
  File "/usr/lib/python3.12/multiprocessing/connection.py", line 430, in _recv_bytes
    buf = self._recv(4)
          ^^^^^^^^^^^^^
  File "/usr/lib/python3.12/multiprocessing/connection.py", line 395, in _recv
    chunk = read(handle, remaining)
            ^^^^^^^^^^^^^^^^^^^^^^^
ConnectionResetError: [Errno 104] Connection reset by peer
