nohup: ignoring input
=== spinoza RL Training ===
  n_envs=64, difficulty=1
  total_timesteps=20000000
  policy=MLP [512, 512]

  lr=0.0003 → 1e-05 (linear decay)
  model params: 622,607

  step=  100032 | eps/s=  3080 | success=  0.0% | miss= 99.8% | elapsed= 32.5s
  step=  200064 | eps/s=  3080 | success=  0.0% | miss= 98.8% | elapsed= 65.0s
  step=  300096 | eps/s=  3060 | success=  0.0% | miss= 95.5% | elapsed= 98.1s
  step=  400128 | eps/s=  3058 | success=  0.1% | miss= 94.3% | elapsed=130.8s
  step=  500160 | eps/s=  3060 | success=  0.0% | miss= 93.7% | elapsed=163.5s
  step=  600192 | eps/s=  3061 | success=  0.1% | miss= 93.4% | elapsed=196.1s
  step=  700224 | eps/s=  3062 | success=  0.1% | miss= 92.9% | elapsed=228.7s
  step=  800256 | eps/s=  3062 | success=  0.1% | miss= 92.5% | elapsed=261.3s
  step=  900288 | eps/s=  3064 | success=  0.1% | miss= 92.0% | elapsed=293.9s
  step= 1000320 | eps/s=  3027 | success=  0.1% | miss= 91.7% | elapsed=330.5s
  step= 1100352 | eps/s=  3032 | success=  0.1% | miss= 91.1% | elapsed=363.0s
  step= 1200384 | eps/s=  3035 | success=  0.1% | miss= 90.9% | elapsed=395.5s
  step= 1300416 | eps/s=  3039 | success=  0.1% | miss= 90.1% | elapsed=427.9s
  step= 1400448 | eps/s=  3038 | success=  0.1% | miss= 89.5% | elapsed=461.0s
  step= 1500480 | eps/s=  3039 | success=  0.1% | miss= 89.1% | elapsed=493.7s
  step= 1600512 | eps/s=  3037 | success=  0.1% | miss= 88.7% | elapsed=526.9s
  step= 1700544 | eps/s=  3038 | success=  0.2% | miss= 88.1% | elapsed=559.7s
  step= 1800576 | eps/s=  3040 | success=  0.2% | miss= 87.5% | elapsed=592.3s
  step= 1900608 | eps/s=  3025 | success=  0.2% | miss= 87.0% | elapsed=628.4s
  step= 2000640 | eps/s=  3026 | success=  0.2% | miss= 86.3% | elapsed=661.1s
  step= 2100672 | eps/s=  3028 | success=  0.2% | miss= 86.2% | elapsed=693.7s
  step= 2200704 | eps/s=  3028 | success=  0.2% | miss= 85.2% | elapsed=726.8s
  step= 2300736 | eps/s=  3029 | success=  0.2% | miss= 85.0% | elapsed=759.6s
  step= 2400768 | eps/s=  3029 | success=  0.3% | miss= 84.4% | elapsed=792.6s
  step= 2500800 | eps/s=  3031 | success=  0.3% | miss= 83.7% | elapsed=825.2s
  step= 2600832 | eps/s=  3031 | success=  0.3% | miss= 83.2% | elapsed=858.0s
  step= 2700864 | eps/s=  3030 | success=  0.3% | miss= 82.5% | elapsed=891.4s
  step= 2800896 | eps/s=  3030 | success=  0.3% | miss= 81.9% | elapsed=924.5s
  step= 2900928 | eps/s=  3018 | success=  0.3% | miss= 81.3% | elapsed=961.2s
  step= 3000960 | eps/s=  3017 | success=  0.3% | miss= 80.3% | elapsed=994.8s
  step= 3100992 | eps/s=  3017 | success=  0.3% | miss= 80.1% | elapsed=1028.0s
  step= 3201024 | eps/s=  3017 | success=  0.3% | miss= 79.5% | elapsed=1061.0s
  step= 3301056 | eps/s=  3011 | success=  0.3% | miss= 78.7% | elapsed=1096.4s
  step= 3401088 | eps/s=  3004 | success=  0.3% | miss= 77.9% | elapsed=1132.0s
  step= 3501120 | eps/s=  3004 | success=  0.2% | miss= 77.6% | elapsed=1165.6s
  step= 3601152 | eps/s=  3001 | success=  0.3% | miss= 76.6% | elapsed=1200.0s
  step= 3701184 | eps/s=  2998 | success=  0.3% | miss= 76.6% | elapsed=1234.6s
  step= 3801216 | eps/s=  2989 | success=  0.4% | miss= 75.6% | elapsed=1271.8s
  step= 3901248 | eps/s=  2984 | success=  0.4% | miss= 74.9% | elapsed=1307.3s
  step= 4001280 | eps/s=  2986 | success=  0.3% | miss= 74.2% | elapsed=1340.1s
  step= 4101312 | eps/s=  2982 | success=  0.3% | miss= 73.6% | elapsed=1375.3s
  step= 4201344 | eps/s=  2979 | success=  0.4% | miss= 72.7% | elapsed=1410.3s
  step= 4301376 | eps/s=  2981 | success=  0.4% | miss= 72.0% | elapsed=1442.9s
  step= 4401408 | eps/s=  2978 | success=  0.4% | miss= 71.5% | elapsed=1477.9s
  step= 4501440 | eps/s=  2978 | success=  0.4% | miss= 70.8% | elapsed=1511.7s
  step= 4601472 | eps/s=  2975 | success=  0.4% | miss= 69.8% | elapsed=1546.7s
  step= 4701504 | eps/s=  2974 | success=  0.4% | miss= 69.1% | elapsed=1580.7s
  step= 4801536 | eps/s=  2966 | success=  0.5% | miss= 68.1% | elapsed=1618.7s
  step= 4901568 | eps/s=  2966 | success=  0.7% | miss= 68.8% | elapsed=1652.3s
  step= 5001600 | eps/s=  2964 | success=  0.7% | miss= 67.7% | elapsed=1687.2s
  step= 5101632 | eps/s=  2962 | success=  0.7% | miss= 68.1% | elapsed=1722.3s
  step= 5201664 | eps/s=  2963 | success=  0.7% | miss= 66.4% | elapsed=1755.4s
  step= 5301696 | eps/s=  2961 | success=  0.8% | miss= 65.3% | elapsed=1790.4s
  step= 5401728 | eps/s=  2960 | success=  0.8% | miss= 64.6% | elapsed=1824.7s
  step= 5501760 | eps/s=  2962 | success=  0.9% | miss= 63.8% | elapsed=1857.7s
  step= 5601792 | eps/s=  2960 | success=  1.0% | miss= 63.7% | elapsed=1892.7s
  step= 5701824 | eps/s=  2952 | success=  1.0% | miss= 62.9% | elapsed=1931.2s
  step= 5801856 | eps/s=  2952 | success=  1.1% | miss= 61.5% | elapsed=1965.2s
  step= 5901888 | eps/s=  2950 | success=  1.2% | miss= 61.7% | elapsed=2000.5s
  step= 6001920 | eps/s=  2951 | success=  1.3% | miss= 61.6% | elapsed=2033.9s
  step= 6101952 | eps/s=  2949 | success=  1.3% | miss= 60.8% | elapsed=2069.1s
  step= 6201984 | eps/s=  2950 | success=  1.3% | miss= 59.9% | elapsed=2102.7s
  step= 6302016 | eps/s=  2948 | success=  1.5% | miss= 58.8% | elapsed=2138.1s
  step= 6402048 | eps/s=  2946 | success=  1.6% | miss= 59.3% | elapsed=2173.0s
  step= 6502080 | eps/s=  2946 | success=  1.6% | miss= 59.2% | elapsed=2207.0s
  step= 6602112 | eps/s=  2945 | success=  1.7% | miss= 57.1% | elapsed=2242.2s
  step= 6702144 | eps/s=  2938 | success=  1.7% | miss= 55.9% | elapsed=2280.9s
  step= 6802176 | eps/s=  2938 | success=  1.6% | miss= 55.1% | elapsed=2315.0s
  step= 6902208 | eps/s=  2935 | success=  1.8% | miss= 54.6% | elapsed=2351.7s
  step= 7002240 | eps/s=  2933 | success=  1.9% | miss= 54.3% | elapsed=2387.6s
  step= 7102272 | eps/s=  2933 | success=  2.1% | miss= 53.3% | elapsed=2421.1s
  step= 7202304 | eps/s=  2928 | success=  2.3% | miss= 52.7% | elapsed=2460.1s
  step= 7302336 | eps/s=  2920 | success=  2.4% | miss= 51.9% | elapsed=2500.6s
  step= 7402368 | eps/s=  2920 | success=  2.5% | miss= 51.3% | elapsed=2535.2s
  step= 7502400 | eps/s=  2890 | success=  2.5% | miss= 50.1% | elapsed=2596.3s
  step= 7602432 | eps/s=  2866 | success=  2.7% | miss= 49.5% | elapsed=2652.2s
  step= 7702464 | eps/s=  2860 | success=  2.8% | miss= 49.0% | elapsed=2693.5s
  step= 7802496 | eps/s=  2856 | success=  3.0% | miss= 48.1% | elapsed=2731.6s
  step= 7902528 | eps/s=  2856 | success=  2.9% | miss= 47.2% | elapsed=2766.9s
  step= 8002560 | eps/s=  2855 | success=  3.0% | miss= 46.2% | elapsed=2802.6s
  step= 8102592 | eps/s=  2854 | success=  3.1% | miss= 46.2% | elapsed=2838.7s
  step= 8202624 | eps/s=  2853 | success=  2.9% | miss= 47.2% | elapsed=2874.8s
  step= 8302656 | eps/s=  2853 | success=  2.9% | miss= 47.6% | elapsed=2910.5s
  step= 8402688 | eps/s=  2852 | success=  2.9% | miss= 48.3% | elapsed=2946.5s
  step= 8502720 | eps/s=  2852 | success=  3.2% | miss= 47.5% | elapsed=2981.1s
  step= 8602752 | eps/s=  2851 | success=  3.5% | miss= 44.6% | elapsed=3017.5s
  step= 8702784 | eps/s=  2851 | success=  3.7% | miss= 44.3% | elapsed=3052.8s
  step= 8802816 | eps/s=  2849 | success=  4.0% | miss= 42.7% | elapsed=3090.0s
  step= 8902848 | eps/s=  2835 | success=  4.0% | miss= 41.8% | elapsed=3139.8s
  step= 9002880 | eps/s=  2823 | success=  4.3% | miss= 40.6% | elapsed=3189.4s
  step= 9102912 | eps/s=  2816 | success=  4.3% | miss= 40.1% | elapsed=3232.8s
  step= 9202944 | eps/s=  2817 | success=  4.6% | miss= 39.5% | elapsed=3266.8s
  step= 9302976 | eps/s=  2819 | success=  4.8% | miss= 38.5% | elapsed=3300.4s
  step= 9403008 | eps/s=  2819 | success=  5.0% | miss= 37.7% | elapsed=3335.1s
  step= 9503040 | eps/s=  2818 | success=  5.2% | miss= 41.6% | elapsed=3372.4s
  step= 9603072 | eps/s=  2817 | success=  5.3% | miss= 39.9% | elapsed=3409.4s
  step= 9703104 | eps/s=  2815 | success=  5.4% | miss= 39.0% | elapsed=3446.9s
  step= 9803136 | eps/s=  2816 | success=  5.6% | miss= 38.1% | elapsed=3481.3s
  step= 9903168 | eps/s=  2816 | success=  5.6% | miss= 35.9% | elapsed=3517.1s
  step=10003200 | eps/s=  2815 | success=  6.1% | miss= 36.2% | elapsed=3552.9s
  step=10103232 | eps/s=  2815 | success=  6.1% | miss= 34.2% | elapsed=3589.3s
  step=10203264 | eps/s=  2815 | success=  6.2% | miss= 33.2% | elapsed=3625.1s
  step=10303296 | eps/s=  2810 | success=  6.4% | miss= 32.0% | elapsed=3666.2s
  step=10403328 | eps/s=  2810 | success=  6.7% | miss= 33.0% | elapsed=3702.1s
  step=10503360 | eps/s=  2803 | success=  6.7% | miss= 33.9% | elapsed=3747.7s
  step=10603392 | eps/s=  2802 | success=  6.9% | miss= 32.4% | elapsed=3783.6s
  step=10703424 | eps/s=  2800 | success=  7.3% | miss= 30.5% | elapsed=3822.8s
  step=10803456 | eps/s=  2796 | success=  7.6% | miss= 30.2% | elapsed=3863.6s
  step=10903488 | eps/s=  2797 | success=  7.6% | miss= 30.0% | elapsed=3898.9s
  step=11003520 | eps/s=  2796 | success=  7.7% | miss= 27.8% | elapsed=3935.6s
  step=11103552 | eps/s=  2794 | success=  7.7% | miss= 26.9% | elapsed=3973.7s
  step=11203584 | eps/s=  2793 | success=  7.9% | miss= 26.3% | elapsed=4011.1s
  step=11303616 | eps/s=  2792 | success=  8.2% | miss= 25.7% | elapsed=4049.0s
  step=11403648 | eps/s=  2787 | success=  9.0% | miss= 27.0% | elapsed=4091.0s
  step=11503680 | eps/s=  2787 | success=  9.3% | miss= 26.4% | elapsed=4127.8s
  step=11603712 | eps/s=  2786 | success=  9.4% | miss= 26.9% | elapsed=4165.4s
  step=11703744 | eps/s=  2786 | success=  9.3% | miss= 27.5% | elapsed=4201.2s
  step=11803776 | eps/s=  2786 | success=  9.2% | miss= 25.5% | elapsed=4236.4s
  step=11903808 | eps/s=  2787 | success=  9.7% | miss= 23.5% | elapsed=4271.7s
  step=12003840 | eps/s=  2786 | success=  9.9% | miss= 23.2% | elapsed=4307.9s
  step=12103872 | eps/s=  2786 | success= 10.2% | miss= 21.8% | elapsed=4344.5s
  step=12203904 | eps/s=  2786 | success= 10.5% | miss= 21.3% | elapsed=4380.0s
  step=12303936 | eps/s=  2786 | success= 10.7% | miss= 21.4% | elapsed=4415.6s
  step=12403968 | eps/s=  2784 | success= 11.5% | miss= 22.3% | elapsed=4455.0s
  step=12504000 | eps/s=  2786 | success= 11.3% | miss= 22.5% | elapsed=4488.5s
  step=12604032 | eps/s=  2783 | success= 11.4% | miss= 20.6% | elapsed=4528.4s
  step=12704064 | eps/s=  2783 | success= 11.6% | miss= 19.8% | elapsed=4564.4s
  step=12804096 | eps/s=  2783 | success= 11.7% | miss= 19.3% | elapsed=4600.5s
  step=12904128 | eps/s=  2782 | success= 11.9% | miss= 18.5% | elapsed=4638.3s
  step=13004160 | eps/s=  2782 | success= 12.1% | miss= 17.3% | elapsed=4674.8s
  step=13104192 | eps/s=  2781 | success= 12.3% | miss= 17.4% | elapsed=4712.7s
  step=13204224 | eps/s=  2781 | success= 12.5% | miss= 17.3% | elapsed=4748.5s
  step=13304256 | eps/s=  2779 | success= 13.0% | miss= 17.9% | elapsed=4787.8s
  step=13404288 | eps/s=  2780 | success= 13.2% | miss= 17.1% | elapsed=4821.3s
  step=13504320 | eps/s=  2781 | success= 13.3% | miss= 16.2% | elapsed=4856.7s
  step=13604352 | eps/s=  2781 | success= 14.0% | miss= 17.1% | elapsed=4892.4s
  step=13704384 | eps/s=  2781 | success= 14.2% | miss= 16.2% | elapsed=4927.2s
  step=13804416 | eps/s=  2783 | success= 14.4% | miss= 16.8% | elapsed=4960.7s
  step=13904448 | eps/s=  2784 | success= 14.2% | miss= 19.0% | elapsed=4994.2s
  step=14004480 | eps/s=  2785 | success= 14.0% | miss= 16.5% | elapsed=5028.1s
  step=14104512 | eps/s=  2787 | success= 14.2% | miss= 15.4% | elapsed=5061.6s
  step=14204544 | eps/s=  2788 | success= 14.2% | miss= 13.9% | elapsed=5095.3s
  step=14304576 | eps/s=  2787 | success= 14.6% | miss= 13.7% | elapsed=5131.9s
  step=14404608 | eps/s=  2789 | success= 15.3% | miss= 15.7% | elapsed=5165.5s
  step=14504640 | eps/s=  2790 | success= 15.6% | miss= 15.1% | elapsed=5199.1s
  step=14604672 | eps/s=  2791 | success= 16.1% | miss= 13.6% | elapsed=5232.9s
  step=14704704 | eps/s=  2792 | success= 16.1% | miss= 12.9% | elapsed=5266.6s
  step=14804736 | eps/s=  2793 | success= 16.0% | miss= 11.7% | elapsed=5300.4s
  step=14904768 | eps/s=  2794 | success= 16.4% | miss= 12.9% | elapsed=5334.0s
  step=15004800 | eps/s=  2795 | success= 16.8% | miss= 12.7% | elapsed=5367.5s
  step=15104832 | eps/s=  2797 | success= 16.7% | miss= 12.0% | elapsed=5400.7s
  step=15204864 | eps/s=  2796 | success= 16.8% | miss= 10.9% | elapsed=5437.9s
  step=15304896 | eps/s=  2797 | success= 17.4% | miss= 11.2% | elapsed=5471.5s
  step=15404928 | eps/s=  2798 | success= 18.2% | miss= 12.5% | elapsed=5504.9s
  step=15504960 | eps/s=  2799 | success= 18.2% | miss= 12.7% | elapsed=5538.9s
  step=15604992 | eps/s=  2799 | success= 17.6% | miss= 11.5% | elapsed=5574.4s
  step=15705024 | eps/s=  2799 | success= 18.1% | miss= 11.3% | elapsed=5610.2s
  step=15805056 | eps/s=  2799 | success= 18.6% | miss= 10.2% | elapsed=5646.1s
  step=15905088 | eps/s=  2799 | success= 18.7% | miss= 11.0% | elapsed=5682.5s
  step=16005120 | eps/s=  2799 | success= 19.3% | miss= 11.2% | elapsed=5718.3s
  step=16105152 | eps/s=  2799 | success= 19.3% | miss= 11.3% | elapsed=5754.6s
  step=16205184 | eps/s=  2798 | success= 19.0% | miss=  9.7% | elapsed=5791.4s
  step=16305216 | eps/s=  2799 | success= 19.6% | miss=  9.6% | elapsed=5825.0s
  step=16405248 | eps/s=  2800 | success= 19.8% | miss=  9.7% | elapsed=5858.9s
  step=16505280 | eps/s=  2800 | success= 19.9% | miss=  9.1% | elapsed=5893.7s
  step=16605312 | eps/s=  2802 | success= 20.4% | miss=  8.9% | elapsed=5926.5s
  step=16705344 | eps/s=  2802 | success= 20.3% | miss=  8.6% | elapsed=5961.0s
  step=16805376 | eps/s=  2803 | success= 20.8% | miss=  8.8% | elapsed=5994.9s
  step=16905408 | eps/s=  2804 | success= 21.1% | miss=  8.2% | elapsed=6028.0s
  step=17005440 | eps/s=  2805 | success= 21.3% | miss=  8.3% | elapsed=6062.8s
  step=17105472 | eps/s=  2803 | success= 21.6% | miss=  9.0% | elapsed=6102.3s
  step=17205504 | eps/s=  2804 | success= 21.8% | miss=  9.3% | elapsed=6136.5s
  step=17305536 | eps/s=  2804 | success= 21.7% | miss=  9.7% | elapsed=6171.5s
  step=17405568 | eps/s=  2805 | success= 21.5% | miss=  8.1% | elapsed=6205.0s
  step=17505600 | eps/s=  2806 | success= 21.8% | miss=  8.5% | elapsed=6238.5s
  step=17605632 | eps/s=  2806 | success= 21.9% | miss=  8.5% | elapsed=6273.9s
  step=17705664 | eps/s=  2807 | success= 22.0% | miss=  8.2% | elapsed=6308.6s
  step=17805696 | eps/s=  2807 | success= 21.8% | miss=  8.3% | elapsed=6342.3s
  step=17905728 | eps/s=  2808 | success= 22.4% | miss=  8.3% | elapsed=6375.8s
  step=18005760 | eps/s=  2809 | success= 22.3% | miss=  7.7% | elapsed=6409.5s
  step=18105792 | eps/s=  2809 | success= 22.6% | miss=  7.2% | elapsed=6446.1s
  step=18205824 | eps/s=  2809 | success= 22.8% | miss=  7.3% | elapsed=6480.7s
  step=18305856 | eps/s=  2810 | success= 22.9% | miss=  7.4% | elapsed=6515.1s
  step=18405888 | eps/s=  2811 | success= 23.1% | miss=  7.5% | elapsed=6548.6s
  step=18505920 | eps/s=  2812 | success= 23.4% | miss=  7.6% | elapsed=6581.9s
  step=18605952 | eps/s=  2812 | success= 23.3% | miss=  7.2% | elapsed=6617.1s
  step=18705984 | eps/s=  2812 | success= 23.8% | miss=  7.0% | elapsed=6651.2s
  step=18806016 | eps/s=  2813 | success= 24.2% | miss=  6.6% | elapsed=6684.8s
  step=18906048 | eps/s=  2814 | success= 23.6% | miss=  6.5% | elapsed=6718.3s
  step=19006080 | eps/s=  2814 | success= 23.7% | miss=  6.5% | elapsed=6755.1s
  step=19106112 | eps/s=  2814 | success= 23.8% | miss=  6.9% | elapsed=6789.4s
  step=19206144 | eps/s=  2812 | success= 23.9% | miss=  6.6% | elapsed=6830.4s
  step=19306176 | eps/s=  2805 | success= 24.0% | miss=  6.7% | elapsed=6883.5s
  step=19406208 | eps/s=  2806 | success= 23.9% | miss=  6.9% | elapsed=6916.9s
  step=19506240 | eps/s=  2802 | success= 24.5% | miss=  6.8% | elapsed=6961.0s
  step=19606272 | eps/s=  2802 | success= 24.4% | miss=  6.4% | elapsed=6997.7s
  step=19706304 | eps/s=  2803 | success= 24.5% | miss=  6.5% | elapsed=7031.6s
  step=19806336 | eps/s=  2803 | success= 24.8% | miss=  6.5% | elapsed=7066.5s
  step=19906368 | eps/s=  2803 | success= 24.7% | miss=  6.2% | elapsed=7102.4s

  Training complete in 7140.2s
  Avg throughput: 2801 timesteps/sec
  Model saved to models/ppo_stage1

=== Evaluation (100 episodes) ===
  success: 100%
  avg reward: 4.793
